[0.154s] DEBUG:colcon:Command line arguments: ['/usr/bin/colcon', 'build']
[0.154s] DEBUG:colcon:Parsed command line arguments: Namespace(log_base=None, log_level=None, verb_name='build', build_base='build', install_base='install', merge_install=False, symlink_install=False, test_result_base=None, continue_on_error=False, executor='parallel', parallel_workers=8, event_handlers=None, ignore_user_meta=False, metas=['./colcon.meta'], base_paths=['.'], packages_ignore=None, packages_ignore_regex=None, paths=None, packages_up_to=None, packages_up_to_regex=None, packages_above=None, packages_above_and_dependencies=None, packages_above_depth=None, packages_select_by_dep=None, packages_skip_by_dep=None, packages_skip_up_to=None, packages_select_build_failed=False, packages_skip_build_finished=False, packages_select_test_failures=False, packages_skip_test_passed=False, packages_select=None, packages_skip=None, packages_select_regex=None, packages_skip_regex=None, packages_start=None, packages_end=None, allow_overriding=[], cmake_args=None, cmake_target=None, cmake_target_skip_unavailable=False, cmake_clean_cache=False, cmake_clean_first=False, cmake_force_configure=False, ament_cmake_args=None, catkin_cmake_args=None, catkin_skip_building_tests=False, mixin_files=None, mixin=None, verb_parser=<colcon_mixin.mixin.mixin_argument.MixinArgumentDecorator object at 0x7d0bf54c3290>, verb_extension=<colcon_core.verb.build.BuildVerb object at 0x7d0bf5494b00>, main=<bound method BuildVerb.main of <colcon_core.verb.build.BuildVerb object at 0x7d0bf5494b00>>, mixin_verb=('build',))
[0.199s] Level 1:colcon.colcon_core.package_discovery:discover_packages(colcon_meta) check parameters
[0.199s] Level 1:colcon.colcon_core.package_discovery:discover_packages(recursive) check parameters
[0.199s] Level 1:colcon.colcon_core.package_discovery:discover_packages(ignore) check parameters
[0.199s] Level 1:colcon.colcon_core.package_discovery:discover_packages(path) check parameters
[0.199s] Level 1:colcon.colcon_core.package_discovery:discover_packages(colcon_meta) discover
[0.199s] Level 1:colcon.colcon_core.package_discovery:discover_packages(recursive) discover
[0.199s] INFO:colcon.colcon_core.package_discovery:Crawling recursively for packages in '/root/-px4-3d-path-planner/ros2_ws'
[0.199s] Level 1:colcon.colcon_core.package_identification:_identify(.) by extensions ['ignore', 'ignore_ament_install']
[0.199s] Level 1:colcon.colcon_core.package_identification:_identify(.) by extension 'ignore'
[0.199s] Level 1:colcon.colcon_core.package_identification:_identify(.) by extension 'ignore_ament_install'
[0.199s] Level 1:colcon.colcon_core.package_identification:_identify(.) by extensions ['colcon_pkg']
[0.199s] Level 1:colcon.colcon_core.package_identification:_identify(.) by extension 'colcon_pkg'
[0.200s] Level 1:colcon.colcon_core.package_identification:_identify(.) by extensions ['colcon_meta']
[0.200s] Level 1:colcon.colcon_core.package_identification:_identify(.) by extension 'colcon_meta'
[0.200s] Level 1:colcon.colcon_core.package_identification:_identify(.) by extensions ['ros']
[0.200s] Level 1:colcon.colcon_core.package_identification:_identify(.) by extension 'ros'
[0.229s] Level 1:colcon.colcon_core.package_identification:_identify(.) by extensions ['cmake', 'python']
[0.229s] Level 1:colcon.colcon_core.package_identification:_identify(.) by extension 'cmake'
[0.229s] Level 1:colcon.colcon_core.package_identification:_identify(.) by extension 'python'
[0.229s] Level 1:colcon.colcon_core.package_identification:_identify(.) by extensions ['python_setup_py']
[0.229s] Level 1:colcon.colcon_core.package_identification:_identify(.) by extension 'python_setup_py'
[0.230s] Level 1:colcon.colcon_core.package_identification:_identify(build) by extensions ['ignore', 'ignore_ament_install']
[0.230s] Level 1:colcon.colcon_core.package_identification:_identify(build) by extension 'ignore'
[0.230s] Level 1:colcon.colcon_core.package_identification:_identify(build) ignored
[0.230s] Level 1:colcon.colcon_core.package_identification:_identify(install) by extensions ['ignore', 'ignore_ament_install']
[0.230s] Level 1:colcon.colcon_core.package_identification:_identify(install) by extension 'ignore'
[0.230s] Level 1:colcon.colcon_core.package_identification:_identify(install) ignored
[0.230s] Level 1:colcon.colcon_core.package_identification:_identify(log) by extensions ['ignore', 'ignore_ament_install']
[0.230s] Level 1:colcon.colcon_core.package_identification:_identify(log) by extension 'ignore'
[0.230s] Level 1:colcon.colcon_core.package_identification:_identify(log) ignored
[0.230s] Level 1:colcon.colcon_core.package_identification:_identify(src) by extensions ['ignore', 'ignore_ament_install']
[0.230s] Level 1:colcon.colcon_core.package_identification:_identify(src) by extension 'ignore'
[0.230s] Level 1:colcon.colcon_core.package_identification:_identify(src) by extension 'ignore_ament_install'
[0.230s] Level 1:colcon.colcon_core.package_identification:_identify(src) by extensions ['colcon_pkg']
[0.230s] Level 1:colcon.colcon_core.package_identification:_identify(src) by extension 'colcon_pkg'
[0.231s] Level 1:colcon.colcon_core.package_identification:_identify(src) by extensions ['colcon_meta']
[0.231s] Level 1:colcon.colcon_core.package_identification:_identify(src) by extension 'colcon_meta'
[0.231s] Level 1:colcon.colcon_core.package_identification:_identify(src) by extensions ['ros']
[0.231s] Level 1:colcon.colcon_core.package_identification:_identify(src) by extension 'ros'
[0.231s] Level 1:colcon.colcon_core.package_identification:_identify(src) by extensions ['cmake', 'python']
[0.231s] Level 1:colcon.colcon_core.package_identification:_identify(src) by extension 'cmake'
[0.231s] Level 1:colcon.colcon_core.package_identification:_identify(src) by extension 'python'
[0.231s] Level 1:colcon.colcon_core.package_identification:_identify(src) by extensions ['python_setup_py']
[0.231s] Level 1:colcon.colcon_core.package_identification:_identify(src) by extension 'python_setup_py'
[0.231s] Level 1:colcon.colcon_core.package_identification:_identify(src/build) by extensions ['ignore', 'ignore_ament_install']
[0.231s] Level 1:colcon.colcon_core.package_identification:_identify(src/build) by extension 'ignore'
[0.231s] Level 1:colcon.colcon_core.package_identification:_identify(src/build) ignored
[0.231s] Level 1:colcon.colcon_core.package_identification:_identify(src/global_planner) by extensions ['ignore', 'ignore_ament_install']
[0.231s] Level 1:colcon.colcon_core.package_identification:_identify(src/global_planner) by extension 'ignore'
[0.231s] Level 1:colcon.colcon_core.package_identification:_identify(src/global_planner) by extension 'ignore_ament_install'
[0.231s] Level 1:colcon.colcon_core.package_identification:_identify(src/global_planner) by extensions ['colcon_pkg']
[0.231s] Level 1:colcon.colcon_core.package_identification:_identify(src/global_planner) by extension 'colcon_pkg'
[0.231s] Level 1:colcon.colcon_core.package_identification:_identify(src/global_planner) by extensions ['colcon_meta']
[0.231s] Level 1:colcon.colcon_core.package_identification:_identify(src/global_planner) by extension 'colcon_meta'
[0.231s] Level 1:colcon.colcon_core.package_identification:_identify(src/global_planner) by extensions ['ros']
[0.231s] Level 1:colcon.colcon_core.package_identification:_identify(src/global_planner) by extension 'ros'
[0.234s] DEBUG:colcon.colcon_core.package_identification:Package 'src/global_planner' with type 'ros.ament_python' and name 'global_planner'
[0.234s] Level 1:colcon.colcon_core.package_identification:_identify(src/install) by extensions ['ignore', 'ignore_ament_install']
[0.234s] Level 1:colcon.colcon_core.package_identification:_identify(src/install) by extension 'ignore'
[0.234s] Level 1:colcon.colcon_core.package_identification:_identify(src/install) ignored
[0.234s] Level 1:colcon.colcon_core.package_identification:_identify(src/log) by extensions ['ignore', 'ignore_ament_install']
[0.234s] Level 1:colcon.colcon_core.package_identification:_identify(src/log) by extension 'ignore'
[0.235s] Level 1:colcon.colcon_core.package_identification:_identify(src/log) ignored
[0.235s] Level 1:colcon.colcon_core.package_identification:_identify(src/planner_msgs) by extensions ['ignore', 'ignore_ament_install']
[0.235s] Level 1:colcon.colcon_core.package_identification:_identify(src/planner_msgs) by extension 'ignore'
[0.235s] Level 1:colcon.colcon_core.package_identification:_identify(src/planner_msgs) by extension 'ignore_ament_install'
[0.235s] Level 1:colcon.colcon_core.package_identification:_identify(src/planner_msgs) by extensions ['colcon_pkg']
[0.235s] Level 1:colcon.colcon_core.package_identification:_identify(src/planner_msgs) by extension 'colcon_pkg'
[0.235s] Level 1:colcon.colcon_core.package_identification:_identify(src/planner_msgs) by extensions ['colcon_meta']
[0.235s] Level 1:colcon.colcon_core.package_identification:_identify(src/planner_msgs) by extension 'colcon_meta'
[0.235s] Level 1:colcon.colcon_core.package_identification:_identify(src/planner_msgs) by extensions ['ros']
[0.235s] Level 1:colcon.colcon_core.package_identification:_identify(src/planner_msgs) by extension 'ros'
[0.236s] DEBUG:colcon.colcon_core.package_identification:Package 'src/planner_msgs' with type 'ros.ament_cmake' and name 'planner_msgs'
[0.236s] Level 1:colcon.colcon_core.package_discovery:discover_packages(recursive) using defaults
[0.236s] Level 1:colcon.colcon_core.package_discovery:discover_packages(ignore) discover
[0.236s] Level 1:colcon.colcon_core.package_discovery:discover_packages(ignore) using defaults
[0.236s] Level 1:colcon.colcon_core.package_discovery:discover_packages(path) discover
[0.236s] Level 1:colcon.colcon_core.package_discovery:discover_packages(path) using defaults
[0.256s] Level 1:colcon.colcon_core.package_discovery:discover_packages(prefix_path) check parameters
[0.256s] Level 1:colcon.colcon_core.package_discovery:discover_packages(prefix_path) discover
[0.259s] DEBUG:colcon.colcon_installed_package_information.package_discovery:Found 331 installed packages in /opt/ros/jazzy
[0.260s] Level 1:colcon.colcon_core.package_discovery:discover_packages(prefix_path) using defaults
[0.315s] Level 5:colcon.colcon_core.verb:set package 'planner_msgs' build argument 'cmake_args' from command line to 'None'
[0.316s] Level 5:colcon.colcon_core.verb:set package 'planner_msgs' build argument 'cmake_target' from command line to 'None'
[0.316s] Level 5:colcon.colcon_core.verb:set package 'planner_msgs' build argument 'cmake_target_skip_unavailable' from command line to 'False'
[0.316s] Level 5:colcon.colcon_core.verb:set package 'planner_msgs' build argument 'cmake_clean_cache' from command line to 'False'
[0.316s] Level 5:colcon.colcon_core.verb:set package 'planner_msgs' build argument 'cmake_clean_first' from command line to 'False'
[0.316s] Level 5:colcon.colcon_core.verb:set package 'planner_msgs' build argument 'cmake_force_configure' from command line to 'False'
[0.316s] Level 5:colcon.colcon_core.verb:set package 'planner_msgs' build argument 'ament_cmake_args' from command line to 'None'
[0.316s] Level 5:colcon.colcon_core.verb:set package 'planner_msgs' build argument 'catkin_cmake_args' from command line to 'None'
[0.316s] Level 5:colcon.colcon_core.verb:set package 'planner_msgs' build argument 'catkin_skip_building_tests' from command line to 'False'
[0.316s] DEBUG:colcon.colcon_core.verb:Building package 'planner_msgs' with the following arguments: {'ament_cmake_args': None, 'build_base': '/root/-px4-3d-path-planner/ros2_ws/build/planner_msgs', 'catkin_cmake_args': None, 'catkin_skip_building_tests': False, 'cmake_args': None, 'cmake_clean_cache': False, 'cmake_clean_first': False, 'cmake_force_configure': False, 'cmake_target': None, 'cmake_target_skip_unavailable': False, 'install_base': '/root/-px4-3d-path-planner/ros2_ws/install/planner_msgs', 'merge_install': False, 'path': '/root/-px4-3d-path-planner/ros2_ws/src/planner_msgs', 'symlink_install': False, 'test_result_base': None}
[0.316s] Level 5:colcon.colcon_core.verb:set package 'global_planner' build argument 'cmake_args' from command line to 'None'
[0.316s] Level 5:colcon.colcon_core.verb:set package 'global_planner' build argument 'cmake_target' from command line to 'None'
[0.316s] Level 5:colcon.colcon_core.verb:set package 'global_planner' build argument 'cmake_target_skip_unavailable' from command line to 'False'
[0.316s] Level 5:colcon.colcon_core.verb:set package 'global_planner' build argument 'cmake_clean_cache' from command line to 'False'
[0.316s] Level 5:colcon.colcon_core.verb:set package 'global_planner' build argument 'cmake_clean_first' from command line to 'False'
[0.316s] Level 5:colcon.colcon_core.verb:set package 'global_planner' build argument 'cmake_force_configure' from command line to 'False'
[0.316s] Level 5:colcon.colcon_core.verb:set package 'global_planner' build argument 'ament_cmake_args' from command line to 'None'
[0.316s] Level 5:colcon.colcon_core.verb:set package 'global_planner' build argument 'catkin_cmake_args' from command line to 'None'
[0.316s] Level 5:colcon.colcon_core.verb:set package 'global_planner' build argument 'catkin_skip_building_tests' from command line to 'False'
[0.316s] DEBUG:colcon.colcon_core.verb:Building package 'global_planner' with the following arguments: {'ament_cmake_args': None, 'build_base': '/root/-px4-3d-path-planner/ros2_ws/build/global_planner', 'catkin_cmake_args': None, 'catkin_skip_building_tests': False, 'cmake_args': None, 'cmake_clean_cache': False, 'cmake_clean_first': False, 'cmake_force_configure': False, 'cmake_target': None, 'cmake_target_skip_unavailable': False, 'install_base': '/root/-px4-3d-path-planner/ros2_ws/install/global_planner', 'merge_install': False, 'path': '/root/-px4-3d-path-planner/ros2_ws/src/global_planner', 'symlink_install': False, 'test_result_base': None}
[0.316s] INFO:colcon.colcon_core.executor:Executing jobs using 'parallel' executor
[0.317s] DEBUG:colcon.colcon_parallel_executor.executor.parallel:run_until_complete
[0.318s] INFO:colcon.colcon_ros.task.ament_cmake.build:Building ROS package in '/root/-px4-3d-path-planner/ros2_ws/src/planner_msgs' with build type 'ament_cmake'
[0.318s] INFO:colcon.colcon_cmake.task.cmake.build:Building CMake package in '/root/-px4-3d-path-planner/ros2_ws/src/planner_msgs'
[0.320s] INFO:colcon.colcon_core.plugin_system:Skipping extension 'colcon_core.shell.bat': Not used on non-Windows systems
[0.320s] INFO:colcon.colcon_core.shell:Skip shell extension 'powershell' for command environment: Not usable outside of PowerShell
[0.320s] DEBUG:colcon.colcon_core.shell:Skip shell extension 'dsv' for command environment
[0.331s] DEBUG:colcon.colcon_core.event_handler.log_command:Invoking command in '/root/-px4-3d-path-planner/ros2_ws/build/planner_msgs': CMAKE_PREFIX_PATH=${CMAKE_PREFIX_PATH}:/opt/ros/jazzy /usr/bin/cmake --build /root/-px4-3d-path-planner/ros2_ws/build/planner_msgs -- -j8 -l8
[10.619s] DEBUG:colcon.colcon_core.event_handler.log_command:Invoked command in '/root/-px4-3d-path-planner/ros2_ws/build/planner_msgs' returned '0': CMAKE_PREFIX_PATH=${CMAKE_PREFIX_PATH}:/opt/ros/jazzy /usr/bin/cmake --build /root/-px4-3d-path-planner/ros2_ws/build/planner_msgs -- -j8 -l8
[10.636s] DEBUG:colcon.colcon_core.event_handler.log_command:Invoking command in '/root/-px4-3d-path-planner/ros2_ws/build/planner_msgs': CMAKE_PREFIX_PATH=${CMAKE_PREFIX_PATH}:/opt/ros/jazzy /usr/bin/cmake --install /root/-px4-3d-path-planner/ros2_ws/build/planner_msgs
[10.792s] Level 1:colcon.colcon_core.environment:create_environment_scripts_only(planner_msgs)
[10.793s] DEBUG:colcon.colcon_core.event_handler.log_command:Invoked command in '/root/-px4-3d-path-planner/ros2_ws/build/planner_msgs' returned '0': CMAKE_PREFIX_PATH=${CMAKE_PREFIX_PATH}:/opt/ros/jazzy /usr/bin/cmake --install /root/-px4-3d-path-planner/ros2_ws/build/planner_msgs
[10.798s] Level 1:colcon.colcon_core.environment:checking '/root/-px4-3d-path-planner/ros2_ws/install/planner_msgs' for CMake module files
[10.800s] Level 1:colcon.colcon_core.environment:checking '/root/-px4-3d-path-planner/ros2_ws/install/planner_msgs' for CMake config files
[10.801s] Level 1:colcon.colcon_core.shell:create_environment_hook('planner_msgs', 'cmake_prefix_path')
[10.802s] INFO:colcon.colcon_core.shell:Creating environment hook '/root/-px4-3d-path-planner/ros2_ws/install/planner_msgs/share/planner_msgs/hook/cmake_prefix_path.ps1'
[10.803s] INFO:colcon.colcon_core.shell:Creating environment descriptor '/root/-px4-3d-path-planner/ros2_ws/install/planner_msgs/share/planner_msgs/hook/cmake_prefix_path.dsv'
[10.804s] INFO:colcon.colcon_core.shell:Creating environment hook '/root/-px4-3d-path-planner/ros2_ws/install/planner_msgs/share/planner_msgs/hook/cmake_prefix_path.sh'
[10.806s] Level 1:colcon.colcon_core.environment:checking '/root/-px4-3d-path-planner/ros2_ws/install/planner_msgs/lib'
[10.806s] Level 1:colcon.colcon_core.shell:create_environment_hook('planner_msgs', 'ld_library_path_lib')
[10.807s] INFO:colcon.colcon_core.shell:Creating environment hook '/root/-px4-3d-path-planner/ros2_ws/install/planner_msgs/share/planner_msgs/hook/ld_library_path_lib.ps1'
[10.807s] INFO:colcon.colcon_core.shell:Creating environment descriptor '/root/-px4-3d-path-planner/ros2_ws/install/planner_msgs/share/planner_msgs/hook/ld_library_path_lib.dsv'
[10.808s] INFO:colcon.colcon_core.shell:Creating environment hook '/root/-px4-3d-path-planner/ros2_ws/install/planner_msgs/share/planner_msgs/hook/ld_library_path_lib.sh'
[10.809s] Level 1:colcon.colcon_core.environment:checking '/root/-px4-3d-path-planner/ros2_ws/install/planner_msgs/bin'
[10.809s] Level 1:colcon.colcon_core.environment:checking '/root/-px4-3d-path-planner/ros2_ws/install/planner_msgs/lib/pkgconfig/planner_msgs.pc'
[10.810s] Level 1:colcon.colcon_core.environment:checking '/root/-px4-3d-path-planner/ros2_ws/install/planner_msgs/lib/python3.12/site-packages'
[10.810s] Level 1:colcon.colcon_core.shell:create_environment_hook('planner_msgs', 'pythonpath')
[10.810s] INFO:colcon.colcon_core.shell:Creating environment hook '/root/-px4-3d-path-planner/ros2_ws/install/planner_msgs/share/planner_msgs/hook/pythonpath.ps1'
[10.811s] INFO:colcon.colcon_core.shell:Creating environment descriptor '/root/-px4-3d-path-planner/ros2_ws/install/planner_msgs/share/planner_msgs/hook/pythonpath.dsv'
[10.812s] INFO:colcon.colcon_core.shell:Creating environment hook '/root/-px4-3d-path-planner/ros2_ws/install/planner_msgs/share/planner_msgs/hook/pythonpath.sh'
[10.814s] Level 1:colcon.colcon_core.environment:checking '/root/-px4-3d-path-planner/ros2_ws/install/planner_msgs/bin'
[10.814s] INFO:colcon.colcon_core.shell:Creating package script '/root/-px4-3d-path-planner/ros2_ws/install/planner_msgs/share/planner_msgs/package.ps1'
[10.816s] INFO:colcon.colcon_core.shell:Creating package descriptor '/root/-px4-3d-path-planner/ros2_ws/install/planner_msgs/share/planner_msgs/package.dsv'
[10.818s] INFO:colcon.colcon_core.shell:Creating package script '/root/-px4-3d-path-planner/ros2_ws/install/planner_msgs/share/planner_msgs/package.sh'
[10.819s] INFO:colcon.colcon_core.shell:Creating package script '/root/-px4-3d-path-planner/ros2_ws/install/planner_msgs/share/planner_msgs/package.bash'
[10.820s] INFO:colcon.colcon_core.shell:Creating package script '/root/-px4-3d-path-planner/ros2_ws/install/planner_msgs/share/planner_msgs/package.zsh'
[10.822s] Level 1:colcon.colcon_core.environment:create_file_with_runtime_dependencies(/root/-px4-3d-path-planner/ros2_ws/install/planner_msgs/share/colcon-core/packages/planner_msgs)
[10.823s] Level 1:colcon.colcon_core.environment:create_environment_scripts_only(planner_msgs)
[10.823s] Level 1:colcon.colcon_core.environment:checking '/root/-px4-3d-path-planner/ros2_ws/install/planner_msgs' for CMake module files
[10.825s] Level 1:colcon.colcon_core.environment:checking '/root/-px4-3d-path-planner/ros2_ws/install/planner_msgs' for CMake config files
[10.826s] Level 1:colcon.colcon_core.shell:create_environment_hook('planner_msgs', 'cmake_prefix_path')
[10.827s] INFO:colcon.colcon_core.shell:Creating environment hook '/root/-px4-3d-path-planner/ros2_ws/install/planner_msgs/share/planner_msgs/hook/cmake_prefix_path.ps1'
[10.827s] INFO:colcon.colcon_core.shell:Creating environment descriptor '/root/-px4-3d-path-planner/ros2_ws/install/planner_msgs/share/planner_msgs/hook/cmake_prefix_path.dsv'
[10.828s] INFO:colcon.colcon_core.shell:Creating environment hook '/root/-px4-3d-path-planner/ros2_ws/install/planner_msgs/share/planner_msgs/hook/cmake_prefix_path.sh'
[10.829s] Level 1:colcon.colcon_core.environment:checking '/root/-px4-3d-path-planner/ros2_ws/install/planner_msgs/lib'
[10.829s] Level 1:colcon.colcon_core.shell:create_environment_hook('planner_msgs', 'ld_library_path_lib')
[10.830s] INFO:colcon.colcon_core.shell:Creating environment hook '/root/-px4-3d-path-planner/ros2_ws/install/planner_msgs/share/planner_msgs/hook/ld_library_path_lib.ps1'
[10.831s] INFO:colcon.colcon_core.shell:Creating environment descriptor '/root/-px4-3d-path-planner/ros2_ws/install/planner_msgs/share/planner_msgs/hook/ld_library_path_lib.dsv'
[10.831s] INFO:colcon.colcon_core.shell:Creating environment hook '/root/-px4-3d-path-planner/ros2_ws/install/planner_msgs/share/planner_msgs/hook/ld_library_path_lib.sh'
[10.832s] Level 1:colcon.colcon_core.environment:checking '/root/-px4-3d-path-planner/ros2_ws/install/planner_msgs/bin'
[10.833s] Level 1:colcon.colcon_core.environment:checking '/root/-px4-3d-path-planner/ros2_ws/install/planner_msgs/lib/pkgconfig/planner_msgs.pc'
[10.833s] Level 1:colcon.colcon_core.environment:checking '/root/-px4-3d-path-planner/ros2_ws/install/planner_msgs/lib/python3.12/site-packages'
[10.833s] Level 1:colcon.colcon_core.shell:create_environment_hook('planner_msgs', 'pythonpath')
[10.834s] INFO:colcon.colcon_core.shell:Creating environment hook '/root/-px4-3d-path-planner/ros2_ws/install/planner_msgs/share/planner_msgs/hook/pythonpath.ps1'
[10.834s] INFO:colcon.colcon_core.shell:Creating environment descriptor '/root/-px4-3d-path-planner/ros2_ws/install/planner_msgs/share/planner_msgs/hook/pythonpath.dsv'
[10.835s] INFO:colcon.colcon_core.shell:Creating environment hook '/root/-px4-3d-path-planner/ros2_ws/install/planner_msgs/share/planner_msgs/hook/pythonpath.sh'
[10.837s] Level 1:colcon.colcon_core.environment:checking '/root/-px4-3d-path-planner/ros2_ws/install/planner_msgs/bin'
[10.837s] INFO:colcon.colcon_core.shell:Creating package script '/root/-px4-3d-path-planner/ros2_ws/install/planner_msgs/share/planner_msgs/package.ps1'
[10.839s] INFO:colcon.colcon_core.shell:Creating package descriptor '/root/-px4-3d-path-planner/ros2_ws/install/planner_msgs/share/planner_msgs/package.dsv'
[10.840s] INFO:colcon.colcon_core.shell:Creating package script '/root/-px4-3d-path-planner/ros2_ws/install/planner_msgs/share/planner_msgs/package.sh'
[10.841s] INFO:colcon.colcon_core.shell:Creating package script '/root/-px4-3d-path-planner/ros2_ws/install/planner_msgs/share/planner_msgs/package.bash'
[10.842s] INFO:colcon.colcon_core.shell:Creating package script '/root/-px4-3d-path-planner/ros2_ws/install/planner_msgs/share/planner_msgs/package.zsh'
[10.843s] Level 1:colcon.colcon_core.environment:create_file_with_runtime_dependencies(/root/-px4-3d-path-planner/ros2_ws/install/planner_msgs/share/colcon-core/packages/planner_msgs)
[10.843s] INFO:colcon.colcon_ros.task.ament_python.build:Building ROS package in '/root/-px4-3d-path-planner/ros2_ws/src/global_planner' with build type 'ament_python'
[10.844s] Level 1:colcon.colcon_core.shell:create_environment_hook('global_planner', 'ament_prefix_path')
[10.844s] INFO:colcon.colcon_core.shell:Creating environment hook '/root/-px4-3d-path-planner/ros2_ws/install/global_planner/share/global_planner/hook/ament_prefix_path.ps1'
[10.847s] INFO:colcon.colcon_core.shell:Creating environment descriptor '/root/-px4-3d-path-planner/ros2_ws/install/global_planner/share/global_planner/hook/ament_prefix_path.dsv'
[10.848s] INFO:colcon.colcon_core.shell:Creating environment hook '/root/-px4-3d-path-planner/ros2_ws/install/global_planner/share/global_planner/hook/ament_prefix_path.sh'
[10.849s] INFO:colcon.colcon_core.shell:Skip shell extension 'powershell' for command environment: Not usable outside of PowerShell
[10.850s] DEBUG:colcon.colcon_core.shell:Skip shell extension 'dsv' for command environment
[11.142s] INFO:colcon.colcon_core.task.python.build:Building Python package in '/root/-px4-3d-path-planner/ros2_ws/src/global_planner'
[11.143s] INFO:colcon.colcon_core.shell:Skip shell extension 'powershell' for command environment: Not usable outside of PowerShell
[11.143s] DEBUG:colcon.colcon_core.shell:Skip shell extension 'dsv' for command environment
[11.899s] DEBUG:colcon.colcon_core.event_handler.log_command:Invoking command in '/root/-px4-3d-path-planner/ros2_ws/src/global_planner': AMENT_PREFIX_PATH=/root/-px4-3d-path-planner/ros2_ws/install/planner_msgs:${AMENT_PREFIX_PATH} CMAKE_PREFIX_PATH=/root/-px4-3d-path-planner/ros2_ws/install/planner_msgs:${CMAKE_PREFIX_PATH} LD_LIBRARY_PATH=/root/-px4-3d-path-planner/ros2_ws/install/planner_msgs/lib:${LD_LIBRARY_PATH} PYTHONPATH=/root/-px4-3d-path-planner/ros2_ws/build/global_planner/prefix_override:/usr/lib/python3/dist-packages/colcon_core/task/python/colcon_distutils_commands:/root/-px4-3d-path-planner/ros2_ws/install/global_planner/lib/python3.12/site-packages:/root/-px4-3d-path-planner/ros2_ws/install/planner_msgs/lib/python3.12/site-packages:${PYTHONPATH} /usr/bin/python3 -W ignore:setup.py install is deprecated -W ignore:easy_install command is deprecated setup.py egg_info --egg-base ../../build/global_planner build --build-base /root/-px4-3d-path-planner/ros2_ws/build/global_planner/build install --record /root/-px4-3d-path-planner/ros2_ws/build/global_planner/install.log --single-version-externally-managed install_data
[12.565s] Level 1:colcon.colcon_core.environment:checking '/root/-px4-3d-path-planner/ros2_ws/install/global_planner' for CMake module files
[12.566s] DEBUG:colcon.colcon_core.event_handler.log_command:Invoked command in '/root/-px4-3d-path-planner/ros2_ws/src/global_planner' returned '0': AMENT_PREFIX_PATH=/root/-px4-3d-path-planner/ros2_ws/install/planner_msgs:${AMENT_PREFIX_PATH} CMAKE_PREFIX_PATH=/root/-px4-3d-path-planner/ros2_ws/install/planner_msgs:${CMAKE_PREFIX_PATH} LD_LIBRARY_PATH=/root/-px4-3d-path-planner/ros2_ws/install/planner_msgs/lib:${LD_LIBRARY_PATH} PYTHONPATH=/root/-px4-3d-path-planner/ros2_ws/build/global_planner/prefix_override:/usr/lib/python3/dist-packages/colcon_core/task/python/colcon_distutils_commands:/root/-px4-3d-path-planner/ros2_ws/install/global_planner/lib/python3.12/site-packages:/root/-px4-3d-path-planner/ros2_ws/install/planner_msgs/lib/python3.12/site-packages:${PYTHONPATH} /usr/bin/python3 -W ignore:setup.py install is deprecated -W ignore:easy_install command is deprecated setup.py egg_info --egg-base ../../build/global_planner build --build-base /root/-px4-3d-path-planner/ros2_ws/build/global_planner/build install --record /root/-px4-3d-path-planner/ros2_ws/build/global_planner/install.log --single-version-externally-managed install_data
[12.567s] Level 1:colcon.colcon_core.environment:checking '/root/-px4-3d-path-planner/ros2_ws/install/global_planner' for CMake config files
[12.568s] Level 1:colcon.colcon_core.environment:checking '/root/-px4-3d-path-planner/ros2_ws/install/global_planner/lib'
[12.568s] Level 1:colcon.colcon_core.environment:checking '/root/-px4-3d-path-planner/ros2_ws/install/global_planner/bin'
[12.568s] Level 1:colcon.colcon_core.environment:checking '/root/-px4-3d-path-planner/ros2_ws/install/global_planner/lib/pkgconfig/global_planner.pc'
[12.569s] Level 1:colcon.colcon_core.environment:checking '/root/-px4-3d-path-planner/ros2_ws/install/global_planner/lib/python3.12/site-packages'
[12.569s] Level 1:colcon.colcon_core.shell:create_environment_hook('global_planner', 'pythonpath')
[12.570s] INFO:colcon.colcon_core.shell:Creating environment hook '/root/-px4-3d-path-planner/ros2_ws/install/global_planner/share/global_planner/hook/pythonpath.ps1'
[12.571s] INFO:colcon.colcon_core.shell:Creating environment descriptor '/root/-px4-3d-path-planner/ros2_ws/install/global_planner/share/global_planner/hook/pythonpath.dsv'
[12.571s] INFO:colcon.colcon_core.shell:Creating environment hook '/root/-px4-3d-path-planner/ros2_ws/install/global_planner/share/global_planner/hook/pythonpath.sh'
[12.573s] Level 1:colcon.colcon_core.environment:checking '/root/-px4-3d-path-planner/ros2_ws/install/global_planner/bin'
[12.573s] Level 1:colcon.colcon_core.environment:create_environment_scripts_only(global_planner)
[12.574s] INFO:colcon.colcon_core.shell:Creating package script '/root/-px4-3d-path-planner/ros2_ws/install/global_planner/share/global_planner/package.ps1'
[12.575s] INFO:colcon.colcon_core.shell:Creating package descriptor '/root/-px4-3d-path-planner/ros2_ws/install/global_planner/share/global_planner/package.dsv'
[12.576s] INFO:colcon.colcon_core.shell:Creating package script '/root/-px4-3d-path-planner/ros2_ws/install/global_planner/share/global_planner/package.sh'
[12.577s] INFO:colcon.colcon_core.shell:Creating package script '/root/-px4-3d-path-planner/ros2_ws/install/global_planner/share/global_planner/package.bash'
[12.578s] INFO:colcon.colcon_core.shell:Creating package script '/root/-px4-3d-path-planner/ros2_ws/install/global_planner/share/global_planner/package.zsh'
[12.579s] Level 1:colcon.colcon_core.environment:create_file_with_runtime_dependencies(/root/-px4-3d-path-planner/ros2_ws/install/global_planner/share/colcon-core/packages/global_planner)
[12.579s] DEBUG:colcon.colcon_parallel_executor.executor.parallel:closing loop
[12.580s] DEBUG:colcon.colcon_parallel_executor.executor.parallel:loop closed
[12.580s] DEBUG:colcon.colcon_parallel_executor.executor.parallel:run_until_complete finished with '0'
[12.580s] DEBUG:colcon.colcon_core.event_reactor:joining thread
[12.593s] INFO:colcon.colcon_core.plugin_system:Skipping extension 'colcon_notification.desktop_notification.terminal_notifier': Not used on non-Darwin systems
[12.593s] INFO:colcon.colcon_core.plugin_system:Skipping extension 'colcon_notification.desktop_notification.win32': Not used on non-Windows systems
[12.593s] INFO:colcon.colcon_notification.desktop_notification:Sending desktop notification using 'notify2'
[12.617s] DEBUG:colcon.colcon_core.event_reactor:joined thread
[12.618s] INFO:colcon.colcon_core.shell:Creating prefix script '/root/-px4-3d-path-planner/ros2_ws/install/local_setup.ps1'
[12.619s] INFO:colcon.colcon_core.shell:Creating prefix util module '/root/-px4-3d-path-planner/ros2_ws/install/_local_setup_util_ps1.py'
[12.622s] INFO:colcon.colcon_core.shell:Creating prefix chain script '/root/-px4-3d-path-planner/ros2_ws/install/setup.ps1'
[12.624s] INFO:colcon.colcon_core.shell:Creating prefix script '/root/-px4-3d-path-planner/ros2_ws/install/local_setup.sh'
[12.625s] INFO:colcon.colcon_core.shell:Creating prefix util module '/root/-px4-3d-path-planner/ros2_ws/install/_local_setup_util_sh.py'
[12.627s] INFO:colcon.colcon_core.shell:Creating prefix chain script '/root/-px4-3d-path-planner/ros2_ws/install/setup.sh'
[12.629s] INFO:colcon.colcon_core.shell:Creating prefix script '/root/-px4-3d-path-planner/ros2_ws/install/local_setup.bash'
[12.630s] INFO:colcon.colcon_core.shell:Creating prefix chain script '/root/-px4-3d-path-planner/ros2_ws/install/setup.bash'
[12.632s] INFO:colcon.colcon_core.shell:Creating prefix script '/root/-px4-3d-path-planner/ros2_ws/install/local_setup.zsh'
[12.633s] INFO:colcon.colcon_core.shell:Creating prefix chain script '/root/-px4-3d-path-planner/ros2_ws/install/setup.zsh'
