[0.968s] DEBUG:colcon:Command line arguments: ['/usr/bin/colcon', 'build']
[0.968s] DEBUG:colcon:Parsed command line arguments: Namespace(log_base=None, log_level=None, verb_name='build', build_base='build', install_base='install', merge_install=False, symlink_install=False, test_result_base=None, continue_on_error=False, executor='parallel', parallel_workers=8, event_handlers=None, ignore_user_meta=False, metas=['./colcon.meta'], base_paths=['.'], packages_ignore=None, packages_ignore_regex=None, paths=None, packages_up_to=None, packages_up_to_regex=None, packages_above=None, packages_above_and_dependencies=None, packages_above_depth=None, packages_select_by_dep=None, packages_skip_by_dep=None, packages_skip_up_to=None, packages_select_build_failed=False, packages_skip_build_finished=False, packages_select_test_failures=False, packages_skip_test_passed=False, packages_select=None, packages_skip=None, packages_select_regex=None, packages_skip_regex=None, packages_start=None, packages_end=None, allow_overriding=[], cmake_args=None, cmake_target=None, cmake_target_skip_unavailable=False, cmake_clean_cache=False, cmake_clean_first=False, cmake_force_configure=False, ament_cmake_args=None, catkin_cmake_args=None, catkin_skip_building_tests=False, mixin_files=None, mixin=None, verb_parser=<colcon_mixin.mixin.mixin_argument.MixinArgumentDecorator object at 0x77fc9c53ec30>, verb_extension=<colcon_core.verb.build.BuildVerb object at 0x77fc9c6cb230>, main=<bound method BuildVerb.main of <colcon_core.verb.build.BuildVerb object at 0x77fc9c6cb230>>, mixin_verb=('build',))
[1.103s] Level 1:colcon.colcon_core.package_discovery:discover_packages(colcon_meta) check parameters
[1.103s] Level 1:colcon.colcon_core.package_discovery:discover_packages(recursive) check parameters
[1.103s] Level 1:colcon.colcon_core.package_discovery:discover_packages(ignore) check parameters
[1.103s] Level 1:colcon.colcon_core.package_discovery:discover_packages(path) check parameters
[1.103s] Level 1:colcon.colcon_core.package_discovery:discover_packages(colcon_meta) discover
[1.103s] Level 1:colcon.colcon_core.package_discovery:discover_packages(recursive) discover
[1.103s] INFO:colcon.colcon_core.package_discovery:Crawling recursively for packages in '/root/-px4-3d-path-planner/ros2_ws'
[1.104s] Level 1:colcon.colcon_core.package_identification:_identify(.) by extensions ['ignore', 'ignore_ament_install']
[1.104s] Level 1:colcon.colcon_core.package_identification:_identify(.) by extension 'ignore'
[1.104s] Level 1:colcon.colcon_core.package_identification:_identify(.) by extension 'ignore_ament_install'
[1.104s] Level 1:colcon.colcon_core.package_identification:_identify(.) by extensions ['colcon_pkg']
[1.105s] Level 1:colcon.colcon_core.package_identification:_identify(.) by extension 'colcon_pkg'
[1.105s] Level 1:colcon.colcon_core.package_identification:_identify(.) by extensions ['colcon_meta']
[1.105s] Level 1:colcon.colcon_core.package_identification:_identify(.) by extension 'colcon_meta'
[1.105s] Level 1:colcon.colcon_core.package_identification:_identify(.) by extensions ['ros']
[1.105s] Level 1:colcon.colcon_core.package_identification:_identify(.) by extension 'ros'
[1.315s] Level 1:colcon.colcon_core.package_identification:_identify(.) by extensions ['cmake', 'python']
[1.315s] Level 1:colcon.colcon_core.package_identification:_identify(.) by extension 'cmake'
[1.315s] Level 1:colcon.colcon_core.package_identification:_identify(.) by extension 'python'
[1.315s] Level 1:colcon.colcon_core.package_identification:_identify(.) by extensions ['python_setup_py']
[1.315s] Level 1:colcon.colcon_core.package_identification:_identify(.) by extension 'python_setup_py'
[1.316s] Level 1:colcon.colcon_core.package_identification:_identify(build) by extensions ['ignore', 'ignore_ament_install']
[1.316s] Level 1:colcon.colcon_core.package_identification:_identify(build) by extension 'ignore'
[1.316s] Level 1:colcon.colcon_core.package_identification:_identify(build) ignored
[1.316s] Level 1:colcon.colcon_core.package_identification:_identify(install) by extensions ['ignore', 'ignore_ament_install']
[1.316s] Level 1:colcon.colcon_core.package_identification:_identify(install) by extension 'ignore'
[1.317s] Level 1:colcon.colcon_core.package_identification:_identify(install) ignored
[1.317s] Level 1:colcon.colcon_core.package_identification:_identify(log) by extensions ['ignore', 'ignore_ament_install']
[1.317s] Level 1:colcon.colcon_core.package_identification:_identify(log) by extension 'ignore'
[1.317s] Level 1:colcon.colcon_core.package_identification:_identify(log) ignored
[1.317s] Level 1:colcon.colcon_core.package_identification:_identify(src) by extensions ['ignore', 'ignore_ament_install']
[1.317s] Level 1:colcon.colcon_core.package_identification:_identify(src) by extension 'ignore'
[1.318s] Level 1:colcon.colcon_core.package_identification:_identify(src) by extension 'ignore_ament_install'
[1.318s] Level 1:colcon.colcon_core.package_identification:_identify(src) by extensions ['colcon_pkg']
[1.318s] Level 1:colcon.colcon_core.package_identification:_identify(src) by extension 'colcon_pkg'
[1.318s] Level 1:colcon.colcon_core.package_identification:_identify(src) by extensions ['colcon_meta']
[1.318s] Level 1:colcon.colcon_core.package_identification:_identify(src) by extension 'colcon_meta'
[1.318s] Level 1:colcon.colcon_core.package_identification:_identify(src) by extensions ['ros']
[1.318s] Level 1:colcon.colcon_core.package_identification:_identify(src) by extension 'ros'
[1.318s] Level 1:colcon.colcon_core.package_identification:_identify(src) by extensions ['cmake', 'python']
[1.318s] Level 1:colcon.colcon_core.package_identification:_identify(src) by extension 'cmake'
[1.318s] Level 1:colcon.colcon_core.package_identification:_identify(src) by extension 'python'
[1.319s] Level 1:colcon.colcon_core.package_identification:_identify(src) by extensions ['python_setup_py']
[1.319s] Level 1:colcon.colcon_core.package_identification:_identify(src) by extension 'python_setup_py'
[1.319s] Level 1:colcon.colcon_core.package_identification:_identify(src/build) by extensions ['ignore', 'ignore_ament_install']
[1.319s] Level 1:colcon.colcon_core.package_identification:_identify(src/build) by extension 'ignore'
[1.319s] Level 1:colcon.colcon_core.package_identification:_identify(src/build) ignored
[1.319s] Level 1:colcon.colcon_core.package_identification:_identify(src/global_planner) by extensions ['ignore', 'ignore_ament_install']
[1.320s] Level 1:colcon.colcon_core.package_identification:_identify(src/global_planner) by extension 'ignore'
[1.320s] Level 1:colcon.colcon_core.package_identification:_identify(src/global_planner) by extension 'ignore_ament_install'
[1.320s] Level 1:colcon.colcon_core.package_identification:_identify(src/global_planner) by extensions ['colcon_pkg']
[1.320s] Level 1:colcon.colcon_core.package_identification:_identify(src/global_planner) by extension 'colcon_pkg'
[1.320s] Level 1:colcon.colcon_core.package_identification:_identify(src/global_planner) by extensions ['colcon_meta']
[1.320s] Level 1:colcon.colcon_core.package_identification:_identify(src/global_planner) by extension 'colcon_meta'
[1.320s] Level 1:colcon.colcon_core.package_identification:_identify(src/global_planner) by extensions ['ros']
[1.320s] Level 1:colcon.colcon_core.package_identification:_identify(src/global_planner) by extension 'ros'
[1.351s] DEBUG:colcon.colcon_core.package_identification:Package 'src/global_planner' with type 'ros.ament_python' and name 'global_planner'
[1.352s] Level 1:colcon.colcon_core.package_identification:_identify(src/install) by extensions ['ignore', 'ignore_ament_install']
[1.352s] Level 1:colcon.colcon_core.package_identification:_identify(src/install) by extension 'ignore'
[1.352s] Level 1:colcon.colcon_core.package_identification:_identify(src/install) ignored
[1.352s] Level 1:colcon.colcon_core.package_identification:_identify(src/log) by extensions ['ignore', 'ignore_ament_install']
[1.352s] Level 1:colcon.colcon_core.package_identification:_identify(src/log) by extension 'ignore'
[1.352s] Level 1:colcon.colcon_core.package_identification:_identify(src/log) ignored
[1.353s] Level 1:colcon.colcon_core.package_identification:_identify(src/planner_msgs) by extensions ['ignore', 'ignore_ament_install']
[1.353s] Level 1:colcon.colcon_core.package_identification:_identify(src/planner_msgs) by extension 'ignore'
[1.353s] Level 1:colcon.colcon_core.package_identification:_identify(src/planner_msgs) by extension 'ignore_ament_install'
[1.353s] Level 1:colcon.colcon_core.package_identification:_identify(src/planner_msgs) by extensions ['colcon_pkg']
[1.353s] Level 1:colcon.colcon_core.package_identification:_identify(src/planner_msgs) by extension 'colcon_pkg'
[1.353s] Level 1:colcon.colcon_core.package_identification:_identify(src/planner_msgs) by extensions ['colcon_meta']
[1.353s] Level 1:colcon.colcon_core.package_identification:_identify(src/planner_msgs) by extension 'colcon_meta'
[1.353s] Level 1:colcon.colcon_core.package_identification:_identify(src/planner_msgs) by extensions ['ros']
[1.353s] Level 1:colcon.colcon_core.package_identification:_identify(src/planner_msgs) by extension 'ros'
[1.365s] DEBUG:colcon.colcon_core.package_identification:Package 'src/planner_msgs' with type 'ros.ament_cmake' and name 'planner_msgs'
[1.365s] Level 1:colcon.colcon_core.package_discovery:discover_packages(recursive) using defaults
[1.366s] Level 1:colcon.colcon_core.package_discovery:discover_packages(ignore) discover
[1.366s] Level 1:colcon.colcon_core.package_discovery:discover_packages(ignore) using defaults
[1.366s] Level 1:colcon.colcon_core.package_discovery:discover_packages(path) discover
[1.366s] Level 1:colcon.colcon_core.package_discovery:discover_packages(path) using defaults
[1.517s] Level 1:colcon.colcon_core.package_discovery:discover_packages(prefix_path) check parameters
[1.517s] Level 1:colcon.colcon_core.package_discovery:discover_packages(prefix_path) discover
[1.529s] DEBUG:colcon.colcon_installed_package_information.package_discovery:Found 331 installed packages in /opt/ros/jazzy
[1.531s] Level 1:colcon.colcon_core.package_discovery:discover_packages(prefix_path) using defaults
[1.618s] Level 5:colcon.colcon_core.verb:set package 'planner_msgs' build argument 'cmake_args' from command line to 'None'
[1.618s] Level 5:colcon.colcon_core.verb:set package 'planner_msgs' build argument 'cmake_target' from command line to 'None'
[1.618s] Level 5:colcon.colcon_core.verb:set package 'planner_msgs' build argument 'cmake_target_skip_unavailable' from command line to 'False'
[1.618s] Level 5:colcon.colcon_core.verb:set package 'planner_msgs' build argument 'cmake_clean_cache' from command line to 'False'
[1.618s] Level 5:colcon.colcon_core.verb:set package 'planner_msgs' build argument 'cmake_clean_first' from command line to 'False'
[1.618s] Level 5:colcon.colcon_core.verb:set package 'planner_msgs' build argument 'cmake_force_configure' from command line to 'False'
[1.618s] Level 5:colcon.colcon_core.verb:set package 'planner_msgs' build argument 'ament_cmake_args' from command line to 'None'
[1.618s] Level 5:colcon.colcon_core.verb:set package 'planner_msgs' build argument 'catkin_cmake_args' from command line to 'None'
[1.618s] Level 5:colcon.colcon_core.verb:set package 'planner_msgs' build argument 'catkin_skip_building_tests' from command line to 'False'
[1.618s] DEBUG:colcon.colcon_core.verb:Building package 'planner_msgs' with the following arguments: {'ament_cmake_args': None, 'build_base': '/root/-px4-3d-path-planner/ros2_ws/build/planner_msgs', 'catkin_cmake_args': None, 'catkin_skip_building_tests': False, 'cmake_args': None, 'cmake_clean_cache': False, 'cmake_clean_first': False, 'cmake_force_configure': False, 'cmake_target': None, 'cmake_target_skip_unavailable': False, 'install_base': '/root/-px4-3d-path-planner/ros2_ws/install/planner_msgs', 'merge_install': False, 'path': '/root/-px4-3d-path-planner/ros2_ws/src/planner_msgs', 'symlink_install': False, 'test_result_base': None}
[1.618s] Level 5:colcon.colcon_core.verb:set package 'global_planner' build argument 'cmake_args' from command line to 'None'
[1.618s] Level 5:colcon.colcon_core.verb:set package 'global_planner' build argument 'cmake_target' from command line to 'None'
[1.618s] Level 5:colcon.colcon_core.verb:set package 'global_planner' build argument 'cmake_target_skip_unavailable' from command line to 'False'
[1.618s] Level 5:colcon.colcon_core.verb:set package 'global_planner' build argument 'cmake_clean_cache' from command line to 'False'
[1.618s] Level 5:colcon.colcon_core.verb:set package 'global_planner' build argument 'cmake_clean_first' from command line to 'False'
[1.618s] Level 5:colcon.colcon_core.verb:set package 'global_planner' build argument 'cmake_force_configure' from command line to 'False'
[1.618s] Level 5:colcon.colcon_core.verb:set package 'global_planner' build argument 'ament_cmake_args' from command line to 'None'
[1.618s] Level 5:colcon.colcon_core.verb:set package 'global_planner' build argument 'catkin_cmake_args' from command line to 'None'
[1.618s] Level 5:colcon.colcon_core.verb:set package 'global_planner' build argument 'catkin_skip_building_tests' from command line to 'False'
[1.618s] DEBUG:colcon.colcon_core.verb:Building package 'global_planner' with the following arguments: {'ament_cmake_args': None, 'build_base': '/root/-px4-3d-path-planner/ros2_ws/build/global_planner', 'catkin_cmake_args': None, 'catkin_skip_building_tests': False, 'cmake_args': None, 'cmake_clean_cache': False, 'cmake_clean_first': False, 'cmake_force_configure': False, 'cmake_target': None, 'cmake_target_skip_unavailable': False, 'install_base': '/root/-px4-3d-path-planner/ros2_ws/install/global_planner', 'merge_install': False, 'path': '/root/-px4-3d-path-planner/ros2_ws/src/global_planner', 'symlink_install': False, 'test_result_base': None}
[1.618s] INFO:colcon.colcon_core.executor:Executing jobs using 'parallel' executor
[1.620s] DEBUG:colcon.colcon_parallel_executor.executor.parallel:run_until_complete
[1.620s] INFO:colcon.colcon_ros.task.ament_cmake.build:Building ROS package in '/root/-px4-3d-path-planner/ros2_ws/src/planner_msgs' with build type 'ament_cmake'
[1.620s] INFO:colcon.colcon_cmake.task.cmake.build:Building CMake package in '/root/-px4-3d-path-planner/ros2_ws/src/planner_msgs'
[1.643s] INFO:colcon.colcon_core.plugin_system:Skipping extension 'colcon_core.shell.bat': Not used on non-Windows systems
[1.644s] INFO:colcon.colcon_core.shell:Skip shell extension 'powershell' for command environment: Not usable outside of PowerShell
[1.644s] DEBUG:colcon.colcon_core.shell:Skip shell extension 'dsv' for command environment
[1.696s] DEBUG:colcon.colcon_core.event_handler.log_command:Invoking command in '/root/-px4-3d-path-planner/ros2_ws/build/planner_msgs': CMAKE_PREFIX_PATH=${CMAKE_PREFIX_PATH}:/opt/ros/jazzy /usr/bin/cmake --build /root/-px4-3d-path-planner/ros2_ws/build/planner_msgs -- -j8 -l8
[2.957s] DEBUG:colcon.colcon_core.event_handler.log_command:Invoked command in '/root/-px4-3d-path-planner/ros2_ws/build/planner_msgs' returned '0': CMAKE_PREFIX_PATH=${CMAKE_PREFIX_PATH}:/opt/ros/jazzy /usr/bin/cmake --build /root/-px4-3d-path-planner/ros2_ws/build/planner_msgs -- -j8 -l8
[2.981s] DEBUG:colcon.colcon_core.event_handler.log_command:Invoking command in '/root/-px4-3d-path-planner/ros2_ws/build/planner_msgs': CMAKE_PREFIX_PATH=${CMAKE_PREFIX_PATH}:/opt/ros/jazzy /usr/bin/cmake --install /root/-px4-3d-path-planner/ros2_ws/build/planner_msgs
[3.307s] Level 1:colcon.colcon_core.environment:create_environment_scripts_only(planner_msgs)
[3.308s] DEBUG:colcon.colcon_core.event_handler.log_command:Invoked command in '/root/-px4-3d-path-planner/ros2_ws/build/planner_msgs' returned '0': CMAKE_PREFIX_PATH=${CMAKE_PREFIX_PATH}:/opt/ros/jazzy /usr/bin/cmake --install /root/-px4-3d-path-planner/ros2_ws/build/planner_msgs
[3.345s] Level 1:colcon.colcon_core.environment:checking '/root/-px4-3d-path-planner/ros2_ws/install/planner_msgs' for CMake module files
[3.347s] Level 1:colcon.colcon_core.environment:checking '/root/-px4-3d-path-planner/ros2_ws/install/planner_msgs' for CMake config files
[3.359s] Level 1:colcon.colcon_core.shell:create_environment_hook('planner_msgs', 'cmake_prefix_path')
[3.360s] INFO:colcon.colcon_core.shell:Creating environment hook '/root/-px4-3d-path-planner/ros2_ws/install/planner_msgs/share/planner_msgs/hook/cmake_prefix_path.ps1'
[3.361s] INFO:colcon.colcon_core.shell:Creating environment descriptor '/root/-px4-3d-path-planner/ros2_ws/install/planner_msgs/share/planner_msgs/hook/cmake_prefix_path.dsv'
[3.362s] INFO:colcon.colcon_core.shell:Creating environment hook '/root/-px4-3d-path-planner/ros2_ws/install/planner_msgs/share/planner_msgs/hook/cmake_prefix_path.sh'
[3.364s] Level 1:colcon.colcon_core.environment:checking '/root/-px4-3d-path-planner/ros2_ws/install/planner_msgs/lib'
[3.364s] Level 1:colcon.colcon_core.shell:create_environment_hook('planner_msgs', 'ld_library_path_lib')
[3.364s] INFO:colcon.colcon_core.shell:Creating environment hook '/root/-px4-3d-path-planner/ros2_ws/install/planner_msgs/share/planner_msgs/hook/ld_library_path_lib.ps1'
[3.365s] INFO:colcon.colcon_core.shell:Creating environment descriptor '/root/-px4-3d-path-planner/ros2_ws/install/planner_msgs/share/planner_msgs/hook/ld_library_path_lib.dsv'
[3.366s] INFO:colcon.colcon_core.shell:Creating environment hook '/root/-px4-3d-path-planner/ros2_ws/install/planner_msgs/share/planner_msgs/hook/ld_library_path_lib.sh'
[3.367s] Level 1:colcon.colcon_core.environment:checking '/root/-px4-3d-path-planner/ros2_ws/install/planner_msgs/bin'
[3.367s] Level 1:colcon.colcon_core.environment:checking '/root/-px4-3d-path-planner/ros2_ws/install/planner_msgs/lib/pkgconfig/planner_msgs.pc'
[3.368s] Level 1:colcon.colcon_core.environment:checking '/root/-px4-3d-path-planner/ros2_ws/install/planner_msgs/lib/python3.12/site-packages'
[3.369s] Level 1:colcon.colcon_core.shell:create_environment_hook('planner_msgs', 'pythonpath')
[3.369s] INFO:colcon.colcon_core.shell:Creating environment hook '/root/-px4-3d-path-planner/ros2_ws/install/planner_msgs/share/planner_msgs/hook/pythonpath.ps1'
[3.370s] INFO:colcon.colcon_core.shell:Creating environment descriptor '/root/-px4-3d-path-planner/ros2_ws/install/planner_msgs/share/planner_msgs/hook/pythonpath.dsv'
[3.371s] INFO:colcon.colcon_core.shell:Creating environment hook '/root/-px4-3d-path-planner/ros2_ws/install/planner_msgs/share/planner_msgs/hook/pythonpath.sh'
[3.373s] Level 1:colcon.colcon_core.environment:checking '/root/-px4-3d-path-planner/ros2_ws/install/planner_msgs/bin'
[3.373s] INFO:colcon.colcon_core.shell:Creating package script '/root/-px4-3d-path-planner/ros2_ws/install/planner_msgs/share/planner_msgs/package.ps1'
[3.376s] INFO:colcon.colcon_core.shell:Creating package descriptor '/root/-px4-3d-path-planner/ros2_ws/install/planner_msgs/share/planner_msgs/package.dsv'
[3.377s] INFO:colcon.colcon_core.shell:Creating package script '/root/-px4-3d-path-planner/ros2_ws/install/planner_msgs/share/planner_msgs/package.sh'
[3.379s] INFO:colcon.colcon_core.shell:Creating package script '/root/-px4-3d-path-planner/ros2_ws/install/planner_msgs/share/planner_msgs/package.bash'
[3.380s] INFO:colcon.colcon_core.shell:Creating package script '/root/-px4-3d-path-planner/ros2_ws/install/planner_msgs/share/planner_msgs/package.zsh'
[3.381s] Level 1:colcon.colcon_core.environment:create_file_with_runtime_dependencies(/root/-px4-3d-path-planner/ros2_ws/install/planner_msgs/share/colcon-core/packages/planner_msgs)
[3.383s] Level 1:colcon.colcon_core.environment:create_environment_scripts_only(planner_msgs)
[3.383s] Level 1:colcon.colcon_core.environment:checking '/root/-px4-3d-path-planner/ros2_ws/install/planner_msgs' for CMake module files
[3.385s] Level 1:colcon.colcon_core.environment:checking '/root/-px4-3d-path-planner/ros2_ws/install/planner_msgs' for CMake config files
[3.386s] Level 1:colcon.colcon_core.shell:create_environment_hook('planner_msgs', 'cmake_prefix_path')
[3.386s] INFO:colcon.colcon_core.shell:Creating environment hook '/root/-px4-3d-path-planner/ros2_ws/install/planner_msgs/share/planner_msgs/hook/cmake_prefix_path.ps1'
[3.387s] INFO:colcon.colcon_core.shell:Creating environment descriptor '/root/-px4-3d-path-planner/ros2_ws/install/planner_msgs/share/planner_msgs/hook/cmake_prefix_path.dsv'
[3.388s] INFO:colcon.colcon_core.shell:Creating environment hook '/root/-px4-3d-path-planner/ros2_ws/install/planner_msgs/share/planner_msgs/hook/cmake_prefix_path.sh'
[3.389s] Level 1:colcon.colcon_core.environment:checking '/root/-px4-3d-path-planner/ros2_ws/install/planner_msgs/lib'
[3.389s] Level 1:colcon.colcon_core.shell:create_environment_hook('planner_msgs', 'ld_library_path_lib')
[3.390s] INFO:colcon.colcon_core.shell:Creating environment hook '/root/-px4-3d-path-planner/ros2_ws/install/planner_msgs/share/planner_msgs/hook/ld_library_path_lib.ps1'
[3.390s] INFO:colcon.colcon_core.shell:Creating environment descriptor '/root/-px4-3d-path-planner/ros2_ws/install/planner_msgs/share/planner_msgs/hook/ld_library_path_lib.dsv'
[3.391s] INFO:colcon.colcon_core.shell:Creating environment hook '/root/-px4-3d-path-planner/ros2_ws/install/planner_msgs/share/planner_msgs/hook/ld_library_path_lib.sh'
[3.392s] Level 1:colcon.colcon_core.environment:checking '/root/-px4-3d-path-planner/ros2_ws/install/planner_msgs/bin'
[3.393s] Level 1:colcon.colcon_core.environment:checking '/root/-px4-3d-path-planner/ros2_ws/install/planner_msgs/lib/pkgconfig/planner_msgs.pc'
[3.393s] Level 1:colcon.colcon_core.environment:checking '/root/-px4-3d-path-planner/ros2_ws/install/planner_msgs/lib/python3.12/site-packages'
[3.393s] Level 1:colcon.colcon_core.shell:create_environment_hook('planner_msgs', 'pythonpath')
[3.394s] INFO:colcon.colcon_core.shell:Creating environment hook '/root/-px4-3d-path-planner/ros2_ws/install/planner_msgs/share/planner_msgs/hook/pythonpath.ps1'
[3.394s] INFO:colcon.colcon_core.shell:Creating environment descriptor '/root/-px4-3d-path-planner/ros2_ws/install/planner_msgs/share/planner_msgs/hook/pythonpath.dsv'
[3.395s] INFO:colcon.colcon_core.shell:Creating environment hook '/root/-px4-3d-path-planner/ros2_ws/install/planner_msgs/share/planner_msgs/hook/pythonpath.sh'
[3.397s] Level 1:colcon.colcon_core.environment:checking '/root/-px4-3d-path-planner/ros2_ws/install/planner_msgs/bin'
[3.397s] INFO:colcon.colcon_core.shell:Creating package script '/root/-px4-3d-path-planner/ros2_ws/install/planner_msgs/share/planner_msgs/package.ps1'
[3.399s] INFO:colcon.colcon_core.shell:Creating package descriptor '/root/-px4-3d-path-planner/ros2_ws/install/planner_msgs/share/planner_msgs/package.dsv'
[3.400s] INFO:colcon.colcon_core.shell:Creating package script '/root/-px4-3d-path-planner/ros2_ws/install/planner_msgs/share/planner_msgs/package.sh'
[3.401s] INFO:colcon.colcon_core.shell:Creating package script '/root/-px4-3d-path-planner/ros2_ws/install/planner_msgs/share/planner_msgs/package.bash'
[3.402s] INFO:colcon.colcon_core.shell:Creating package script '/root/-px4-3d-path-planner/ros2_ws/install/planner_msgs/share/planner_msgs/package.zsh'
[3.403s] Level 1:colcon.colcon_core.environment:create_file_with_runtime_dependencies(/root/-px4-3d-path-planner/ros2_ws/install/planner_msgs/share/colcon-core/packages/planner_msgs)
[3.404s] INFO:colcon.colcon_ros.task.ament_python.build:Building ROS package in '/root/-px4-3d-path-planner/ros2_ws/src/global_planner' with build type 'ament_python'
[3.404s] Level 1:colcon.colcon_core.shell:create_environment_hook('global_planner', 'ament_prefix_path')
[3.404s] INFO:colcon.colcon_core.shell:Creating environment hook '/root/-px4-3d-path-planner/ros2_ws/install/global_planner/share/global_planner/hook/ament_prefix_path.ps1'
[3.406s] INFO:colcon.colcon_core.shell:Creating environment descriptor '/root/-px4-3d-path-planner/ros2_ws/install/global_planner/share/global_planner/hook/ament_prefix_path.dsv'
[3.407s] INFO:colcon.colcon_core.shell:Creating environment hook '/root/-px4-3d-path-planner/ros2_ws/install/global_planner/share/global_planner/hook/ament_prefix_path.sh'
[3.409s] INFO:colcon.colcon_core.shell:Skip shell extension 'powershell' for command environment: Not usable outside of PowerShell
[3.409s] DEBUG:colcon.colcon_core.shell:Skip shell extension 'dsv' for command environment
[3.719s] INFO:colcon.colcon_core.task.python.build:Building Python package in '/root/-px4-3d-path-planner/ros2_ws/src/global_planner'
[3.719s] INFO:colcon.colcon_core.shell:Skip shell extension 'powershell' for command environment: Not usable outside of PowerShell
[3.719s] DEBUG:colcon.colcon_core.shell:Skip shell extension 'dsv' for command environment
[6.543s] DEBUG:colcon.colcon_core.event_handler.log_command:Invoking command in '/root/-px4-3d-path-planner/ros2_ws/src/global_planner': AMENT_PREFIX_PATH=/root/-px4-3d-path-planner/ros2_ws/install/planner_msgs:${AMENT_PREFIX_PATH} CMAKE_PREFIX_PATH=/root/-px4-3d-path-planner/ros2_ws/install/planner_msgs:${CMAKE_PREFIX_PATH} LD_LIBRARY_PATH=/root/-px4-3d-path-planner/ros2_ws/install/planner_msgs/lib:${LD_LIBRARY_PATH} PYTHONPATH=/root/-px4-3d-path-planner/ros2_ws/build/global_planner/prefix_override:/usr/lib/python3/dist-packages/colcon_core/task/python/colcon_distutils_commands:/root/-px4-3d-path-planner/ros2_ws/install/global_planner/lib/python3.12/site-packages:/root/-px4-3d-path-planner/ros2_ws/install/planner_msgs/lib/python3.12/site-packages:${PYTHONPATH} /usr/bin/python3 -W ignore:setup.py install is deprecated -W ignore:easy_install command is deprecated setup.py egg_info --egg-base ../../build/global_planner build --build-base /root/-px4-3d-path-planner/ros2_ws/build/global_planner/build install --record /root/-px4-3d-path-planner/ros2_ws/build/global_planner/install.log --single-version-externally-managed install_data
[7.230s] Level 1:colcon.colcon_core.environment:checking '/root/-px4-3d-path-planner/ros2_ws/install/global_planner' for CMake module files
[7.231s] DEBUG:colcon.colcon_core.event_handler.log_command:Invoked command in '/root/-px4-3d-path-planner/ros2_ws/src/global_planner' returned '0': AMENT_PREFIX_PATH=/root/-px4-3d-path-planner/ros2_ws/install/planner_msgs:${AMENT_PREFIX_PATH} CMAKE_PREFIX_PATH=/root/-px4-3d-path-planner/ros2_ws/install/planner_msgs:${CMAKE_PREFIX_PATH} LD_LIBRARY_PATH=/root/-px4-3d-path-planner/ros2_ws/install/planner_msgs/lib:${LD_LIBRARY_PATH} PYTHONPATH=/root/-px4-3d-path-planner/ros2_ws/build/global_planner/prefix_override:/usr/lib/python3/dist-packages/colcon_core/task/python/colcon_distutils_commands:/root/-px4-3d-path-planner/ros2_ws/install/global_planner/lib/python3.12/site-packages:/root/-px4-3d-path-planner/ros2_ws/install/planner_msgs/lib/python3.12/site-packages:${PYTHONPATH} /usr/bin/python3 -W ignore:setup.py install is deprecated -W ignore:easy_install command is deprecated setup.py egg_info --egg-base ../../build/global_planner build --build-base /root/-px4-3d-path-planner/ros2_ws/build/global_planner/build install --record /root/-px4-3d-path-planner/ros2_ws/build/global_planner/install.log --single-version-externally-managed install_data
[7.232s] Level 1:colcon.colcon_core.environment:checking '/root/-px4-3d-path-planner/ros2_ws/install/global_planner' for CMake config files
[7.233s] Level 1:colcon.colcon_core.environment:checking '/root/-px4-3d-path-planner/ros2_ws/install/global_planner/lib'
[7.233s] Level 1:colcon.colcon_core.environment:checking '/root/-px4-3d-path-planner/ros2_ws/install/global_planner/bin'
[7.233s] Level 1:colcon.colcon_core.environment:checking '/root/-px4-3d-path-planner/ros2_ws/install/global_planner/lib/pkgconfig/global_planner.pc'
[7.234s] Level 1:colcon.colcon_core.environment:checking '/root/-px4-3d-path-planner/ros2_ws/install/global_planner/lib/python3.12/site-packages'
[7.234s] Level 1:colcon.colcon_core.shell:create_environment_hook('global_planner', 'pythonpath')
[7.234s] INFO:colcon.colcon_core.shell:Creating environment hook '/root/-px4-3d-path-planner/ros2_ws/install/global_planner/share/global_planner/hook/pythonpath.ps1'
[7.235s] INFO:colcon.colcon_core.shell:Creating environment descriptor '/root/-px4-3d-path-planner/ros2_ws/install/global_planner/share/global_planner/hook/pythonpath.dsv'
[7.236s] INFO:colcon.colcon_core.shell:Creating environment hook '/root/-px4-3d-path-planner/ros2_ws/install/global_planner/share/global_planner/hook/pythonpath.sh'
[7.238s] Level 1:colcon.colcon_core.environment:checking '/root/-px4-3d-path-planner/ros2_ws/install/global_planner/bin'
[7.238s] Level 1:colcon.colcon_core.environment:create_environment_scripts_only(global_planner)
[7.238s] INFO:colcon.colcon_core.shell:Creating package script '/root/-px4-3d-path-planner/ros2_ws/install/global_planner/share/global_planner/package.ps1'
[7.240s] INFO:colcon.colcon_core.shell:Creating package descriptor '/root/-px4-3d-path-planner/ros2_ws/install/global_planner/share/global_planner/package.dsv'
[7.241s] INFO:colcon.colcon_core.shell:Creating package script '/root/-px4-3d-path-planner/ros2_ws/install/global_planner/share/global_planner/package.sh'
[7.242s] INFO:colcon.colcon_core.shell:Creating package script '/root/-px4-3d-path-planner/ros2_ws/install/global_planner/share/global_planner/package.bash'
[7.243s] INFO:colcon.colcon_core.shell:Creating package script '/root/-px4-3d-path-planner/ros2_ws/install/global_planner/share/global_planner/package.zsh'
[7.243s] Level 1:colcon.colcon_core.environment:create_file_with_runtime_dependencies(/root/-px4-3d-path-planner/ros2_ws/install/global_planner/share/colcon-core/packages/global_planner)
[7.244s] DEBUG:colcon.colcon_parallel_executor.executor.parallel:closing loop
[7.246s] DEBUG:colcon.colcon_parallel_executor.executor.parallel:loop closed
[7.246s] DEBUG:colcon.colcon_parallel_executor.executor.parallel:run_until_complete finished with '0'
[7.246s] DEBUG:colcon.colcon_core.event_reactor:joining thread
[7.294s] INFO:colcon.colcon_core.plugin_system:Skipping extension 'colcon_notification.desktop_notification.terminal_notifier': Not used on non-Darwin systems
[7.295s] INFO:colcon.colcon_core.plugin_system:Skipping extension 'colcon_notification.desktop_notification.win32': Not used on non-Windows systems
[7.295s] INFO:colcon.colcon_notification.desktop_notification:Sending desktop notification using 'notify2'
[7.339s] DEBUG:colcon.colcon_core.event_reactor:joined thread
[7.340s] INFO:colcon.colcon_core.shell:Creating prefix script '/root/-px4-3d-path-planner/ros2_ws/install/local_setup.ps1'
[7.351s] INFO:colcon.colcon_core.shell:Creating prefix util module '/root/-px4-3d-path-planner/ros2_ws/install/_local_setup_util_ps1.py'
[7.354s] INFO:colcon.colcon_core.shell:Creating prefix chain script '/root/-px4-3d-path-planner/ros2_ws/install/setup.ps1'
[7.357s] INFO:colcon.colcon_core.shell:Creating prefix script '/root/-px4-3d-path-planner/ros2_ws/install/local_setup.sh'
[7.362s] INFO:colcon.colcon_core.shell:Creating prefix util module '/root/-px4-3d-path-planner/ros2_ws/install/_local_setup_util_sh.py'
[7.363s] INFO:colcon.colcon_core.shell:Creating prefix chain script '/root/-px4-3d-path-planner/ros2_ws/install/setup.sh'
[7.366s] INFO:colcon.colcon_core.shell:Creating prefix script '/root/-px4-3d-path-planner/ros2_ws/install/local_setup.bash'
[7.377s] INFO:colcon.colcon_core.shell:Creating prefix chain script '/root/-px4-3d-path-planner/ros2_ws/install/setup.bash'
[7.380s] INFO:colcon.colcon_core.shell:Creating prefix script '/root/-px4-3d-path-planner/ros2_ws/install/local_setup.zsh'
[7.385s] INFO:colcon.colcon_core.shell:Creating prefix chain script '/root/-px4-3d-path-planner/ros2_ws/install/setup.zsh'
