2026-05-10 21:38:43,425 INFO Set uid to user 0 succeeded
2026-05-10 21:38:43,461 INFO supervisord started with pid 7
2026-05-10 21:38:44,483 INFO spawned: 'vncserver' with pid 9
2026-05-10 21:38:44,487 INFO spawned: 'novnc' with pid 10
2026-05-10 21:38:45,578 INFO success: vncserver entered RUNNING state, process has stayed up for > than 1 seconds (startsecs)
2026-05-10 21:38:45,578 INFO success: novnc entered RUNNING state, process has stayed up for > than 1 seconds (startsecs)
2026-05-10 23:04:08,632 INFO Set uid to user 0 succeeded
2026-05-10 23:04:08,675 INFO supervisord started with pid 7
2026-05-10 23:04:09,708 INFO spawned: 'vncserver' with pid 9
2026-05-10 23:04:09,712 INFO spawned: 'novnc' with pid 10
2026-05-10 23:04:10,805 INFO success: vncserver entered RUNNING state, process has stayed up for > than 1 seconds (startsecs)
2026-05-10 23:04:10,805 INFO success: novnc entered RUNNING state, process has stayed up for > than 1 seconds (startsecs)
2026-05-11 10:40:01,884 INFO Set uid to user 0 succeeded
2026-05-11 10:40:01,964 INFO supervisord started with pid 7
2026-05-11 10:40:02,972 INFO spawned: 'vncserver' with pid 20
2026-05-11 10:40:02,986 INFO spawned: 'novnc' with pid 21
2026-05-11 10:40:04,141 INFO success: vncserver entered RUNNING state, process has stayed up for > than 1 seconds (startsecs)
2026-05-11 10:40:04,141 INFO success: novnc entered RUNNING state, process has stayed up for > than 1 seconds (startsecs)
2026-05-11 12:43:25,639 INFO Set uid to user 0 succeeded
2026-05-11 12:43:25,678 INFO supervisord started with pid 7
2026-05-11 12:43:26,694 INFO spawned: 'vncserver' with pid 9
2026-05-11 12:43:26,698 INFO spawned: 'novnc' with pid 10
2026-05-11 12:43:27,761 INFO success: vncserver entered RUNNING state, process has stayed up for > than 1 seconds (startsecs)
2026-05-11 12:43:27,761 INFO success: novnc entered RUNNING state, process has stayed up for > than 1 seconds (startsecs)
