[0.587s] DEBUG:colcon:Command line arguments: ['/usr/bin/colcon', 'build']
[0.587s] DEBUG:colcon:Parsed command line arguments: Namespace(log_base=None, log_level=None, verb_name='build', build_base='build', install_base='install', merge_install=False, symlink_install=False, test_result_base=None, continue_on_error=False, executor='parallel', parallel_workers=8, event_handlers=None, ignore_user_meta=False, metas=['./colcon.meta'], base_paths=['.'], packages_ignore=None, packages_ignore_regex=None, paths=None, packages_up_to=None, packages_up_to_regex=None, packages_above=None, packages_above_and_dependencies=None, packages_above_depth=None, packages_select_by_dep=None, packages_skip_by_dep=None, packages_skip_up_to=None, packages_select_build_failed=False, packages_skip_build_finished=False, packages_select_test_failures=False, packages_skip_test_passed=False, packages_select=None, packages_skip=None, packages_select_regex=None, packages_skip_regex=None, packages_start=None, packages_end=None, allow_overriding=[], cmake_args=None, cmake_target=None, cmake_target_skip_unavailable=False, cmake_clean_cache=False, cmake_clean_first=False, cmake_force_configure=False, ament_cmake_args=None, catkin_cmake_args=None, catkin_skip_building_tests=False, mixin_files=None, mixin=None, verb_parser=<colcon_mixin.mixin.mixin_argument.MixinArgumentDecorator object at 0x754e272bed80>, verb_extension=<colcon_core.verb.build.BuildVerb object at 0x754e27290a70>, main=<bound method BuildVerb.main of <colcon_core.verb.build.BuildVerb object at 0x754e27290a70>>, mixin_verb=('build',))
[1.217s] Level 1:colcon.colcon_core.package_discovery:discover_packages(colcon_meta) check parameters
[1.217s] Level 1:colcon.colcon_core.package_discovery:discover_packages(recursive) check parameters
[1.217s] Level 1:colcon.colcon_core.package_discovery:discover_packages(ignore) check parameters
[1.218s] Level 1:colcon.colcon_core.package_discovery:discover_packages(path) check parameters
[1.218s] Level 1:colcon.colcon_core.package_discovery:discover_packages(colcon_meta) discover
[1.218s] Level 1:colcon.colcon_core.package_discovery:discover_packages(recursive) discover
[1.218s] INFO:colcon.colcon_core.package_discovery:Crawling recursively for packages in '/root/-px4-3d-path-planner/ros2_ws'
[1.218s] Level 1:colcon.colcon_core.package_identification:_identify(.) by extensions ['ignore', 'ignore_ament_install']
[1.218s] Level 1:colcon.colcon_core.package_identification:_identify(.) by extension 'ignore'
[1.219s] Level 1:colcon.colcon_core.package_identification:_identify(.) by extension 'ignore_ament_install'
[1.219s] Level 1:colcon.colcon_core.package_identification:_identify(.) by extensions ['colcon_pkg']
[1.219s] Level 1:colcon.colcon_core.package_identification:_identify(.) by extension 'colcon_pkg'
[1.219s] Level 1:colcon.colcon_core.package_identification:_identify(.) by extensions ['colcon_meta']
[1.219s] Level 1:colcon.colcon_core.package_identification:_identify(.) by extension 'colcon_meta'
[1.219s] Level 1:colcon.colcon_core.package_identification:_identify(.) by extensions ['ros']
[1.219s] Level 1:colcon.colcon_core.package_identification:_identify(.) by extension 'ros'
[1.427s] Level 1:colcon.colcon_core.package_identification:_identify(.) by extensions ['cmake', 'python']
[1.427s] Level 1:colcon.colcon_core.package_identification:_identify(.) by extension 'cmake'
[1.428s] Level 1:colcon.colcon_core.package_identification:_identify(.) by extension 'python'
[1.428s] Level 1:colcon.colcon_core.package_identification:_identify(.) by extensions ['python_setup_py']
[1.428s] Level 1:colcon.colcon_core.package_identification:_identify(.) by extension 'python_setup_py'
[1.428s] Level 1:colcon.colcon_core.package_identification:_identify(build) by extensions ['ignore', 'ignore_ament_install']
[1.428s] Level 1:colcon.colcon_core.package_identification:_identify(build) by extension 'ignore'
[1.428s] Level 1:colcon.colcon_core.package_identification:_identify(build) ignored
[1.429s] Level 1:colcon.colcon_core.package_identification:_identify(install) by extensions ['ignore', 'ignore_ament_install']
[1.429s] Level 1:colcon.colcon_core.package_identification:_identify(install) by extension 'ignore'
[1.429s] Level 1:colcon.colcon_core.package_identification:_identify(install) ignored
[1.429s] Level 1:colcon.colcon_core.package_identification:_identify(log) by extensions ['ignore', 'ignore_ament_install']
[1.429s] Level 1:colcon.colcon_core.package_identification:_identify(log) by extension 'ignore'
[1.429s] Level 1:colcon.colcon_core.package_identification:_identify(log) ignored
[1.429s] Level 1:colcon.colcon_core.package_identification:_identify(src) by extensions ['ignore', 'ignore_ament_install']
[1.430s] Level 1:colcon.colcon_core.package_identification:_identify(src) by extension 'ignore'
[1.430s] Level 1:colcon.colcon_core.package_identification:_identify(src) by extension 'ignore_ament_install'
[1.430s] Level 1:colcon.colcon_core.package_identification:_identify(src) by extensions ['colcon_pkg']
[1.430s] Level 1:colcon.colcon_core.package_identification:_identify(src) by extension 'colcon_pkg'
[1.430s] Level 1:colcon.colcon_core.package_identification:_identify(src) by extensions ['colcon_meta']
[1.430s] Level 1:colcon.colcon_core.package_identification:_identify(src) by extension 'colcon_meta'
[1.430s] Level 1:colcon.colcon_core.package_identification:_identify(src) by extensions ['ros']
[1.430s] Level 1:colcon.colcon_core.package_identification:_identify(src) by extension 'ros'
[1.430s] Level 1:colcon.colcon_core.package_identification:_identify(src) by extensions ['cmake', 'python']
[1.431s] Level 1:colcon.colcon_core.package_identification:_identify(src) by extension 'cmake'
[1.431s] Level 1:colcon.colcon_core.package_identification:_identify(src) by extension 'python'
[1.431s] Level 1:colcon.colcon_core.package_identification:_identify(src) by extensions ['python_setup_py']
[1.431s] Level 1:colcon.colcon_core.package_identification:_identify(src) by extension 'python_setup_py'
[1.431s] Level 1:colcon.colcon_core.package_identification:_identify(src/build) by extensions ['ignore', 'ignore_ament_install']
[1.431s] Level 1:colcon.colcon_core.package_identification:_identify(src/build) by extension 'ignore'
[1.431s] Level 1:colcon.colcon_core.package_identification:_identify(src/build) ignored
[1.431s] Level 1:colcon.colcon_core.package_identification:_identify(src/global_planner) by extensions ['ignore', 'ignore_ament_install']
[1.432s] Level 1:colcon.colcon_core.package_identification:_identify(src/global_planner) by extension 'ignore'
[1.432s] Level 1:colcon.colcon_core.package_identification:_identify(src/global_planner) by extension 'ignore_ament_install'
[1.432s] Level 1:colcon.colcon_core.package_identification:_identify(src/global_planner) by extensions ['colcon_pkg']
[1.432s] Level 1:colcon.colcon_core.package_identification:_identify(src/global_planner) by extension 'colcon_pkg'
[1.432s] Level 1:colcon.colcon_core.package_identification:_identify(src/global_planner) by extensions ['colcon_meta']
[1.432s] Level 1:colcon.colcon_core.package_identification:_identify(src/global_planner) by extension 'colcon_meta'
[1.432s] Level 1:colcon.colcon_core.package_identification:_identify(src/global_planner) by extensions ['ros']
[1.432s] Level 1:colcon.colcon_core.package_identification:_identify(src/global_planner) by extension 'ros'
[1.438s] DEBUG:colcon.colcon_core.package_identification:Package 'src/global_planner' with type 'ros.ament_python' and name 'global_planner'
[1.438s] Level 1:colcon.colcon_core.package_identification:_identify(src/install) by extensions ['ignore', 'ignore_ament_install']
[1.438s] Level 1:colcon.colcon_core.package_identification:_identify(src/install) by extension 'ignore'
[1.438s] Level 1:colcon.colcon_core.package_identification:_identify(src/install) ignored
[1.438s] Level 1:colcon.colcon_core.package_identification:_identify(src/log) by extensions ['ignore', 'ignore_ament_install']
[1.439s] Level 1:colcon.colcon_core.package_identification:_identify(src/log) by extension 'ignore'
[1.439s] Level 1:colcon.colcon_core.package_identification:_identify(src/log) ignored
[1.439s] Level 1:colcon.colcon_core.package_identification:_identify(src/planner_msgs) by extensions ['ignore', 'ignore_ament_install']
[1.439s] Level 1:colcon.colcon_core.package_identification:_identify(src/planner_msgs) by extension 'ignore'
[1.439s] Level 1:colcon.colcon_core.package_identification:_identify(src/planner_msgs) by extension 'ignore_ament_install'
[1.439s] Level 1:colcon.colcon_core.package_identification:_identify(src/planner_msgs) by extensions ['colcon_pkg']
[1.439s] Level 1:colcon.colcon_core.package_identification:_identify(src/planner_msgs) by extension 'colcon_pkg'
[1.440s] Level 1:colcon.colcon_core.package_identification:_identify(src/planner_msgs) by extensions ['colcon_meta']
[1.440s] Level 1:colcon.colcon_core.package_identification:_identify(src/planner_msgs) by extension 'colcon_meta'
[1.440s] Level 1:colcon.colcon_core.package_identification:_identify(src/planner_msgs) by extensions ['ros']
[1.440s] Level 1:colcon.colcon_core.package_identification:_identify(src/planner_msgs) by extension 'ros'
[1.441s] DEBUG:colcon.colcon_core.package_identification:Package 'src/planner_msgs' with type 'ros.ament_cmake' and name 'planner_msgs'
[1.441s] Level 1:colcon.colcon_core.package_discovery:discover_packages(recursive) using defaults
[1.442s] Level 1:colcon.colcon_core.package_discovery:discover_packages(ignore) discover
[1.442s] Level 1:colcon.colcon_core.package_discovery:discover_packages(ignore) using defaults
[1.442s] Level 1:colcon.colcon_core.package_discovery:discover_packages(path) discover
[1.442s] Level 1:colcon.colcon_core.package_discovery:discover_packages(path) using defaults
[1.475s] Level 1:colcon.colcon_core.package_discovery:discover_packages(prefix_path) check parameters
[1.475s] Level 1:colcon.colcon_core.package_discovery:discover_packages(prefix_path) discover
[1.481s] DEBUG:colcon.colcon_installed_package_information.package_discovery:Found 331 installed packages in /opt/ros/jazzy
[1.482s] Level 1:colcon.colcon_core.package_discovery:discover_packages(prefix_path) using defaults
[1.534s] Level 5:colcon.colcon_core.verb:set package 'planner_msgs' build argument 'cmake_args' from command line to 'None'
[1.534s] Level 5:colcon.colcon_core.verb:set package 'planner_msgs' build argument 'cmake_target' from command line to 'None'
[1.534s] Level 5:colcon.colcon_core.verb:set package 'planner_msgs' build argument 'cmake_target_skip_unavailable' from command line to 'False'
[1.534s] Level 5:colcon.colcon_core.verb:set package 'planner_msgs' build argument 'cmake_clean_cache' from command line to 'False'
[1.534s] Level 5:colcon.colcon_core.verb:set package 'planner_msgs' build argument 'cmake_clean_first' from command line to 'False'
[1.534s] Level 5:colcon.colcon_core.verb:set package 'planner_msgs' build argument 'cmake_force_configure' from command line to 'False'
[1.534s] Level 5:colcon.colcon_core.verb:set package 'planner_msgs' build argument 'ament_cmake_args' from command line to 'None'
[1.534s] Level 5:colcon.colcon_core.verb:set package 'planner_msgs' build argument 'catkin_cmake_args' from command line to 'None'
[1.534s] Level 5:colcon.colcon_core.verb:set package 'planner_msgs' build argument 'catkin_skip_building_tests' from command line to 'False'
[1.534s] DEBUG:colcon.colcon_core.verb:Building package 'planner_msgs' with the following arguments: {'ament_cmake_args': None, 'build_base': '/root/-px4-3d-path-planner/ros2_ws/build/planner_msgs', 'catkin_cmake_args': None, 'catkin_skip_building_tests': False, 'cmake_args': None, 'cmake_clean_cache': False, 'cmake_clean_first': False, 'cmake_force_configure': False, 'cmake_target': None, 'cmake_target_skip_unavailable': False, 'install_base': '/root/-px4-3d-path-planner/ros2_ws/install/planner_msgs', 'merge_install': False, 'path': '/root/-px4-3d-path-planner/ros2_ws/src/planner_msgs', 'symlink_install': False, 'test_result_base': None}
[1.535s] Level 5:colcon.colcon_core.verb:set package 'global_planner' build argument 'cmake_args' from command line to 'None'
[1.535s] Level 5:colcon.colcon_core.verb:set package 'global_planner' build argument 'cmake_target' from command line to 'None'
[1.535s] Level 5:colcon.colcon_core.verb:set package 'global_planner' build argument 'cmake_target_skip_unavailable' from command line to 'False'
[1.535s] Level 5:colcon.colcon_core.verb:set package 'global_planner' build argument 'cmake_clean_cache' from command line to 'False'
[1.535s] Level 5:colcon.colcon_core.verb:set package 'global_planner' build argument 'cmake_clean_first' from command line to 'False'
[1.535s] Level 5:colcon.colcon_core.verb:set package 'global_planner' build argument 'cmake_force_configure' from command line to 'False'
[1.535s] Level 5:colcon.colcon_core.verb:set package 'global_planner' build argument 'ament_cmake_args' from command line to 'None'
[1.535s] Level 5:colcon.colcon_core.verb:set package 'global_planner' build argument 'catkin_cmake_args' from command line to 'None'
[1.535s] Level 5:colcon.colcon_core.verb:set package 'global_planner' build argument 'catkin_skip_building_tests' from command line to 'False'
[1.535s] DEBUG:colcon.colcon_core.verb:Building package 'global_planner' with the following arguments: {'ament_cmake_args': None, 'build_base': '/root/-px4-3d-path-planner/ros2_ws/build/global_planner', 'catkin_cmake_args': None, 'catkin_skip_building_tests': False, 'cmake_args': None, 'cmake_clean_cache': False, 'cmake_clean_first': False, 'cmake_force_configure': False, 'cmake_target': None, 'cmake_target_skip_unavailable': False, 'install_base': '/root/-px4-3d-path-planner/ros2_ws/install/global_planner', 'merge_install': False, 'path': '/root/-px4-3d-path-planner/ros2_ws/src/global_planner', 'symlink_install': False, 'test_result_base': None}
[1.535s] INFO:colcon.colcon_core.executor:Executing jobs using 'parallel' executor
[1.536s] DEBUG:colcon.colcon_parallel_executor.executor.parallel:run_until_complete
[1.536s] INFO:colcon.colcon_ros.task.ament_cmake.build:Building ROS package in '/root/-px4-3d-path-planner/ros2_ws/src/planner_msgs' with build type 'ament_cmake'
[1.536s] INFO:colcon.colcon_cmake.task.cmake.build:Building CMake package in '/root/-px4-3d-path-planner/ros2_ws/src/planner_msgs'
[1.539s] INFO:colcon.colcon_core.plugin_system:Skipping extension 'colcon_core.shell.bat': Not used on non-Windows systems
[1.539s] INFO:colcon.colcon_core.shell:Skip shell extension 'powershell' for command environment: Not usable outside of PowerShell
[1.539s] DEBUG:colcon.colcon_core.shell:Skip shell extension 'dsv' for command environment
[1.550s] DEBUG:colcon.colcon_core.event_handler.log_command:Invoking command in '/root/-px4-3d-path-planner/ros2_ws/build/planner_msgs': CMAKE_PREFIX_PATH=${CMAKE_PREFIX_PATH}:/opt/ros/jazzy /usr/bin/cmake /root/-px4-3d-path-planner/ros2_ws/src/planner_msgs -DCMAKE_INSTALL_PREFIX=/root/-px4-3d-path-planner/ros2_ws/install/planner_msgs
[12.577s] DEBUG:colcon.colcon_core.event_handler.log_command:Invoked command in '/root/-px4-3d-path-planner/ros2_ws/build/planner_msgs' returned '0': CMAKE_PREFIX_PATH=${CMAKE_PREFIX_PATH}:/opt/ros/jazzy /usr/bin/cmake /root/-px4-3d-path-planner/ros2_ws/src/planner_msgs -DCMAKE_INSTALL_PREFIX=/root/-px4-3d-path-planner/ros2_ws/install/planner_msgs
[12.578s] DEBUG:colcon.colcon_core.event_handler.log_command:Invoking command in '/root/-px4-3d-path-planner/ros2_ws/build/planner_msgs': CMAKE_PREFIX_PATH=${CMAKE_PREFIX_PATH}:/opt/ros/jazzy /usr/bin/cmake --build /root/-px4-3d-path-planner/ros2_ws/build/planner_msgs -- -j8 -l8
[19.601s] DEBUG:colcon.colcon_core.event_handler.log_command:Invoked command in '/root/-px4-3d-path-planner/ros2_ws/build/planner_msgs' returned '0': CMAKE_PREFIX_PATH=${CMAKE_PREFIX_PATH}:/opt/ros/jazzy /usr/bin/cmake --build /root/-px4-3d-path-planner/ros2_ws/build/planner_msgs -- -j8 -l8
[19.622s] DEBUG:colcon.colcon_core.event_handler.log_command:Invoking command in '/root/-px4-3d-path-planner/ros2_ws/build/planner_msgs': CMAKE_PREFIX_PATH=${CMAKE_PREFIX_PATH}:/opt/ros/jazzy /usr/bin/cmake --install /root/-px4-3d-path-planner/ros2_ws/build/planner_msgs
[19.780s] Level 1:colcon.colcon_core.environment:create_environment_scripts_only(planner_msgs)
[19.781s] DEBUG:colcon.colcon_core.event_handler.log_command:Invoked command in '/root/-px4-3d-path-planner/ros2_ws/build/planner_msgs' returned '0': CMAKE_PREFIX_PATH=${CMAKE_PREFIX_PATH}:/opt/ros/jazzy /usr/bin/cmake --install /root/-px4-3d-path-planner/ros2_ws/build/planner_msgs
[19.786s] Level 1:colcon.colcon_core.environment:checking '/root/-px4-3d-path-planner/ros2_ws/install/planner_msgs' for CMake module files
[19.787s] Level 1:colcon.colcon_core.environment:checking '/root/-px4-3d-path-planner/ros2_ws/install/planner_msgs' for CMake config files
[19.789s] Level 1:colcon.colcon_core.shell:create_environment_hook('planner_msgs', 'cmake_prefix_path')
[19.789s] INFO:colcon.colcon_core.shell:Creating environment hook '/root/-px4-3d-path-planner/ros2_ws/install/planner_msgs/share/planner_msgs/hook/cmake_prefix_path.ps1'
[19.790s] INFO:colcon.colcon_core.shell:Creating environment descriptor '/root/-px4-3d-path-planner/ros2_ws/install/planner_msgs/share/planner_msgs/hook/cmake_prefix_path.dsv'
[19.791s] INFO:colcon.colcon_core.shell:Creating environment hook '/root/-px4-3d-path-planner/ros2_ws/install/planner_msgs/share/planner_msgs/hook/cmake_prefix_path.sh'
[19.793s] Level 1:colcon.colcon_core.environment:checking '/root/-px4-3d-path-planner/ros2_ws/install/planner_msgs/lib'
[19.793s] Level 1:colcon.colcon_core.shell:create_environment_hook('planner_msgs', 'ld_library_path_lib')
[19.793s] INFO:colcon.colcon_core.shell:Creating environment hook '/root/-px4-3d-path-planner/ros2_ws/install/planner_msgs/share/planner_msgs/hook/ld_library_path_lib.ps1'
[19.794s] INFO:colcon.colcon_core.shell:Creating environment descriptor '/root/-px4-3d-path-planner/ros2_ws/install/planner_msgs/share/planner_msgs/hook/ld_library_path_lib.dsv'
[19.795s] INFO:colcon.colcon_core.shell:Creating environment hook '/root/-px4-3d-path-planner/ros2_ws/install/planner_msgs/share/planner_msgs/hook/ld_library_path_lib.sh'
[19.796s] Level 1:colcon.colcon_core.environment:checking '/root/-px4-3d-path-planner/ros2_ws/install/planner_msgs/bin'
[19.796s] Level 1:colcon.colcon_core.environment:checking '/root/-px4-3d-path-planner/ros2_ws/install/planner_msgs/lib/pkgconfig/planner_msgs.pc'
[19.796s] Level 1:colcon.colcon_core.environment:checking '/root/-px4-3d-path-planner/ros2_ws/install/planner_msgs/lib/python3.12/site-packages'
[19.796s] Level 1:colcon.colcon_core.shell:create_environment_hook('planner_msgs', 'pythonpath')
[19.797s] INFO:colcon.colcon_core.shell:Creating environment hook '/root/-px4-3d-path-planner/ros2_ws/install/planner_msgs/share/planner_msgs/hook/pythonpath.ps1'
[19.797s] INFO:colcon.colcon_core.shell:Creating environment descriptor '/root/-px4-3d-path-planner/ros2_ws/install/planner_msgs/share/planner_msgs/hook/pythonpath.dsv'
[19.798s] INFO:colcon.colcon_core.shell:Creating environment hook '/root/-px4-3d-path-planner/ros2_ws/install/planner_msgs/share/planner_msgs/hook/pythonpath.sh'
[19.800s] Level 1:colcon.colcon_core.environment:checking '/root/-px4-3d-path-planner/ros2_ws/install/planner_msgs/bin'
[19.800s] INFO:colcon.colcon_core.shell:Creating package script '/root/-px4-3d-path-planner/ros2_ws/install/planner_msgs/share/planner_msgs/package.ps1'
[19.803s] INFO:colcon.colcon_core.shell:Creating package descriptor '/root/-px4-3d-path-planner/ros2_ws/install/planner_msgs/share/planner_msgs/package.dsv'
[19.804s] INFO:colcon.colcon_core.shell:Creating package script '/root/-px4-3d-path-planner/ros2_ws/install/planner_msgs/share/planner_msgs/package.sh'
[19.805s] INFO:colcon.colcon_core.shell:Creating package script '/root/-px4-3d-path-planner/ros2_ws/install/planner_msgs/share/planner_msgs/package.bash'
[19.806s] INFO:colcon.colcon_core.shell:Creating package script '/root/-px4-3d-path-planner/ros2_ws/install/planner_msgs/share/planner_msgs/package.zsh'
[19.808s] Level 1:colcon.colcon_core.environment:create_file_with_runtime_dependencies(/root/-px4-3d-path-planner/ros2_ws/install/planner_msgs/share/colcon-core/packages/planner_msgs)
[19.809s] Level 1:colcon.colcon_core.environment:create_environment_scripts_only(planner_msgs)
[19.809s] Level 1:colcon.colcon_core.environment:checking '/root/-px4-3d-path-planner/ros2_ws/install/planner_msgs' for CMake module files
[19.810s] Level 1:colcon.colcon_core.environment:checking '/root/-px4-3d-path-planner/ros2_ws/install/planner_msgs' for CMake config files
[19.812s] Level 1:colcon.colcon_core.shell:create_environment_hook('planner_msgs', 'cmake_prefix_path')
[19.812s] INFO:colcon.colcon_core.shell:Creating environment hook '/root/-px4-3d-path-planner/ros2_ws/install/planner_msgs/share/planner_msgs/hook/cmake_prefix_path.ps1'
[19.813s] INFO:colcon.colcon_core.shell:Creating environment descriptor '/root/-px4-3d-path-planner/ros2_ws/install/planner_msgs/share/planner_msgs/hook/cmake_prefix_path.dsv'
[19.814s] INFO:colcon.colcon_core.shell:Creating environment hook '/root/-px4-3d-path-planner/ros2_ws/install/planner_msgs/share/planner_msgs/hook/cmake_prefix_path.sh'
[19.815s] Level 1:colcon.colcon_core.environment:checking '/root/-px4-3d-path-planner/ros2_ws/install/planner_msgs/lib'
[19.815s] Level 1:colcon.colcon_core.shell:create_environment_hook('planner_msgs', 'ld_library_path_lib')
[19.815s] INFO:colcon.colcon_core.shell:Creating environment hook '/root/-px4-3d-path-planner/ros2_ws/install/planner_msgs/share/planner_msgs/hook/ld_library_path_lib.ps1'
[19.816s] INFO:colcon.colcon_core.shell:Creating environment descriptor '/root/-px4-3d-path-planner/ros2_ws/install/planner_msgs/share/planner_msgs/hook/ld_library_path_lib.dsv'
[19.817s] INFO:colcon.colcon_core.shell:Creating environment hook '/root/-px4-3d-path-planner/ros2_ws/install/planner_msgs/share/planner_msgs/hook/ld_library_path_lib.sh'
[19.818s] Level 1:colcon.colcon_core.environment:checking '/root/-px4-3d-path-planner/ros2_ws/install/planner_msgs/bin'
[19.818s] Level 1:colcon.colcon_core.environment:checking '/root/-px4-3d-path-planner/ros2_ws/install/planner_msgs/lib/pkgconfig/planner_msgs.pc'
[19.818s] Level 1:colcon.colcon_core.environment:checking '/root/-px4-3d-path-planner/ros2_ws/install/planner_msgs/lib/python3.12/site-packages'
[19.819s] Level 1:colcon.colcon_core.shell:create_environment_hook('planner_msgs', 'pythonpath')
[19.819s] INFO:colcon.colcon_core.shell:Creating environment hook '/root/-px4-3d-path-planner/ros2_ws/install/planner_msgs/share/planner_msgs/hook/pythonpath.ps1'
[19.820s] INFO:colcon.colcon_core.shell:Creating environment descriptor '/root/-px4-3d-path-planner/ros2_ws/install/planner_msgs/share/planner_msgs/hook/pythonpath.dsv'
[19.821s] INFO:colcon.colcon_core.shell:Creating environment hook '/root/-px4-3d-path-planner/ros2_ws/install/planner_msgs/share/planner_msgs/hook/pythonpath.sh'
[19.822s] Level 1:colcon.colcon_core.environment:checking '/root/-px4-3d-path-planner/ros2_ws/install/planner_msgs/bin'
[19.823s] INFO:colcon.colcon_core.shell:Creating package script '/root/-px4-3d-path-planner/ros2_ws/install/planner_msgs/share/planner_msgs/package.ps1'
[19.824s] INFO:colcon.colcon_core.shell:Creating package descriptor '/root/-px4-3d-path-planner/ros2_ws/install/planner_msgs/share/planner_msgs/package.dsv'
[19.825s] INFO:colcon.colcon_core.shell:Creating package script '/root/-px4-3d-path-planner/ros2_ws/install/planner_msgs/share/planner_msgs/package.sh'
[19.826s] INFO:colcon.colcon_core.shell:Creating package script '/root/-px4-3d-path-planner/ros2_ws/install/planner_msgs/share/planner_msgs/package.bash'
[19.827s] INFO:colcon.colcon_core.shell:Creating package script '/root/-px4-3d-path-planner/ros2_ws/install/planner_msgs/share/planner_msgs/package.zsh'
[19.828s] Level 1:colcon.colcon_core.environment:create_file_with_runtime_dependencies(/root/-px4-3d-path-planner/ros2_ws/install/planner_msgs/share/colcon-core/packages/planner_msgs)
[19.829s] INFO:colcon.colcon_ros.task.ament_python.build:Building ROS package in '/root/-px4-3d-path-planner/ros2_ws/src/global_planner' with build type 'ament_python'
[19.829s] Level 1:colcon.colcon_core.shell:create_environment_hook('global_planner', 'ament_prefix_path')
[19.829s] INFO:colcon.colcon_core.shell:Creating environment hook '/root/-px4-3d-path-planner/ros2_ws/install/global_planner/share/global_planner/hook/ament_prefix_path.ps1'
[19.831s] INFO:colcon.colcon_core.shell:Creating environment descriptor '/root/-px4-3d-path-planner/ros2_ws/install/global_planner/share/global_planner/hook/ament_prefix_path.dsv'
[19.832s] INFO:colcon.colcon_core.shell:Creating environment hook '/root/-px4-3d-path-planner/ros2_ws/install/global_planner/share/global_planner/hook/ament_prefix_path.sh'
[19.833s] INFO:colcon.colcon_core.shell:Skip shell extension 'powershell' for command environment: Not usable outside of PowerShell
[19.833s] DEBUG:colcon.colcon_core.shell:Skip shell extension 'dsv' for command environment
[20.116s] INFO:colcon.colcon_core.task.python.build:Building Python package in '/root/-px4-3d-path-planner/ros2_ws/src/global_planner'
[20.116s] INFO:colcon.colcon_core.shell:Skip shell extension 'powershell' for command environment: Not usable outside of PowerShell
[20.116s] DEBUG:colcon.colcon_core.shell:Skip shell extension 'dsv' for command environment
[21.073s] DEBUG:colcon.colcon_core.event_handler.log_command:Invoking command in '/root/-px4-3d-path-planner/ros2_ws/src/global_planner': AMENT_PREFIX_PATH=/root/-px4-3d-path-planner/ros2_ws/install/planner_msgs:${AMENT_PREFIX_PATH} CMAKE_PREFIX_PATH=/root/-px4-3d-path-planner/ros2_ws/install/planner_msgs:${CMAKE_PREFIX_PATH} LD_LIBRARY_PATH=/root/-px4-3d-path-planner/ros2_ws/install/planner_msgs/lib:${LD_LIBRARY_PATH} PYTHONPATH=/root/-px4-3d-path-planner/ros2_ws/build/global_planner/prefix_override:/usr/lib/python3/dist-packages/colcon_core/task/python/colcon_distutils_commands:/root/-px4-3d-path-planner/ros2_ws/install/global_planner/lib/python3.12/site-packages:/root/-px4-3d-path-planner/ros2_ws/install/planner_msgs/lib/python3.12/site-packages:${PYTHONPATH} /usr/bin/python3 -W ignore:setup.py install is deprecated -W ignore:easy_install command is deprecated setup.py egg_info --egg-base ../../build/global_planner build --build-base /root/-px4-3d-path-planner/ros2_ws/build/global_planner/build install --record /root/-px4-3d-path-planner/ros2_ws/build/global_planner/install.log --single-version-externally-managed install_data
[21.772s] Level 1:colcon.colcon_core.environment:checking '/root/-px4-3d-path-planner/ros2_ws/install/global_planner' for CMake module files
[21.773s] DEBUG:colcon.colcon_core.event_handler.log_command:Invoked command in '/root/-px4-3d-path-planner/ros2_ws/src/global_planner' returned '0': AMENT_PREFIX_PATH=/root/-px4-3d-path-planner/ros2_ws/install/planner_msgs:${AMENT_PREFIX_PATH} CMAKE_PREFIX_PATH=/root/-px4-3d-path-planner/ros2_ws/install/planner_msgs:${CMAKE_PREFIX_PATH} LD_LIBRARY_PATH=/root/-px4-3d-path-planner/ros2_ws/install/planner_msgs/lib:${LD_LIBRARY_PATH} PYTHONPATH=/root/-px4-3d-path-planner/ros2_ws/build/global_planner/prefix_override:/usr/lib/python3/dist-packages/colcon_core/task/python/colcon_distutils_commands:/root/-px4-3d-path-planner/ros2_ws/install/global_planner/lib/python3.12/site-packages:/root/-px4-3d-path-planner/ros2_ws/install/planner_msgs/lib/python3.12/site-packages:${PYTHONPATH} /usr/bin/python3 -W ignore:setup.py install is deprecated -W ignore:easy_install command is deprecated setup.py egg_info --egg-base ../../build/global_planner build --build-base /root/-px4-3d-path-planner/ros2_ws/build/global_planner/build install --record /root/-px4-3d-path-planner/ros2_ws/build/global_planner/install.log --single-version-externally-managed install_data
[21.774s] Level 1:colcon.colcon_core.environment:checking '/root/-px4-3d-path-planner/ros2_ws/install/global_planner' for CMake config files
[21.775s] Level 1:colcon.colcon_core.environment:checking '/root/-px4-3d-path-planner/ros2_ws/install/global_planner/lib'
[21.775s] Level 1:colcon.colcon_core.environment:checking '/root/-px4-3d-path-planner/ros2_ws/install/global_planner/bin'
[21.775s] Level 1:colcon.colcon_core.environment:checking '/root/-px4-3d-path-planner/ros2_ws/install/global_planner/lib/pkgconfig/global_planner.pc'
[21.776s] Level 1:colcon.colcon_core.environment:checking '/root/-px4-3d-path-planner/ros2_ws/install/global_planner/lib/python3.12/site-packages'
[21.776s] Level 1:colcon.colcon_core.shell:create_environment_hook('global_planner', 'pythonpath')
[21.776s] INFO:colcon.colcon_core.shell:Creating environment hook '/root/-px4-3d-path-planner/ros2_ws/install/global_planner/share/global_planner/hook/pythonpath.ps1'
[21.777s] INFO:colcon.colcon_core.shell:Creating environment descriptor '/root/-px4-3d-path-planner/ros2_ws/install/global_planner/share/global_planner/hook/pythonpath.dsv'
[21.778s] INFO:colcon.colcon_core.shell:Creating environment hook '/root/-px4-3d-path-planner/ros2_ws/install/global_planner/share/global_planner/hook/pythonpath.sh'
[21.779s] Level 1:colcon.colcon_core.environment:checking '/root/-px4-3d-path-planner/ros2_ws/install/global_planner/bin'
[21.779s] Level 1:colcon.colcon_core.environment:create_environment_scripts_only(global_planner)
[21.780s] INFO:colcon.colcon_core.shell:Creating package script '/root/-px4-3d-path-planner/ros2_ws/install/global_planner/share/global_planner/package.ps1'
[21.781s] INFO:colcon.colcon_core.shell:Creating package descriptor '/root/-px4-3d-path-planner/ros2_ws/install/global_planner/share/global_planner/package.dsv'
[21.782s] INFO:colcon.colcon_core.shell:Creating package script '/root/-px4-3d-path-planner/ros2_ws/install/global_planner/share/global_planner/package.sh'
[21.783s] INFO:colcon.colcon_core.shell:Creating package script '/root/-px4-3d-path-planner/ros2_ws/install/global_planner/share/global_planner/package.bash'
[21.783s] INFO:colcon.colcon_core.shell:Creating package script '/root/-px4-3d-path-planner/ros2_ws/install/global_planner/share/global_planner/package.zsh'
[21.784s] Level 1:colcon.colcon_core.environment:create_file_with_runtime_dependencies(/root/-px4-3d-path-planner/ros2_ws/install/global_planner/share/colcon-core/packages/global_planner)
[21.784s] DEBUG:colcon.colcon_parallel_executor.executor.parallel:closing loop
[21.785s] DEBUG:colcon.colcon_parallel_executor.executor.parallel:loop closed
[21.785s] DEBUG:colcon.colcon_parallel_executor.executor.parallel:run_until_complete finished with '0'
[21.785s] DEBUG:colcon.colcon_core.event_reactor:joining thread
[21.800s] INFO:colcon.colcon_core.plugin_system:Skipping extension 'colcon_notification.desktop_notification.terminal_notifier': Not used on non-Darwin systems
[21.800s] INFO:colcon.colcon_core.plugin_system:Skipping extension 'colcon_notification.desktop_notification.win32': Not used on non-Windows systems
[21.800s] INFO:colcon.colcon_notification.desktop_notification:Sending desktop notification using 'notify2'
[21.952s] DEBUG:colcon.colcon_core.event_reactor:joined thread
[21.953s] INFO:colcon.colcon_core.shell:Creating prefix script '/root/-px4-3d-path-planner/ros2_ws/install/local_setup.ps1'
[21.955s] INFO:colcon.colcon_core.shell:Creating prefix util module '/root/-px4-3d-path-planner/ros2_ws/install/_local_setup_util_ps1.py'
[21.957s] INFO:colcon.colcon_core.shell:Creating prefix chain script '/root/-px4-3d-path-planner/ros2_ws/install/setup.ps1'
[21.959s] INFO:colcon.colcon_core.shell:Creating prefix script '/root/-px4-3d-path-planner/ros2_ws/install/local_setup.sh'
[21.960s] INFO:colcon.colcon_core.shell:Creating prefix util module '/root/-px4-3d-path-planner/ros2_ws/install/_local_setup_util_sh.py'
[21.961s] INFO:colcon.colcon_core.shell:Creating prefix chain script '/root/-px4-3d-path-planner/ros2_ws/install/setup.sh'
[21.963s] INFO:colcon.colcon_core.shell:Creating prefix script '/root/-px4-3d-path-planner/ros2_ws/install/local_setup.bash'
[21.964s] INFO:colcon.colcon_core.shell:Creating prefix chain script '/root/-px4-3d-path-planner/ros2_ws/install/setup.bash'
[21.966s] INFO:colcon.colcon_core.shell:Creating prefix script '/root/-px4-3d-path-planner/ros2_ws/install/local_setup.zsh'
[21.967s] INFO:colcon.colcon_core.shell:Creating prefix chain script '/root/-px4-3d-path-planner/ros2_ws/install/setup.zsh'
