[0.014s] Invoking command in '/home/seg/lecture7/-px4-3d-path-planner/ros2_ws/src/planner_msgs/build/planner_msgs': CMAKE_PREFIX_PATH=${CMAKE_PREFIX_PATH}:/opt/ros/jazzy DEBUGINFOD_URLS=https://debuginfod.ubuntu.com /usr/bin/cmake /home/seg/lecture7/-px4-3d-path-planner/ros2_ws/src/planner_msgs -DCMAKE_INSTALL_PREFIX=/home/seg/lecture7/-px4-3d-path-planner/ros2_ws/src/planner_msgs/install/planner_msgs
[0.027s] -- Found ament_cmake: 2.5.6 (/opt/ros/jazzy/share/ament_cmake/cmake)
[0.333s] -- Found builtin_interfaces: 2.0.3 (/opt/ros/jazzy/share/builtin_interfaces/cmake)
[0.361s] -- Found rosidl_generator_c: 4.6.7 (/opt/ros/jazzy/share/rosidl_generator_c/cmake)
[0.371s] -- Found rosidl_generator_cpp: 4.6.7 (/opt/ros/jazzy/share/rosidl_generator_cpp/cmake)
[0.383s] -- Using all available rosidl_typesupport_c: rosidl_typesupport_fastrtps_c;rosidl_typesupport_introspection_c
[0.398s] -- Using all available rosidl_typesupport_cpp: rosidl_typesupport_fastrtps_cpp;rosidl_typesupport_introspection_cpp
[0.411s] -- Found rosidl_default_generators: 1.6.0 (/opt/ros/jazzy/share/rosidl_default_generators/cmake)
[0.424s] -- Found rosidl_adapter: 4.6.7 (/opt/ros/jazzy/share/rosidl_adapter/cmake)
[0.424s] -- Found geometry_msgs: 5.3.7 (/opt/ros/jazzy/share/geometry_msgs/cmake)
[0.459s] -- Found nav_msgs: 5.3.7 (/opt/ros/jazzy/share/nav_msgs/cmake)
[0.924s] [31mCMake Error at /opt/ros/jazzy/share/rosidl_cmake/cmake/rosidl_generate_interfaces.cmake:223 (message):
[0.924s]   Packages installing interfaces must include
[0.924s]   '<member_of_group>rosidl_interface_packages</member_of_group>' in their
[0.924s]   package.xml
[0.924s] Call Stack (most recent call first):
[0.924s]   CMakeLists.txt:18 (rosidl_generate_interfaces)
[0.924s] 
[0.924s] [0m
[0.924s] -- Configuring incomplete, errors occurred!
[0.933s] Invoked command in '/home/seg/lecture7/-px4-3d-path-planner/ros2_ws/src/planner_msgs/build/planner_msgs' returned '1': CMAKE_PREFIX_PATH=${CMAKE_PREFIX_PATH}:/opt/ros/jazzy DEBUGINFOD_URLS=https://debuginfod.ubuntu.com /usr/bin/cmake /home/seg/lecture7/-px4-3d-path-planner/ros2_ws/src/planner_msgs -DCMAKE_INSTALL_PREFIX=/home/seg/lecture7/-px4-3d-path-planner/ros2_ws/src/planner_msgs/install/planner_msgs
