[0.107s] DEBUG:colcon:Command line arguments: ['/usr/bin/colcon', 'build', '--packages-select', 'global_planner']
[0.107s] DEBUG:colcon:Parsed command line arguments: Namespace(log_base=None, log_level=None, verb_name='build', build_base='build', install_base='install', merge_install=False, symlink_install=False, test_result_base=None, continue_on_error=False, executor='parallel', parallel_workers=8, event_handlers=None, ignore_user_meta=False, metas=['./colcon.meta'], base_paths=['.'], packages_ignore=None, packages_ignore_regex=None, paths=None, packages_up_to=None, packages_up_to_regex=None, packages_above=None, packages_above_and_dependencies=None, packages_above_depth=None, packages_select_by_dep=None, packages_skip_by_dep=None, packages_skip_up_to=None, packages_select_build_failed=False, packages_skip_build_finished=False, packages_select_test_failures=False, packages_skip_test_passed=False, packages_select=['global_planner'], packages_skip=None, packages_select_regex=None, packages_skip_regex=None, packages_start=None, packages_end=None, cmake_args=None, cmake_target=None, cmake_target_skip_unavailable=False, cmake_clean_cache=False, cmake_clean_first=False, cmake_force_configure=False, ament_cmake_args=None, catkin_cmake_args=None, catkin_skip_building_tests=False, verb_parser=<colcon_defaults.argument_parser.defaults.DefaultArgumentsDecorator object at 0x74b7f63fe6f0>, verb_extension=<colcon_core.verb.build.BuildVerb object at 0x74b7f63a1be0>, main=<bound method BuildVerb.main of <colcon_core.verb.build.BuildVerb object at 0x74b7f63a1be0>>)
[0.149s] Level 1:colcon.colcon_core.package_discovery:discover_packages(colcon_meta) check parameters
[0.149s] Level 1:colcon.colcon_core.package_discovery:discover_packages(recursive) check parameters
[0.149s] Level 1:colcon.colcon_core.package_discovery:discover_packages(ignore) check parameters
[0.149s] Level 1:colcon.colcon_core.package_discovery:discover_packages(path) check parameters
[0.149s] Level 1:colcon.colcon_core.package_discovery:discover_packages(colcon_meta) discover
[0.149s] Level 1:colcon.colcon_core.package_discovery:discover_packages(recursive) discover
[0.149s] INFO:colcon.colcon_core.package_discovery:Crawling recursively for packages in '/home/seg/lecture7/-px4-3d-path-planner/ros2_ws/src'
[0.149s] Level 1:colcon.colcon_core.package_identification:_identify(.) by extensions ['ignore', 'ignore_ament_install']
[0.149s] Level 1:colcon.colcon_core.package_identification:_identify(.) by extension 'ignore'
[0.149s] Level 1:colcon.colcon_core.package_identification:_identify(.) by extension 'ignore_ament_install'
[0.149s] Level 1:colcon.colcon_core.package_identification:_identify(.) by extensions ['colcon_pkg']
[0.149s] Level 1:colcon.colcon_core.package_identification:_identify(.) by extension 'colcon_pkg'
[0.149s] Level 1:colcon.colcon_core.package_identification:_identify(.) by extensions ['colcon_meta']
[0.149s] Level 1:colcon.colcon_core.package_identification:_identify(.) by extension 'colcon_meta'
[0.150s] Level 1:colcon.colcon_core.package_identification:_identify(.) by extensions ['ros']
[0.150s] Level 1:colcon.colcon_core.package_identification:_identify(.) by extension 'ros'
[0.177s] Level 1:colcon.colcon_core.package_identification:_identify(.) by extensions ['cmake', 'python']
[0.177s] Level 1:colcon.colcon_core.package_identification:_identify(.) by extension 'cmake'
[0.177s] Level 1:colcon.colcon_core.package_identification:_identify(.) by extension 'python'
[0.177s] Level 1:colcon.colcon_core.package_identification:_identify(.) by extensions ['python_setup_py']
[0.177s] Level 1:colcon.colcon_core.package_identification:_identify(.) by extension 'python_setup_py'
[0.177s] Level 1:colcon.colcon_core.package_identification:_identify(build) by extensions ['ignore', 'ignore_ament_install']
[0.177s] Level 1:colcon.colcon_core.package_identification:_identify(build) by extension 'ignore'
[0.177s] Level 1:colcon.colcon_core.package_identification:_identify(build) ignored
[0.178s] Level 1:colcon.colcon_core.package_identification:_identify(global_planner) by extensions ['ignore', 'ignore_ament_install']
[0.178s] Level 1:colcon.colcon_core.package_identification:_identify(global_planner) by extension 'ignore'
[0.178s] Level 1:colcon.colcon_core.package_identification:_identify(global_planner) by extension 'ignore_ament_install'
[0.178s] Level 1:colcon.colcon_core.package_identification:_identify(global_planner) by extensions ['colcon_pkg']
[0.178s] Level 1:colcon.colcon_core.package_identification:_identify(global_planner) by extension 'colcon_pkg'
[0.178s] Level 1:colcon.colcon_core.package_identification:_identify(global_planner) by extensions ['colcon_meta']
[0.178s] Level 1:colcon.colcon_core.package_identification:_identify(global_planner) by extension 'colcon_meta'
[0.178s] Level 1:colcon.colcon_core.package_identification:_identify(global_planner) by extensions ['ros']
[0.178s] Level 1:colcon.colcon_core.package_identification:_identify(global_planner) by extension 'ros'
[0.181s] DEBUG:colcon.colcon_core.package_identification:Package 'global_planner' with type 'ros.ament_python' and name 'global_planner'
[0.181s] Level 1:colcon.colcon_core.package_identification:_identify(install) by extensions ['ignore', 'ignore_ament_install']
[0.181s] Level 1:colcon.colcon_core.package_identification:_identify(install) by extension 'ignore'
[0.181s] Level 1:colcon.colcon_core.package_identification:_identify(install) ignored
[0.181s] Level 1:colcon.colcon_core.package_identification:_identify(log) by extensions ['ignore', 'ignore_ament_install']
[0.181s] Level 1:colcon.colcon_core.package_identification:_identify(log) by extension 'ignore'
[0.181s] Level 1:colcon.colcon_core.package_identification:_identify(log) ignored
[0.181s] Level 1:colcon.colcon_core.package_identification:_identify(planner_msgs) by extensions ['ignore', 'ignore_ament_install']
[0.181s] Level 1:colcon.colcon_core.package_identification:_identify(planner_msgs) by extension 'ignore'
[0.181s] Level 1:colcon.colcon_core.package_identification:_identify(planner_msgs) by extension 'ignore_ament_install'
[0.181s] Level 1:colcon.colcon_core.package_identification:_identify(planner_msgs) by extensions ['colcon_pkg']
[0.181s] Level 1:colcon.colcon_core.package_identification:_identify(planner_msgs) by extension 'colcon_pkg'
[0.181s] Level 1:colcon.colcon_core.package_identification:_identify(planner_msgs) by extensions ['colcon_meta']
[0.181s] Level 1:colcon.colcon_core.package_identification:_identify(planner_msgs) by extension 'colcon_meta'
[0.181s] Level 1:colcon.colcon_core.package_identification:_identify(planner_msgs) by extensions ['ros']
[0.181s] Level 1:colcon.colcon_core.package_identification:_identify(planner_msgs) by extension 'ros'
[0.182s] DEBUG:colcon.colcon_core.package_identification:Package 'planner_msgs' with type 'ros.ament_cmake' and name 'planner_msgs'
[0.182s] Level 1:colcon.colcon_core.package_discovery:discover_packages(recursive) using defaults
[0.182s] Level 1:colcon.colcon_core.package_discovery:discover_packages(ignore) discover
[0.182s] Level 1:colcon.colcon_core.package_discovery:discover_packages(ignore) using defaults
[0.182s] Level 1:colcon.colcon_core.package_discovery:discover_packages(path) discover
[0.182s] Level 1:colcon.colcon_core.package_discovery:discover_packages(path) using defaults
[0.201s] INFO:colcon.colcon_core.package_selection:Skipping not selected package 'planner_msgs' in 'planner_msgs'
[0.202s] Level 5:colcon.colcon_core.verb:set package 'global_planner' build argument 'cmake_args' from command line to 'None'
[0.202s] Level 5:colcon.colcon_core.verb:set package 'global_planner' build argument 'cmake_target' from command line to 'None'
[0.202s] Level 5:colcon.colcon_core.verb:set package 'global_planner' build argument 'cmake_target_skip_unavailable' from command line to 'False'
[0.202s] Level 5:colcon.colcon_core.verb:set package 'global_planner' build argument 'cmake_clean_cache' from command line to 'False'
[0.202s] Level 5:colcon.colcon_core.verb:set package 'global_planner' build argument 'cmake_clean_first' from command line to 'False'
[0.202s] Level 5:colcon.colcon_core.verb:set package 'global_planner' build argument 'cmake_force_configure' from command line to 'False'
[0.202s] Level 5:colcon.colcon_core.verb:set package 'global_planner' build argument 'ament_cmake_args' from command line to 'None'
[0.202s] Level 5:colcon.colcon_core.verb:set package 'global_planner' build argument 'catkin_cmake_args' from command line to 'None'
[0.202s] Level 5:colcon.colcon_core.verb:set package 'global_planner' build argument 'catkin_skip_building_tests' from command line to 'False'
[0.202s] DEBUG:colcon.colcon_core.verb:Building package 'global_planner' with the following arguments: {'ament_cmake_args': None, 'build_base': '/home/seg/lecture7/-px4-3d-path-planner/ros2_ws/src/build/global_planner', 'catkin_cmake_args': None, 'catkin_skip_building_tests': False, 'cmake_args': None, 'cmake_clean_cache': False, 'cmake_clean_first': False, 'cmake_force_configure': False, 'cmake_target': None, 'cmake_target_skip_unavailable': False, 'install_base': '/home/seg/lecture7/-px4-3d-path-planner/ros2_ws/src/install/global_planner', 'merge_install': False, 'path': '/home/seg/lecture7/-px4-3d-path-planner/ros2_ws/src/global_planner', 'symlink_install': False, 'test_result_base': None}
[0.202s] INFO:colcon.colcon_core.executor:Executing jobs using 'parallel' executor
[0.204s] DEBUG:colcon.colcon_parallel_executor.executor.parallel:run_until_complete
[0.204s] INFO:colcon.colcon_ros.task.ament_python.build:Building ROS package in '/home/seg/lecture7/-px4-3d-path-planner/ros2_ws/src/global_planner' with build type 'ament_python'
[0.204s] Level 1:colcon.colcon_core.shell:create_environment_hook('global_planner', 'ament_prefix_path')
[0.206s] INFO:colcon.colcon_core.plugin_system:Skipping extension 'colcon_core.shell.bat': Not used on non-Windows systems
[0.207s] INFO:colcon.colcon_core.shell:Creating environment descriptor '/home/seg/lecture7/-px4-3d-path-planner/ros2_ws/src/install/global_planner/share/global_planner/hook/ament_prefix_path.dsv'
[0.207s] INFO:colcon.colcon_core.shell:Creating environment hook '/home/seg/lecture7/-px4-3d-path-planner/ros2_ws/src/install/global_planner/share/global_planner/hook/ament_prefix_path.sh'
[0.208s] DEBUG:colcon.colcon_core.shell:Skip shell extension 'dsv' for command environment
[0.499s] INFO:colcon.colcon_core.task.python.build:Building Python package in '/home/seg/lecture7/-px4-3d-path-planner/ros2_ws/src/global_planner'
[0.500s] DEBUG:colcon.colcon_core.shell:Skip shell extension 'dsv' for command environment
[3.757s] DEBUG:colcon.colcon_core.event_handler.log_command:Invoking command in '/home/seg/lecture7/-px4-3d-path-planner/ros2_ws/src/global_planner': AMENT_PREFIX_PATH=/home/seg/lecture7/-px4-3d-path-planner/ros2_ws/src/install/planner_msgs:${AMENT_PREFIX_PATH} CMAKE_PREFIX_PATH=/home/seg/lecture7/-px4-3d-path-planner/ros2_ws/src/install/planner_msgs:${CMAKE_PREFIX_PATH} DEBUGINFOD_URLS=https://debuginfod.ubuntu.com LD_LIBRARY_PATH=/home/seg/lecture7/-px4-3d-path-planner/ros2_ws/src/install/planner_msgs/lib:${LD_LIBRARY_PATH} PYTHONPATH=/home/seg/lecture7/-px4-3d-path-planner/ros2_ws/src/build/global_planner/prefix_override:/usr/lib/python3/dist-packages/colcon_core/task/python/colcon_distutils_commands:/home/seg/lecture7/-px4-3d-path-planner/ros2_ws/src/install/global_planner/lib/python3.12/site-packages:/home/seg/lecture7/-px4-3d-path-planner/ros2_ws/src/install/planner_msgs/lib/python3.12/site-packages:${PYTHONPATH} /usr/bin/python3 -W ignore:setup.py install is deprecated -W ignore:easy_install command is deprecated setup.py egg_info --egg-base ../build/global_planner build --build-base /home/seg/lecture7/-px4-3d-path-planner/ros2_ws/src/build/global_planner/build install --record /home/seg/lecture7/-px4-3d-path-planner/ros2_ws/src/build/global_planner/install.log --single-version-externally-managed install_data
[4.295s] DEBUG:colcon.colcon_core.event_handler.log_command:Invoked command in '/home/seg/lecture7/-px4-3d-path-planner/ros2_ws/src/global_planner' returned '0': AMENT_PREFIX_PATH=/home/seg/lecture7/-px4-3d-path-planner/ros2_ws/src/install/planner_msgs:${AMENT_PREFIX_PATH} CMAKE_PREFIX_PATH=/home/seg/lecture7/-px4-3d-path-planner/ros2_ws/src/install/planner_msgs:${CMAKE_PREFIX_PATH} DEBUGINFOD_URLS=https://debuginfod.ubuntu.com LD_LIBRARY_PATH=/home/seg/lecture7/-px4-3d-path-planner/ros2_ws/src/install/planner_msgs/lib:${LD_LIBRARY_PATH} PYTHONPATH=/home/seg/lecture7/-px4-3d-path-planner/ros2_ws/src/build/global_planner/prefix_override:/usr/lib/python3/dist-packages/colcon_core/task/python/colcon_distutils_commands:/home/seg/lecture7/-px4-3d-path-planner/ros2_ws/src/install/global_planner/lib/python3.12/site-packages:/home/seg/lecture7/-px4-3d-path-planner/ros2_ws/src/install/planner_msgs/lib/python3.12/site-packages:${PYTHONPATH} /usr/bin/python3 -W ignore:setup.py install is deprecated -W ignore:easy_install command is deprecated setup.py egg_info --egg-base ../build/global_planner build --build-base /home/seg/lecture7/-px4-3d-path-planner/ros2_ws/src/build/global_planner/build install --record /home/seg/lecture7/-px4-3d-path-planner/ros2_ws/src/build/global_planner/install.log --single-version-externally-managed install_data
[4.299s] Level 1:colcon.colcon_core.environment:checking '/home/seg/lecture7/-px4-3d-path-planner/ros2_ws/src/install/global_planner' for CMake module files
[4.300s] Level 1:colcon.colcon_core.environment:checking '/home/seg/lecture7/-px4-3d-path-planner/ros2_ws/src/install/global_planner' for CMake config files
[4.301s] Level 1:colcon.colcon_core.environment:checking '/home/seg/lecture7/-px4-3d-path-planner/ros2_ws/src/install/global_planner/lib'
[4.302s] Level 1:colcon.colcon_core.environment:checking '/home/seg/lecture7/-px4-3d-path-planner/ros2_ws/src/install/global_planner/bin'
[4.302s] Level 1:colcon.colcon_core.environment:checking '/home/seg/lecture7/-px4-3d-path-planner/ros2_ws/src/install/global_planner/lib/pkgconfig/global_planner.pc'
[4.303s] Level 1:colcon.colcon_core.environment:checking '/home/seg/lecture7/-px4-3d-path-planner/ros2_ws/src/install/global_planner/lib/python3.12/site-packages'
[4.303s] Level 1:colcon.colcon_core.shell:create_environment_hook('global_planner', 'pythonpath')
[4.303s] INFO:colcon.colcon_core.shell:Creating environment descriptor '/home/seg/lecture7/-px4-3d-path-planner/ros2_ws/src/install/global_planner/share/global_planner/hook/pythonpath.dsv'
[4.304s] INFO:colcon.colcon_core.shell:Creating environment hook '/home/seg/lecture7/-px4-3d-path-planner/ros2_ws/src/install/global_planner/share/global_planner/hook/pythonpath.sh'
[4.305s] Level 1:colcon.colcon_core.environment:checking '/home/seg/lecture7/-px4-3d-path-planner/ros2_ws/src/install/global_planner/bin'
[4.305s] Level 1:colcon.colcon_core.environment:create_environment_scripts_only(global_planner)
[4.305s] INFO:colcon.colcon_core.shell:Creating package descriptor '/home/seg/lecture7/-px4-3d-path-planner/ros2_ws/src/install/global_planner/share/global_planner/package.dsv'
[4.306s] INFO:colcon.colcon_core.shell:Creating package script '/home/seg/lecture7/-px4-3d-path-planner/ros2_ws/src/install/global_planner/share/global_planner/package.sh'
[4.307s] INFO:colcon.colcon_core.shell:Creating package script '/home/seg/lecture7/-px4-3d-path-planner/ros2_ws/src/install/global_planner/share/global_planner/package.bash'
[4.308s] INFO:colcon.colcon_core.shell:Creating package script '/home/seg/lecture7/-px4-3d-path-planner/ros2_ws/src/install/global_planner/share/global_planner/package.zsh'
[4.309s] Level 1:colcon.colcon_core.environment:create_file_with_runtime_dependencies(/home/seg/lecture7/-px4-3d-path-planner/ros2_ws/src/install/global_planner/share/colcon-core/packages/global_planner)
[4.309s] DEBUG:colcon.colcon_parallel_executor.executor.parallel:closing loop
[4.310s] DEBUG:colcon.colcon_parallel_executor.executor.parallel:loop closed
[4.310s] DEBUG:colcon.colcon_parallel_executor.executor.parallel:run_until_complete finished with '0'
[4.310s] DEBUG:colcon.colcon_core.event_reactor:joining thread
[4.312s] DEBUG:colcon.colcon_core.event_reactor:joined thread
[4.312s] INFO:colcon.colcon_core.shell:Creating prefix script '/home/seg/lecture7/-px4-3d-path-planner/ros2_ws/src/install/local_setup.sh'
[4.314s] INFO:colcon.colcon_core.shell:Creating prefix util module '/home/seg/lecture7/-px4-3d-path-planner/ros2_ws/src/install/_local_setup_util_sh.py'
[4.315s] INFO:colcon.colcon_core.shell:Creating prefix chain script '/home/seg/lecture7/-px4-3d-path-planner/ros2_ws/src/install/setup.sh'
[4.317s] INFO:colcon.colcon_core.shell:Creating prefix script '/home/seg/lecture7/-px4-3d-path-planner/ros2_ws/src/install/local_setup.bash'
[4.318s] INFO:colcon.colcon_core.shell:Creating prefix chain script '/home/seg/lecture7/-px4-3d-path-planner/ros2_ws/src/install/setup.bash'
[4.319s] INFO:colcon.colcon_core.shell:Creating prefix script '/home/seg/lecture7/-px4-3d-path-planner/ros2_ws/src/install/local_setup.zsh'
[4.320s] INFO:colcon.colcon_core.shell:Creating prefix chain script '/home/seg/lecture7/-px4-3d-path-planner/ros2_ws/src/install/setup.zsh'
