[0.113s] Invoking command in '/root/-px4-3d-path-planner/ros2_ws/build/planner_msgs': CMAKE_PREFIX_PATH=${CMAKE_PREFIX_PATH}:/opt/ros/jazzy /usr/bin/cmake --build /root/-px4-3d-path-planner/ros2_ws/build/planner_msgs -- -j8 -l8
[0.913s] [  1%] Built target planner_msgs__rosidl_generator_type_description
[0.951s] [  3%] Built target planner_msgs__rs
[1.015s] [  5%] Built target planner_msgs__cpp
[1.089s] [  5%] Built target ament_cmake_python_copy_planner_msgs
[1.226s] [ 25%] Built target planner_msgs__rosidl_generator_c
[1.386s] [ 34%] Built target planner_msgs__rosidl_typesupport_c
[1.397s] [ 43%] Built target planner_msgs__rosidl_typesupport_introspection_c
[1.404s] [ 52%] Built target planner_msgs__rosidl_typesupport_fastrtps_c
[1.410s] [ 61%] Built target planner_msgs__rosidl_typesupport_cpp
[1.411s] [ 70%] Built target planner_msgs__rosidl_typesupport_fastrtps_cpp
[1.414s] [ 80%] Built target planner_msgs__rosidl_typesupport_introspection_cpp
[1.459s] [ 80%] Built target planner_msgs
[1.468s] running egg_info
[1.527s] [ 81%] Built target planner_msgs__py
[1.684s] [ 89%] Built target planner_msgs__rosidl_generator_py
[1.777s] [ 92%] Built target planner_msgs_s__rosidl_typesupport_c
[1.777s] [ 96%] Built target planner_msgs_s__rosidl_typesupport_fastrtps_c
[1.803s] [100%] Built target planner_msgs_s__rosidl_typesupport_introspection_c
[3.202s] writing planner_msgs.egg-info/PKG-INFO
[3.202s] writing dependency_links to planner_msgs.egg-info/dependency_links.txt
[3.203s] writing top-level names to planner_msgs.egg-info/top_level.txt
[3.294s] reading manifest file 'planner_msgs.egg-info/SOURCES.txt'
[3.295s] writing manifest file 'planner_msgs.egg-info/SOURCES.txt'
[3.330s] [100%] Built target ament_cmake_python_build_planner_msgs_egg
[3.357s] Invoked command in '/root/-px4-3d-path-planner/ros2_ws/build/planner_msgs' returned '0': CMAKE_PREFIX_PATH=${CMAKE_PREFIX_PATH}:/opt/ros/jazzy /usr/bin/cmake --build /root/-px4-3d-path-planner/ros2_ws/build/planner_msgs -- -j8 -l8
[3.395s] Invoking command in '/root/-px4-3d-path-planner/ros2_ws/build/planner_msgs': CMAKE_PREFIX_PATH=${CMAKE_PREFIX_PATH}:/opt/ros/jazzy /usr/bin/cmake --install /root/-px4-3d-path-planner/ros2_ws/build/planner_msgs
[3.416s] -- Install configuration: ""
[3.418s] -- Up-to-date: /root/-px4-3d-path-planner/ros2_ws/install/planner_msgs/share/ament_index/resource_index/rosidl_interfaces/planner_msgs
[3.419s] -- Up-to-date: /root/-px4-3d-path-planner/ros2_ws/install/planner_msgs/share/planner_msgs/msg/NoFlyZone.json
[3.419s] -- Up-to-date: /root/-px4-3d-path-planner/ros2_ws/install/planner_msgs/share/planner_msgs/msg/NoFlyZoneArray.json
[3.420s] -- Up-to-date: /root/-px4-3d-path-planner/ros2_ws/install/planner_msgs/share/planner_msgs/srv/PlanPath.json
[3.448s] -- Up-to-date: /root/-px4-3d-path-planner/ros2_ws/install/planner_msgs/include/planner_msgs/planner_msgs
[3.450s] -- Up-to-date: /root/-px4-3d-path-planner/ros2_ws/install/planner_msgs/include/planner_msgs/planner_msgs/srv
[3.451s] -- Up-to-date: /root/-px4-3d-path-planner/ros2_ws/install/planner_msgs/include/planner_msgs/planner_msgs/srv/detail
[3.452s] -- Up-to-date: /root/-px4-3d-path-planner/ros2_ws/install/planner_msgs/include/planner_msgs/planner_msgs/srv/detail/plan_path__functions.h
[3.452s] -- Up-to-date: /root/-px4-3d-path-planner/ros2_ws/install/planner_msgs/include/planner_msgs/planner_msgs/srv/detail/plan_path__description.c
[3.452s] -- Installing: /root/-px4-3d-path-planner/ros2_ws/install/planner_msgs/include/planner_msgs/planner_msgs/srv/detail/plan_path__type_support.c
[3.453s] -- Up-to-date: /root/-px4-3d-path-planner/ros2_ws/install/planner_msgs/include/planner_msgs/planner_msgs/srv/detail/plan_path__struct.h
[3.453s] -- Up-to-date: /root/-px4-3d-path-planner/ros2_ws/install/planner_msgs/include/planner_msgs/planner_msgs/srv/detail/plan_path__functions.c
[3.453s] -- Up-to-date: /root/-px4-3d-path-planner/ros2_ws/install/planner_msgs/include/planner_msgs/planner_msgs/srv/detail/plan_path__type_support.h
[3.454s] -- Up-to-date: /root/-px4-3d-path-planner/ros2_ws/install/planner_msgs/include/planner_msgs/planner_msgs/srv/plan_path.h
[3.454s] -- Up-to-date: /root/-px4-3d-path-planner/ros2_ws/install/planner_msgs/include/planner_msgs/planner_msgs/msg
[3.454s] -- Up-to-date: /root/-px4-3d-path-planner/ros2_ws/install/planner_msgs/include/planner_msgs/planner_msgs/msg/detail
[3.454s] -- Installing: /root/-px4-3d-path-planner/ros2_ws/install/planner_msgs/include/planner_msgs/planner_msgs/msg/detail/no_fly_zone__type_support.c
[3.455s] -- Installing: /root/-px4-3d-path-planner/ros2_ws/install/planner_msgs/include/planner_msgs/planner_msgs/msg/detail/no_fly_zone_array__type_support.c
[3.456s] -- Up-to-date: /root/-px4-3d-path-planner/ros2_ws/install/planner_msgs/include/planner_msgs/planner_msgs/msg/detail/no_fly_zone__description.c
[3.456s] -- Up-to-date: /root/-px4-3d-path-planner/ros2_ws/install/planner_msgs/include/planner_msgs/planner_msgs/msg/detail/no_fly_zone__type_support.h
[3.457s] -- Up-to-date: /root/-px4-3d-path-planner/ros2_ws/install/planner_msgs/include/planner_msgs/planner_msgs/msg/detail/no_fly_zone_array__functions.h
[3.457s] -- Up-to-date: /root/-px4-3d-path-planner/ros2_ws/install/planner_msgs/include/planner_msgs/planner_msgs/msg/detail/no_fly_zone__functions.c
[3.457s] -- Up-to-date: /root/-px4-3d-path-planner/ros2_ws/install/planner_msgs/include/planner_msgs/planner_msgs/msg/detail/no_fly_zone_array__functions.c
[3.457s] -- Up-to-date: /root/-px4-3d-path-planner/ros2_ws/install/planner_msgs/include/planner_msgs/planner_msgs/msg/detail/no_fly_zone_array__description.c
[3.458s] -- Up-to-date: /root/-px4-3d-path-planner/ros2_ws/install/planner_msgs/include/planner_msgs/planner_msgs/msg/detail/no_fly_zone_array__type_support.h
[3.458s] -- Up-to-date: /root/-px4-3d-path-planner/ros2_ws/install/planner_msgs/include/planner_msgs/planner_msgs/msg/detail/no_fly_zone_array__struct.h
[3.458s] -- Up-to-date: /root/-px4-3d-path-planner/ros2_ws/install/planner_msgs/include/planner_msgs/planner_msgs/msg/detail/no_fly_zone__functions.h
[3.458s] -- Up-to-date: /root/-px4-3d-path-planner/ros2_ws/install/planner_msgs/include/planner_msgs/planner_msgs/msg/detail/no_fly_zone__struct.h
[3.458s] -- Up-to-date: /root/-px4-3d-path-planner/ros2_ws/install/planner_msgs/include/planner_msgs/planner_msgs/msg/no_fly_zone_array.h
[3.459s] -- Up-to-date: /root/-px4-3d-path-planner/ros2_ws/install/planner_msgs/include/planner_msgs/planner_msgs/msg/rosidl_generator_c__visibility_control.h
[3.459s] -- Up-to-date: /root/-px4-3d-path-planner/ros2_ws/install/planner_msgs/include/planner_msgs/planner_msgs/msg/no_fly_zone.h
[3.459s] -- Up-to-date: /root/-px4-3d-path-planner/ros2_ws/install/planner_msgs/share/planner_msgs/environment/library_path.sh
[3.459s] -- Up-to-date: /root/-px4-3d-path-planner/ros2_ws/install/planner_msgs/share/planner_msgs/environment/library_path.dsv
[3.459s] -- Up-to-date: /root/-px4-3d-path-planner/ros2_ws/install/planner_msgs/lib/libplanner_msgs__rosidl_generator_c.so
[3.460s] -- Up-to-date: /root/-px4-3d-path-planner/ros2_ws/install/planner_msgs/include/planner_msgs/planner_msgs
[3.460s] -- Up-to-date: /root/-px4-3d-path-planner/ros2_ws/install/planner_msgs/include/planner_msgs/planner_msgs/srv
[3.460s] -- Up-to-date: /root/-px4-3d-path-planner/ros2_ws/install/planner_msgs/include/planner_msgs/planner_msgs/srv/detail
[3.460s] -- Up-to-date: /root/-px4-3d-path-planner/ros2_ws/install/planner_msgs/include/planner_msgs/planner_msgs/srv/detail/plan_path__rosidl_typesupport_fastrtps_c.h
[3.460s] -- Up-to-date: /root/-px4-3d-path-planner/ros2_ws/install/planner_msgs/include/planner_msgs/planner_msgs/msg
[3.461s] -- Up-to-date: /root/-px4-3d-path-planner/ros2_ws/install/planner_msgs/include/planner_msgs/planner_msgs/msg/detail
[3.461s] -- Up-to-date: /root/-px4-3d-path-planner/ros2_ws/install/planner_msgs/include/planner_msgs/planner_msgs/msg/detail/no_fly_zone__rosidl_typesupport_fastrtps_c.h
[3.461s] -- Up-to-date: /root/-px4-3d-path-planner/ros2_ws/install/planner_msgs/include/planner_msgs/planner_msgs/msg/detail/no_fly_zone_array__rosidl_typesupport_fastrtps_c.h
[3.461s] -- Up-to-date: /root/-px4-3d-path-planner/ros2_ws/install/planner_msgs/include/planner_msgs/planner_msgs/msg/rosidl_typesupport_fastrtps_c__visibility_control.h
[3.462s] -- Up-to-date: /root/-px4-3d-path-planner/ros2_ws/install/planner_msgs/lib/libplanner_msgs__rosidl_typesupport_fastrtps_c.so
[3.462s] -- Up-to-date: /root/-px4-3d-path-planner/ros2_ws/install/planner_msgs/include/planner_msgs/planner_msgs
[3.462s] -- Up-to-date: /root/-px4-3d-path-planner/ros2_ws/install/planner_msgs/include/planner_msgs/planner_msgs/srv
[3.462s] -- Up-to-date: /root/-px4-3d-path-planner/ros2_ws/install/planner_msgs/include/planner_msgs/planner_msgs/srv/detail
[3.462s] -- Up-to-date: /root/-px4-3d-path-planner/ros2_ws/install/planner_msgs/include/planner_msgs/planner_msgs/srv/detail/plan_path__struct.hpp
[3.462s] -- Up-to-date: /root/-px4-3d-path-planner/ros2_ws/install/planner_msgs/include/planner_msgs/planner_msgs/srv/detail/plan_path__traits.hpp
[3.463s] -- Up-to-date: /root/-px4-3d-path-planner/ros2_ws/install/planner_msgs/include/planner_msgs/planner_msgs/srv/detail/plan_path__builder.hpp
[3.463s] -- Up-to-date: /root/-px4-3d-path-planner/ros2_ws/install/planner_msgs/include/planner_msgs/planner_msgs/srv/detail/plan_path__type_support.hpp
[3.463s] -- Up-to-date: /root/-px4-3d-path-planner/ros2_ws/install/planner_msgs/include/planner_msgs/planner_msgs/srv/plan_path.hpp
[3.463s] -- Up-to-date: /root/-px4-3d-path-planner/ros2_ws/install/planner_msgs/include/planner_msgs/planner_msgs/msg
[3.464s] -- Up-to-date: /root/-px4-3d-path-planner/ros2_ws/install/planner_msgs/include/planner_msgs/planner_msgs/msg/no_fly_zone_array.hpp
[3.464s] -- Up-to-date: /root/-px4-3d-path-planner/ros2_ws/install/planner_msgs/include/planner_msgs/planner_msgs/msg/detail
[3.464s] -- Up-to-date: /root/-px4-3d-path-planner/ros2_ws/install/planner_msgs/include/planner_msgs/planner_msgs/msg/detail/no_fly_zone_array__type_support.hpp
[3.464s] -- Up-to-date: /root/-px4-3d-path-planner/ros2_ws/install/planner_msgs/include/planner_msgs/planner_msgs/msg/detail/no_fly_zone_array__struct.hpp
[3.464s] -- Up-to-date: /root/-px4-3d-path-planner/ros2_ws/install/planner_msgs/include/planner_msgs/planner_msgs/msg/detail/no_fly_zone__traits.hpp
[3.464s] -- Up-to-date: /root/-px4-3d-path-planner/ros2_ws/install/planner_msgs/include/planner_msgs/planner_msgs/msg/detail/no_fly_zone__struct.hpp
[3.464s] -- Up-to-date: /root/-px4-3d-path-planner/ros2_ws/install/planner_msgs/include/planner_msgs/planner_msgs/msg/detail/no_fly_zone__builder.hpp
[3.465s] -- Up-to-date: /root/-px4-3d-path-planner/ros2_ws/install/planner_msgs/include/planner_msgs/planner_msgs/msg/detail/no_fly_zone_array__builder.hpp
[3.465s] -- Up-to-date: /root/-px4-3d-path-planner/ros2_ws/install/planner_msgs/include/planner_msgs/planner_msgs/msg/detail/no_fly_zone_array__traits.hpp
[3.465s] -- Up-to-date: /root/-px4-3d-path-planner/ros2_ws/install/planner_msgs/include/planner_msgs/planner_msgs/msg/detail/no_fly_zone__type_support.hpp
[3.465s] -- Up-to-date: /root/-px4-3d-path-planner/ros2_ws/install/planner_msgs/include/planner_msgs/planner_msgs/msg/rosidl_generator_cpp__visibility_control.hpp
[3.465s] -- Up-to-date: /root/-px4-3d-path-planner/ros2_ws/install/planner_msgs/include/planner_msgs/planner_msgs/msg/no_fly_zone.hpp
[3.465s] -- Up-to-date: /root/-px4-3d-path-planner/ros2_ws/install/planner_msgs/include/planner_msgs/planner_msgs
[3.466s] -- Up-to-date: /root/-px4-3d-path-planner/ros2_ws/install/planner_msgs/include/planner_msgs/planner_msgs/srv
[3.466s] -- Up-to-date: /root/-px4-3d-path-planner/ros2_ws/install/planner_msgs/include/planner_msgs/planner_msgs/srv/detail
[3.466s] -- Up-to-date: /root/-px4-3d-path-planner/ros2_ws/install/planner_msgs/include/planner_msgs/planner_msgs/srv/detail/dds_fastrtps
[3.466s] -- Up-to-date: /root/-px4-3d-path-planner/ros2_ws/install/planner_msgs/include/planner_msgs/planner_msgs/srv/detail/plan_path__rosidl_typesupport_fastrtps_cpp.hpp
[3.466s] -- Up-to-date: /root/-px4-3d-path-planner/ros2_ws/install/planner_msgs/include/planner_msgs/planner_msgs/msg
[3.466s] -- Up-to-date: /root/-px4-3d-path-planner/ros2_ws/install/planner_msgs/include/planner_msgs/planner_msgs/msg/detail
[3.467s] -- Up-to-date: /root/-px4-3d-path-planner/ros2_ws/install/planner_msgs/include/planner_msgs/planner_msgs/msg/detail/dds_fastrtps
[3.467s] -- Up-to-date: /root/-px4-3d-path-planner/ros2_ws/install/planner_msgs/include/planner_msgs/planner_msgs/msg/detail/no_fly_zone__rosidl_typesupport_fastrtps_cpp.hpp
[3.467s] -- Up-to-date: /root/-px4-3d-path-planner/ros2_ws/install/planner_msgs/include/planner_msgs/planner_msgs/msg/detail/no_fly_zone_array__rosidl_typesupport_fastrtps_cpp.hpp
[3.467s] -- Up-to-date: /root/-px4-3d-path-planner/ros2_ws/install/planner_msgs/include/planner_msgs/planner_msgs/msg/rosidl_typesupport_fastrtps_cpp__visibility_control.h
[3.498s] -- Up-to-date: /root/-px4-3d-path-planner/ros2_ws/install/planner_msgs/lib/libplanner_msgs__rosidl_typesupport_fastrtps_cpp.so
[3.498s] -- Up-to-date: /root/-px4-3d-path-planner/ros2_ws/install/planner_msgs/include/planner_msgs/planner_msgs
[3.498s] -- Up-to-date: /root/-px4-3d-path-planner/ros2_ws/install/planner_msgs/include/planner_msgs/planner_msgs/srv
[3.498s] -- Up-to-date: /root/-px4-3d-path-planner/ros2_ws/install/planner_msgs/include/planner_msgs/planner_msgs/srv/detail
[3.498s] -- Up-to-date: /root/-px4-3d-path-planner/ros2_ws/install/planner_msgs/include/planner_msgs/planner_msgs/srv/detail/plan_path__rosidl_typesupport_introspection_c.h
[3.499s] -- Installing: /root/-px4-3d-path-planner/ros2_ws/install/planner_msgs/include/planner_msgs/planner_msgs/srv/detail/plan_path__type_support.c
[3.506s] -- Up-to-date: /root/-px4-3d-path-planner/ros2_ws/install/planner_msgs/include/planner_msgs/planner_msgs/msg
[3.507s] -- Up-to-date: /root/-px4-3d-path-planner/ros2_ws/install/planner_msgs/include/planner_msgs/planner_msgs/msg/rosidl_typesupport_introspection_c__visibility_control.h
[3.507s] -- Up-to-date: /root/-px4-3d-path-planner/ros2_ws/install/planner_msgs/include/planner_msgs/planner_msgs/msg/detail
[3.507s] -- Installing: /root/-px4-3d-path-planner/ros2_ws/install/planner_msgs/include/planner_msgs/planner_msgs/msg/detail/no_fly_zone__type_support.c
[3.525s] -- Installing: /root/-px4-3d-path-planner/ros2_ws/install/planner_msgs/include/planner_msgs/planner_msgs/msg/detail/no_fly_zone_array__type_support.c
[3.530s] -- Up-to-date: /root/-px4-3d-path-planner/ros2_ws/install/planner_msgs/include/planner_msgs/planner_msgs/msg/detail/no_fly_zone__rosidl_typesupport_introspection_c.h
[3.531s] -- Up-to-date: /root/-px4-3d-path-planner/ros2_ws/install/planner_msgs/include/planner_msgs/planner_msgs/msg/detail/no_fly_zone_array__rosidl_typesupport_introspection_c.h
[3.531s] -- Up-to-date: /root/-px4-3d-path-planner/ros2_ws/install/planner_msgs/lib/libplanner_msgs__rosidl_typesupport_introspection_c.so
[3.531s] -- Up-to-date: /root/-px4-3d-path-planner/ros2_ws/install/planner_msgs/lib/libplanner_msgs__rosidl_typesupport_c.so
[3.532s] -- Up-to-date: /root/-px4-3d-path-planner/ros2_ws/install/planner_msgs/include/planner_msgs/planner_msgs
[3.532s] -- Up-to-date: /root/-px4-3d-path-planner/ros2_ws/install/planner_msgs/include/planner_msgs/planner_msgs/srv
[3.532s] -- Up-to-date: /root/-px4-3d-path-planner/ros2_ws/install/planner_msgs/include/planner_msgs/planner_msgs/srv/detail
[3.532s] -- Up-to-date: /root/-px4-3d-path-planner/ros2_ws/install/planner_msgs/include/planner_msgs/planner_msgs/srv/detail/plan_path__type_support.cpp
[3.533s] -- Up-to-date: /root/-px4-3d-path-planner/ros2_ws/install/planner_msgs/include/planner_msgs/planner_msgs/srv/detail/plan_path__rosidl_typesupport_introspection_cpp.hpp
[3.533s] -- Up-to-date: /root/-px4-3d-path-planner/ros2_ws/install/planner_msgs/include/planner_msgs/planner_msgs/msg
[3.533s] -- Up-to-date: /root/-px4-3d-path-planner/ros2_ws/install/planner_msgs/include/planner_msgs/planner_msgs/msg/detail
[3.533s] -- Up-to-date: /root/-px4-3d-path-planner/ros2_ws/install/planner_msgs/include/planner_msgs/planner_msgs/msg/detail/no_fly_zone__type_support.cpp
[3.534s] -- Up-to-date: /root/-px4-3d-path-planner/ros2_ws/install/planner_msgs/include/planner_msgs/planner_msgs/msg/detail/no_fly_zone_array__rosidl_typesupport_introspection_cpp.hpp
[3.534s] -- Up-to-date: /root/-px4-3d-path-planner/ros2_ws/install/planner_msgs/include/planner_msgs/planner_msgs/msg/detail/no_fly_zone__rosidl_typesupport_introspection_cpp.hpp
[3.534s] -- Up-to-date: /root/-px4-3d-path-planner/ros2_ws/install/planner_msgs/include/planner_msgs/planner_msgs/msg/detail/no_fly_zone_array__type_support.cpp
[3.567s] -- Up-to-date: /root/-px4-3d-path-planner/ros2_ws/install/planner_msgs/lib/libplanner_msgs__rosidl_typesupport_introspection_cpp.so
[3.598s] -- Up-to-date: /root/-px4-3d-path-planner/ros2_ws/install/planner_msgs/lib/libplanner_msgs__rosidl_typesupport_cpp.so
[3.599s] -- Up-to-date: /root/-px4-3d-path-planner/ros2_ws/install/planner_msgs/share/planner_msgs/environment/pythonpath.sh
[3.599s] -- Up-to-date: /root/-px4-3d-path-planner/ros2_ws/install/planner_msgs/share/planner_msgs/environment/pythonpath.dsv
[3.599s] -- Up-to-date: /root/-px4-3d-path-planner/ros2_ws/install/planner_msgs/lib/python3.12/site-packages/planner_msgs-0.0.0-py3.12.egg-info
[3.600s] -- Installing: /root/-px4-3d-path-planner/ros2_ws/install/planner_msgs/lib/python3.12/site-packages/planner_msgs-0.0.0-py3.12.egg-info/dependency_links.txt
[3.600s] -- Installing: /root/-px4-3d-path-planner/ros2_ws/install/planner_msgs/lib/python3.12/site-packages/planner_msgs-0.0.0-py3.12.egg-info/top_level.txt
[3.600s] -- Installing: /root/-px4-3d-path-planner/ros2_ws/install/planner_msgs/lib/python3.12/site-packages/planner_msgs-0.0.0-py3.12.egg-info/PKG-INFO
[3.600s] -- Installing: /root/-px4-3d-path-planner/ros2_ws/install/planner_msgs/lib/python3.12/site-packages/planner_msgs-0.0.0-py3.12.egg-info/SOURCES.txt
[3.601s] -- Up-to-date: /root/-px4-3d-path-planner/ros2_ws/install/planner_msgs/lib/python3.12/site-packages/planner_msgs
[3.601s] -- Up-to-date: /root/-px4-3d-path-planner/ros2_ws/install/planner_msgs/lib/python3.12/site-packages/planner_msgs/_planner_msgs_s.ep.rosidl_typesupport_c.c
[3.601s] -- Up-to-date: /root/-px4-3d-path-planner/ros2_ws/install/planner_msgs/lib/python3.12/site-packages/planner_msgs/planner_msgs_s__rosidl_typesupport_c.so
[3.601s] -- Up-to-date: /root/-px4-3d-path-planner/ros2_ws/install/planner_msgs/lib/python3.12/site-packages/planner_msgs/__init__.py
[3.602s] -- Up-to-date: /root/-px4-3d-path-planner/ros2_ws/install/planner_msgs/lib/python3.12/site-packages/planner_msgs/srv
[3.602s] -- Up-to-date: /root/-px4-3d-path-planner/ros2_ws/install/planner_msgs/lib/python3.12/site-packages/planner_msgs/srv/__init__.py
[3.602s] -- Up-to-date: /root/-px4-3d-path-planner/ros2_ws/install/planner_msgs/lib/python3.12/site-packages/planner_msgs/srv/_plan_path_s.c
[3.602s] -- Up-to-date: /root/-px4-3d-path-planner/ros2_ws/install/planner_msgs/lib/python3.12/site-packages/planner_msgs/srv/_plan_path.py
[3.602s] -- Up-to-date: /root/-px4-3d-path-planner/ros2_ws/install/planner_msgs/lib/python3.12/site-packages/planner_msgs/msg
[3.603s] -- Up-to-date: /root/-px4-3d-path-planner/ros2_ws/install/planner_msgs/lib/python3.12/site-packages/planner_msgs/msg/_no_fly_zone_array.py
[3.603s] -- Up-to-date: /root/-px4-3d-path-planner/ros2_ws/install/planner_msgs/lib/python3.12/site-packages/planner_msgs/msg/__init__.py
[3.603s] -- Up-to-date: /root/-px4-3d-path-planner/ros2_ws/install/planner_msgs/lib/python3.12/site-packages/planner_msgs/msg/_no_fly_zone.py
[3.603s] -- Up-to-date: /root/-px4-3d-path-planner/ros2_ws/install/planner_msgs/lib/python3.12/site-packages/planner_msgs/msg/_no_fly_zone_s.c
[3.604s] -- Up-to-date: /root/-px4-3d-path-planner/ros2_ws/install/planner_msgs/lib/python3.12/site-packages/planner_msgs/msg/_no_fly_zone_array_s.c
[3.604s] -- Up-to-date: /root/-px4-3d-path-planner/ros2_ws/install/planner_msgs/lib/python3.12/site-packages/planner_msgs/planner_msgs_s__rosidl_typesupport_introspection_c.so
[3.604s] -- Up-to-date: /root/-px4-3d-path-planner/ros2_ws/install/planner_msgs/lib/python3.12/site-packages/planner_msgs/planner_msgs_s__rosidl_typesupport_fastrtps_c.so
[3.604s] -- Up-to-date: /root/-px4-3d-path-planner/ros2_ws/install/planner_msgs/lib/python3.12/site-packages/planner_msgs/_planner_msgs_s.ep.rosidl_typesupport_introspection_c.c
[3.605s] -- Up-to-date: /root/-px4-3d-path-planner/ros2_ws/install/planner_msgs/lib/python3.12/site-packages/planner_msgs/_planner_msgs_s.ep.rosidl_typesupport_fastrtps_c.c
[3.692s] Listing '/root/-px4-3d-path-planner/ros2_ws/install/planner_msgs/lib/python3.12/site-packages/planner_msgs'...
[3.692s] Listing '/root/-px4-3d-path-planner/ros2_ws/install/planner_msgs/lib/python3.12/site-packages/planner_msgs/msg'...
[3.692s] Listing '/root/-px4-3d-path-planner/ros2_ws/install/planner_msgs/lib/python3.12/site-packages/planner_msgs/srv'...
[3.706s] -- Up-to-date: /root/-px4-3d-path-planner/ros2_ws/install/planner_msgs/lib/python3.12/site-packages/planner_msgs/planner_msgs_s__rosidl_typesupport_fastrtps_c.so
[3.707s] -- Up-to-date: /root/-px4-3d-path-planner/ros2_ws/install/planner_msgs/lib/python3.12/site-packages/planner_msgs/planner_msgs_s__rosidl_typesupport_introspection_c.so
[3.708s] -- Up-to-date: /root/-px4-3d-path-planner/ros2_ws/install/planner_msgs/lib/python3.12/site-packages/planner_msgs/planner_msgs_s__rosidl_typesupport_c.so
[3.709s] -- Up-to-date: /root/-px4-3d-path-planner/ros2_ws/install/planner_msgs/lib/libplanner_msgs__rosidl_generator_py.so
[3.723s] -- Up-to-date: /root/-px4-3d-path-planner/ros2_ws/install/planner_msgs/share/ament_index/resource_index/rust_packages/planner_msgs
[3.724s] -- Up-to-date: /root/-px4-3d-path-planner/ros2_ws/install/planner_msgs/share/planner_msgs/rust
[3.724s] -- Up-to-date: /root/-px4-3d-path-planner/ros2_ws/install/planner_msgs/share/planner_msgs/rust/build.rs
[3.724s] -- Up-to-date: /root/-px4-3d-path-planner/ros2_ws/install/planner_msgs/share/planner_msgs/rust/Cargo.toml
[3.724s] -- Up-to-date: /root/-px4-3d-path-planner/ros2_ws/install/planner_msgs/share/planner_msgs/rust/src
[3.725s] -- Up-to-date: /root/-px4-3d-path-planner/ros2_ws/install/planner_msgs/share/planner_msgs/rust/src/srv.rs
[3.725s] -- Up-to-date: /root/-px4-3d-path-planner/ros2_ws/install/planner_msgs/share/planner_msgs/rust/src/srv
[3.726s] -- Up-to-date: /root/-px4-3d-path-planner/ros2_ws/install/planner_msgs/share/planner_msgs/rust/src/srv/rmw.rs
[3.726s] -- Up-to-date: /root/-px4-3d-path-planner/ros2_ws/install/planner_msgs/share/planner_msgs/rust/src/lib.rs
[3.726s] -- Up-to-date: /root/-px4-3d-path-planner/ros2_ws/install/planner_msgs/share/planner_msgs/rust/src/msg
[3.726s] -- Up-to-date: /root/-px4-3d-path-planner/ros2_ws/install/planner_msgs/share/planner_msgs/rust/src/msg/rmw.rs
[3.727s] -- Up-to-date: /root/-px4-3d-path-planner/ros2_ws/install/planner_msgs/share/planner_msgs/rust/src/msg.rs
[3.727s] -- Up-to-date: /root/-px4-3d-path-planner/ros2_ws/install/planner_msgs/share/planner_msgs/msg/NoFlyZone.idl
[3.727s] -- Up-to-date: /root/-px4-3d-path-planner/ros2_ws/install/planner_msgs/share/planner_msgs/msg/NoFlyZoneArray.idl
[3.727s] -- Up-to-date: /root/-px4-3d-path-planner/ros2_ws/install/planner_msgs/share/planner_msgs/srv/PlanPath.idl
[3.728s] -- Up-to-date: /root/-px4-3d-path-planner/ros2_ws/install/planner_msgs/share/planner_msgs/msg/NoFlyZone.msg
[3.728s] -- Up-to-date: /root/-px4-3d-path-planner/ros2_ws/install/planner_msgs/share/planner_msgs/msg/NoFlyZoneArray.msg
[3.728s] -- Up-to-date: /root/-px4-3d-path-planner/ros2_ws/install/planner_msgs/share/planner_msgs/srv/PlanPath.srv
[3.728s] -- Up-to-date: /root/-px4-3d-path-planner/ros2_ws/install/planner_msgs/share/ament_index/resource_index/package_run_dependencies/planner_msgs
[3.729s] -- Up-to-date: /root/-px4-3d-path-planner/ros2_ws/install/planner_msgs/share/ament_index/resource_index/parent_prefix_path/planner_msgs
[3.729s] -- Up-to-date: /root/-px4-3d-path-planner/ros2_ws/install/planner_msgs/share/planner_msgs/environment/ament_prefix_path.sh
[3.729s] -- Up-to-date: /root/-px4-3d-path-planner/ros2_ws/install/planner_msgs/share/planner_msgs/environment/ament_prefix_path.dsv
[3.729s] -- Up-to-date: /root/-px4-3d-path-planner/ros2_ws/install/planner_msgs/share/planner_msgs/environment/path.sh
[3.730s] -- Up-to-date: /root/-px4-3d-path-planner/ros2_ws/install/planner_msgs/share/planner_msgs/environment/path.dsv
[3.730s] -- Up-to-date: /root/-px4-3d-path-planner/ros2_ws/install/planner_msgs/share/planner_msgs/local_setup.bash
[3.730s] -- Up-to-date: /root/-px4-3d-path-planner/ros2_ws/install/planner_msgs/share/planner_msgs/local_setup.sh
[3.730s] -- Up-to-date: /root/-px4-3d-path-planner/ros2_ws/install/planner_msgs/share/planner_msgs/local_setup.zsh
[3.730s] -- Up-to-date: /root/-px4-3d-path-planner/ros2_ws/install/planner_msgs/share/planner_msgs/local_setup.dsv
[3.731s] -- Installing: /root/-px4-3d-path-planner/ros2_ws/install/planner_msgs/share/planner_msgs/package.dsv
[3.740s] -- Up-to-date: /root/-px4-3d-path-planner/ros2_ws/install/planner_msgs/share/ament_index/resource_index/packages/planner_msgs
[3.789s] -- Up-to-date: /root/-px4-3d-path-planner/ros2_ws/install/planner_msgs/share/planner_msgs/cmake/export_planner_msgs__rosidl_generator_cExport.cmake
[3.790s] -- Up-to-date: /root/-px4-3d-path-planner/ros2_ws/install/planner_msgs/share/planner_msgs/cmake/export_planner_msgs__rosidl_generator_cExport-noconfig.cmake
[3.801s] -- Up-to-date: /root/-px4-3d-path-planner/ros2_ws/install/planner_msgs/share/planner_msgs/cmake/export_planner_msgs__rosidl_typesupport_fastrtps_cExport.cmake
[3.801s] -- Up-to-date: /root/-px4-3d-path-planner/ros2_ws/install/planner_msgs/share/planner_msgs/cmake/export_planner_msgs__rosidl_typesupport_fastrtps_cExport-noconfig.cmake
[3.802s] -- Up-to-date: /root/-px4-3d-path-planner/ros2_ws/install/planner_msgs/share/planner_msgs/cmake/export_planner_msgs__rosidl_generator_cppExport.cmake
[3.804s] -- Up-to-date: /root/-px4-3d-path-planner/ros2_ws/install/planner_msgs/share/planner_msgs/cmake/export_planner_msgs__rosidl_typesupport_fastrtps_cppExport.cmake
[3.804s] -- Up-to-date: /root/-px4-3d-path-planner/ros2_ws/install/planner_msgs/share/planner_msgs/cmake/export_planner_msgs__rosidl_typesupport_fastrtps_cppExport-noconfig.cmake
[3.805s] -- Up-to-date: /root/-px4-3d-path-planner/ros2_ws/install/planner_msgs/share/planner_msgs/cmake/planner_msgs__rosidl_typesupport_introspection_cExport.cmake
[3.805s] -- Up-to-date: /root/-px4-3d-path-planner/ros2_ws/install/planner_msgs/share/planner_msgs/cmake/planner_msgs__rosidl_typesupport_introspection_cExport-noconfig.cmake
[3.807s] -- Up-to-date: /root/-px4-3d-path-planner/ros2_ws/install/planner_msgs/share/planner_msgs/cmake/planner_msgs__rosidl_typesupport_cExport.cmake
[3.807s] -- Up-to-date: /root/-px4-3d-path-planner/ros2_ws/install/planner_msgs/share/planner_msgs/cmake/planner_msgs__rosidl_typesupport_cExport-noconfig.cmake
[3.808s] -- Up-to-date: /root/-px4-3d-path-planner/ros2_ws/install/planner_msgs/share/planner_msgs/cmake/planner_msgs__rosidl_typesupport_introspection_cppExport.cmake
[3.808s] -- Up-to-date: /root/-px4-3d-path-planner/ros2_ws/install/planner_msgs/share/planner_msgs/cmake/planner_msgs__rosidl_typesupport_introspection_cppExport-noconfig.cmake
[3.819s] -- Up-to-date: /root/-px4-3d-path-planner/ros2_ws/install/planner_msgs/share/planner_msgs/cmake/planner_msgs__rosidl_typesupport_cppExport.cmake
[3.819s] -- Up-to-date: /root/-px4-3d-path-planner/ros2_ws/install/planner_msgs/share/planner_msgs/cmake/planner_msgs__rosidl_typesupport_cppExport-noconfig.cmake
[3.827s] -- Up-to-date: /root/-px4-3d-path-planner/ros2_ws/install/planner_msgs/share/planner_msgs/cmake/export_planner_msgs__rosidl_generator_pyExport.cmake
[3.827s] -- Up-to-date: /root/-px4-3d-path-planner/ros2_ws/install/planner_msgs/share/planner_msgs/cmake/export_planner_msgs__rosidl_generator_pyExport-noconfig.cmake
[3.828s] -- Up-to-date: /root/-px4-3d-path-planner/ros2_ws/install/planner_msgs/share/planner_msgs/cmake/rosidl_cmake-extras.cmake
[3.828s] -- Up-to-date: /root/-px4-3d-path-planner/ros2_ws/install/planner_msgs/share/planner_msgs/cmake/ament_cmake_export_dependencies-extras.cmake
[3.828s] -- Up-to-date: /root/-px4-3d-path-planner/ros2_ws/install/planner_msgs/share/planner_msgs/cmake/ament_cmake_export_include_directories-extras.cmake
[3.828s] -- Up-to-date: /root/-px4-3d-path-planner/ros2_ws/install/planner_msgs/share/planner_msgs/cmake/ament_cmake_export_libraries-extras.cmake
[3.828s] -- Up-to-date: /root/-px4-3d-path-planner/ros2_ws/install/planner_msgs/share/planner_msgs/cmake/ament_cmake_export_targets-extras.cmake
[3.829s] -- Up-to-date: /root/-px4-3d-path-planner/ros2_ws/install/planner_msgs/share/planner_msgs/cmake/rosidl_cmake_export_typesupport_targets-extras.cmake
[3.829s] -- Up-to-date: /root/-px4-3d-path-planner/ros2_ws/install/planner_msgs/share/planner_msgs/cmake/rosidl_cmake_export_typesupport_libraries-extras.cmake
[3.829s] -- Up-to-date: /root/-px4-3d-path-planner/ros2_ws/install/planner_msgs/share/planner_msgs/cmake/planner_msgsConfig.cmake
[3.829s] -- Up-to-date: /root/-px4-3d-path-planner/ros2_ws/install/planner_msgs/share/planner_msgs/cmake/planner_msgsConfig-version.cmake
[3.829s] -- Up-to-date: /root/-px4-3d-path-planner/ros2_ws/install/planner_msgs/share/planner_msgs/package.xml
[3.834s] Invoked command in '/root/-px4-3d-path-planner/ros2_ws/build/planner_msgs' returned '0': CMAKE_PREFIX_PATH=${CMAKE_PREFIX_PATH}:/opt/ros/jazzy /usr/bin/cmake --install /root/-px4-3d-path-planner/ros2_ws/build/planner_msgs
