[0.000000] (-) TimerEvent: {}
[0.000265] (planner_msgs) JobQueued: {'identifier': 'planner_msgs', 'dependencies': OrderedDict()}
[0.000386] (global_planner) JobQueued: {'identifier': 'global_planner', 'dependencies': OrderedDict({'planner_msgs': '/root/-px4-3d-path-planner/ros2_ws/install/planner_msgs'})}
[0.000476] (planner_msgs) JobStarted: {'identifier': 'planner_msgs'}
[0.047344] (planner_msgs) JobProgress: {'identifier': 'planner_msgs', 'progress': 'cmake'}
[0.056380] (planner_msgs) JobProgress: {'identifier': 'planner_msgs', 'progress': 'build'}
[0.056472] (planner_msgs) Command: {'cmd': ['/usr/bin/cmake', '--build', '/root/-px4-3d-path-planner/ros2_ws/build/planner_msgs', '--', '-j8', '-l8'], 'cwd': '/root/-px4-3d-path-planner/ros2_ws/build/planner_msgs', 'env': OrderedDict({'GZ_SIM_RESOURCE_PATH': '/opt/ros/jazzy/share', 'GZ_CONFIG_PATH': '/opt/ros/jazzy/opt/gz_sim_vendor/share/gz:/opt/ros/jazzy/opt/sdformat_vendor/share/gz:/opt/ros/jazzy/opt/gz_gui_vendor/share/gz:/opt/ros/jazzy/opt/gz_transport_vendor/share/gz:/opt/ros/jazzy/opt/gz_rendering_vendor/share/gz:/opt/ros/jazzy/opt/gz_plugin_vendor/share/gz:/opt/ros/jazzy/opt/gz_fuel_tools_vendor/share/gz:/opt/ros/jazzy/opt/gz_msgs_vendor/share/gz:/opt/ros/jazzy/opt/gz_common_vendor/share/gz', 'HOSTNAME': 'd8d69c63851e', 'SHLVL': '0', 'LD_LIBRARY_PATH': '/opt/ros/jazzy/opt/gz_sim_vendor/lib:/opt/ros/jazzy/opt/gz_sensors_vendor/lib:/opt/ros/jazzy/opt/gz_physics_vendor/lib:/opt/ros/jazzy/opt/sdformat_vendor/lib:/opt/ros/jazzy/opt/rviz_ogre_vendor/lib:/opt/ros/jazzy/lib/x86_64-linux-gnu:/opt/ros/jazzy/opt/gz_gui_vendor/lib:/opt/ros/jazzy/opt/gz_transport_vendor/lib:/opt/ros/jazzy/opt/gz_rendering_vendor/lib:/opt/ros/jazzy/opt/gz_plugin_vendor/lib:/opt/ros/jazzy/opt/gz_fuel_tools_vendor/lib:/opt/ros/jazzy/opt/gz_msgs_vendor/lib:/opt/ros/jazzy/opt/gz_common_vendor/lib:/opt/ros/jazzy/opt/gz_math_vendor/lib:/opt/ros/jazzy/opt/gz_utils_vendor/lib:/opt/ros/jazzy/opt/gz_tools_vendor/lib:/opt/ros/jazzy/opt/gz_ogre_next_vendor/lib:/opt/ros/jazzy/opt/gz_dartsim_vendor/lib:/opt/ros/jazzy/opt/gz_cmake_vendor/lib:/opt/ros/jazzy/lib', 'HOME': '/root', 'OLDPWD': '/root/-px4-3d-path-planner', 'ROS_PYTHON_VERSION': '3', 'ROS_DISTRO': 'jazzy', '_': '/usr/bin/colcon', 'ROS_VERSION': '2', 'TERM': 'xterm', 'PATH': '/opt/ros/jazzy/opt/gz_msgs_vendor/bin:/opt/ros/jazzy/opt/gz_tools_vendor/bin:/opt/ros/jazzy/opt/gz_ogre_next_vendor/bin:/opt/ros/jazzy/bin:/usr/local/sbin:/usr/local/bin:/usr/sbin:/usr/bin:/sbin:/bin', 'DISPLAY': ':1', 'LANG': 'en_US.UTF-8', 'AMENT_PREFIX_PATH': '/opt/ros/jazzy', 'DEBIAN_FRONTEND': 'noninteractive', 'ROS_AUTOMATIC_DISCOVERY_RANGE': 'SUBNET', 'PWD': '/root/-px4-3d-path-planner/ros2_ws/build/planner_msgs', 'LC_ALL': 'C.UTF-8', 'XDG_DATA_DIRS': '/usr/share/gnome:/usr/local/share/:/usr/share/', 'PYTHONPATH': '/opt/ros/jazzy/lib/python3.12/site-packages', 'COLCON': '1', 'CMAKE_PREFIX_PATH': '/opt/ros/jazzy/opt/gz_sim_vendor:/opt/ros/jazzy/opt/gz_sensors_vendor:/opt/ros/jazzy/opt/gz_physics_vendor:/opt/ros/jazzy/opt/sdformat_vendor:/opt/ros/jazzy/opt/gz_gui_vendor:/opt/ros/jazzy/opt/gz_transport_vendor:/opt/ros/jazzy/opt/gz_rendering_vendor:/opt/ros/jazzy/opt/gz_plugin_vendor:/opt/ros/jazzy/opt/gz_fuel_tools_vendor:/opt/ros/jazzy/opt/gz_msgs_vendor:/opt/ros/jazzy/opt/gz_common_vendor:/opt/ros/jazzy/opt/gz_math_vendor:/opt/ros/jazzy/opt/gz_utils_vendor:/opt/ros/jazzy/opt/gz_tools_vendor:/opt/ros/jazzy/opt/gz_ogre_next_vendor:/opt/ros/jazzy/opt/gz_dartsim_vendor:/opt/ros/jazzy/opt/gz_cmake_vendor:/opt/ros/jazzy'}), 'shell': False}
[0.099234] (-) TimerEvent: {}
[0.199630] (-) TimerEvent: {}
[0.300048] (-) TimerEvent: {}
[0.400998] (-) TimerEvent: {}
[0.445840] (planner_msgs) StdoutLine: {'line': b'[  1%] Built target planner_msgs__rs\n'}
[0.446253] (planner_msgs) StdoutLine: {'line': b'[  3%] Built target planner_msgs__rosidl_generator_type_description\n'}
[0.501119] (-) TimerEvent: {}
[0.546183] (planner_msgs) StdoutLine: {'line': b'[  5%] Built target planner_msgs__cpp\n'}
[0.583237] (planner_msgs) StdoutLine: {'line': b'[  5%] Built target ament_cmake_python_copy_planner_msgs\n'}
[0.601225] (-) TimerEvent: {}
[0.617059] (planner_msgs) StdoutLine: {'line': b'[ 25%] Built target planner_msgs__rosidl_generator_c\n'}
[0.702001] (-) TimerEvent: {}
[0.740556] (planner_msgs) StdoutLine: {'line': b'[ 34%] Built target planner_msgs__rosidl_typesupport_introspection_c\n'}
[0.754080] (planner_msgs) StdoutLine: {'line': b'[ 43%] Built target planner_msgs__rosidl_typesupport_cpp\n'}
[0.763836] (planner_msgs) StdoutLine: {'line': b'[ 52%] Built target planner_msgs__rosidl_typesupport_introspection_cpp\n'}
[0.777016] (planner_msgs) StdoutLine: {'line': b'[ 61%] Built target planner_msgs__rosidl_typesupport_fastrtps_cpp\n'}
[0.789046] (planner_msgs) StdoutLine: {'line': b'[ 70%] Built target planner_msgs__rosidl_typesupport_c\n'}
[0.791857] (planner_msgs) StdoutLine: {'line': b'[ 80%] Built target planner_msgs__rosidl_typesupport_fastrtps_c\n'}
[0.802071] (-) TimerEvent: {}
[0.854511] (planner_msgs) StdoutLine: {'line': b'[ 80%] Built target planner_msgs\n'}
[0.902167] (-) TimerEvent: {}
[0.909692] (planner_msgs) StdoutLine: {'line': b'[ 81%] Built target planner_msgs__py\n'}
[0.957830] (planner_msgs) StdoutLine: {'line': b'running egg_info\n'}
[1.002279] (-) TimerEvent: {}
[1.018090] (planner_msgs) StdoutLine: {'line': b'[ 89%] Built target planner_msgs__rosidl_generator_py\n'}
[1.094518] (planner_msgs) StdoutLine: {'line': b'[ 92%] Built target planner_msgs_s__rosidl_typesupport_fastrtps_c\n'}
[1.094928] (planner_msgs) StdoutLine: {'line': b'[ 96%] Built target planner_msgs_s__rosidl_typesupport_introspection_c\n'}
[1.102376] (-) TimerEvent: {}
[1.112974] (planner_msgs) StdoutLine: {'line': b'[100%] Built target planner_msgs_s__rosidl_typesupport_c\n'}
[1.192197] (planner_msgs) StdoutLine: {'line': b'writing planner_msgs.egg-info/PKG-INFO\n'}
[1.192671] (planner_msgs) StdoutLine: {'line': b'writing dependency_links to planner_msgs.egg-info/dependency_links.txt\n'}
[1.192896] (planner_msgs) StdoutLine: {'line': b'writing top-level names to planner_msgs.egg-info/top_level.txt\n'}
[1.202494] (-) TimerEvent: {}
[1.279011] (planner_msgs) StdoutLine: {'line': b"reading manifest file 'planner_msgs.egg-info/SOURCES.txt'\n"}
[1.294121] (planner_msgs) StdoutLine: {'line': b"writing manifest file 'planner_msgs.egg-info/SOURCES.txt'\n"}
[1.302670] (-) TimerEvent: {}
[1.330239] (planner_msgs) StdoutLine: {'line': b'[100%] Built target ament_cmake_python_build_planner_msgs_egg\n'}
[1.355543] (planner_msgs) CommandEnded: {'returncode': 0}
[1.359602] (planner_msgs) JobProgress: {'identifier': 'planner_msgs', 'progress': 'install'}
[1.380317] (planner_msgs) Command: {'cmd': ['/usr/bin/cmake', '--install', '/root/-px4-3d-path-planner/ros2_ws/build/planner_msgs'], 'cwd': '/root/-px4-3d-path-planner/ros2_ws/build/planner_msgs', 'env': OrderedDict({'GZ_SIM_RESOURCE_PATH': '/opt/ros/jazzy/share', 'GZ_CONFIG_PATH': '/opt/ros/jazzy/opt/gz_sim_vendor/share/gz:/opt/ros/jazzy/opt/sdformat_vendor/share/gz:/opt/ros/jazzy/opt/gz_gui_vendor/share/gz:/opt/ros/jazzy/opt/gz_transport_vendor/share/gz:/opt/ros/jazzy/opt/gz_rendering_vendor/share/gz:/opt/ros/jazzy/opt/gz_plugin_vendor/share/gz:/opt/ros/jazzy/opt/gz_fuel_tools_vendor/share/gz:/opt/ros/jazzy/opt/gz_msgs_vendor/share/gz:/opt/ros/jazzy/opt/gz_common_vendor/share/gz', 'HOSTNAME': 'd8d69c63851e', 'SHLVL': '0', 'LD_LIBRARY_PATH': '/opt/ros/jazzy/opt/gz_sim_vendor/lib:/opt/ros/jazzy/opt/gz_sensors_vendor/lib:/opt/ros/jazzy/opt/gz_physics_vendor/lib:/opt/ros/jazzy/opt/sdformat_vendor/lib:/opt/ros/jazzy/opt/rviz_ogre_vendor/lib:/opt/ros/jazzy/lib/x86_64-linux-gnu:/opt/ros/jazzy/opt/gz_gui_vendor/lib:/opt/ros/jazzy/opt/gz_transport_vendor/lib:/opt/ros/jazzy/opt/gz_rendering_vendor/lib:/opt/ros/jazzy/opt/gz_plugin_vendor/lib:/opt/ros/jazzy/opt/gz_fuel_tools_vendor/lib:/opt/ros/jazzy/opt/gz_msgs_vendor/lib:/opt/ros/jazzy/opt/gz_common_vendor/lib:/opt/ros/jazzy/opt/gz_math_vendor/lib:/opt/ros/jazzy/opt/gz_utils_vendor/lib:/opt/ros/jazzy/opt/gz_tools_vendor/lib:/opt/ros/jazzy/opt/gz_ogre_next_vendor/lib:/opt/ros/jazzy/opt/gz_dartsim_vendor/lib:/opt/ros/jazzy/opt/gz_cmake_vendor/lib:/opt/ros/jazzy/lib', 'HOME': '/root', 'OLDPWD': '/root/-px4-3d-path-planner', 'ROS_PYTHON_VERSION': '3', 'ROS_DISTRO': 'jazzy', '_': '/usr/bin/colcon', 'ROS_VERSION': '2', 'TERM': 'xterm', 'PATH': '/opt/ros/jazzy/opt/gz_msgs_vendor/bin:/opt/ros/jazzy/opt/gz_tools_vendor/bin:/opt/ros/jazzy/opt/gz_ogre_next_vendor/bin:/opt/ros/jazzy/bin:/usr/local/sbin:/usr/local/bin:/usr/sbin:/usr/bin:/sbin:/bin', 'DISPLAY': ':1', 'LANG': 'en_US.UTF-8', 'AMENT_PREFIX_PATH': '/opt/ros/jazzy', 'DEBIAN_FRONTEND': 'noninteractive', 'ROS_AUTOMATIC_DISCOVERY_RANGE': 'SUBNET', 'PWD': '/root/-px4-3d-path-planner/ros2_ws/build/planner_msgs', 'LC_ALL': 'C.UTF-8', 'XDG_DATA_DIRS': '/usr/share/gnome:/usr/local/share/:/usr/share/', 'PYTHONPATH': '/opt/ros/jazzy/lib/python3.12/site-packages', 'COLCON': '1', 'CMAKE_PREFIX_PATH': '/opt/ros/jazzy/opt/gz_sim_vendor:/opt/ros/jazzy/opt/gz_sensors_vendor:/opt/ros/jazzy/opt/gz_physics_vendor:/opt/ros/jazzy/opt/sdformat_vendor:/opt/ros/jazzy/opt/gz_gui_vendor:/opt/ros/jazzy/opt/gz_transport_vendor:/opt/ros/jazzy/opt/gz_rendering_vendor:/opt/ros/jazzy/opt/gz_plugin_vendor:/opt/ros/jazzy/opt/gz_fuel_tools_vendor:/opt/ros/jazzy/opt/gz_msgs_vendor:/opt/ros/jazzy/opt/gz_common_vendor:/opt/ros/jazzy/opt/gz_math_vendor:/opt/ros/jazzy/opt/gz_utils_vendor:/opt/ros/jazzy/opt/gz_tools_vendor:/opt/ros/jazzy/opt/gz_ogre_next_vendor:/opt/ros/jazzy/opt/gz_dartsim_vendor:/opt/ros/jazzy/opt/gz_cmake_vendor:/opt/ros/jazzy'}), 'shell': False}
[1.399158] (planner_msgs) StdoutLine: {'line': b'-- Install configuration: ""\n'}
[1.401663] (planner_msgs) StdoutLine: {'line': b'-- Up-to-date: /root/-px4-3d-path-planner/ros2_ws/install/planner_msgs/share/ament_index/resource_index/rosidl_interfaces/planner_msgs\n'}
[1.402504] (planner_msgs) StdoutLine: {'line': b'-- Up-to-date: /root/-px4-3d-path-planner/ros2_ws/install/planner_msgs/share/planner_msgs/msg/NoFlyZone.json\n'}
[1.402766] (-) TimerEvent: {}
[1.402925] (planner_msgs) StdoutLine: {'line': b'-- Up-to-date: /root/-px4-3d-path-planner/ros2_ws/install/planner_msgs/share/planner_msgs/msg/NoFlyZoneArray.json\n'}
[1.403512] (planner_msgs) StdoutLine: {'line': b'-- Up-to-date: /root/-px4-3d-path-planner/ros2_ws/install/planner_msgs/share/planner_msgs/srv/PlanPath.json\n'}
[1.421560] (planner_msgs) StdoutLine: {'line': b'-- Up-to-date: /root/-px4-3d-path-planner/ros2_ws/install/planner_msgs/include/planner_msgs/planner_msgs\n'}
[1.422212] (planner_msgs) StdoutLine: {'line': b'-- Up-to-date: /root/-px4-3d-path-planner/ros2_ws/install/planner_msgs/include/planner_msgs/planner_msgs/srv\n'}
[1.422761] (planner_msgs) StdoutLine: {'line': b'-- Up-to-date: /root/-px4-3d-path-planner/ros2_ws/install/planner_msgs/include/planner_msgs/planner_msgs/srv/detail\n'}
[1.423583] (planner_msgs) StdoutLine: {'line': b'-- Up-to-date: /root/-px4-3d-path-planner/ros2_ws/install/planner_msgs/include/planner_msgs/planner_msgs/srv/detail/plan_path__functions.h\n'}
[1.423804] (planner_msgs) StdoutLine: {'line': b'-- Up-to-date: /root/-px4-3d-path-planner/ros2_ws/install/planner_msgs/include/planner_msgs/planner_msgs/srv/detail/plan_path__description.c\n'}
[1.424256] (planner_msgs) StdoutLine: {'line': b'-- Installing: /root/-px4-3d-path-planner/ros2_ws/install/planner_msgs/include/planner_msgs/planner_msgs/srv/detail/plan_path__type_support.c\n'}
[1.424980] (planner_msgs) StdoutLine: {'line': b'-- Up-to-date: /root/-px4-3d-path-planner/ros2_ws/install/planner_msgs/include/planner_msgs/planner_msgs/srv/detail/plan_path__struct.h\n'}
[1.425196] (planner_msgs) StdoutLine: {'line': b'-- Up-to-date: /root/-px4-3d-path-planner/ros2_ws/install/planner_msgs/include/planner_msgs/planner_msgs/srv/detail/plan_path__functions.c\n'}
[1.425356] (planner_msgs) StdoutLine: {'line': b'-- Up-to-date: /root/-px4-3d-path-planner/ros2_ws/install/planner_msgs/include/planner_msgs/planner_msgs/srv/detail/plan_path__type_support.h\n'}
[1.425507] (planner_msgs) StdoutLine: {'line': b'-- Up-to-date: /root/-px4-3d-path-planner/ros2_ws/install/planner_msgs/include/planner_msgs/planner_msgs/srv/plan_path.h\n'}
[1.425671] (planner_msgs) StdoutLine: {'line': b'-- Up-to-date: /root/-px4-3d-path-planner/ros2_ws/install/planner_msgs/include/planner_msgs/planner_msgs/msg\n'}
[1.426143] (planner_msgs) StdoutLine: {'line': b'-- Up-to-date: /root/-px4-3d-path-planner/ros2_ws/install/planner_msgs/include/planner_msgs/planner_msgs/msg/detail\n'}
[1.426779] (planner_msgs) StdoutLine: {'line': b'-- Installing: /root/-px4-3d-path-planner/ros2_ws/install/planner_msgs/include/planner_msgs/planner_msgs/msg/detail/no_fly_zone__type_support.c\n'}
[1.427514] (planner_msgs) StdoutLine: {'line': b'-- Installing: /root/-px4-3d-path-planner/ros2_ws/install/planner_msgs/include/planner_msgs/planner_msgs/msg/detail/no_fly_zone_array__type_support.c\n'}
[1.428615] (planner_msgs) StdoutLine: {'line': b'-- Up-to-date: /root/-px4-3d-path-planner/ros2_ws/install/planner_msgs/include/planner_msgs/planner_msgs/msg/detail/no_fly_zone__description.c\n'}
[1.428852] (planner_msgs) StdoutLine: {'line': b'-- Up-to-date: /root/-px4-3d-path-planner/ros2_ws/install/planner_msgs/include/planner_msgs/planner_msgs/msg/detail/no_fly_zone__type_support.h\n'}
[1.429658] (planner_msgs) StdoutLine: {'line': b'-- Up-to-date: /root/-px4-3d-path-planner/ros2_ws/install/planner_msgs/include/planner_msgs/planner_msgs/msg/detail/no_fly_zone_array__functions.h\n'}
[1.429909] (planner_msgs) StdoutLine: {'line': b'-- Up-to-date: /root/-px4-3d-path-planner/ros2_ws/install/planner_msgs/include/planner_msgs/planner_msgs/msg/detail/no_fly_zone__functions.c\n'}
[1.430144] (planner_msgs) StdoutLine: {'line': b'-- Up-to-date: /root/-px4-3d-path-planner/ros2_ws/install/planner_msgs/include/planner_msgs/planner_msgs/msg/detail/no_fly_zone_array__functions.c\n'}
[1.430306] (planner_msgs) StdoutLine: {'line': b'-- Up-to-date: /root/-px4-3d-path-planner/ros2_ws/install/planner_msgs/include/planner_msgs/planner_msgs/msg/detail/no_fly_zone_array__description.c\n'}
[1.430465] (planner_msgs) StdoutLine: {'line': b'-- Up-to-date: /root/-px4-3d-path-planner/ros2_ws/install/planner_msgs/include/planner_msgs/planner_msgs/msg/detail/no_fly_zone_array__type_support.h\n'}
[1.430617] (planner_msgs) StdoutLine: {'line': b'-- Up-to-date: /root/-px4-3d-path-planner/ros2_ws/install/planner_msgs/include/planner_msgs/planner_msgs/msg/detail/no_fly_zone_array__struct.h\n'}
[1.430836] (planner_msgs) StdoutLine: {'line': b'-- Up-to-date: /root/-px4-3d-path-planner/ros2_ws/install/planner_msgs/include/planner_msgs/planner_msgs/msg/detail/no_fly_zone__functions.h\n'}
[1.431210] (planner_msgs) StdoutLine: {'line': b'-- Up-to-date: /root/-px4-3d-path-planner/ros2_ws/install/planner_msgs/include/planner_msgs/planner_msgs/msg/detail/no_fly_zone__struct.h\n'}
[1.431374] (planner_msgs) StdoutLine: {'line': b'-- Up-to-date: /root/-px4-3d-path-planner/ros2_ws/install/planner_msgs/include/planner_msgs/planner_msgs/msg/no_fly_zone_array.h\n'}
[1.431525] (planner_msgs) StdoutLine: {'line': b'-- Up-to-date: /root/-px4-3d-path-planner/ros2_ws/install/planner_msgs/include/planner_msgs/planner_msgs/msg/rosidl_generator_c__visibility_control.h\n'}
[1.431675] (planner_msgs) StdoutLine: {'line': b'-- Up-to-date: /root/-px4-3d-path-planner/ros2_ws/install/planner_msgs/include/planner_msgs/planner_msgs/msg/no_fly_zone.h\n'}
[1.431825] (planner_msgs) StdoutLine: {'line': b'-- Up-to-date: /root/-px4-3d-path-planner/ros2_ws/install/planner_msgs/share/planner_msgs/environment/library_path.sh\n'}
[1.432015] (planner_msgs) StdoutLine: {'line': b'-- Up-to-date: /root/-px4-3d-path-planner/ros2_ws/install/planner_msgs/share/planner_msgs/environment/library_path.dsv\n'}
[1.449575] (planner_msgs) StdoutLine: {'line': b'-- Up-to-date: /root/-px4-3d-path-planner/ros2_ws/install/planner_msgs/lib/libplanner_msgs__rosidl_generator_c.so\n'}
[1.449998] (planner_msgs) StdoutLine: {'line': b'-- Up-to-date: /root/-px4-3d-path-planner/ros2_ws/install/planner_msgs/include/planner_msgs/planner_msgs\n'}
[1.450317] (planner_msgs) StdoutLine: {'line': b'-- Up-to-date: /root/-px4-3d-path-planner/ros2_ws/install/planner_msgs/include/planner_msgs/planner_msgs/srv\n'}
[1.450512] (planner_msgs) StdoutLine: {'line': b'-- Up-to-date: /root/-px4-3d-path-planner/ros2_ws/install/planner_msgs/include/planner_msgs/planner_msgs/srv/detail\n'}
[1.450811] (planner_msgs) StdoutLine: {'line': b'-- Up-to-date: /root/-px4-3d-path-planner/ros2_ws/install/planner_msgs/include/planner_msgs/planner_msgs/srv/detail/plan_path__rosidl_typesupport_fastrtps_c.h\n'}
[1.451031] (planner_msgs) StdoutLine: {'line': b'-- Up-to-date: /root/-px4-3d-path-planner/ros2_ws/install/planner_msgs/include/planner_msgs/planner_msgs/msg\n'}
[1.451222] (planner_msgs) StdoutLine: {'line': b'-- Up-to-date: /root/-px4-3d-path-planner/ros2_ws/install/planner_msgs/include/planner_msgs/planner_msgs/msg/detail\n'}
[1.451530] (planner_msgs) StdoutLine: {'line': b'-- Up-to-date: /root/-px4-3d-path-planner/ros2_ws/install/planner_msgs/include/planner_msgs/planner_msgs/msg/detail/no_fly_zone__rosidl_typesupport_fastrtps_c.h\n'}
[1.451701] (planner_msgs) StdoutLine: {'line': b'-- Up-to-date: /root/-px4-3d-path-planner/ros2_ws/install/planner_msgs/include/planner_msgs/planner_msgs/msg/detail/no_fly_zone_array__rosidl_typesupport_fastrtps_c.h\n'}
[1.451848] (planner_msgs) StdoutLine: {'line': b'-- Up-to-date: /root/-px4-3d-path-planner/ros2_ws/install/planner_msgs/include/planner_msgs/planner_msgs/msg/rosidl_typesupport_fastrtps_c__visibility_control.h\n'}
[1.473755] (planner_msgs) StdoutLine: {'line': b'-- Up-to-date: /root/-px4-3d-path-planner/ros2_ws/install/planner_msgs/lib/libplanner_msgs__rosidl_typesupport_fastrtps_c.so\n'}
[1.474163] (planner_msgs) StdoutLine: {'line': b'-- Up-to-date: /root/-px4-3d-path-planner/ros2_ws/install/planner_msgs/include/planner_msgs/planner_msgs\n'}
[1.474522] (planner_msgs) StdoutLine: {'line': b'-- Up-to-date: /root/-px4-3d-path-planner/ros2_ws/install/planner_msgs/include/planner_msgs/planner_msgs/srv\n'}
[1.474724] (planner_msgs) StdoutLine: {'line': b'-- Up-to-date: /root/-px4-3d-path-planner/ros2_ws/install/planner_msgs/include/planner_msgs/planner_msgs/srv/detail\n'}
[1.475035] (planner_msgs) StdoutLine: {'line': b'-- Up-to-date: /root/-px4-3d-path-planner/ros2_ws/install/planner_msgs/include/planner_msgs/planner_msgs/srv/detail/plan_path__struct.hpp\n'}
[1.475217] (planner_msgs) StdoutLine: {'line': b'-- Up-to-date: /root/-px4-3d-path-planner/ros2_ws/install/planner_msgs/include/planner_msgs/planner_msgs/srv/detail/plan_path__traits.hpp\n'}
[1.475400] (planner_msgs) StdoutLine: {'line': b'-- Up-to-date: /root/-px4-3d-path-planner/ros2_ws/install/planner_msgs/include/planner_msgs/planner_msgs/srv/detail/plan_path__builder.hpp\n'}
[1.475574] (planner_msgs) StdoutLine: {'line': b'-- Up-to-date: /root/-px4-3d-path-planner/ros2_ws/install/planner_msgs/include/planner_msgs/planner_msgs/srv/detail/plan_path__type_support.hpp\n'}
[1.475903] (planner_msgs) StdoutLine: {'line': b'-- Up-to-date: /root/-px4-3d-path-planner/ros2_ws/install/planner_msgs/include/planner_msgs/planner_msgs/srv/plan_path.hpp\n'}
[1.476173] (planner_msgs) StdoutLine: {'line': b'-- Up-to-date: /root/-px4-3d-path-planner/ros2_ws/install/planner_msgs/include/planner_msgs/planner_msgs/msg\n'}
[1.476434] (planner_msgs) StdoutLine: {'line': b'-- Up-to-date: /root/-px4-3d-path-planner/ros2_ws/install/planner_msgs/include/planner_msgs/planner_msgs/msg/no_fly_zone_array.hpp\n'}
[1.476614] (planner_msgs) StdoutLine: {'line': b'-- Up-to-date: /root/-px4-3d-path-planner/ros2_ws/install/planner_msgs/include/planner_msgs/planner_msgs/msg/detail\n'}
[1.476867] (planner_msgs) StdoutLine: {'line': b'-- Up-to-date: /root/-px4-3d-path-planner/ros2_ws/install/planner_msgs/include/planner_msgs/planner_msgs/msg/detail/no_fly_zone_array__type_support.hpp\n'}
[1.477159] (planner_msgs) StdoutLine: {'line': b'-- Up-to-date: /root/-px4-3d-path-planner/ros2_ws/install/planner_msgs/include/planner_msgs/planner_msgs/msg/detail/no_fly_zone_array__struct.hpp\n'}
[1.477342] (planner_msgs) StdoutLine: {'line': b'-- Up-to-date: /root/-px4-3d-path-planner/ros2_ws/install/planner_msgs/include/planner_msgs/planner_msgs/msg/detail/no_fly_zone__traits.hpp\n'}
[1.477507] (planner_msgs) StdoutLine: {'line': b'-- Up-to-date: /root/-px4-3d-path-planner/ros2_ws/install/planner_msgs/include/planner_msgs/planner_msgs/msg/detail/no_fly_zone__struct.hpp\n'}
[1.477844] (planner_msgs) StdoutLine: {'line': b'-- Up-to-date: /root/-px4-3d-path-planner/ros2_ws/install/planner_msgs/include/planner_msgs/planner_msgs/msg/detail/no_fly_zone__builder.hpp\n'}
[1.478062] (planner_msgs) StdoutLine: {'line': b'-- Up-to-date: /root/-px4-3d-path-planner/ros2_ws/install/planner_msgs/include/planner_msgs/planner_msgs/msg/detail/no_fly_zone_array__builder.hpp\n'}
[1.478242] (planner_msgs) StdoutLine: {'line': b'-- Up-to-date: /root/-px4-3d-path-planner/ros2_ws/install/planner_msgs/include/planner_msgs/planner_msgs/msg/detail/no_fly_zone_array__traits.hpp\n'}
[1.478424] (planner_msgs) StdoutLine: {'line': b'-- Up-to-date: /root/-px4-3d-path-planner/ros2_ws/install/planner_msgs/include/planner_msgs/planner_msgs/msg/detail/no_fly_zone__type_support.hpp\n'}
[1.478692] (planner_msgs) StdoutLine: {'line': b'-- Up-to-date: /root/-px4-3d-path-planner/ros2_ws/install/planner_msgs/include/planner_msgs/planner_msgs/msg/rosidl_generator_cpp__visibility_control.hpp\n'}
[1.478881] (planner_msgs) StdoutLine: {'line': b'-- Up-to-date: /root/-px4-3d-path-planner/ros2_ws/install/planner_msgs/include/planner_msgs/planner_msgs/msg/no_fly_zone.hpp\n'}
[1.479114] (planner_msgs) StdoutLine: {'line': b'-- Up-to-date: /root/-px4-3d-path-planner/ros2_ws/install/planner_msgs/include/planner_msgs/planner_msgs\n'}
[1.479294] (planner_msgs) StdoutLine: {'line': b'-- Up-to-date: /root/-px4-3d-path-planner/ros2_ws/install/planner_msgs/include/planner_msgs/planner_msgs/srv\n'}
[1.479469] (planner_msgs) StdoutLine: {'line': b'-- Up-to-date: /root/-px4-3d-path-planner/ros2_ws/install/planner_msgs/include/planner_msgs/planner_msgs/srv/detail\n'}
[1.479642] (planner_msgs) StdoutLine: {'line': b'-- Up-to-date: /root/-px4-3d-path-planner/ros2_ws/install/planner_msgs/include/planner_msgs/planner_msgs/srv/detail/dds_fastrtps\n'}
[1.479813] (planner_msgs) StdoutLine: {'line': b'-- Up-to-date: /root/-px4-3d-path-planner/ros2_ws/install/planner_msgs/include/planner_msgs/planner_msgs/srv/detail/plan_path__rosidl_typesupport_fastrtps_cpp.hpp\n'}
[1.480021] (planner_msgs) StdoutLine: {'line': b'-- Up-to-date: /root/-px4-3d-path-planner/ros2_ws/install/planner_msgs/include/planner_msgs/planner_msgs/msg\n'}
[1.480204] (planner_msgs) StdoutLine: {'line': b'-- Up-to-date: /root/-px4-3d-path-planner/ros2_ws/install/planner_msgs/include/planner_msgs/planner_msgs/msg/detail\n'}
[1.480482] (planner_msgs) StdoutLine: {'line': b'-- Up-to-date: /root/-px4-3d-path-planner/ros2_ws/install/planner_msgs/include/planner_msgs/planner_msgs/msg/detail/dds_fastrtps\n'}
[1.480645] (planner_msgs) StdoutLine: {'line': b'-- Up-to-date: /root/-px4-3d-path-planner/ros2_ws/install/planner_msgs/include/planner_msgs/planner_msgs/msg/detail/no_fly_zone__rosidl_typesupport_fastrtps_cpp.hpp\n'}
[1.480815] (planner_msgs) StdoutLine: {'line': b'-- Up-to-date: /root/-px4-3d-path-planner/ros2_ws/install/planner_msgs/include/planner_msgs/planner_msgs/msg/detail/no_fly_zone_array__rosidl_typesupport_fastrtps_cpp.hpp\n'}
[1.481000] (planner_msgs) StdoutLine: {'line': b'-- Up-to-date: /root/-px4-3d-path-planner/ros2_ws/install/planner_msgs/include/planner_msgs/planner_msgs/msg/rosidl_typesupport_fastrtps_cpp__visibility_control.h\n'}
[1.502885] (-) TimerEvent: {}
[1.528242] (planner_msgs) StdoutLine: {'line': b'-- Up-to-date: /root/-px4-3d-path-planner/ros2_ws/install/planner_msgs/lib/libplanner_msgs__rosidl_typesupport_fastrtps_cpp.so\n'}
[1.528466] (planner_msgs) StdoutLine: {'line': b'-- Up-to-date: /root/-px4-3d-path-planner/ros2_ws/install/planner_msgs/include/planner_msgs/planner_msgs\n'}
[1.528619] (planner_msgs) StdoutLine: {'line': b'-- Up-to-date: /root/-px4-3d-path-planner/ros2_ws/install/planner_msgs/include/planner_msgs/planner_msgs/srv\n'}
[1.528791] (planner_msgs) StdoutLine: {'line': b'-- Up-to-date: /root/-px4-3d-path-planner/ros2_ws/install/planner_msgs/include/planner_msgs/planner_msgs/srv/detail\n'}
[1.528973] (planner_msgs) StdoutLine: {'line': b'-- Up-to-date: /root/-px4-3d-path-planner/ros2_ws/install/planner_msgs/include/planner_msgs/planner_msgs/srv/detail/plan_path__rosidl_typesupport_introspection_c.h\n'}
[1.529153] (planner_msgs) StdoutLine: {'line': b'-- Installing: /root/-px4-3d-path-planner/ros2_ws/install/planner_msgs/include/planner_msgs/planner_msgs/srv/detail/plan_path__type_support.c\n'}
[1.549935] (planner_msgs) StdoutLine: {'line': b'-- Up-to-date: /root/-px4-3d-path-planner/ros2_ws/install/planner_msgs/include/planner_msgs/planner_msgs/msg\n'}
[1.550181] (planner_msgs) StdoutLine: {'line': b'-- Up-to-date: /root/-px4-3d-path-planner/ros2_ws/install/planner_msgs/include/planner_msgs/planner_msgs/msg/rosidl_typesupport_introspection_c__visibility_control.h\n'}
[1.550330] (planner_msgs) StdoutLine: {'line': b'-- Up-to-date: /root/-px4-3d-path-planner/ros2_ws/install/planner_msgs/include/planner_msgs/planner_msgs/msg/detail\n'}
[1.550474] (planner_msgs) StdoutLine: {'line': b'-- Installing: /root/-px4-3d-path-planner/ros2_ws/install/planner_msgs/include/planner_msgs/planner_msgs/msg/detail/no_fly_zone__type_support.c\n'}
[1.555983] (planner_msgs) StdoutLine: {'line': b'-- Installing: /root/-px4-3d-path-planner/ros2_ws/install/planner_msgs/include/planner_msgs/planner_msgs/msg/detail/no_fly_zone_array__type_support.c\n'}
[1.579390] (planner_msgs) StdoutLine: {'line': b'-- Up-to-date: /root/-px4-3d-path-planner/ros2_ws/install/planner_msgs/include/planner_msgs/planner_msgs/msg/detail/no_fly_zone__rosidl_typesupport_introspection_c.h\n'}
[1.579776] (planner_msgs) StdoutLine: {'line': b'-- Up-to-date: /root/-px4-3d-path-planner/ros2_ws/install/planner_msgs/include/planner_msgs/planner_msgs/msg/detail/no_fly_zone_array__rosidl_typesupport_introspection_c.h\n'}
[1.581512] (planner_msgs) StdoutLine: {'line': b'-- Up-to-date: /root/-px4-3d-path-planner/ros2_ws/install/planner_msgs/lib/libplanner_msgs__rosidl_typesupport_introspection_c.so\n'}
[1.582737] (planner_msgs) StdoutLine: {'line': b'-- Up-to-date: /root/-px4-3d-path-planner/ros2_ws/install/planner_msgs/lib/libplanner_msgs__rosidl_typesupport_c.so\n'}
[1.583159] (planner_msgs) StdoutLine: {'line': b'-- Up-to-date: /root/-px4-3d-path-planner/ros2_ws/install/planner_msgs/include/planner_msgs/planner_msgs\n'}
[1.583459] (planner_msgs) StdoutLine: {'line': b'-- Up-to-date: /root/-px4-3d-path-planner/ros2_ws/install/planner_msgs/include/planner_msgs/planner_msgs/srv\n'}
[1.583655] (planner_msgs) StdoutLine: {'line': b'-- Up-to-date: /root/-px4-3d-path-planner/ros2_ws/install/planner_msgs/include/planner_msgs/planner_msgs/srv/detail\n'}
[1.583972] (planner_msgs) StdoutLine: {'line': b'-- Up-to-date: /root/-px4-3d-path-planner/ros2_ws/install/planner_msgs/include/planner_msgs/planner_msgs/srv/detail/plan_path__type_support.cpp\n'}
[1.584162] (planner_msgs) StdoutLine: {'line': b'-- Up-to-date: /root/-px4-3d-path-planner/ros2_ws/install/planner_msgs/include/planner_msgs/planner_msgs/srv/detail/plan_path__rosidl_typesupport_introspection_cpp.hpp\n'}
[1.584339] (planner_msgs) StdoutLine: {'line': b'-- Up-to-date: /root/-px4-3d-path-planner/ros2_ws/install/planner_msgs/include/planner_msgs/planner_msgs/msg\n'}
[1.584654] (planner_msgs) StdoutLine: {'line': b'-- Up-to-date: /root/-px4-3d-path-planner/ros2_ws/install/planner_msgs/include/planner_msgs/planner_msgs/msg/detail\n'}
[1.584848] (planner_msgs) StdoutLine: {'line': b'-- Up-to-date: /root/-px4-3d-path-planner/ros2_ws/install/planner_msgs/include/planner_msgs/planner_msgs/msg/detail/no_fly_zone__type_support.cpp\n'}
[1.585067] (planner_msgs) StdoutLine: {'line': b'-- Up-to-date: /root/-px4-3d-path-planner/ros2_ws/install/planner_msgs/include/planner_msgs/planner_msgs/msg/detail/no_fly_zone_array__rosidl_typesupport_introspection_cpp.hpp\n'}
[1.585240] (planner_msgs) StdoutLine: {'line': b'-- Up-to-date: /root/-px4-3d-path-planner/ros2_ws/install/planner_msgs/include/planner_msgs/planner_msgs/msg/detail/no_fly_zone__rosidl_typesupport_introspection_cpp.hpp\n'}
[1.585389] (planner_msgs) StdoutLine: {'line': b'-- Up-to-date: /root/-px4-3d-path-planner/ros2_ws/install/planner_msgs/include/planner_msgs/planner_msgs/msg/detail/no_fly_zone_array__type_support.cpp\n'}
[1.603008] (-) TimerEvent: {}
[1.619264] (planner_msgs) StdoutLine: {'line': b'-- Up-to-date: /root/-px4-3d-path-planner/ros2_ws/install/planner_msgs/lib/libplanner_msgs__rosidl_typesupport_introspection_cpp.so\n'}
[1.664363] (planner_msgs) StdoutLine: {'line': b'-- Up-to-date: /root/-px4-3d-path-planner/ros2_ws/install/planner_msgs/lib/libplanner_msgs__rosidl_typesupport_cpp.so\n'}
[1.664738] (planner_msgs) StdoutLine: {'line': b'-- Up-to-date: /root/-px4-3d-path-planner/ros2_ws/install/planner_msgs/share/planner_msgs/environment/pythonpath.sh\n'}
[1.665122] (planner_msgs) StdoutLine: {'line': b'-- Up-to-date: /root/-px4-3d-path-planner/ros2_ws/install/planner_msgs/share/planner_msgs/environment/pythonpath.dsv\n'}
[1.666528] (planner_msgs) StdoutLine: {'line': b'-- Up-to-date: /root/-px4-3d-path-planner/ros2_ws/install/planner_msgs/lib/python3.12/site-packages/planner_msgs-0.0.0-py3.12.egg-info\n'}
[1.667172] (planner_msgs) StdoutLine: {'line': b'-- Installing: /root/-px4-3d-path-planner/ros2_ws/install/planner_msgs/lib/python3.12/site-packages/planner_msgs-0.0.0-py3.12.egg-info/dependency_links.txt\n'}
[1.667517] (planner_msgs) StdoutLine: {'line': b'-- Installing: /root/-px4-3d-path-planner/ros2_ws/install/planner_msgs/lib/python3.12/site-packages/planner_msgs-0.0.0-py3.12.egg-info/top_level.txt\n'}
[1.667813] (planner_msgs) StdoutLine: {'line': b'-- Installing: /root/-px4-3d-path-planner/ros2_ws/install/planner_msgs/lib/python3.12/site-packages/planner_msgs-0.0.0-py3.12.egg-info/PKG-INFO\n'}
[1.668141] (planner_msgs) StdoutLine: {'line': b'-- Installing: /root/-px4-3d-path-planner/ros2_ws/install/planner_msgs/lib/python3.12/site-packages/planner_msgs-0.0.0-py3.12.egg-info/SOURCES.txt\n'}
[1.668577] (planner_msgs) StdoutLine: {'line': b'-- Up-to-date: /root/-px4-3d-path-planner/ros2_ws/install/planner_msgs/lib/python3.12/site-packages/planner_msgs\n'}
[1.669205] (planner_msgs) StdoutLine: {'line': b'-- Up-to-date: /root/-px4-3d-path-planner/ros2_ws/install/planner_msgs/lib/python3.12/site-packages/planner_msgs/_planner_msgs_s.ep.rosidl_typesupport_c.c\n'}
[1.669493] (planner_msgs) StdoutLine: {'line': b'-- Up-to-date: /root/-px4-3d-path-planner/ros2_ws/install/planner_msgs/lib/python3.12/site-packages/planner_msgs/planner_msgs_s__rosidl_typesupport_c.so\n'}
[1.669803] (planner_msgs) StdoutLine: {'line': b'-- Up-to-date: /root/-px4-3d-path-planner/ros2_ws/install/planner_msgs/lib/python3.12/site-packages/planner_msgs/__init__.py\n'}
[1.670017] (planner_msgs) StdoutLine: {'line': b'-- Up-to-date: /root/-px4-3d-path-planner/ros2_ws/install/planner_msgs/lib/python3.12/site-packages/planner_msgs/srv\n'}
[1.670298] (planner_msgs) StdoutLine: {'line': b'-- Up-to-date: /root/-px4-3d-path-planner/ros2_ws/install/planner_msgs/lib/python3.12/site-packages/planner_msgs/srv/__init__.py\n'}
[1.670580] (planner_msgs) StdoutLine: {'line': b'-- Up-to-date: /root/-px4-3d-path-planner/ros2_ws/install/planner_msgs/lib/python3.12/site-packages/planner_msgs/srv/_plan_path_s.c\n'}
[1.670753] (planner_msgs) StdoutLine: {'line': b'-- Up-to-date: /root/-px4-3d-path-planner/ros2_ws/install/planner_msgs/lib/python3.12/site-packages/planner_msgs/srv/_plan_path.py\n'}
[1.670904] (planner_msgs) StdoutLine: {'line': b'-- Up-to-date: /root/-px4-3d-path-planner/ros2_ws/install/planner_msgs/lib/python3.12/site-packages/planner_msgs/msg\n'}
[1.688704] (planner_msgs) StdoutLine: {'line': b'-- Up-to-date: /root/-px4-3d-path-planner/ros2_ws/install/planner_msgs/lib/python3.12/site-packages/planner_msgs/msg/_no_fly_zone_array.py\n'}
[1.689083] (planner_msgs) StdoutLine: {'line': b'-- Up-to-date: /root/-px4-3d-path-planner/ros2_ws/install/planner_msgs/lib/python3.12/site-packages/planner_msgs/msg/__init__.py\n'}
[1.689394] (planner_msgs) StdoutLine: {'line': b'-- Up-to-date: /root/-px4-3d-path-planner/ros2_ws/install/planner_msgs/lib/python3.12/site-packages/planner_msgs/msg/_no_fly_zone.py\n'}
[1.689577] (planner_msgs) StdoutLine: {'line': b'-- Up-to-date: /root/-px4-3d-path-planner/ros2_ws/install/planner_msgs/lib/python3.12/site-packages/planner_msgs/msg/_no_fly_zone_s.c\n'}
[1.689820] (planner_msgs) StdoutLine: {'line': b'-- Up-to-date: /root/-px4-3d-path-planner/ros2_ws/install/planner_msgs/lib/python3.12/site-packages/planner_msgs/msg/_no_fly_zone_array_s.c\n'}
[1.690006] (planner_msgs) StdoutLine: {'line': b'-- Up-to-date: /root/-px4-3d-path-planner/ros2_ws/install/planner_msgs/lib/python3.12/site-packages/planner_msgs/planner_msgs_s__rosidl_typesupport_introspection_c.so\n'}
[1.690169] (planner_msgs) StdoutLine: {'line': b'-- Up-to-date: /root/-px4-3d-path-planner/ros2_ws/install/planner_msgs/lib/python3.12/site-packages/planner_msgs/planner_msgs_s__rosidl_typesupport_fastrtps_c.so\n'}
[1.690321] (planner_msgs) StdoutLine: {'line': b'-- Up-to-date: /root/-px4-3d-path-planner/ros2_ws/install/planner_msgs/lib/python3.12/site-packages/planner_msgs/_planner_msgs_s.ep.rosidl_typesupport_introspection_c.c\n'}
[1.690536] (planner_msgs) StdoutLine: {'line': b'-- Up-to-date: /root/-px4-3d-path-planner/ros2_ws/install/planner_msgs/lib/python3.12/site-packages/planner_msgs/_planner_msgs_s.ep.rosidl_typesupport_fastrtps_c.c\n'}
[1.703156] (-) TimerEvent: {}
[1.785405] (planner_msgs) StdoutLine: {'line': b"Listing '/root/-px4-3d-path-planner/ros2_ws/install/planner_msgs/lib/python3.12/site-packages/planner_msgs'...\n"}
[1.785674] (planner_msgs) StdoutLine: {'line': b"Listing '/root/-px4-3d-path-planner/ros2_ws/install/planner_msgs/lib/python3.12/site-packages/planner_msgs/msg'...\n"}
[1.785841] (planner_msgs) StdoutLine: {'line': b"Listing '/root/-px4-3d-path-planner/ros2_ws/install/planner_msgs/lib/python3.12/site-packages/planner_msgs/srv'...\n"}
[1.794403] (planner_msgs) StdoutLine: {'line': b'-- Up-to-date: /root/-px4-3d-path-planner/ros2_ws/install/planner_msgs/lib/python3.12/site-packages/planner_msgs/planner_msgs_s__rosidl_typesupport_fastrtps_c.so\n'}
[1.795644] (planner_msgs) StdoutLine: {'line': b'-- Up-to-date: /root/-px4-3d-path-planner/ros2_ws/install/planner_msgs/lib/python3.12/site-packages/planner_msgs/planner_msgs_s__rosidl_typesupport_introspection_c.so\n'}
[1.797125] (planner_msgs) StdoutLine: {'line': b'-- Up-to-date: /root/-px4-3d-path-planner/ros2_ws/install/planner_msgs/lib/python3.12/site-packages/planner_msgs/planner_msgs_s__rosidl_typesupport_c.so\n'}
[1.803329] (-) TimerEvent: {}
[1.814486] (planner_msgs) StdoutLine: {'line': b'-- Up-to-date: /root/-px4-3d-path-planner/ros2_ws/install/planner_msgs/lib/libplanner_msgs__rosidl_generator_py.so\n'}
[1.815679] (planner_msgs) StdoutLine: {'line': b'-- Up-to-date: /root/-px4-3d-path-planner/ros2_ws/install/planner_msgs/share/ament_index/resource_index/rust_packages/planner_msgs\n'}
[1.816135] (planner_msgs) StdoutLine: {'line': b'-- Up-to-date: /root/-px4-3d-path-planner/ros2_ws/install/planner_msgs/share/planner_msgs/rust\n'}
[1.816378] (planner_msgs) StdoutLine: {'line': b'-- Up-to-date: /root/-px4-3d-path-planner/ros2_ws/install/planner_msgs/share/planner_msgs/rust/build.rs\n'}
[1.816622] (planner_msgs) StdoutLine: {'line': b'-- Up-to-date: /root/-px4-3d-path-planner/ros2_ws/install/planner_msgs/share/planner_msgs/rust/Cargo.toml\n'}
[1.816985] (planner_msgs) StdoutLine: {'line': b'-- Up-to-date: /root/-px4-3d-path-planner/ros2_ws/install/planner_msgs/share/planner_msgs/rust/src\n'}
[1.817289] (planner_msgs) StdoutLine: {'line': b'-- Up-to-date: /root/-px4-3d-path-planner/ros2_ws/install/planner_msgs/share/planner_msgs/rust/src/srv.rs\n'}
[1.817549] (planner_msgs) StdoutLine: {'line': b'-- Up-to-date: /root/-px4-3d-path-planner/ros2_ws/install/planner_msgs/share/planner_msgs/rust/src/srv\n'}
[1.818054] (planner_msgs) StdoutLine: {'line': b'-- Up-to-date: /root/-px4-3d-path-planner/ros2_ws/install/planner_msgs/share/planner_msgs/rust/src/srv/rmw.rs\n'}
[1.818484] (planner_msgs) StdoutLine: {'line': b'-- Up-to-date: /root/-px4-3d-path-planner/ros2_ws/install/planner_msgs/share/planner_msgs/rust/src/lib.rs\n'}
[1.818662] (planner_msgs) StdoutLine: {'line': b'-- Up-to-date: /root/-px4-3d-path-planner/ros2_ws/install/planner_msgs/share/planner_msgs/rust/src/msg\n'}
[1.818972] (planner_msgs) StdoutLine: {'line': b'-- Up-to-date: /root/-px4-3d-path-planner/ros2_ws/install/planner_msgs/share/planner_msgs/rust/src/msg/rmw.rs\n'}
[1.819217] (planner_msgs) StdoutLine: {'line': b'-- Up-to-date: /root/-px4-3d-path-planner/ros2_ws/install/planner_msgs/share/planner_msgs/rust/src/msg.rs\n'}
[1.819495] (planner_msgs) StdoutLine: {'line': b'-- Up-to-date: /root/-px4-3d-path-planner/ros2_ws/install/planner_msgs/share/planner_msgs/msg/NoFlyZone.idl\n'}
[1.819768] (planner_msgs) StdoutLine: {'line': b'-- Up-to-date: /root/-px4-3d-path-planner/ros2_ws/install/planner_msgs/share/planner_msgs/msg/NoFlyZoneArray.idl\n'}
[1.819971] (planner_msgs) StdoutLine: {'line': b'-- Up-to-date: /root/-px4-3d-path-planner/ros2_ws/install/planner_msgs/share/planner_msgs/srv/PlanPath.idl\n'}
[1.820423] (planner_msgs) StdoutLine: {'line': b'-- Up-to-date: /root/-px4-3d-path-planner/ros2_ws/install/planner_msgs/share/planner_msgs/msg/NoFlyZone.msg\n'}
[1.820602] (planner_msgs) StdoutLine: {'line': b'-- Up-to-date: /root/-px4-3d-path-planner/ros2_ws/install/planner_msgs/share/planner_msgs/msg/NoFlyZoneArray.msg\n'}
[1.820909] (planner_msgs) StdoutLine: {'line': b'-- Up-to-date: /root/-px4-3d-path-planner/ros2_ws/install/planner_msgs/share/planner_msgs/srv/PlanPath.srv\n'}
[1.821232] (planner_msgs) StdoutLine: {'line': b'-- Up-to-date: /root/-px4-3d-path-planner/ros2_ws/install/planner_msgs/share/ament_index/resource_index/package_run_dependencies/planner_msgs\n'}
[1.821879] (planner_msgs) StdoutLine: {'line': b'-- Up-to-date: /root/-px4-3d-path-planner/ros2_ws/install/planner_msgs/share/ament_index/resource_index/parent_prefix_path/planner_msgs\n'}
[1.822209] (planner_msgs) StdoutLine: {'line': b'-- Up-to-date: /root/-px4-3d-path-planner/ros2_ws/install/planner_msgs/share/planner_msgs/environment/ament_prefix_path.sh\n'}
[1.822505] (planner_msgs) StdoutLine: {'line': b'-- Up-to-date: /root/-px4-3d-path-planner/ros2_ws/install/planner_msgs/share/planner_msgs/environment/ament_prefix_path.dsv\n'}
[1.822805] (planner_msgs) StdoutLine: {'line': b'-- Up-to-date: /root/-px4-3d-path-planner/ros2_ws/install/planner_msgs/share/planner_msgs/environment/path.sh\n'}
[1.823065] (planner_msgs) StdoutLine: {'line': b'-- Up-to-date: /root/-px4-3d-path-planner/ros2_ws/install/planner_msgs/share/planner_msgs/environment/path.dsv\n'}
[1.823388] (planner_msgs) StdoutLine: {'line': b'-- Up-to-date: /root/-px4-3d-path-planner/ros2_ws/install/planner_msgs/share/planner_msgs/local_setup.bash\n'}
[1.823582] (planner_msgs) StdoutLine: {'line': b'-- Up-to-date: /root/-px4-3d-path-planner/ros2_ws/install/planner_msgs/share/planner_msgs/local_setup.sh\n'}
[1.823853] (planner_msgs) StdoutLine: {'line': b'-- Up-to-date: /root/-px4-3d-path-planner/ros2_ws/install/planner_msgs/share/planner_msgs/local_setup.zsh\n'}
[1.824116] (planner_msgs) StdoutLine: {'line': b'-- Up-to-date: /root/-px4-3d-path-planner/ros2_ws/install/planner_msgs/share/planner_msgs/local_setup.dsv\n'}
[1.824403] (planner_msgs) StdoutLine: {'line': b'-- Installing: /root/-px4-3d-path-planner/ros2_ws/install/planner_msgs/share/planner_msgs/package.dsv\n'}
[1.842159] (planner_msgs) StdoutLine: {'line': b'-- Up-to-date: /root/-px4-3d-path-planner/ros2_ws/install/planner_msgs/share/ament_index/resource_index/packages/planner_msgs\n'}
[1.857702] (planner_msgs) StdoutLine: {'line': b'-- Up-to-date: /root/-px4-3d-path-planner/ros2_ws/install/planner_msgs/share/planner_msgs/cmake/export_planner_msgs__rosidl_generator_cExport.cmake\n'}
[1.858090] (planner_msgs) StdoutLine: {'line': b'-- Up-to-date: /root/-px4-3d-path-planner/ros2_ws/install/planner_msgs/share/planner_msgs/cmake/export_planner_msgs__rosidl_generator_cExport-noconfig.cmake\n'}
[1.869854] (planner_msgs) StdoutLine: {'line': b'-- Up-to-date: /root/-px4-3d-path-planner/ros2_ws/install/planner_msgs/share/planner_msgs/cmake/export_planner_msgs__rosidl_typesupport_fastrtps_cExport.cmake\n'}
[1.870271] (planner_msgs) StdoutLine: {'line': b'-- Up-to-date: /root/-px4-3d-path-planner/ros2_ws/install/planner_msgs/share/planner_msgs/cmake/export_planner_msgs__rosidl_typesupport_fastrtps_cExport-noconfig.cmake\n'}
[1.871326] (planner_msgs) StdoutLine: {'line': b'-- Up-to-date: /root/-px4-3d-path-planner/ros2_ws/install/planner_msgs/share/planner_msgs/cmake/export_planner_msgs__rosidl_generator_cppExport.cmake\n'}
[1.872673] (planner_msgs) StdoutLine: {'line': b'-- Up-to-date: /root/-px4-3d-path-planner/ros2_ws/install/planner_msgs/share/planner_msgs/cmake/export_planner_msgs__rosidl_typesupport_fastrtps_cppExport.cmake\n'}
[1.872890] (planner_msgs) StdoutLine: {'line': b'-- Up-to-date: /root/-px4-3d-path-planner/ros2_ws/install/planner_msgs/share/planner_msgs/cmake/export_planner_msgs__rosidl_typesupport_fastrtps_cppExport-noconfig.cmake\n'}
[1.874175] (planner_msgs) StdoutLine: {'line': b'-- Up-to-date: /root/-px4-3d-path-planner/ros2_ws/install/planner_msgs/share/planner_msgs/cmake/planner_msgs__rosidl_typesupport_introspection_cExport.cmake\n'}
[1.874445] (planner_msgs) StdoutLine: {'line': b'-- Up-to-date: /root/-px4-3d-path-planner/ros2_ws/install/planner_msgs/share/planner_msgs/cmake/planner_msgs__rosidl_typesupport_introspection_cExport-noconfig.cmake\n'}
[1.875500] (planner_msgs) StdoutLine: {'line': b'-- Up-to-date: /root/-px4-3d-path-planner/ros2_ws/install/planner_msgs/share/planner_msgs/cmake/planner_msgs__rosidl_typesupport_cExport.cmake\n'}
[1.875918] (planner_msgs) StdoutLine: {'line': b'-- Up-to-date: /root/-px4-3d-path-planner/ros2_ws/install/planner_msgs/share/planner_msgs/cmake/planner_msgs__rosidl_typesupport_cExport-noconfig.cmake\n'}
[1.876913] (planner_msgs) StdoutLine: {'line': b'-- Up-to-date: /root/-px4-3d-path-planner/ros2_ws/install/planner_msgs/share/planner_msgs/cmake/planner_msgs__rosidl_typesupport_introspection_cppExport.cmake\n'}
[1.877263] (planner_msgs) StdoutLine: {'line': b'-- Up-to-date: /root/-px4-3d-path-planner/ros2_ws/install/planner_msgs/share/planner_msgs/cmake/planner_msgs__rosidl_typesupport_introspection_cppExport-noconfig.cmake\n'}
[1.884387] (planner_msgs) StdoutLine: {'line': b'-- Up-to-date: /root/-px4-3d-path-planner/ros2_ws/install/planner_msgs/share/planner_msgs/cmake/planner_msgs__rosidl_typesupport_cppExport.cmake\n'}
[1.884778] (planner_msgs) StdoutLine: {'line': b'-- Up-to-date: /root/-px4-3d-path-planner/ros2_ws/install/planner_msgs/share/planner_msgs/cmake/planner_msgs__rosidl_typesupport_cppExport-noconfig.cmake\n'}
[1.885775] (planner_msgs) StdoutLine: {'line': b'-- Up-to-date: /root/-px4-3d-path-planner/ros2_ws/install/planner_msgs/share/planner_msgs/cmake/export_planner_msgs__rosidl_generator_pyExport.cmake\n'}
[1.886085] (planner_msgs) StdoutLine: {'line': b'-- Up-to-date: /root/-px4-3d-path-planner/ros2_ws/install/planner_msgs/share/planner_msgs/cmake/export_planner_msgs__rosidl_generator_pyExport-noconfig.cmake\n'}
[1.886388] (planner_msgs) StdoutLine: {'line': b'-- Up-to-date: /root/-px4-3d-path-planner/ros2_ws/install/planner_msgs/share/planner_msgs/cmake/rosidl_cmake-extras.cmake\n'}
[1.886653] (planner_msgs) StdoutLine: {'line': b'-- Up-to-date: /root/-px4-3d-path-planner/ros2_ws/install/planner_msgs/share/planner_msgs/cmake/ament_cmake_export_dependencies-extras.cmake\n'}
[1.886983] (planner_msgs) StdoutLine: {'line': b'-- Up-to-date: /root/-px4-3d-path-planner/ros2_ws/install/planner_msgs/share/planner_msgs/cmake/ament_cmake_export_include_directories-extras.cmake\n'}
[1.887324] (planner_msgs) StdoutLine: {'line': b'-- Up-to-date: /root/-px4-3d-path-planner/ros2_ws/install/planner_msgs/share/planner_msgs/cmake/ament_cmake_export_libraries-extras.cmake\n'}
[1.887574] (planner_msgs) StdoutLine: {'line': b'-- Up-to-date: /root/-px4-3d-path-planner/ros2_ws/install/planner_msgs/share/planner_msgs/cmake/ament_cmake_export_targets-extras.cmake\n'}
[1.887738] (planner_msgs) StdoutLine: {'line': b'-- Up-to-date: /root/-px4-3d-path-planner/ros2_ws/install/planner_msgs/share/planner_msgs/cmake/rosidl_cmake_export_typesupport_targets-extras.cmake\n'}
[1.888049] (planner_msgs) StdoutLine: {'line': b'-- Up-to-date: /root/-px4-3d-path-planner/ros2_ws/install/planner_msgs/share/planner_msgs/cmake/rosidl_cmake_export_typesupport_libraries-extras.cmake\n'}
[1.888258] (planner_msgs) StdoutLine: {'line': b'-- Up-to-date: /root/-px4-3d-path-planner/ros2_ws/install/planner_msgs/share/planner_msgs/cmake/planner_msgsConfig.cmake\n'}
[1.888559] (planner_msgs) StdoutLine: {'line': b'-- Up-to-date: /root/-px4-3d-path-planner/ros2_ws/install/planner_msgs/share/planner_msgs/cmake/planner_msgsConfig-version.cmake\n'}
[1.888724] (planner_msgs) StdoutLine: {'line': b'-- Up-to-date: /root/-px4-3d-path-planner/ros2_ws/install/planner_msgs/share/planner_msgs/package.xml\n'}
[1.894202] (planner_msgs) CommandEnded: {'returncode': 0}
[1.903461] (-) TimerEvent: {}
[1.965773] (planner_msgs) JobEnded: {'identifier': 'planner_msgs', 'rc': 0}
[1.967685] (global_planner) JobStarted: {'identifier': 'global_planner'}
[2.003584] (-) TimerEvent: {}
[2.103901] (-) TimerEvent: {}
[2.204291] (-) TimerEvent: {}
[2.304661] (-) TimerEvent: {}
[2.405067] (-) TimerEvent: {}
[2.505475] (-) TimerEvent: {}
[2.605847] (-) TimerEvent: {}
[2.706233] (-) TimerEvent: {}
[2.806577] (-) TimerEvent: {}
[2.906992] (-) TimerEvent: {}
[3.007324] (-) TimerEvent: {}
[3.107701] (-) TimerEvent: {}
[3.208033] (-) TimerEvent: {}
[3.308402] (-) TimerEvent: {}
[3.408692] (-) TimerEvent: {}
[3.509030] (-) TimerEvent: {}
[3.609365] (-) TimerEvent: {}
[3.709736] (-) TimerEvent: {}
[3.810104] (-) TimerEvent: {}
[3.910474] (-) TimerEvent: {}
[4.010848] (-) TimerEvent: {}
[4.111222] (-) TimerEvent: {}
[4.211589] (-) TimerEvent: {}
[4.311924] (-) TimerEvent: {}
[4.412320] (-) TimerEvent: {}
[4.512612] (-) TimerEvent: {}
[4.613016] (-) TimerEvent: {}
[4.713398] (-) TimerEvent: {}
[4.768450] (global_planner) Command: {'cmd': ['/usr/bin/python3', '-W', 'ignore:setup.py install is deprecated', '-W', 'ignore:easy_install command is deprecated', 'setup.py', 'egg_info', '--egg-base', '../../build/global_planner', 'build', '--build-base', '/root/-px4-3d-path-planner/ros2_ws/build/global_planner/build', 'install', '--record', '/root/-px4-3d-path-planner/ros2_ws/build/global_planner/install.log', '--single-version-externally-managed', 'install_data'], 'cwd': '/root/-px4-3d-path-planner/ros2_ws/src/global_planner', 'env': {'GZ_SIM_RESOURCE_PATH': '/opt/ros/jazzy/share', 'GZ_CONFIG_PATH': '/opt/ros/jazzy/opt/gz_sim_vendor/share/gz:/opt/ros/jazzy/opt/sdformat_vendor/share/gz:/opt/ros/jazzy/opt/gz_gui_vendor/share/gz:/opt/ros/jazzy/opt/gz_transport_vendor/share/gz:/opt/ros/jazzy/opt/gz_rendering_vendor/share/gz:/opt/ros/jazzy/opt/gz_plugin_vendor/share/gz:/opt/ros/jazzy/opt/gz_fuel_tools_vendor/share/gz:/opt/ros/jazzy/opt/gz_msgs_vendor/share/gz:/opt/ros/jazzy/opt/gz_common_vendor/share/gz', 'HOSTNAME': 'd8d69c63851e', 'SHLVL': '0', 'LD_LIBRARY_PATH': '/root/-px4-3d-path-planner/ros2_ws/install/planner_msgs/lib:/opt/ros/jazzy/opt/gz_sim_vendor/lib:/opt/ros/jazzy/opt/gz_sensors_vendor/lib:/opt/ros/jazzy/opt/gz_physics_vendor/lib:/opt/ros/jazzy/opt/sdformat_vendor/lib:/opt/ros/jazzy/opt/rviz_ogre_vendor/lib:/opt/ros/jazzy/lib/x86_64-linux-gnu:/opt/ros/jazzy/opt/gz_gui_vendor/lib:/opt/ros/jazzy/opt/gz_transport_vendor/lib:/opt/ros/jazzy/opt/gz_rendering_vendor/lib:/opt/ros/jazzy/opt/gz_plugin_vendor/lib:/opt/ros/jazzy/opt/gz_fuel_tools_vendor/lib:/opt/ros/jazzy/opt/gz_msgs_vendor/lib:/opt/ros/jazzy/opt/gz_common_vendor/lib:/opt/ros/jazzy/opt/gz_math_vendor/lib:/opt/ros/jazzy/opt/gz_utils_vendor/lib:/opt/ros/jazzy/opt/gz_tools_vendor/lib:/opt/ros/jazzy/opt/gz_ogre_next_vendor/lib:/opt/ros/jazzy/opt/gz_dartsim_vendor/lib:/opt/ros/jazzy/opt/gz_cmake_vendor/lib:/opt/ros/jazzy/lib', 'HOME': '/root', 'OLDPWD': '/root/-px4-3d-path-planner', 'ROS_PYTHON_VERSION': '3', 'ROS_DISTRO': 'jazzy', '_': '/usr/bin/colcon', 'ROS_VERSION': '2', 'TERM': 'xterm', 'PATH': '/opt/ros/jazzy/opt/gz_msgs_vendor/bin:/opt/ros/jazzy/opt/gz_tools_vendor/bin:/opt/ros/jazzy/opt/gz_ogre_next_vendor/bin:/opt/ros/jazzy/bin:/usr/local/sbin:/usr/local/bin:/usr/sbin:/usr/bin:/sbin:/bin', 'DISPLAY': ':1', 'LANG': 'en_US.UTF-8', 'AMENT_PREFIX_PATH': '/root/-px4-3d-path-planner/ros2_ws/install/planner_msgs:/opt/ros/jazzy', 'DEBIAN_FRONTEND': 'noninteractive', 'ROS_AUTOMATIC_DISCOVERY_RANGE': 'SUBNET', 'PWD': '/root/-px4-3d-path-planner/ros2_ws/build/global_planner', 'LC_ALL': 'C.UTF-8', 'XDG_DATA_DIRS': '/usr/share/gnome:/usr/local/share/:/usr/share/', 'PYTHONPATH': '/root/-px4-3d-path-planner/ros2_ws/build/global_planner/prefix_override:/usr/lib/python3/dist-packages/colcon_core/task/python/colcon_distutils_commands:/root/-px4-3d-path-planner/ros2_ws/install/global_planner/lib/python3.12/site-packages:/root/-px4-3d-path-planner/ros2_ws/install/planner_msgs/lib/python3.12/site-packages:/opt/ros/jazzy/lib/python3.12/site-packages', 'COLCON': '1', 'CMAKE_PREFIX_PATH': '/root/-px4-3d-path-planner/ros2_ws/install/planner_msgs:/opt/ros/jazzy/opt/gz_sim_vendor:/opt/ros/jazzy/opt/gz_sensors_vendor:/opt/ros/jazzy/opt/gz_physics_vendor:/opt/ros/jazzy/opt/sdformat_vendor:/opt/ros/jazzy/opt/gz_gui_vendor:/opt/ros/jazzy/opt/gz_transport_vendor:/opt/ros/jazzy/opt/gz_rendering_vendor:/opt/ros/jazzy/opt/gz_plugin_vendor:/opt/ros/jazzy/opt/gz_fuel_tools_vendor:/opt/ros/jazzy/opt/gz_msgs_vendor:/opt/ros/jazzy/opt/gz_common_vendor:/opt/ros/jazzy/opt/gz_math_vendor:/opt/ros/jazzy/opt/gz_utils_vendor:/opt/ros/jazzy/opt/gz_tools_vendor:/opt/ros/jazzy/opt/gz_ogre_next_vendor:/opt/ros/jazzy/opt/gz_dartsim_vendor:/opt/ros/jazzy/opt/gz_cmake_vendor'}, 'shell': False}
[4.813548] (-) TimerEvent: {}
[4.913863] (-) TimerEvent: {}
[5.014263] (-) TimerEvent: {}
[5.109688] (global_planner) StdoutLine: {'line': b'running egg_info\n'}
[5.114428] (-) TimerEvent: {}
[5.214775] (-) TimerEvent: {}
[5.220281] (global_planner) StdoutLine: {'line': b'writing ../../build/global_planner/global_planner.egg-info/PKG-INFO\n'}
[5.221390] (global_planner) StdoutLine: {'line': b'writing dependency_links to ../../build/global_planner/global_planner.egg-info/dependency_links.txt\n'}
[5.221801] (global_planner) StdoutLine: {'line': b'writing entry points to ../../build/global_planner/global_planner.egg-info/entry_points.txt\n'}
[5.222030] (global_planner) StdoutLine: {'line': b'writing requirements to ../../build/global_planner/global_planner.egg-info/requires.txt\n'}
[5.222190] (global_planner) StdoutLine: {'line': b'writing top-level names to ../../build/global_planner/global_planner.egg-info/top_level.txt\n'}
[5.270795] (global_planner) StdoutLine: {'line': b"reading manifest file '../../build/global_planner/global_planner.egg-info/SOURCES.txt'\n"}
[5.285057] (global_planner) StdoutLine: {'line': b"writing manifest file '../../build/global_planner/global_planner.egg-info/SOURCES.txt'\n"}
[5.285328] (global_planner) StdoutLine: {'line': b'running build\n'}
[5.285644] (global_planner) StdoutLine: {'line': b'running build_py\n'}
[5.289360] (global_planner) StdoutLine: {'line': b'running install\n'}
[5.296197] (global_planner) StdoutLine: {'line': b'running install_lib\n'}
[5.314971] (-) TimerEvent: {}
[5.330305] (global_planner) StdoutLine: {'line': b'running install_data\n'}
[5.332011] (global_planner) StdoutLine: {'line': b'running install_egg_info\n'}
[5.357171] (global_planner) StdoutLine: {'line': b"removing '/root/-px4-3d-path-planner/ros2_ws/install/global_planner/lib/python3.12/site-packages/global_planner-0.0.0-py3.12.egg-info' (and everything under it)\n"}
[5.357564] (global_planner) StdoutLine: {'line': b'Copying ../../build/global_planner/global_planner.egg-info to /root/-px4-3d-path-planner/ros2_ws/install/global_planner/lib/python3.12/site-packages/global_planner-0.0.0-py3.12.egg-info\n'}
[5.373654] (global_planner) StdoutLine: {'line': b'running install_scripts\n'}
[5.415071] (-) TimerEvent: {}
[5.447550] (global_planner) StdoutLine: {'line': b'Installing planner_node script to /root/-px4-3d-path-planner/ros2_ws/install/global_planner/lib/global_planner\n'}
[5.448533] (global_planner) StdoutLine: {'line': b"writing list of installed files to '/root/-px4-3d-path-planner/ros2_ws/build/global_planner/install.log'\n"}
[5.473677] (global_planner) CommandEnded: {'returncode': 0}
[5.487931] (global_planner) JobEnded: {'identifier': 'global_planner', 'rc': 0}
[5.490054] (-) EventReactorShutdown: {}
