[0.827s] DEBUG:colcon:Command line arguments: ['/usr/bin/colcon', 'build']
[0.827s] DEBUG:colcon:Parsed command line arguments: Namespace(log_base=None, log_level=None, verb_name='build', build_base='build', install_base='install', merge_install=False, symlink_install=False, test_result_base=None, continue_on_error=False, executor='parallel', parallel_workers=8, event_handlers=None, ignore_user_meta=False, metas=['./colcon.meta'], base_paths=['.'], packages_ignore=None, packages_ignore_regex=None, paths=None, packages_up_to=None, packages_up_to_regex=None, packages_above=None, packages_above_and_dependencies=None, packages_above_depth=None, packages_select_by_dep=None, packages_skip_by_dep=None, packages_skip_up_to=None, packages_select_build_failed=False, packages_skip_build_finished=False, packages_select_test_failures=False, packages_skip_test_passed=False, packages_select=None, packages_skip=None, packages_select_regex=None, packages_skip_regex=None, packages_start=None, packages_end=None, allow_overriding=[], cmake_args=None, cmake_target=None, cmake_target_skip_unavailable=False, cmake_clean_cache=False, cmake_clean_first=False, cmake_force_configure=False, ament_cmake_args=None, catkin_cmake_args=None, catkin_skip_building_tests=False, mixin_files=None, mixin=None, verb_parser=<colcon_mixin.mixin.mixin_argument.MixinArgumentDecorator object at 0x72ceb701eb70>, verb_extension=<colcon_core.verb.build.BuildVerb object at 0x72ceb6ff45c0>, main=<bound method BuildVerb.main of <colcon_core.verb.build.BuildVerb object at 0x72ceb6ff45c0>>, mixin_verb=('build',))
[1.374s] Level 1:colcon.colcon_core.package_discovery:discover_packages(colcon_meta) check parameters
[1.374s] Level 1:colcon.colcon_core.package_discovery:discover_packages(recursive) check parameters
[1.375s] Level 1:colcon.colcon_core.package_discovery:discover_packages(ignore) check parameters
[1.375s] Level 1:colcon.colcon_core.package_discovery:discover_packages(path) check parameters
[1.375s] Level 1:colcon.colcon_core.package_discovery:discover_packages(colcon_meta) discover
[1.375s] Level 1:colcon.colcon_core.package_discovery:discover_packages(recursive) discover
[1.375s] INFO:colcon.colcon_core.package_discovery:Crawling recursively for packages in '/root/-px4-3d-path-planner/ros2_ws'
[1.375s] Level 1:colcon.colcon_core.package_identification:_identify(.) by extensions ['ignore', 'ignore_ament_install']
[1.375s] Level 1:colcon.colcon_core.package_identification:_identify(.) by extension 'ignore'
[1.376s] Level 1:colcon.colcon_core.package_identification:_identify(.) by extension 'ignore_ament_install'
[1.376s] Level 1:colcon.colcon_core.package_identification:_identify(.) by extensions ['colcon_pkg']
[1.376s] Level 1:colcon.colcon_core.package_identification:_identify(.) by extension 'colcon_pkg'
[1.376s] Level 1:colcon.colcon_core.package_identification:_identify(.) by extensions ['colcon_meta']
[1.376s] Level 1:colcon.colcon_core.package_identification:_identify(.) by extension 'colcon_meta'
[1.376s] Level 1:colcon.colcon_core.package_identification:_identify(.) by extensions ['ros']
[1.376s] Level 1:colcon.colcon_core.package_identification:_identify(.) by extension 'ros'
[1.612s] Level 1:colcon.colcon_core.package_identification:_identify(.) by extensions ['cmake', 'python']
[1.612s] Level 1:colcon.colcon_core.package_identification:_identify(.) by extension 'cmake'
[1.612s] Level 1:colcon.colcon_core.package_identification:_identify(.) by extension 'python'
[1.612s] Level 1:colcon.colcon_core.package_identification:_identify(.) by extensions ['python_setup_py']
[1.612s] Level 1:colcon.colcon_core.package_identification:_identify(.) by extension 'python_setup_py'
[1.612s] Level 1:colcon.colcon_core.package_identification:_identify(build) by extensions ['ignore', 'ignore_ament_install']
[1.612s] Level 1:colcon.colcon_core.package_identification:_identify(build) by extension 'ignore'
[1.612s] Level 1:colcon.colcon_core.package_identification:_identify(build) ignored
[1.613s] Level 1:colcon.colcon_core.package_identification:_identify(install) by extensions ['ignore', 'ignore_ament_install']
[1.613s] Level 1:colcon.colcon_core.package_identification:_identify(install) by extension 'ignore'
[1.613s] Level 1:colcon.colcon_core.package_identification:_identify(install) ignored
[1.613s] Level 1:colcon.colcon_core.package_identification:_identify(log) by extensions ['ignore', 'ignore_ament_install']
[1.613s] Level 1:colcon.colcon_core.package_identification:_identify(log) by extension 'ignore'
[1.614s] Level 1:colcon.colcon_core.package_identification:_identify(log) ignored
[1.614s] Level 1:colcon.colcon_core.package_identification:_identify(src) by extensions ['ignore', 'ignore_ament_install']
[1.614s] Level 1:colcon.colcon_core.package_identification:_identify(src) by extension 'ignore'
[1.614s] Level 1:colcon.colcon_core.package_identification:_identify(src) by extension 'ignore_ament_install'
[1.614s] Level 1:colcon.colcon_core.package_identification:_identify(src) by extensions ['colcon_pkg']
[1.614s] Level 1:colcon.colcon_core.package_identification:_identify(src) by extension 'colcon_pkg'
[1.614s] Level 1:colcon.colcon_core.package_identification:_identify(src) by extensions ['colcon_meta']
[1.614s] Level 1:colcon.colcon_core.package_identification:_identify(src) by extension 'colcon_meta'
[1.615s] Level 1:colcon.colcon_core.package_identification:_identify(src) by extensions ['ros']
[1.615s] Level 1:colcon.colcon_core.package_identification:_identify(src) by extension 'ros'
[1.615s] Level 1:colcon.colcon_core.package_identification:_identify(src) by extensions ['cmake', 'python']
[1.615s] Level 1:colcon.colcon_core.package_identification:_identify(src) by extension 'cmake'
[1.615s] Level 1:colcon.colcon_core.package_identification:_identify(src) by extension 'python'
[1.615s] Level 1:colcon.colcon_core.package_identification:_identify(src) by extensions ['python_setup_py']
[1.615s] Level 1:colcon.colcon_core.package_identification:_identify(src) by extension 'python_setup_py'
[1.615s] Level 1:colcon.colcon_core.package_identification:_identify(src/build) by extensions ['ignore', 'ignore_ament_install']
[1.616s] Level 1:colcon.colcon_core.package_identification:_identify(src/build) by extension 'ignore'
[1.616s] Level 1:colcon.colcon_core.package_identification:_identify(src/build) ignored
[1.616s] Level 1:colcon.colcon_core.package_identification:_identify(src/global_planner) by extensions ['ignore', 'ignore_ament_install']
[1.616s] Level 1:colcon.colcon_core.package_identification:_identify(src/global_planner) by extension 'ignore'
[1.616s] Level 1:colcon.colcon_core.package_identification:_identify(src/global_planner) by extension 'ignore_ament_install'
[1.616s] Level 1:colcon.colcon_core.package_identification:_identify(src/global_planner) by extensions ['colcon_pkg']
[1.616s] Level 1:colcon.colcon_core.package_identification:_identify(src/global_planner) by extension 'colcon_pkg'
[1.616s] Level 1:colcon.colcon_core.package_identification:_identify(src/global_planner) by extensions ['colcon_meta']
[1.617s] Level 1:colcon.colcon_core.package_identification:_identify(src/global_planner) by extension 'colcon_meta'
[1.617s] Level 1:colcon.colcon_core.package_identification:_identify(src/global_planner) by extensions ['ros']
[1.617s] Level 1:colcon.colcon_core.package_identification:_identify(src/global_planner) by extension 'ros'
[1.643s] DEBUG:colcon.colcon_core.package_identification:Package 'src/global_planner' with type 'ros.ament_python' and name 'global_planner'
[1.643s] Level 1:colcon.colcon_core.package_identification:_identify(src/install) by extensions ['ignore', 'ignore_ament_install']
[1.644s] Level 1:colcon.colcon_core.package_identification:_identify(src/install) by extension 'ignore'
[1.644s] Level 1:colcon.colcon_core.package_identification:_identify(src/install) ignored
[1.644s] Level 1:colcon.colcon_core.package_identification:_identify(src/log) by extensions ['ignore', 'ignore_ament_install']
[1.644s] Level 1:colcon.colcon_core.package_identification:_identify(src/log) by extension 'ignore'
[1.644s] Level 1:colcon.colcon_core.package_identification:_identify(src/log) ignored
[1.644s] Level 1:colcon.colcon_core.package_identification:_identify(src/planner_msgs) by extensions ['ignore', 'ignore_ament_install']
[1.645s] Level 1:colcon.colcon_core.package_identification:_identify(src/planner_msgs) by extension 'ignore'
[1.645s] Level 1:colcon.colcon_core.package_identification:_identify(src/planner_msgs) by extension 'ignore_ament_install'
[1.645s] Level 1:colcon.colcon_core.package_identification:_identify(src/planner_msgs) by extensions ['colcon_pkg']
[1.645s] Level 1:colcon.colcon_core.package_identification:_identify(src/planner_msgs) by extension 'colcon_pkg'
[1.645s] Level 1:colcon.colcon_core.package_identification:_identify(src/planner_msgs) by extensions ['colcon_meta']
[1.645s] Level 1:colcon.colcon_core.package_identification:_identify(src/planner_msgs) by extension 'colcon_meta'
[1.645s] Level 1:colcon.colcon_core.package_identification:_identify(src/planner_msgs) by extensions ['ros']
[1.645s] Level 1:colcon.colcon_core.package_identification:_identify(src/planner_msgs) by extension 'ros'
[1.647s] DEBUG:colcon.colcon_core.package_identification:Package 'src/planner_msgs' with type 'ros.ament_cmake' and name 'planner_msgs'
[1.647s] Level 1:colcon.colcon_core.package_discovery:discover_packages(recursive) using defaults
[1.647s] Level 1:colcon.colcon_core.package_discovery:discover_packages(ignore) discover
[1.647s] Level 1:colcon.colcon_core.package_discovery:discover_packages(ignore) using defaults
[1.647s] Level 1:colcon.colcon_core.package_discovery:discover_packages(path) discover
[1.647s] Level 1:colcon.colcon_core.package_discovery:discover_packages(path) using defaults
[1.792s] Level 1:colcon.colcon_core.package_discovery:discover_packages(prefix_path) check parameters
[1.792s] Level 1:colcon.colcon_core.package_discovery:discover_packages(prefix_path) discover
[1.803s] DEBUG:colcon.colcon_installed_package_information.package_discovery:Found 331 installed packages in /opt/ros/jazzy
[1.805s] Level 1:colcon.colcon_core.package_discovery:discover_packages(prefix_path) using defaults
[1.898s] Level 5:colcon.colcon_core.verb:set package 'planner_msgs' build argument 'cmake_args' from command line to 'None'
[1.898s] Level 5:colcon.colcon_core.verb:set package 'planner_msgs' build argument 'cmake_target' from command line to 'None'
[1.898s] Level 5:colcon.colcon_core.verb:set package 'planner_msgs' build argument 'cmake_target_skip_unavailable' from command line to 'False'
[1.898s] Level 5:colcon.colcon_core.verb:set package 'planner_msgs' build argument 'cmake_clean_cache' from command line to 'False'
[1.898s] Level 5:colcon.colcon_core.verb:set package 'planner_msgs' build argument 'cmake_clean_first' from command line to 'False'
[1.898s] Level 5:colcon.colcon_core.verb:set package 'planner_msgs' build argument 'cmake_force_configure' from command line to 'False'
[1.898s] Level 5:colcon.colcon_core.verb:set package 'planner_msgs' build argument 'ament_cmake_args' from command line to 'None'
[1.898s] Level 5:colcon.colcon_core.verb:set package 'planner_msgs' build argument 'catkin_cmake_args' from command line to 'None'
[1.898s] Level 5:colcon.colcon_core.verb:set package 'planner_msgs' build argument 'catkin_skip_building_tests' from command line to 'False'
[1.898s] DEBUG:colcon.colcon_core.verb:Building package 'planner_msgs' with the following arguments: {'ament_cmake_args': None, 'build_base': '/root/-px4-3d-path-planner/ros2_ws/build/planner_msgs', 'catkin_cmake_args': None, 'catkin_skip_building_tests': False, 'cmake_args': None, 'cmake_clean_cache': False, 'cmake_clean_first': False, 'cmake_force_configure': False, 'cmake_target': None, 'cmake_target_skip_unavailable': False, 'install_base': '/root/-px4-3d-path-planner/ros2_ws/install/planner_msgs', 'merge_install': False, 'path': '/root/-px4-3d-path-planner/ros2_ws/src/planner_msgs', 'symlink_install': False, 'test_result_base': None}
[1.898s] Level 5:colcon.colcon_core.verb:set package 'global_planner' build argument 'cmake_args' from command line to 'None'
[1.898s] Level 5:colcon.colcon_core.verb:set package 'global_planner' build argument 'cmake_target' from command line to 'None'
[1.898s] Level 5:colcon.colcon_core.verb:set package 'global_planner' build argument 'cmake_target_skip_unavailable' from command line to 'False'
[1.898s] Level 5:colcon.colcon_core.verb:set package 'global_planner' build argument 'cmake_clean_cache' from command line to 'False'
[1.899s] Level 5:colcon.colcon_core.verb:set package 'global_planner' build argument 'cmake_clean_first' from command line to 'False'
[1.899s] Level 5:colcon.colcon_core.verb:set package 'global_planner' build argument 'cmake_force_configure' from command line to 'False'
[1.899s] Level 5:colcon.colcon_core.verb:set package 'global_planner' build argument 'ament_cmake_args' from command line to 'None'
[1.899s] Level 5:colcon.colcon_core.verb:set package 'global_planner' build argument 'catkin_cmake_args' from command line to 'None'
[1.899s] Level 5:colcon.colcon_core.verb:set package 'global_planner' build argument 'catkin_skip_building_tests' from command line to 'False'
[1.899s] DEBUG:colcon.colcon_core.verb:Building package 'global_planner' with the following arguments: {'ament_cmake_args': None, 'build_base': '/root/-px4-3d-path-planner/ros2_ws/build/global_planner', 'catkin_cmake_args': None, 'catkin_skip_building_tests': False, 'cmake_args': None, 'cmake_clean_cache': False, 'cmake_clean_first': False, 'cmake_force_configure': False, 'cmake_target': None, 'cmake_target_skip_unavailable': False, 'install_base': '/root/-px4-3d-path-planner/ros2_ws/install/global_planner', 'merge_install': False, 'path': '/root/-px4-3d-path-planner/ros2_ws/src/global_planner', 'symlink_install': False, 'test_result_base': None}
[1.899s] INFO:colcon.colcon_core.executor:Executing jobs using 'parallel' executor
[1.900s] DEBUG:colcon.colcon_parallel_executor.executor.parallel:run_until_complete
[1.900s] INFO:colcon.colcon_ros.task.ament_cmake.build:Building ROS package in '/root/-px4-3d-path-planner/ros2_ws/src/planner_msgs' with build type 'ament_cmake'
[1.900s] INFO:colcon.colcon_cmake.task.cmake.build:Building CMake package in '/root/-px4-3d-path-planner/ros2_ws/src/planner_msgs'
[1.922s] INFO:colcon.colcon_core.plugin_system:Skipping extension 'colcon_core.shell.bat': Not used on non-Windows systems
[1.922s] INFO:colcon.colcon_core.shell:Skip shell extension 'powershell' for command environment: Not usable outside of PowerShell
[1.922s] DEBUG:colcon.colcon_core.shell:Skip shell extension 'dsv' for command environment
[1.958s] DEBUG:colcon.colcon_core.event_handler.log_command:Invoking command in '/root/-px4-3d-path-planner/ros2_ws/build/planner_msgs': CMAKE_PREFIX_PATH=${CMAKE_PREFIX_PATH}:/opt/ros/jazzy /usr/bin/cmake --build /root/-px4-3d-path-planner/ros2_ws/build/planner_msgs -- -j8 -l8
[3.256s] DEBUG:colcon.colcon_core.event_handler.log_command:Invoked command in '/root/-px4-3d-path-planner/ros2_ws/build/planner_msgs' returned '0': CMAKE_PREFIX_PATH=${CMAKE_PREFIX_PATH}:/opt/ros/jazzy /usr/bin/cmake --build /root/-px4-3d-path-planner/ros2_ws/build/planner_msgs -- -j8 -l8
[3.281s] DEBUG:colcon.colcon_core.event_handler.log_command:Invoking command in '/root/-px4-3d-path-planner/ros2_ws/build/planner_msgs': CMAKE_PREFIX_PATH=${CMAKE_PREFIX_PATH}:/opt/ros/jazzy /usr/bin/cmake --install /root/-px4-3d-path-planner/ros2_ws/build/planner_msgs
[3.794s] Level 1:colcon.colcon_core.environment:create_environment_scripts_only(planner_msgs)
[3.795s] DEBUG:colcon.colcon_core.event_handler.log_command:Invoked command in '/root/-px4-3d-path-planner/ros2_ws/build/planner_msgs' returned '0': CMAKE_PREFIX_PATH=${CMAKE_PREFIX_PATH}:/opt/ros/jazzy /usr/bin/cmake --install /root/-px4-3d-path-planner/ros2_ws/build/planner_msgs
[3.819s] Level 1:colcon.colcon_core.environment:checking '/root/-px4-3d-path-planner/ros2_ws/install/planner_msgs' for CMake module files
[3.820s] Level 1:colcon.colcon_core.environment:checking '/root/-px4-3d-path-planner/ros2_ws/install/planner_msgs' for CMake config files
[3.824s] Level 1:colcon.colcon_core.shell:create_environment_hook('planner_msgs', 'cmake_prefix_path')
[3.825s] INFO:colcon.colcon_core.shell:Creating environment hook '/root/-px4-3d-path-planner/ros2_ws/install/planner_msgs/share/planner_msgs/hook/cmake_prefix_path.ps1'
[3.826s] INFO:colcon.colcon_core.shell:Creating environment descriptor '/root/-px4-3d-path-planner/ros2_ws/install/planner_msgs/share/planner_msgs/hook/cmake_prefix_path.dsv'
[3.827s] INFO:colcon.colcon_core.shell:Creating environment hook '/root/-px4-3d-path-planner/ros2_ws/install/planner_msgs/share/planner_msgs/hook/cmake_prefix_path.sh'
[3.829s] Level 1:colcon.colcon_core.environment:checking '/root/-px4-3d-path-planner/ros2_ws/install/planner_msgs/lib'
[3.829s] Level 1:colcon.colcon_core.shell:create_environment_hook('planner_msgs', 'ld_library_path_lib')
[3.829s] INFO:colcon.colcon_core.shell:Creating environment hook '/root/-px4-3d-path-planner/ros2_ws/install/planner_msgs/share/planner_msgs/hook/ld_library_path_lib.ps1'
[3.830s] INFO:colcon.colcon_core.shell:Creating environment descriptor '/root/-px4-3d-path-planner/ros2_ws/install/planner_msgs/share/planner_msgs/hook/ld_library_path_lib.dsv'
[3.831s] INFO:colcon.colcon_core.shell:Creating environment hook '/root/-px4-3d-path-planner/ros2_ws/install/planner_msgs/share/planner_msgs/hook/ld_library_path_lib.sh'
[3.832s] Level 1:colcon.colcon_core.environment:checking '/root/-px4-3d-path-planner/ros2_ws/install/planner_msgs/bin'
[3.832s] Level 1:colcon.colcon_core.environment:checking '/root/-px4-3d-path-planner/ros2_ws/install/planner_msgs/lib/pkgconfig/planner_msgs.pc'
[3.833s] Level 1:colcon.colcon_core.environment:checking '/root/-px4-3d-path-planner/ros2_ws/install/planner_msgs/lib/python3.12/site-packages'
[3.833s] Level 1:colcon.colcon_core.shell:create_environment_hook('planner_msgs', 'pythonpath')
[3.833s] INFO:colcon.colcon_core.shell:Creating environment hook '/root/-px4-3d-path-planner/ros2_ws/install/planner_msgs/share/planner_msgs/hook/pythonpath.ps1'
[3.834s] INFO:colcon.colcon_core.shell:Creating environment descriptor '/root/-px4-3d-path-planner/ros2_ws/install/planner_msgs/share/planner_msgs/hook/pythonpath.dsv'
[3.835s] INFO:colcon.colcon_core.shell:Creating environment hook '/root/-px4-3d-path-planner/ros2_ws/install/planner_msgs/share/planner_msgs/hook/pythonpath.sh'
[3.836s] Level 1:colcon.colcon_core.environment:checking '/root/-px4-3d-path-planner/ros2_ws/install/planner_msgs/bin'
[3.837s] INFO:colcon.colcon_core.shell:Creating package script '/root/-px4-3d-path-planner/ros2_ws/install/planner_msgs/share/planner_msgs/package.ps1'
[3.839s] INFO:colcon.colcon_core.shell:Creating package descriptor '/root/-px4-3d-path-planner/ros2_ws/install/planner_msgs/share/planner_msgs/package.dsv'
[3.840s] INFO:colcon.colcon_core.shell:Creating package script '/root/-px4-3d-path-planner/ros2_ws/install/planner_msgs/share/planner_msgs/package.sh'
[3.842s] INFO:colcon.colcon_core.shell:Creating package script '/root/-px4-3d-path-planner/ros2_ws/install/planner_msgs/share/planner_msgs/package.bash'
[3.843s] INFO:colcon.colcon_core.shell:Creating package script '/root/-px4-3d-path-planner/ros2_ws/install/planner_msgs/share/planner_msgs/package.zsh'
[3.844s] Level 1:colcon.colcon_core.environment:create_file_with_runtime_dependencies(/root/-px4-3d-path-planner/ros2_ws/install/planner_msgs/share/colcon-core/packages/planner_msgs)
[3.846s] Level 1:colcon.colcon_core.environment:create_environment_scripts_only(planner_msgs)
[3.846s] Level 1:colcon.colcon_core.environment:checking '/root/-px4-3d-path-planner/ros2_ws/install/planner_msgs' for CMake module files
[3.847s] Level 1:colcon.colcon_core.environment:checking '/root/-px4-3d-path-planner/ros2_ws/install/planner_msgs' for CMake config files
[3.849s] Level 1:colcon.colcon_core.shell:create_environment_hook('planner_msgs', 'cmake_prefix_path')
[3.849s] INFO:colcon.colcon_core.shell:Creating environment hook '/root/-px4-3d-path-planner/ros2_ws/install/planner_msgs/share/planner_msgs/hook/cmake_prefix_path.ps1'
[3.850s] INFO:colcon.colcon_core.shell:Creating environment descriptor '/root/-px4-3d-path-planner/ros2_ws/install/planner_msgs/share/planner_msgs/hook/cmake_prefix_path.dsv'
[3.851s] INFO:colcon.colcon_core.shell:Creating environment hook '/root/-px4-3d-path-planner/ros2_ws/install/planner_msgs/share/planner_msgs/hook/cmake_prefix_path.sh'
[3.852s] Level 1:colcon.colcon_core.environment:checking '/root/-px4-3d-path-planner/ros2_ws/install/planner_msgs/lib'
[3.852s] Level 1:colcon.colcon_core.shell:create_environment_hook('planner_msgs', 'ld_library_path_lib')
[3.852s] INFO:colcon.colcon_core.shell:Creating environment hook '/root/-px4-3d-path-planner/ros2_ws/install/planner_msgs/share/planner_msgs/hook/ld_library_path_lib.ps1'
[3.853s] INFO:colcon.colcon_core.shell:Creating environment descriptor '/root/-px4-3d-path-planner/ros2_ws/install/planner_msgs/share/planner_msgs/hook/ld_library_path_lib.dsv'
[3.854s] INFO:colcon.colcon_core.shell:Creating environment hook '/root/-px4-3d-path-planner/ros2_ws/install/planner_msgs/share/planner_msgs/hook/ld_library_path_lib.sh'
[3.855s] Level 1:colcon.colcon_core.environment:checking '/root/-px4-3d-path-planner/ros2_ws/install/planner_msgs/bin'
[3.855s] Level 1:colcon.colcon_core.environment:checking '/root/-px4-3d-path-planner/ros2_ws/install/planner_msgs/lib/pkgconfig/planner_msgs.pc'
[3.855s] Level 1:colcon.colcon_core.environment:checking '/root/-px4-3d-path-planner/ros2_ws/install/planner_msgs/lib/python3.12/site-packages'
[3.856s] Level 1:colcon.colcon_core.shell:create_environment_hook('planner_msgs', 'pythonpath')
[3.856s] INFO:colcon.colcon_core.shell:Creating environment hook '/root/-px4-3d-path-planner/ros2_ws/install/planner_msgs/share/planner_msgs/hook/pythonpath.ps1'
[3.857s] INFO:colcon.colcon_core.shell:Creating environment descriptor '/root/-px4-3d-path-planner/ros2_ws/install/planner_msgs/share/planner_msgs/hook/pythonpath.dsv'
[3.857s] INFO:colcon.colcon_core.shell:Creating environment hook '/root/-px4-3d-path-planner/ros2_ws/install/planner_msgs/share/planner_msgs/hook/pythonpath.sh'
[3.859s] Level 1:colcon.colcon_core.environment:checking '/root/-px4-3d-path-planner/ros2_ws/install/planner_msgs/bin'
[3.860s] INFO:colcon.colcon_core.shell:Creating package script '/root/-px4-3d-path-planner/ros2_ws/install/planner_msgs/share/planner_msgs/package.ps1'
[3.861s] INFO:colcon.colcon_core.shell:Creating package descriptor '/root/-px4-3d-path-planner/ros2_ws/install/planner_msgs/share/planner_msgs/package.dsv'
[3.862s] INFO:colcon.colcon_core.shell:Creating package script '/root/-px4-3d-path-planner/ros2_ws/install/planner_msgs/share/planner_msgs/package.sh'
[3.863s] INFO:colcon.colcon_core.shell:Creating package script '/root/-px4-3d-path-planner/ros2_ws/install/planner_msgs/share/planner_msgs/package.bash'
[3.864s] INFO:colcon.colcon_core.shell:Creating package script '/root/-px4-3d-path-planner/ros2_ws/install/planner_msgs/share/planner_msgs/package.zsh'
[3.865s] Level 1:colcon.colcon_core.environment:create_file_with_runtime_dependencies(/root/-px4-3d-path-planner/ros2_ws/install/planner_msgs/share/colcon-core/packages/planner_msgs)
[3.865s] INFO:colcon.colcon_ros.task.ament_python.build:Building ROS package in '/root/-px4-3d-path-planner/ros2_ws/src/global_planner' with build type 'ament_python'
[3.866s] Level 1:colcon.colcon_core.shell:create_environment_hook('global_planner', 'ament_prefix_path')
[3.866s] INFO:colcon.colcon_core.shell:Creating environment hook '/root/-px4-3d-path-planner/ros2_ws/install/global_planner/share/global_planner/hook/ament_prefix_path.ps1'
[3.881s] INFO:colcon.colcon_core.shell:Creating environment descriptor '/root/-px4-3d-path-planner/ros2_ws/install/global_planner/share/global_planner/hook/ament_prefix_path.dsv'
[3.882s] INFO:colcon.colcon_core.shell:Creating environment hook '/root/-px4-3d-path-planner/ros2_ws/install/global_planner/share/global_planner/hook/ament_prefix_path.sh'
[3.883s] INFO:colcon.colcon_core.shell:Skip shell extension 'powershell' for command environment: Not usable outside of PowerShell
[3.883s] DEBUG:colcon.colcon_core.shell:Skip shell extension 'dsv' for command environment
[4.262s] INFO:colcon.colcon_core.task.python.build:Building Python package in '/root/-px4-3d-path-planner/ros2_ws/src/global_planner'
[4.263s] INFO:colcon.colcon_core.shell:Skip shell extension 'powershell' for command environment: Not usable outside of PowerShell
[4.263s] DEBUG:colcon.colcon_core.shell:Skip shell extension 'dsv' for command environment
[6.671s] DEBUG:colcon.colcon_core.event_handler.log_command:Invoking command in '/root/-px4-3d-path-planner/ros2_ws/src/global_planner': AMENT_PREFIX_PATH=/root/-px4-3d-path-planner/ros2_ws/install/planner_msgs:${AMENT_PREFIX_PATH} CMAKE_PREFIX_PATH=/root/-px4-3d-path-planner/ros2_ws/install/planner_msgs:${CMAKE_PREFIX_PATH} LD_LIBRARY_PATH=/root/-px4-3d-path-planner/ros2_ws/install/planner_msgs/lib:${LD_LIBRARY_PATH} PYTHONPATH=/root/-px4-3d-path-planner/ros2_ws/build/global_planner/prefix_override:/usr/lib/python3/dist-packages/colcon_core/task/python/colcon_distutils_commands:/root/-px4-3d-path-planner/ros2_ws/install/global_planner/lib/python3.12/site-packages:/root/-px4-3d-path-planner/ros2_ws/install/planner_msgs/lib/python3.12/site-packages:${PYTHONPATH} /usr/bin/python3 -W ignore:setup.py install is deprecated -W ignore:easy_install command is deprecated setup.py egg_info --egg-base ../../build/global_planner build --build-base /root/-px4-3d-path-planner/ros2_ws/build/global_planner/build install --record /root/-px4-3d-path-planner/ros2_ws/build/global_planner/install.log --single-version-externally-managed install_data
[7.374s] Level 1:colcon.colcon_core.environment:checking '/root/-px4-3d-path-planner/ros2_ws/install/global_planner' for CMake module files
[7.375s] DEBUG:colcon.colcon_core.event_handler.log_command:Invoked command in '/root/-px4-3d-path-planner/ros2_ws/src/global_planner' returned '0': AMENT_PREFIX_PATH=/root/-px4-3d-path-planner/ros2_ws/install/planner_msgs:${AMENT_PREFIX_PATH} CMAKE_PREFIX_PATH=/root/-px4-3d-path-planner/ros2_ws/install/planner_msgs:${CMAKE_PREFIX_PATH} LD_LIBRARY_PATH=/root/-px4-3d-path-planner/ros2_ws/install/planner_msgs/lib:${LD_LIBRARY_PATH} PYTHONPATH=/root/-px4-3d-path-planner/ros2_ws/build/global_planner/prefix_override:/usr/lib/python3/dist-packages/colcon_core/task/python/colcon_distutils_commands:/root/-px4-3d-path-planner/ros2_ws/install/global_planner/lib/python3.12/site-packages:/root/-px4-3d-path-planner/ros2_ws/install/planner_msgs/lib/python3.12/site-packages:${PYTHONPATH} /usr/bin/python3 -W ignore:setup.py install is deprecated -W ignore:easy_install command is deprecated setup.py egg_info --egg-base ../../build/global_planner build --build-base /root/-px4-3d-path-planner/ros2_ws/build/global_planner/build install --record /root/-px4-3d-path-planner/ros2_ws/build/global_planner/install.log --single-version-externally-managed install_data
[7.376s] Level 1:colcon.colcon_core.environment:checking '/root/-px4-3d-path-planner/ros2_ws/install/global_planner' for CMake config files
[7.378s] Level 1:colcon.colcon_core.environment:checking '/root/-px4-3d-path-planner/ros2_ws/install/global_planner/lib'
[7.378s] Level 1:colcon.colcon_core.environment:checking '/root/-px4-3d-path-planner/ros2_ws/install/global_planner/bin'
[7.378s] Level 1:colcon.colcon_core.environment:checking '/root/-px4-3d-path-planner/ros2_ws/install/global_planner/lib/pkgconfig/global_planner.pc'
[7.379s] Level 1:colcon.colcon_core.environment:checking '/root/-px4-3d-path-planner/ros2_ws/install/global_planner/lib/python3.12/site-packages'
[7.379s] Level 1:colcon.colcon_core.shell:create_environment_hook('global_planner', 'pythonpath')
[7.379s] INFO:colcon.colcon_core.shell:Creating environment hook '/root/-px4-3d-path-planner/ros2_ws/install/global_planner/share/global_planner/hook/pythonpath.ps1'
[7.380s] INFO:colcon.colcon_core.shell:Creating environment descriptor '/root/-px4-3d-path-planner/ros2_ws/install/global_planner/share/global_planner/hook/pythonpath.dsv'
[7.381s] INFO:colcon.colcon_core.shell:Creating environment hook '/root/-px4-3d-path-planner/ros2_ws/install/global_planner/share/global_planner/hook/pythonpath.sh'
[7.383s] Level 1:colcon.colcon_core.environment:checking '/root/-px4-3d-path-planner/ros2_ws/install/global_planner/bin'
[7.383s] Level 1:colcon.colcon_core.environment:create_environment_scripts_only(global_planner)
[7.383s] INFO:colcon.colcon_core.shell:Creating package script '/root/-px4-3d-path-planner/ros2_ws/install/global_planner/share/global_planner/package.ps1'
[7.384s] INFO:colcon.colcon_core.shell:Creating package descriptor '/root/-px4-3d-path-planner/ros2_ws/install/global_planner/share/global_planner/package.dsv'
[7.385s] INFO:colcon.colcon_core.shell:Creating package script '/root/-px4-3d-path-planner/ros2_ws/install/global_planner/share/global_planner/package.sh'
[7.386s] INFO:colcon.colcon_core.shell:Creating package script '/root/-px4-3d-path-planner/ros2_ws/install/global_planner/share/global_planner/package.bash'
[7.387s] INFO:colcon.colcon_core.shell:Creating package script '/root/-px4-3d-path-planner/ros2_ws/install/global_planner/share/global_planner/package.zsh'
[7.388s] Level 1:colcon.colcon_core.environment:create_file_with_runtime_dependencies(/root/-px4-3d-path-planner/ros2_ws/install/global_planner/share/colcon-core/packages/global_planner)
[7.388s] DEBUG:colcon.colcon_parallel_executor.executor.parallel:closing loop
[7.389s] DEBUG:colcon.colcon_parallel_executor.executor.parallel:loop closed
[7.390s] DEBUG:colcon.colcon_parallel_executor.executor.parallel:run_until_complete finished with '0'
[7.390s] DEBUG:colcon.colcon_core.event_reactor:joining thread
[7.432s] INFO:colcon.colcon_core.plugin_system:Skipping extension 'colcon_notification.desktop_notification.terminal_notifier': Not used on non-Darwin systems
[7.432s] INFO:colcon.colcon_core.plugin_system:Skipping extension 'colcon_notification.desktop_notification.win32': Not used on non-Windows systems
[7.432s] INFO:colcon.colcon_notification.desktop_notification:Sending desktop notification using 'notify2'
[7.583s] DEBUG:colcon.colcon_core.event_reactor:joined thread
[7.584s] INFO:colcon.colcon_core.shell:Creating prefix script '/root/-px4-3d-path-planner/ros2_ws/install/local_setup.ps1'
[7.603s] INFO:colcon.colcon_core.shell:Creating prefix util module '/root/-px4-3d-path-planner/ros2_ws/install/_local_setup_util_ps1.py'
[7.614s] INFO:colcon.colcon_core.shell:Creating prefix chain script '/root/-px4-3d-path-planner/ros2_ws/install/setup.ps1'
[7.616s] INFO:colcon.colcon_core.shell:Creating prefix script '/root/-px4-3d-path-planner/ros2_ws/install/local_setup.sh'
[7.620s] INFO:colcon.colcon_core.shell:Creating prefix util module '/root/-px4-3d-path-planner/ros2_ws/install/_local_setup_util_sh.py'
[7.621s] INFO:colcon.colcon_core.shell:Creating prefix chain script '/root/-px4-3d-path-planner/ros2_ws/install/setup.sh'
[7.624s] INFO:colcon.colcon_core.shell:Creating prefix script '/root/-px4-3d-path-planner/ros2_ws/install/local_setup.bash'
[7.632s] INFO:colcon.colcon_core.shell:Creating prefix chain script '/root/-px4-3d-path-planner/ros2_ws/install/setup.bash'
[7.634s] INFO:colcon.colcon_core.shell:Creating prefix script '/root/-px4-3d-path-planner/ros2_ws/install/local_setup.zsh'
[7.654s] INFO:colcon.colcon_core.shell:Creating prefix chain script '/root/-px4-3d-path-planner/ros2_ws/install/setup.zsh'
