[0.013s] Invoking command in '/root/-px4-3d-path-planner/ros2_ws/build/planner_msgs': CMAKE_PREFIX_PATH=${CMAKE_PREFIX_PATH}:/opt/ros/jazzy /usr/bin/cmake --build /root/-px4-3d-path-planner/ros2_ws/build/planner_msgs -- -j8 -l8
[0.082s] -- Found ament_cmake: 2.5.6 (/opt/ros/jazzy/share/ament_cmake/cmake)
[0.266s] -- Found builtin_interfaces: 2.0.3 (/opt/ros/jazzy/share/builtin_interfaces/cmake)
[0.327s] -- Found rosidl_generator_c: 4.6.7 (/opt/ros/jazzy/share/rosidl_generator_c/cmake)
[0.340s] -- Found rosidl_generator_cpp: 4.6.7 (/opt/ros/jazzy/share/rosidl_generator_cpp/cmake)
[0.353s] -- Using all available rosidl_typesupport_c: rosidl_typesupport_fastrtps_c;rosidl_typesupport_introspection_c
[0.368s] -- Using all available rosidl_typesupport_cpp: rosidl_typesupport_fastrtps_cpp;rosidl_typesupport_introspection_cpp
[0.381s] -- Found rosidl_default_generators: 1.6.0 (/opt/ros/jazzy/share/rosidl_default_generators/cmake)
[0.393s] -- Found rosidl_adapter: 4.6.7 (/opt/ros/jazzy/share/rosidl_adapter/cmake)
[0.395s] -- Found geometry_msgs: 5.3.7 (/opt/ros/jazzy/share/geometry_msgs/cmake)
[0.431s] -- Found nav_msgs: 5.3.7 (/opt/ros/jazzy/share/nav_msgs/cmake)
[1.331s] -- Found ament_cmake_ros: 0.12.0 (/opt/ros/jazzy/share/ament_cmake_ros/cmake)
[2.165s] -- Using all available rosidl_typesupport_c: rosidl_typesupport_fastrtps_c;rosidl_typesupport_introspection_c
[2.414s] -- Using all available rosidl_typesupport_cpp: rosidl_typesupport_fastrtps_cpp;rosidl_typesupport_introspection_cpp
[2.437s] -- Found python_cmake_module: 0.11.1 (/opt/ros/jazzy/share/python_cmake_module/cmake)
[2.910s] -- Found Python3: /usr/bin/python3 (found version "3.12.3") found components: Interpreter Development NumPy Development.Module Development.Embed 
[3.184s] -- Found Python3: /usr/bin/python3 (found version "3.12.3") found components: Interpreter 
[3.344s] -- Configuring done (3.3s)
[3.580s] -- Generating done (0.2s)
[3.615s] -- Build files have been written to: /root/-px4-3d-path-planner/ros2_ws/build/planner_msgs
[3.701s] [  2%] [34m[1mGenerating type hashes for ROS interfaces[0m
[3.702s] [  4%] [34m[1mGenerating Rust code for ROS interfaces[0m
[3.726s] [  4%] Built target ament_cmake_python_copy_planner_msgs
[4.026s] running egg_info
[4.109s] [  4%] Built target planner_msgs__rosidl_generator_type_description
[4.134s] [  6%] [34m[1mGenerating C code for ROS interfaces[0m
[4.150s] writing planner_msgs.egg-info/PKG-INFO
[4.151s] writing dependency_links to planner_msgs.egg-info/dependency_links.txt
[4.151s] writing top-level names to planner_msgs.egg-info/top_level.txt
[4.153s] [  6%] Built target planner_msgs__rs
[4.162s] [  8%] [34m[1mGenerating C++ code for ROS interfaces[0m
[4.225s] reading manifest file 'planner_msgs.egg-info/SOURCES.txt'
[4.225s] writing manifest file 'planner_msgs.egg-info/SOURCES.txt'
[4.264s] [  8%] Built target ament_cmake_python_build_planner_msgs_egg
[4.564s] [  8%] Built target planner_msgs__cpp
[4.854s] [ 11%] [32mBuilding C object CMakeFiles/planner_msgs__rosidl_generator_c.dir/rosidl_generator_c/planner_msgs/msg/detail/no_fly_zone__description.c.o[0m
[4.854s] [ 13%] [32mBuilding C object CMakeFiles/planner_msgs__rosidl_generator_c.dir/rosidl_generator_c/planner_msgs/srv/detail/plan_path__type_support.c.o[0m
[4.854s] [ 17%] [32mBuilding C object CMakeFiles/planner_msgs__rosidl_generator_c.dir/rosidl_generator_c/planner_msgs/srv/detail/plan_path__description.c.o[0m
[4.855s] [ 17%] [32mBuilding C object CMakeFiles/planner_msgs__rosidl_generator_c.dir/rosidl_generator_c/planner_msgs/msg/detail/no_fly_zone__functions.c.o[0m
[4.855s] [ 20%] [32mBuilding C object CMakeFiles/planner_msgs__rosidl_generator_c.dir/rosidl_generator_c/planner_msgs/msg/detail/no_fly_zone__type_support.c.o[0m
[4.856s] [ 22%] [32mBuilding C object CMakeFiles/planner_msgs__rosidl_generator_c.dir/rosidl_generator_c/planner_msgs/srv/detail/plan_path__functions.c.o[0m
[5.423s] [ 24%] [32m[1mLinking C shared library libplanner_msgs__rosidl_generator_c.so[0m
[5.726s] [ 24%] Built target planner_msgs__rosidl_generator_c
[5.745s] [ 26%] [34m[1mGenerating C type support dispatch for ROS interfaces[0m
[5.750s] [ 28%] [34m[1mGenerating C++ type support for eProsima Fast-RTPS[0m
[5.751s] [ 31%] [34m[1mGenerating C type support for eProsima Fast-RTPS[0m
[5.753s] [ 33%] [34m[1mGenerating C introspection for ROS interfaces[0m
[5.758s] [ 35%] [34m[1mGenerating C++ introspection for ROS interfaces[0m
[5.763s] [ 37%] [34m[1mGenerating C++ type support dispatch for ROS interfaces[0m
[6.147s] [ 40%] [32mBuilding CXX object CMakeFiles/planner_msgs__rosidl_typesupport_cpp.dir/rosidl_typesupport_cpp/planner_msgs/srv/plan_path__type_support.cpp.o[0m
[6.147s] [ 42%] [32mBuilding CXX object CMakeFiles/planner_msgs__rosidl_typesupport_cpp.dir/rosidl_typesupport_cpp/planner_msgs/msg/no_fly_zone__type_support.cpp.o[0m
[6.163s] [ 44%] [32mBuilding CXX object CMakeFiles/planner_msgs__rosidl_typesupport_c.dir/rosidl_typesupport_c/planner_msgs/msg/no_fly_zone__type_support.cpp.o[0m
[6.171s] [ 46%] [32mBuilding CXX object CMakeFiles/planner_msgs__rosidl_typesupport_c.dir/rosidl_typesupport_c/planner_msgs/srv/plan_path__type_support.cpp.o[0m
[6.230s] [ 48%] [32mBuilding CXX object CMakeFiles/planner_msgs__rosidl_typesupport_introspection_cpp.dir/rosidl_typesupport_introspection_cpp/planner_msgs/msg/detail/no_fly_zone__type_support.cpp.o[0m
[6.255s] [ 51%] [32mBuilding C object CMakeFiles/planner_msgs__rosidl_typesupport_introspection_c.dir/rosidl_typesupport_introspection_c/planner_msgs/msg/detail/no_fly_zone__type_support.c.o[0m
[6.351s] [ 53%] [32mBuilding CXX object CMakeFiles/planner_msgs__rosidl_typesupport_fastrtps_c.dir/rosidl_typesupport_fastrtps_c/planner_msgs/msg/detail/no_fly_zone__type_support_c.cpp.o[0m
[6.399s] [ 55%] [32mBuilding CXX object CMakeFiles/planner_msgs__rosidl_typesupport_fastrtps_cpp.dir/rosidl_typesupport_fastrtps_cpp/planner_msgs/msg/detail/dds_fastrtps/no_fly_zone__type_support.cpp.o[0m
[6.406s] [ 57%] [32mBuilding C object CMakeFiles/planner_msgs__rosidl_typesupport_introspection_c.dir/rosidl_typesupport_introspection_c/planner_msgs/srv/detail/plan_path__type_support.c.o[0m
[6.581s] [ 60%] [32m[1mLinking C shared library libplanner_msgs__rosidl_typesupport_introspection_c.so[0m
[6.656s] [ 60%] Built target planner_msgs__rosidl_typesupport_introspection_c
[6.678s] [ 62%] [32mBuilding CXX object CMakeFiles/planner_msgs__rosidl_typesupport_fastrtps_c.dir/rosidl_typesupport_fastrtps_c/planner_msgs/srv/detail/plan_path__type_support_c.cpp.o[0m
[6.695s] [ 64%] [32m[1mLinking CXX shared library libplanner_msgs__rosidl_typesupport_c.so[0m
[6.695s] [ 66%] [32mBuilding CXX object CMakeFiles/planner_msgs__rosidl_typesupport_introspection_cpp.dir/rosidl_typesupport_introspection_cpp/planner_msgs/srv/detail/plan_path__type_support.cpp.o[0m
[6.845s] [ 66%] Built target planner_msgs__rosidl_typesupport_c
[6.872s] [ 68%] [32mBuilding CXX object CMakeFiles/planner_msgs__rosidl_typesupport_fastrtps_cpp.dir/rosidl_typesupport_fastrtps_cpp/planner_msgs/srv/detail/dds_fastrtps/plan_path__type_support.cpp.o[0m
[7.536s] [ 71%] [32m[1mLinking CXX shared library libplanner_msgs__rosidl_typesupport_cpp.so[0m
[7.598s] [ 73%] [32m[1mLinking CXX shared library libplanner_msgs__rosidl_typesupport_introspection_cpp.so[0m
[7.660s] [ 73%] Built target planner_msgs__rosidl_typesupport_cpp
[7.682s] [ 73%] Built target planner_msgs__rosidl_typesupport_introspection_cpp
[7.694s] [ 75%] [32m[1mLinking CXX shared library libplanner_msgs__rosidl_typesupport_fastrtps_c.so[0m
[7.772s] [ 75%] Built target planner_msgs__rosidl_typesupport_fastrtps_c
[7.949s] [ 77%] [32m[1mLinking CXX shared library libplanner_msgs__rosidl_typesupport_fastrtps_cpp.so[0m
[8.087s] [ 77%] Built target planner_msgs__rosidl_typesupport_fastrtps_cpp
[8.136s] [ 77%] Built target planner_msgs
[8.185s] [ 80%] [34m[1mGenerating Python code for ROS interfaces[0m
[8.771s] [ 80%] Built target planner_msgs__py
[8.845s] [ 82%] [32mBuilding C object CMakeFiles/planner_msgs__rosidl_generator_py.dir/rosidl_generator_py/planner_msgs/msg/_no_fly_zone_s.c.o[0m
[8.845s] [ 84%] [32mBuilding C object CMakeFiles/planner_msgs__rosidl_generator_py.dir/rosidl_generator_py/planner_msgs/srv/_plan_path_s.c.o[0m
[9.861s] [ 86%] [32m[1mLinking C shared library libplanner_msgs__rosidl_generator_py.so[0m
[9.967s] [ 86%] Built target planner_msgs__rosidl_generator_py
[10.029s] [ 88%] [32mBuilding C object CMakeFiles/planner_msgs_s__rosidl_typesupport_fastrtps_c.dir/rosidl_generator_py/planner_msgs/_planner_msgs_s.ep.rosidl_typesupport_fastrtps_c.c.o[0m
[10.030s] [ 91%] [32mBuilding C object CMakeFiles/planner_msgs_s__rosidl_typesupport_introspection_c.dir/rosidl_generator_py/planner_msgs/_planner_msgs_s.ep.rosidl_typesupport_introspection_c.c.o[0m
[10.042s] [ 93%] [32mBuilding C object CMakeFiles/planner_msgs_s__rosidl_typesupport_c.dir/rosidl_generator_py/planner_msgs/_planner_msgs_s.ep.rosidl_typesupport_c.c.o[0m
[10.188s] [ 95%] [32m[1mLinking C shared module rosidl_generator_py/planner_msgs/planner_msgs_s__rosidl_typesupport_fastrtps_c.so[0m
[10.197s] [ 97%] [32m[1mLinking C shared module rosidl_generator_py/planner_msgs/planner_msgs_s__rosidl_typesupport_introspection_c.so[0m
[10.207s] [100%] [32m[1mLinking C shared module rosidl_generator_py/planner_msgs/planner_msgs_s__rosidl_typesupport_c.so[0m
[10.256s] [100%] Built target planner_msgs_s__rosidl_typesupport_fastrtps_c
[10.266s] [100%] Built target planner_msgs_s__rosidl_typesupport_introspection_c
[10.273s] [100%] Built target planner_msgs_s__rosidl_typesupport_c
[10.300s] Invoked command in '/root/-px4-3d-path-planner/ros2_ws/build/planner_msgs' returned '0': CMAKE_PREFIX_PATH=${CMAKE_PREFIX_PATH}:/opt/ros/jazzy /usr/bin/cmake --build /root/-px4-3d-path-planner/ros2_ws/build/planner_msgs -- -j8 -l8
[10.318s] Invoking command in '/root/-px4-3d-path-planner/ros2_ws/build/planner_msgs': CMAKE_PREFIX_PATH=${CMAKE_PREFIX_PATH}:/opt/ros/jazzy /usr/bin/cmake --install /root/-px4-3d-path-planner/ros2_ws/build/planner_msgs
[10.337s] -- Install configuration: ""
[10.338s] -- Installing: /root/-px4-3d-path-planner/ros2_ws/install/planner_msgs/share/ament_index/resource_index/rosidl_interfaces/planner_msgs
[10.338s] -- Installing: /root/-px4-3d-path-planner/ros2_ws/install/planner_msgs/share/planner_msgs/msg/NoFlyZone.json
[10.339s] -- Installing: /root/-px4-3d-path-planner/ros2_ws/install/planner_msgs/share/planner_msgs/srv/PlanPath.json
[10.339s] -- Up-to-date: /root/-px4-3d-path-planner/ros2_ws/install/planner_msgs/include/planner_msgs/planner_msgs
[10.339s] -- Up-to-date: /root/-px4-3d-path-planner/ros2_ws/install/planner_msgs/include/planner_msgs/planner_msgs/srv
[10.340s] -- Up-to-date: /root/-px4-3d-path-planner/ros2_ws/install/planner_msgs/include/planner_msgs/planner_msgs/srv/detail
[10.340s] -- Installing: /root/-px4-3d-path-planner/ros2_ws/install/planner_msgs/include/planner_msgs/planner_msgs/srv/detail/plan_path__functions.h
[10.340s] -- Installing: /root/-px4-3d-path-planner/ros2_ws/install/planner_msgs/include/planner_msgs/planner_msgs/srv/detail/plan_path__description.c
[10.340s] -- Installing: /root/-px4-3d-path-planner/ros2_ws/install/planner_msgs/include/planner_msgs/planner_msgs/srv/detail/plan_path__type_support.c
[10.340s] -- Installing: /root/-px4-3d-path-planner/ros2_ws/install/planner_msgs/include/planner_msgs/planner_msgs/srv/detail/plan_path__struct.h
[10.341s] -- Installing: /root/-px4-3d-path-planner/ros2_ws/install/planner_msgs/include/planner_msgs/planner_msgs/srv/detail/plan_path__functions.c
[10.341s] -- Installing: /root/-px4-3d-path-planner/ros2_ws/install/planner_msgs/include/planner_msgs/planner_msgs/srv/detail/plan_path__type_support.h
[10.341s] -- Installing: /root/-px4-3d-path-planner/ros2_ws/install/planner_msgs/include/planner_msgs/planner_msgs/srv/plan_path.h
[10.342s] -- Up-to-date: /root/-px4-3d-path-planner/ros2_ws/install/planner_msgs/include/planner_msgs/planner_msgs/msg
[10.342s] -- Up-to-date: /root/-px4-3d-path-planner/ros2_ws/install/planner_msgs/include/planner_msgs/planner_msgs/msg/detail
[10.342s] -- Installing: /root/-px4-3d-path-planner/ros2_ws/install/planner_msgs/include/planner_msgs/planner_msgs/msg/detail/no_fly_zone__type_support.c
[10.342s] -- Installing: /root/-px4-3d-path-planner/ros2_ws/install/planner_msgs/include/planner_msgs/planner_msgs/msg/detail/no_fly_zone_array__type_support.c
[10.343s] -- Installing: /root/-px4-3d-path-planner/ros2_ws/install/planner_msgs/include/planner_msgs/planner_msgs/msg/detail/no_fly_zone__description.c
[10.343s] -- Installing: /root/-px4-3d-path-planner/ros2_ws/install/planner_msgs/include/planner_msgs/planner_msgs/msg/detail/no_fly_zone__type_support.h
[10.343s] -- Up-to-date: /root/-px4-3d-path-planner/ros2_ws/install/planner_msgs/include/planner_msgs/planner_msgs/msg/detail/no_fly_zone_array__functions.h
[10.343s] -- Installing: /root/-px4-3d-path-planner/ros2_ws/install/planner_msgs/include/planner_msgs/planner_msgs/msg/detail/no_fly_zone__functions.c
[10.344s] -- Up-to-date: /root/-px4-3d-path-planner/ros2_ws/install/planner_msgs/include/planner_msgs/planner_msgs/msg/detail/no_fly_zone_array__functions.c
[10.344s] -- Up-to-date: /root/-px4-3d-path-planner/ros2_ws/install/planner_msgs/include/planner_msgs/planner_msgs/msg/detail/no_fly_zone_array__description.c
[10.344s] -- Up-to-date: /root/-px4-3d-path-planner/ros2_ws/install/planner_msgs/include/planner_msgs/planner_msgs/msg/detail/no_fly_zone_array__type_support.h
[10.344s] -- Up-to-date: /root/-px4-3d-path-planner/ros2_ws/install/planner_msgs/include/planner_msgs/planner_msgs/msg/detail/no_fly_zone_array__struct.h
[10.344s] -- Installing: /root/-px4-3d-path-planner/ros2_ws/install/planner_msgs/include/planner_msgs/planner_msgs/msg/detail/no_fly_zone__functions.h
[10.345s] -- Installing: /root/-px4-3d-path-planner/ros2_ws/install/planner_msgs/include/planner_msgs/planner_msgs/msg/detail/no_fly_zone__struct.h
[10.345s] -- Up-to-date: /root/-px4-3d-path-planner/ros2_ws/install/planner_msgs/include/planner_msgs/planner_msgs/msg/no_fly_zone_array.h
[10.345s] -- Up-to-date: /root/-px4-3d-path-planner/ros2_ws/install/planner_msgs/include/planner_msgs/planner_msgs/msg/rosidl_generator_c__visibility_control.h
[10.345s] -- Installing: /root/-px4-3d-path-planner/ros2_ws/install/planner_msgs/include/planner_msgs/planner_msgs/msg/no_fly_zone.h
[10.345s] -- Up-to-date: /root/-px4-3d-path-planner/ros2_ws/install/planner_msgs/share/planner_msgs/environment/library_path.sh
[10.346s] -- Up-to-date: /root/-px4-3d-path-planner/ros2_ws/install/planner_msgs/share/planner_msgs/environment/library_path.dsv
[10.346s] -- Installing: /root/-px4-3d-path-planner/ros2_ws/install/planner_msgs/lib/libplanner_msgs__rosidl_generator_c.so
[10.346s] -- Set non-toolchain portion of runtime path of "/root/-px4-3d-path-planner/ros2_ws/install/planner_msgs/lib/libplanner_msgs__rosidl_generator_c.so" to ""
[10.346s] -- Up-to-date: /root/-px4-3d-path-planner/ros2_ws/install/planner_msgs/include/planner_msgs/planner_msgs
[10.347s] -- Up-to-date: /root/-px4-3d-path-planner/ros2_ws/install/planner_msgs/include/planner_msgs/planner_msgs/srv
[10.347s] -- Up-to-date: /root/-px4-3d-path-planner/ros2_ws/install/planner_msgs/include/planner_msgs/planner_msgs/srv/detail
[10.347s] -- Installing: /root/-px4-3d-path-planner/ros2_ws/install/planner_msgs/include/planner_msgs/planner_msgs/srv/detail/plan_path__rosidl_typesupport_fastrtps_c.h
[10.347s] -- Up-to-date: /root/-px4-3d-path-planner/ros2_ws/install/planner_msgs/include/planner_msgs/planner_msgs/msg
[10.348s] -- Up-to-date: /root/-px4-3d-path-planner/ros2_ws/install/planner_msgs/include/planner_msgs/planner_msgs/msg/detail
[10.348s] -- Installing: /root/-px4-3d-path-planner/ros2_ws/install/planner_msgs/include/planner_msgs/planner_msgs/msg/detail/no_fly_zone__rosidl_typesupport_fastrtps_c.h
[10.348s] -- Up-to-date: /root/-px4-3d-path-planner/ros2_ws/install/planner_msgs/include/planner_msgs/planner_msgs/msg/detail/no_fly_zone_array__rosidl_typesupport_fastrtps_c.h
[10.348s] -- Up-to-date: /root/-px4-3d-path-planner/ros2_ws/install/planner_msgs/include/planner_msgs/planner_msgs/msg/rosidl_typesupport_fastrtps_c__visibility_control.h
[10.348s] -- Installing: /root/-px4-3d-path-planner/ros2_ws/install/planner_msgs/lib/libplanner_msgs__rosidl_typesupport_fastrtps_c.so
[10.349s] -- Set non-toolchain portion of runtime path of "/root/-px4-3d-path-planner/ros2_ws/install/planner_msgs/lib/libplanner_msgs__rosidl_typesupport_fastrtps_c.so" to ""
[10.349s] -- Up-to-date: /root/-px4-3d-path-planner/ros2_ws/install/planner_msgs/include/planner_msgs/planner_msgs
[10.349s] -- Up-to-date: /root/-px4-3d-path-planner/ros2_ws/install/planner_msgs/include/planner_msgs/planner_msgs/srv
[10.349s] -- Up-to-date: /root/-px4-3d-path-planner/ros2_ws/install/planner_msgs/include/planner_msgs/planner_msgs/srv/detail
[10.349s] -- Installing: /root/-px4-3d-path-planner/ros2_ws/install/planner_msgs/include/planner_msgs/planner_msgs/srv/detail/plan_path__struct.hpp
[10.350s] -- Installing: /root/-px4-3d-path-planner/ros2_ws/install/planner_msgs/include/planner_msgs/planner_msgs/srv/detail/plan_path__traits.hpp
[10.350s] -- Installing: /root/-px4-3d-path-planner/ros2_ws/install/planner_msgs/include/planner_msgs/planner_msgs/srv/detail/plan_path__builder.hpp
[10.350s] -- Installing: /root/-px4-3d-path-planner/ros2_ws/install/planner_msgs/include/planner_msgs/planner_msgs/srv/detail/plan_path__type_support.hpp
[10.350s] -- Installing: /root/-px4-3d-path-planner/ros2_ws/install/planner_msgs/include/planner_msgs/planner_msgs/srv/plan_path.hpp
[10.351s] -- Up-to-date: /root/-px4-3d-path-planner/ros2_ws/install/planner_msgs/include/planner_msgs/planner_msgs/msg
[10.351s] -- Up-to-date: /root/-px4-3d-path-planner/ros2_ws/install/planner_msgs/include/planner_msgs/planner_msgs/msg/no_fly_zone_array.hpp
[10.351s] -- Up-to-date: /root/-px4-3d-path-planner/ros2_ws/install/planner_msgs/include/planner_msgs/planner_msgs/msg/detail
[10.351s] -- Up-to-date: /root/-px4-3d-path-planner/ros2_ws/install/planner_msgs/include/planner_msgs/planner_msgs/msg/detail/no_fly_zone_array__type_support.hpp
[10.352s] -- Up-to-date: /root/-px4-3d-path-planner/ros2_ws/install/planner_msgs/include/planner_msgs/planner_msgs/msg/detail/no_fly_zone_array__struct.hpp
[10.352s] -- Installing: /root/-px4-3d-path-planner/ros2_ws/install/planner_msgs/include/planner_msgs/planner_msgs/msg/detail/no_fly_zone__traits.hpp
[10.352s] -- Installing: /root/-px4-3d-path-planner/ros2_ws/install/planner_msgs/include/planner_msgs/planner_msgs/msg/detail/no_fly_zone__struct.hpp
[10.352s] -- Installing: /root/-px4-3d-path-planner/ros2_ws/install/planner_msgs/include/planner_msgs/planner_msgs/msg/detail/no_fly_zone__builder.hpp
[10.353s] -- Up-to-date: /root/-px4-3d-path-planner/ros2_ws/install/planner_msgs/include/planner_msgs/planner_msgs/msg/detail/no_fly_zone_array__builder.hpp
[10.353s] -- Up-to-date: /root/-px4-3d-path-planner/ros2_ws/install/planner_msgs/include/planner_msgs/planner_msgs/msg/detail/no_fly_zone_array__traits.hpp
[10.353s] -- Installing: /root/-px4-3d-path-planner/ros2_ws/install/planner_msgs/include/planner_msgs/planner_msgs/msg/detail/no_fly_zone__type_support.hpp
[10.353s] -- Installing: /root/-px4-3d-path-planner/ros2_ws/install/planner_msgs/include/planner_msgs/planner_msgs/msg/rosidl_generator_cpp__visibility_control.hpp
[10.353s] -- Installing: /root/-px4-3d-path-planner/ros2_ws/install/planner_msgs/include/planner_msgs/planner_msgs/msg/no_fly_zone.hpp
[10.354s] -- Up-to-date: /root/-px4-3d-path-planner/ros2_ws/install/planner_msgs/include/planner_msgs/planner_msgs
[10.354s] -- Up-to-date: /root/-px4-3d-path-planner/ros2_ws/install/planner_msgs/include/planner_msgs/planner_msgs/srv
[10.354s] -- Up-to-date: /root/-px4-3d-path-planner/ros2_ws/install/planner_msgs/include/planner_msgs/planner_msgs/srv/detail
[10.354s] -- Up-to-date: /root/-px4-3d-path-planner/ros2_ws/install/planner_msgs/include/planner_msgs/planner_msgs/srv/detail/dds_fastrtps
[10.354s] -- Installing: /root/-px4-3d-path-planner/ros2_ws/install/planner_msgs/include/planner_msgs/planner_msgs/srv/detail/plan_path__rosidl_typesupport_fastrtps_cpp.hpp
[10.355s] -- Up-to-date: /root/-px4-3d-path-planner/ros2_ws/install/planner_msgs/include/planner_msgs/planner_msgs/msg
[10.355s] -- Up-to-date: /root/-px4-3d-path-planner/ros2_ws/install/planner_msgs/include/planner_msgs/planner_msgs/msg/detail
[10.355s] -- Up-to-date: /root/-px4-3d-path-planner/ros2_ws/install/planner_msgs/include/planner_msgs/planner_msgs/msg/detail/dds_fastrtps
[10.355s] -- Installing: /root/-px4-3d-path-planner/ros2_ws/install/planner_msgs/include/planner_msgs/planner_msgs/msg/detail/no_fly_zone__rosidl_typesupport_fastrtps_cpp.hpp
[10.356s] -- Up-to-date: /root/-px4-3d-path-planner/ros2_ws/install/planner_msgs/include/planner_msgs/planner_msgs/msg/detail/no_fly_zone_array__rosidl_typesupport_fastrtps_cpp.hpp
[10.356s] -- Up-to-date: /root/-px4-3d-path-planner/ros2_ws/install/planner_msgs/include/planner_msgs/planner_msgs/msg/rosidl_typesupport_fastrtps_cpp__visibility_control.h
[10.356s] -- Installing: /root/-px4-3d-path-planner/ros2_ws/install/planner_msgs/lib/libplanner_msgs__rosidl_typesupport_fastrtps_cpp.so
[10.356s] -- Set non-toolchain portion of runtime path of "/root/-px4-3d-path-planner/ros2_ws/install/planner_msgs/lib/libplanner_msgs__rosidl_typesupport_fastrtps_cpp.so" to ""
[10.356s] -- Up-to-date: /root/-px4-3d-path-planner/ros2_ws/install/planner_msgs/include/planner_msgs/planner_msgs
[10.357s] -- Up-to-date: /root/-px4-3d-path-planner/ros2_ws/install/planner_msgs/include/planner_msgs/planner_msgs/srv
[10.357s] -- Up-to-date: /root/-px4-3d-path-planner/ros2_ws/install/planner_msgs/include/planner_msgs/planner_msgs/srv/detail
[10.357s] -- Installing: /root/-px4-3d-path-planner/ros2_ws/install/planner_msgs/include/planner_msgs/planner_msgs/srv/detail/plan_path__rosidl_typesupport_introspection_c.h
[10.357s] -- Installing: /root/-px4-3d-path-planner/ros2_ws/install/planner_msgs/include/planner_msgs/planner_msgs/srv/detail/plan_path__type_support.c
[10.357s] -- Up-to-date: /root/-px4-3d-path-planner/ros2_ws/install/planner_msgs/include/planner_msgs/planner_msgs/msg
[10.358s] -- Up-to-date: /root/-px4-3d-path-planner/ros2_ws/install/planner_msgs/include/planner_msgs/planner_msgs/msg/rosidl_typesupport_introspection_c__visibility_control.h
[10.358s] -- Up-to-date: /root/-px4-3d-path-planner/ros2_ws/install/planner_msgs/include/planner_msgs/planner_msgs/msg/detail
[10.358s] -- Installing: /root/-px4-3d-path-planner/ros2_ws/install/planner_msgs/include/planner_msgs/planner_msgs/msg/detail/no_fly_zone__type_support.c
[10.358s] -- Installing: /root/-px4-3d-path-planner/ros2_ws/install/planner_msgs/include/planner_msgs/planner_msgs/msg/detail/no_fly_zone_array__type_support.c
[10.359s] -- Installing: /root/-px4-3d-path-planner/ros2_ws/install/planner_msgs/include/planner_msgs/planner_msgs/msg/detail/no_fly_zone__rosidl_typesupport_introspection_c.h
[10.359s] -- Up-to-date: /root/-px4-3d-path-planner/ros2_ws/install/planner_msgs/include/planner_msgs/planner_msgs/msg/detail/no_fly_zone_array__rosidl_typesupport_introspection_c.h
[10.359s] -- Installing: /root/-px4-3d-path-planner/ros2_ws/install/planner_msgs/lib/libplanner_msgs__rosidl_typesupport_introspection_c.so
[10.359s] -- Set non-toolchain portion of runtime path of "/root/-px4-3d-path-planner/ros2_ws/install/planner_msgs/lib/libplanner_msgs__rosidl_typesupport_introspection_c.so" to ""
[10.359s] -- Installing: /root/-px4-3d-path-planner/ros2_ws/install/planner_msgs/lib/libplanner_msgs__rosidl_typesupport_c.so
[10.360s] -- Set non-toolchain portion of runtime path of "/root/-px4-3d-path-planner/ros2_ws/install/planner_msgs/lib/libplanner_msgs__rosidl_typesupport_c.so" to ""
[10.360s] -- Up-to-date: /root/-px4-3d-path-planner/ros2_ws/install/planner_msgs/include/planner_msgs/planner_msgs
[10.360s] -- Up-to-date: /root/-px4-3d-path-planner/ros2_ws/install/planner_msgs/include/planner_msgs/planner_msgs/srv
[10.360s] -- Up-to-date: /root/-px4-3d-path-planner/ros2_ws/install/planner_msgs/include/planner_msgs/planner_msgs/srv/detail
[10.360s] -- Installing: /root/-px4-3d-path-planner/ros2_ws/install/planner_msgs/include/planner_msgs/planner_msgs/srv/detail/plan_path__type_support.cpp
[10.361s] -- Installing: /root/-px4-3d-path-planner/ros2_ws/install/planner_msgs/include/planner_msgs/planner_msgs/srv/detail/plan_path__rosidl_typesupport_introspection_cpp.hpp
[10.361s] -- Up-to-date: /root/-px4-3d-path-planner/ros2_ws/install/planner_msgs/include/planner_msgs/planner_msgs/msg
[10.361s] -- Up-to-date: /root/-px4-3d-path-planner/ros2_ws/install/planner_msgs/include/planner_msgs/planner_msgs/msg/detail
[10.361s] -- Installing: /root/-px4-3d-path-planner/ros2_ws/install/planner_msgs/include/planner_msgs/planner_msgs/msg/detail/no_fly_zone__type_support.cpp
[10.361s] -- Up-to-date: /root/-px4-3d-path-planner/ros2_ws/install/planner_msgs/include/planner_msgs/planner_msgs/msg/detail/no_fly_zone_array__rosidl_typesupport_introspection_cpp.hpp
[10.362s] -- Installing: /root/-px4-3d-path-planner/ros2_ws/install/planner_msgs/include/planner_msgs/planner_msgs/msg/detail/no_fly_zone__rosidl_typesupport_introspection_cpp.hpp
[10.362s] -- Up-to-date: /root/-px4-3d-path-planner/ros2_ws/install/planner_msgs/include/planner_msgs/planner_msgs/msg/detail/no_fly_zone_array__type_support.cpp
[10.362s] -- Installing: /root/-px4-3d-path-planner/ros2_ws/install/planner_msgs/lib/libplanner_msgs__rosidl_typesupport_introspection_cpp.so
[10.362s] -- Set non-toolchain portion of runtime path of "/root/-px4-3d-path-planner/ros2_ws/install/planner_msgs/lib/libplanner_msgs__rosidl_typesupport_introspection_cpp.so" to ""
[10.365s] -- Installing: /root/-px4-3d-path-planner/ros2_ws/install/planner_msgs/lib/libplanner_msgs__rosidl_typesupport_cpp.so
[10.365s] -- Set non-toolchain portion of runtime path of "/root/-px4-3d-path-planner/ros2_ws/install/planner_msgs/lib/libplanner_msgs__rosidl_typesupport_cpp.so" to ""
[10.365s] -- Up-to-date: /root/-px4-3d-path-planner/ros2_ws/install/planner_msgs/share/planner_msgs/environment/pythonpath.sh
[10.365s] -- Up-to-date: /root/-px4-3d-path-planner/ros2_ws/install/planner_msgs/share/planner_msgs/environment/pythonpath.dsv
[10.366s] -- Up-to-date: /root/-px4-3d-path-planner/ros2_ws/install/planner_msgs/lib/python3.12/site-packages/planner_msgs-0.0.0-py3.12.egg-info
[10.366s] -- Installing: /root/-px4-3d-path-planner/ros2_ws/install/planner_msgs/lib/python3.12/site-packages/planner_msgs-0.0.0-py3.12.egg-info/dependency_links.txt
[10.366s] -- Installing: /root/-px4-3d-path-planner/ros2_ws/install/planner_msgs/lib/python3.12/site-packages/planner_msgs-0.0.0-py3.12.egg-info/top_level.txt
[10.366s] -- Installing: /root/-px4-3d-path-planner/ros2_ws/install/planner_msgs/lib/python3.12/site-packages/planner_msgs-0.0.0-py3.12.egg-info/PKG-INFO
[10.367s] -- Installing: /root/-px4-3d-path-planner/ros2_ws/install/planner_msgs/lib/python3.12/site-packages/planner_msgs-0.0.0-py3.12.egg-info/SOURCES.txt
[10.367s] -- Up-to-date: /root/-px4-3d-path-planner/ros2_ws/install/planner_msgs/lib/python3.12/site-packages/planner_msgs
[10.367s] -- Installing: /root/-px4-3d-path-planner/ros2_ws/install/planner_msgs/lib/python3.12/site-packages/planner_msgs/_planner_msgs_s.ep.rosidl_typesupport_c.c
[10.367s] -- Installing: /root/-px4-3d-path-planner/ros2_ws/install/planner_msgs/lib/python3.12/site-packages/planner_msgs/planner_msgs_s__rosidl_typesupport_c.so
[10.368s] -- Installing: /root/-px4-3d-path-planner/ros2_ws/install/planner_msgs/lib/python3.12/site-packages/planner_msgs/__init__.py
[10.368s] -- Up-to-date: /root/-px4-3d-path-planner/ros2_ws/install/planner_msgs/lib/python3.12/site-packages/planner_msgs/srv
[10.368s] -- Installing: /root/-px4-3d-path-planner/ros2_ws/install/planner_msgs/lib/python3.12/site-packages/planner_msgs/srv/__init__.py
[10.368s] -- Installing: /root/-px4-3d-path-planner/ros2_ws/install/planner_msgs/lib/python3.12/site-packages/planner_msgs/srv/_plan_path_s.c
[10.368s] -- Installing: /root/-px4-3d-path-planner/ros2_ws/install/planner_msgs/lib/python3.12/site-packages/planner_msgs/srv/_plan_path.py
[10.369s] -- Up-to-date: /root/-px4-3d-path-planner/ros2_ws/install/planner_msgs/lib/python3.12/site-packages/planner_msgs/msg
[10.369s] -- Up-to-date: /root/-px4-3d-path-planner/ros2_ws/install/planner_msgs/lib/python3.12/site-packages/planner_msgs/msg/_no_fly_zone_array.py
[10.369s] -- Installing: /root/-px4-3d-path-planner/ros2_ws/install/planner_msgs/lib/python3.12/site-packages/planner_msgs/msg/__init__.py
[10.369s] -- Installing: /root/-px4-3d-path-planner/ros2_ws/install/planner_msgs/lib/python3.12/site-packages/planner_msgs/msg/_no_fly_zone.py
[10.369s] -- Installing: /root/-px4-3d-path-planner/ros2_ws/install/planner_msgs/lib/python3.12/site-packages/planner_msgs/msg/_no_fly_zone_s.c
[10.369s] -- Up-to-date: /root/-px4-3d-path-planner/ros2_ws/install/planner_msgs/lib/python3.12/site-packages/planner_msgs/msg/_no_fly_zone_array_s.c
[10.370s] -- Installing: /root/-px4-3d-path-planner/ros2_ws/install/planner_msgs/lib/python3.12/site-packages/planner_msgs/planner_msgs_s__rosidl_typesupport_introspection_c.so
[10.370s] -- Installing: /root/-px4-3d-path-planner/ros2_ws/install/planner_msgs/lib/python3.12/site-packages/planner_msgs/planner_msgs_s__rosidl_typesupport_fastrtps_c.so
[10.370s] -- Installing: /root/-px4-3d-path-planner/ros2_ws/install/planner_msgs/lib/python3.12/site-packages/planner_msgs/_planner_msgs_s.ep.rosidl_typesupport_introspection_c.c
[10.370s] -- Installing: /root/-px4-3d-path-planner/ros2_ws/install/planner_msgs/lib/python3.12/site-packages/planner_msgs/_planner_msgs_s.ep.rosidl_typesupport_fastrtps_c.c
[10.451s] Listing '/root/-px4-3d-path-planner/ros2_ws/install/planner_msgs/lib/python3.12/site-packages/planner_msgs'...
[10.451s] Compiling '/root/-px4-3d-path-planner/ros2_ws/install/planner_msgs/lib/python3.12/site-packages/planner_msgs/__init__.py'...
[10.451s] Listing '/root/-px4-3d-path-planner/ros2_ws/install/planner_msgs/lib/python3.12/site-packages/planner_msgs/msg'...
[10.451s] Compiling '/root/-px4-3d-path-planner/ros2_ws/install/planner_msgs/lib/python3.12/site-packages/planner_msgs/msg/__init__.py'...
[10.452s] Compiling '/root/-px4-3d-path-planner/ros2_ws/install/planner_msgs/lib/python3.12/site-packages/planner_msgs/msg/_no_fly_zone.py'...
[10.452s] Listing '/root/-px4-3d-path-planner/ros2_ws/install/planner_msgs/lib/python3.12/site-packages/planner_msgs/srv'...
[10.452s] Compiling '/root/-px4-3d-path-planner/ros2_ws/install/planner_msgs/lib/python3.12/site-packages/planner_msgs/srv/__init__.py'...
[10.452s] Compiling '/root/-px4-3d-path-planner/ros2_ws/install/planner_msgs/lib/python3.12/site-packages/planner_msgs/srv/_plan_path.py'...
[10.456s] -- Installing: /root/-px4-3d-path-planner/ros2_ws/install/planner_msgs/lib/python3.12/site-packages/planner_msgs/planner_msgs_s__rosidl_typesupport_fastrtps_c.so
[10.457s] -- Set non-toolchain portion of runtime path of "/root/-px4-3d-path-planner/ros2_ws/install/planner_msgs/lib/python3.12/site-packages/planner_msgs/planner_msgs_s__rosidl_typesupport_fastrtps_c.so" to ""
[10.457s] -- Installing: /root/-px4-3d-path-planner/ros2_ws/install/planner_msgs/lib/python3.12/site-packages/planner_msgs/planner_msgs_s__rosidl_typesupport_introspection_c.so
[10.458s] -- Set non-toolchain portion of runtime path of "/root/-px4-3d-path-planner/ros2_ws/install/planner_msgs/lib/python3.12/site-packages/planner_msgs/planner_msgs_s__rosidl_typesupport_introspection_c.so" to ""
[10.458s] -- Installing: /root/-px4-3d-path-planner/ros2_ws/install/planner_msgs/lib/python3.12/site-packages/planner_msgs/planner_msgs_s__rosidl_typesupport_c.so
[10.459s] -- Set non-toolchain portion of runtime path of "/root/-px4-3d-path-planner/ros2_ws/install/planner_msgs/lib/python3.12/site-packages/planner_msgs/planner_msgs_s__rosidl_typesupport_c.so" to ""
[10.459s] -- Installing: /root/-px4-3d-path-planner/ros2_ws/install/planner_msgs/lib/libplanner_msgs__rosidl_generator_py.so
[10.460s] -- Set non-toolchain portion of runtime path of "/root/-px4-3d-path-planner/ros2_ws/install/planner_msgs/lib/libplanner_msgs__rosidl_generator_py.so" to ""
[10.460s] -- Up-to-date: /root/-px4-3d-path-planner/ros2_ws/install/planner_msgs/share/ament_index/resource_index/rust_packages/planner_msgs
[10.461s] -- Up-to-date: /root/-px4-3d-path-planner/ros2_ws/install/planner_msgs/share/planner_msgs/rust
[10.461s] -- Installing: /root/-px4-3d-path-planner/ros2_ws/install/planner_msgs/share/planner_msgs/rust/build.rs
[10.461s] -- Installing: /root/-px4-3d-path-planner/ros2_ws/install/planner_msgs/share/planner_msgs/rust/Cargo.toml
[10.461s] -- Up-to-date: /root/-px4-3d-path-planner/ros2_ws/install/planner_msgs/share/planner_msgs/rust/src
[10.462s] -- Installing: /root/-px4-3d-path-planner/ros2_ws/install/planner_msgs/share/planner_msgs/rust/src/srv.rs
[10.462s] -- Up-to-date: /root/-px4-3d-path-planner/ros2_ws/install/planner_msgs/share/planner_msgs/rust/src/srv
[10.462s] -- Installing: /root/-px4-3d-path-planner/ros2_ws/install/planner_msgs/share/planner_msgs/rust/src/srv/rmw.rs
[10.462s] -- Installing: /root/-px4-3d-path-planner/ros2_ws/install/planner_msgs/share/planner_msgs/rust/src/lib.rs
[10.463s] -- Up-to-date: /root/-px4-3d-path-planner/ros2_ws/install/planner_msgs/share/planner_msgs/rust/src/msg
[10.463s] -- Installing: /root/-px4-3d-path-planner/ros2_ws/install/planner_msgs/share/planner_msgs/rust/src/msg/rmw.rs
[10.463s] -- Installing: /root/-px4-3d-path-planner/ros2_ws/install/planner_msgs/share/planner_msgs/rust/src/msg.rs
[10.463s] -- Installing: /root/-px4-3d-path-planner/ros2_ws/install/planner_msgs/share/planner_msgs/msg/NoFlyZone.idl
[10.464s] -- Installing: /root/-px4-3d-path-planner/ros2_ws/install/planner_msgs/share/planner_msgs/srv/PlanPath.idl
[10.464s] -- Installing: /root/-px4-3d-path-planner/ros2_ws/install/planner_msgs/share/planner_msgs/msg/NoFlyZone.msg
[10.464s] -- Installing: /root/-px4-3d-path-planner/ros2_ws/install/planner_msgs/share/planner_msgs/srv/PlanPath.srv
[10.464s] -- Up-to-date: /root/-px4-3d-path-planner/ros2_ws/install/planner_msgs/share/ament_index/resource_index/package_run_dependencies/planner_msgs
[10.464s] -- Up-to-date: /root/-px4-3d-path-planner/ros2_ws/install/planner_msgs/share/ament_index/resource_index/parent_prefix_path/planner_msgs
[10.465s] -- Up-to-date: /root/-px4-3d-path-planner/ros2_ws/install/planner_msgs/share/planner_msgs/environment/ament_prefix_path.sh
[10.465s] -- Up-to-date: /root/-px4-3d-path-planner/ros2_ws/install/planner_msgs/share/planner_msgs/environment/ament_prefix_path.dsv
[10.465s] -- Up-to-date: /root/-px4-3d-path-planner/ros2_ws/install/planner_msgs/share/planner_msgs/environment/path.sh
[10.465s] -- Up-to-date: /root/-px4-3d-path-planner/ros2_ws/install/planner_msgs/share/planner_msgs/environment/path.dsv
[10.466s] -- Up-to-date: /root/-px4-3d-path-planner/ros2_ws/install/planner_msgs/share/planner_msgs/local_setup.bash
[10.466s] -- Up-to-date: /root/-px4-3d-path-planner/ros2_ws/install/planner_msgs/share/planner_msgs/local_setup.sh
[10.466s] -- Up-to-date: /root/-px4-3d-path-planner/ros2_ws/install/planner_msgs/share/planner_msgs/local_setup.zsh
[10.466s] -- Up-to-date: /root/-px4-3d-path-planner/ros2_ws/install/planner_msgs/share/planner_msgs/local_setup.dsv
[10.466s] -- Installing: /root/-px4-3d-path-planner/ros2_ws/install/planner_msgs/share/planner_msgs/package.dsv
[10.467s] -- Up-to-date: /root/-px4-3d-path-planner/ros2_ws/install/planner_msgs/share/ament_index/resource_index/packages/planner_msgs
[10.467s] -- Up-to-date: /root/-px4-3d-path-planner/ros2_ws/install/planner_msgs/share/planner_msgs/cmake/export_planner_msgs__rosidl_generator_cExport.cmake
[10.467s] -- Up-to-date: /root/-px4-3d-path-planner/ros2_ws/install/planner_msgs/share/planner_msgs/cmake/export_planner_msgs__rosidl_generator_cExport-noconfig.cmake
[10.467s] -- Up-to-date: /root/-px4-3d-path-planner/ros2_ws/install/planner_msgs/share/planner_msgs/cmake/export_planner_msgs__rosidl_typesupport_fastrtps_cExport.cmake
[10.468s] -- Up-to-date: /root/-px4-3d-path-planner/ros2_ws/install/planner_msgs/share/planner_msgs/cmake/export_planner_msgs__rosidl_typesupport_fastrtps_cExport-noconfig.cmake
[10.468s] -- Up-to-date: /root/-px4-3d-path-planner/ros2_ws/install/planner_msgs/share/planner_msgs/cmake/export_planner_msgs__rosidl_generator_cppExport.cmake
[10.468s] -- Up-to-date: /root/-px4-3d-path-planner/ros2_ws/install/planner_msgs/share/planner_msgs/cmake/export_planner_msgs__rosidl_typesupport_fastrtps_cppExport.cmake
[10.468s] -- Up-to-date: /root/-px4-3d-path-planner/ros2_ws/install/planner_msgs/share/planner_msgs/cmake/export_planner_msgs__rosidl_typesupport_fastrtps_cppExport-noconfig.cmake
[10.468s] -- Up-to-date: /root/-px4-3d-path-planner/ros2_ws/install/planner_msgs/share/planner_msgs/cmake/planner_msgs__rosidl_typesupport_introspection_cExport.cmake
[10.469s] -- Up-to-date: /root/-px4-3d-path-planner/ros2_ws/install/planner_msgs/share/planner_msgs/cmake/planner_msgs__rosidl_typesupport_introspection_cExport-noconfig.cmake
[10.469s] -- Up-to-date: /root/-px4-3d-path-planner/ros2_ws/install/planner_msgs/share/planner_msgs/cmake/planner_msgs__rosidl_typesupport_cExport.cmake
[10.469s] -- Up-to-date: /root/-px4-3d-path-planner/ros2_ws/install/planner_msgs/share/planner_msgs/cmake/planner_msgs__rosidl_typesupport_cExport-noconfig.cmake
[10.469s] -- Up-to-date: /root/-px4-3d-path-planner/ros2_ws/install/planner_msgs/share/planner_msgs/cmake/planner_msgs__rosidl_typesupport_introspection_cppExport.cmake
[10.469s] -- Up-to-date: /root/-px4-3d-path-planner/ros2_ws/install/planner_msgs/share/planner_msgs/cmake/planner_msgs__rosidl_typesupport_introspection_cppExport-noconfig.cmake
[10.470s] -- Up-to-date: /root/-px4-3d-path-planner/ros2_ws/install/planner_msgs/share/planner_msgs/cmake/planner_msgs__rosidl_typesupport_cppExport.cmake
[10.470s] -- Up-to-date: /root/-px4-3d-path-planner/ros2_ws/install/planner_msgs/share/planner_msgs/cmake/planner_msgs__rosidl_typesupport_cppExport-noconfig.cmake
[10.470s] -- Up-to-date: /root/-px4-3d-path-planner/ros2_ws/install/planner_msgs/share/planner_msgs/cmake/export_planner_msgs__rosidl_generator_pyExport.cmake
[10.470s] -- Up-to-date: /root/-px4-3d-path-planner/ros2_ws/install/planner_msgs/share/planner_msgs/cmake/export_planner_msgs__rosidl_generator_pyExport-noconfig.cmake
[10.470s] -- Installing: /root/-px4-3d-path-planner/ros2_ws/install/planner_msgs/share/planner_msgs/cmake/rosidl_cmake-extras.cmake
[10.471s] -- Up-to-date: /root/-px4-3d-path-planner/ros2_ws/install/planner_msgs/share/planner_msgs/cmake/ament_cmake_export_dependencies-extras.cmake
[10.471s] -- Up-to-date: /root/-px4-3d-path-planner/ros2_ws/install/planner_msgs/share/planner_msgs/cmake/ament_cmake_export_include_directories-extras.cmake
[10.471s] -- Up-to-date: /root/-px4-3d-path-planner/ros2_ws/install/planner_msgs/share/planner_msgs/cmake/ament_cmake_export_libraries-extras.cmake
[10.471s] -- Up-to-date: /root/-px4-3d-path-planner/ros2_ws/install/planner_msgs/share/planner_msgs/cmake/ament_cmake_export_targets-extras.cmake
[10.472s] -- Up-to-date: /root/-px4-3d-path-planner/ros2_ws/install/planner_msgs/share/planner_msgs/cmake/rosidl_cmake_export_typesupport_targets-extras.cmake
[10.472s] -- Up-to-date: /root/-px4-3d-path-planner/ros2_ws/install/planner_msgs/share/planner_msgs/cmake/rosidl_cmake_export_typesupport_libraries-extras.cmake
[10.472s] -- Up-to-date: /root/-px4-3d-path-planner/ros2_ws/install/planner_msgs/share/planner_msgs/cmake/planner_msgsConfig.cmake
[10.472s] -- Up-to-date: /root/-px4-3d-path-planner/ros2_ws/install/planner_msgs/share/planner_msgs/cmake/planner_msgsConfig-version.cmake
[10.472s] -- Up-to-date: /root/-px4-3d-path-planner/ros2_ws/install/planner_msgs/share/planner_msgs/package.xml
[10.474s] Invoked command in '/root/-px4-3d-path-planner/ros2_ws/build/planner_msgs' returned '0': CMAKE_PREFIX_PATH=${CMAKE_PREFIX_PATH}:/opt/ros/jazzy /usr/bin/cmake --install /root/-px4-3d-path-planner/ros2_ws/build/planner_msgs
