[  1%] Built target planner_msgs__rs
[  3%] Built target planner_msgs__rosidl_generator_type_description
[  5%] Built target planner_msgs__cpp
[  5%] Built target ament_cmake_python_copy_planner_msgs
[ 25%] Built target planner_msgs__rosidl_generator_c
[ 34%] Built target planner_msgs__rosidl_typesupport_introspection_c
[ 43%] Built target planner_msgs__rosidl_typesupport_cpp
[ 52%] Built target planner_msgs__rosidl_typesupport_introspection_cpp
[ 61%] Built target planner_msgs__rosidl_typesupport_fastrtps_cpp
[ 70%] Built target planner_msgs__rosidl_typesupport_c
[ 80%] Built target planner_msgs__rosidl_typesupport_fastrtps_c
[ 80%] Built target planner_msgs
[ 81%] Built target planner_msgs__py
running egg_info
[ 89%] Built target planner_msgs__rosidl_generator_py
[ 92%] Built target planner_msgs_s__rosidl_typesupport_fastrtps_c
[ 96%] Built target planner_msgs_s__rosidl_typesupport_introspection_c
[100%] Built target planner_msgs_s__rosidl_typesupport_c
writing planner_msgs.egg-info/PKG-INFO
writing dependency_links to planner_msgs.egg-info/dependency_links.txt
writing top-level names to planner_msgs.egg-info/top_level.txt
reading manifest file 'planner_msgs.egg-info/SOURCES.txt'
writing manifest file 'planner_msgs.egg-info/SOURCES.txt'
[100%] Built target ament_cmake_python_build_planner_msgs_egg
-- Install configuration: ""
-- Up-to-date: /root/-px4-3d-path-planner/ros2_ws/install/planner_msgs/share/ament_index/resource_index/rosidl_interfaces/planner_msgs
-- Up-to-date: /root/-px4-3d-path-planner/ros2_ws/install/planner_msgs/share/planner_msgs/msg/NoFlyZone.json
-- Up-to-date: /root/-px4-3d-path-planner/ros2_ws/install/planner_msgs/share/planner_msgs/msg/NoFlyZoneArray.json
-- Up-to-date: /root/-px4-3d-path-planner/ros2_ws/install/planner_msgs/share/planner_msgs/srv/PlanPath.json
-- Up-to-date: /root/-px4-3d-path-planner/ros2_ws/install/planner_msgs/include/planner_msgs/planner_msgs
-- Up-to-date: /root/-px4-3d-path-planner/ros2_ws/install/planner_msgs/include/planner_msgs/planner_msgs/srv
-- Up-to-date: /root/-px4-3d-path-planner/ros2_ws/install/planner_msgs/include/planner_msgs/planner_msgs/srv/detail
-- Up-to-date: /root/-px4-3d-path-planner/ros2_ws/install/planner_msgs/include/planner_msgs/planner_msgs/srv/detail/plan_path__functions.h
-- Up-to-date: /root/-px4-3d-path-planner/ros2_ws/install/planner_msgs/include/planner_msgs/planner_msgs/srv/detail/plan_path__description.c
-- Installing: /root/-px4-3d-path-planner/ros2_ws/install/planner_msgs/include/planner_msgs/planner_msgs/srv/detail/plan_path__type_support.c
-- Up-to-date: /root/-px4-3d-path-planner/ros2_ws/install/planner_msgs/include/planner_msgs/planner_msgs/srv/detail/plan_path__struct.h
-- Up-to-date: /root/-px4-3d-path-planner/ros2_ws/install/planner_msgs/include/planner_msgs/planner_msgs/srv/detail/plan_path__functions.c
-- Up-to-date: /root/-px4-3d-path-planner/ros2_ws/install/planner_msgs/include/planner_msgs/planner_msgs/srv/detail/plan_path__type_support.h
-- Up-to-date: /root/-px4-3d-path-planner/ros2_ws/install/planner_msgs/include/planner_msgs/planner_msgs/srv/plan_path.h
-- Up-to-date: /root/-px4-3d-path-planner/ros2_ws/install/planner_msgs/include/planner_msgs/planner_msgs/msg
-- Up-to-date: /root/-px4-3d-path-planner/ros2_ws/install/planner_msgs/include/planner_msgs/planner_msgs/msg/detail
-- Installing: /root/-px4-3d-path-planner/ros2_ws/install/planner_msgs/include/planner_msgs/planner_msgs/msg/detail/no_fly_zone__type_support.c
-- Installing: /root/-px4-3d-path-planner/ros2_ws/install/planner_msgs/include/planner_msgs/planner_msgs/msg/detail/no_fly_zone_array__type_support.c
-- Up-to-date: /root/-px4-3d-path-planner/ros2_ws/install/planner_msgs/include/planner_msgs/planner_msgs/msg/detail/no_fly_zone__description.c
-- Up-to-date: /root/-px4-3d-path-planner/ros2_ws/install/planner_msgs/include/planner_msgs/planner_msgs/msg/detail/no_fly_zone__type_support.h
-- Up-to-date: /root/-px4-3d-path-planner/ros2_ws/install/planner_msgs/include/planner_msgs/planner_msgs/msg/detail/no_fly_zone_array__functions.h
-- Up-to-date: /root/-px4-3d-path-planner/ros2_ws/install/planner_msgs/include/planner_msgs/planner_msgs/msg/detail/no_fly_zone__functions.c
-- Up-to-date: /root/-px4-3d-path-planner/ros2_ws/install/planner_msgs/include/planner_msgs/planner_msgs/msg/detail/no_fly_zone_array__functions.c
-- Up-to-date: /root/-px4-3d-path-planner/ros2_ws/install/planner_msgs/include/planner_msgs/planner_msgs/msg/detail/no_fly_zone_array__description.c
-- Up-to-date: /root/-px4-3d-path-planner/ros2_ws/install/planner_msgs/include/planner_msgs/planner_msgs/msg/detail/no_fly_zone_array__type_support.h
-- Up-to-date: /root/-px4-3d-path-planner/ros2_ws/install/planner_msgs/include/planner_msgs/planner_msgs/msg/detail/no_fly_zone_array__struct.h
-- Up-to-date: /root/-px4-3d-path-planner/ros2_ws/install/planner_msgs/include/planner_msgs/planner_msgs/msg/detail/no_fly_zone__functions.h
-- Up-to-date: /root/-px4-3d-path-planner/ros2_ws/install/planner_msgs/include/planner_msgs/planner_msgs/msg/detail/no_fly_zone__struct.h
-- Up-to-date: /root/-px4-3d-path-planner/ros2_ws/install/planner_msgs/include/planner_msgs/planner_msgs/msg/no_fly_zone_array.h
-- Up-to-date: /root/-px4-3d-path-planner/ros2_ws/install/planner_msgs/include/planner_msgs/planner_msgs/msg/rosidl_generator_c__visibility_control.h
-- Up-to-date: /root/-px4-3d-path-planner/ros2_ws/install/planner_msgs/include/planner_msgs/planner_msgs/msg/no_fly_zone.h
-- Up-to-date: /root/-px4-3d-path-planner/ros2_ws/install/planner_msgs/share/planner_msgs/environment/library_path.sh
-- Up-to-date: /root/-px4-3d-path-planner/ros2_ws/install/planner_msgs/share/planner_msgs/environment/library_path.dsv
-- Up-to-date: /root/-px4-3d-path-planner/ros2_ws/install/planner_msgs/lib/libplanner_msgs__rosidl_generator_c.so
-- Up-to-date: /root/-px4-3d-path-planner/ros2_ws/install/planner_msgs/include/planner_msgs/planner_msgs
-- Up-to-date: /root/-px4-3d-path-planner/ros2_ws/install/planner_msgs/include/planner_msgs/planner_msgs/srv
-- Up-to-date: /root/-px4-3d-path-planner/ros2_ws/install/planner_msgs/include/planner_msgs/planner_msgs/srv/detail
-- Up-to-date: /root/-px4-3d-path-planner/ros2_ws/install/planner_msgs/include/planner_msgs/planner_msgs/srv/detail/plan_path__rosidl_typesupport_fastrtps_c.h
-- Up-to-date: /root/-px4-3d-path-planner/ros2_ws/install/planner_msgs/include/planner_msgs/planner_msgs/msg
-- Up-to-date: /root/-px4-3d-path-planner/ros2_ws/install/planner_msgs/include/planner_msgs/planner_msgs/msg/detail
-- Up-to-date: /root/-px4-3d-path-planner/ros2_ws/install/planner_msgs/include/planner_msgs/planner_msgs/msg/detail/no_fly_zone__rosidl_typesupport_fastrtps_c.h
-- Up-to-date: /root/-px4-3d-path-planner/ros2_ws/install/planner_msgs/include/planner_msgs/planner_msgs/msg/detail/no_fly_zone_array__rosidl_typesupport_fastrtps_c.h
-- Up-to-date: /root/-px4-3d-path-planner/ros2_ws/install/planner_msgs/include/planner_msgs/planner_msgs/msg/rosidl_typesupport_fastrtps_c__visibility_control.h
-- Up-to-date: /root/-px4-3d-path-planner/ros2_ws/install/planner_msgs/lib/libplanner_msgs__rosidl_typesupport_fastrtps_c.so
-- Up-to-date: /root/-px4-3d-path-planner/ros2_ws/install/planner_msgs/include/planner_msgs/planner_msgs
-- Up-to-date: /root/-px4-3d-path-planner/ros2_ws/install/planner_msgs/include/planner_msgs/planner_msgs/srv
-- Up-to-date: /root/-px4-3d-path-planner/ros2_ws/install/planner_msgs/include/planner_msgs/planner_msgs/srv/detail
-- Up-to-date: /root/-px4-3d-path-planner/ros2_ws/install/planner_msgs/include/planner_msgs/planner_msgs/srv/detail/plan_path__struct.hpp
-- Up-to-date: /root/-px4-3d-path-planner/ros2_ws/install/planner_msgs/include/planner_msgs/planner_msgs/srv/detail/plan_path__traits.hpp
-- Up-to-date: /root/-px4-3d-path-planner/ros2_ws/install/planner_msgs/include/planner_msgs/planner_msgs/srv/detail/plan_path__builder.hpp
-- Up-to-date: /root/-px4-3d-path-planner/ros2_ws/install/planner_msgs/include/planner_msgs/planner_msgs/srv/detail/plan_path__type_support.hpp
-- Up-to-date: /root/-px4-3d-path-planner/ros2_ws/install/planner_msgs/include/planner_msgs/planner_msgs/srv/plan_path.hpp
-- Up-to-date: /root/-px4-3d-path-planner/ros2_ws/install/planner_msgs/include/planner_msgs/planner_msgs/msg
-- Up-to-date: /root/-px4-3d-path-planner/ros2_ws/install/planner_msgs/include/planner_msgs/planner_msgs/msg/no_fly_zone_array.hpp
-- Up-to-date: /root/-px4-3d-path-planner/ros2_ws/install/planner_msgs/include/planner_msgs/planner_msgs/msg/detail
-- Up-to-date: /root/-px4-3d-path-planner/ros2_ws/install/planner_msgs/include/planner_msgs/planner_msgs/msg/detail/no_fly_zone_array__type_support.hpp
-- Up-to-date: /root/-px4-3d-path-planner/ros2_ws/install/planner_msgs/include/planner_msgs/planner_msgs/msg/detail/no_fly_zone_array__struct.hpp
-- Up-to-date: /root/-px4-3d-path-planner/ros2_ws/install/planner_msgs/include/planner_msgs/planner_msgs/msg/detail/no_fly_zone__traits.hpp
-- Up-to-date: /root/-px4-3d-path-planner/ros2_ws/install/planner_msgs/include/planner_msgs/planner_msgs/msg/detail/no_fly_zone__struct.hpp
-- Up-to-date: /root/-px4-3d-path-planner/ros2_ws/install/planner_msgs/include/planner_msgs/planner_msgs/msg/detail/no_fly_zone__builder.hpp
-- Up-to-date: /root/-px4-3d-path-planner/ros2_ws/install/planner_msgs/include/planner_msgs/planner_msgs/msg/detail/no_fly_zone_array__builder.hpp
-- Up-to-date: /root/-px4-3d-path-planner/ros2_ws/install/planner_msgs/include/planner_msgs/planner_msgs/msg/detail/no_fly_zone_array__traits.hpp
-- Up-to-date: /root/-px4-3d-path-planner/ros2_ws/install/planner_msgs/include/planner_msgs/planner_msgs/msg/detail/no_fly_zone__type_support.hpp
-- Up-to-date: /root/-px4-3d-path-planner/ros2_ws/install/planner_msgs/include/planner_msgs/planner_msgs/msg/rosidl_generator_cpp__visibility_control.hpp
-- Up-to-date: /root/-px4-3d-path-planner/ros2_ws/install/planner_msgs/include/planner_msgs/planner_msgs/msg/no_fly_zone.hpp
-- Up-to-date: /root/-px4-3d-path-planner/ros2_ws/install/planner_msgs/include/planner_msgs/planner_msgs
-- Up-to-date: /root/-px4-3d-path-planner/ros2_ws/install/planner_msgs/include/planner_msgs/planner_msgs/srv
-- Up-to-date: /root/-px4-3d-path-planner/ros2_ws/install/planner_msgs/include/planner_msgs/planner_msgs/srv/detail
-- Up-to-date: /root/-px4-3d-path-planner/ros2_ws/install/planner_msgs/include/planner_msgs/planner_msgs/srv/detail/dds_fastrtps
-- Up-to-date: /root/-px4-3d-path-planner/ros2_ws/install/planner_msgs/include/planner_msgs/planner_msgs/srv/detail/plan_path__rosidl_typesupport_fastrtps_cpp.hpp
-- Up-to-date: /root/-px4-3d-path-planner/ros2_ws/install/planner_msgs/include/planner_msgs/planner_msgs/msg
-- Up-to-date: /root/-px4-3d-path-planner/ros2_ws/install/planner_msgs/include/planner_msgs/planner_msgs/msg/detail
-- Up-to-date: /root/-px4-3d-path-planner/ros2_ws/install/planner_msgs/include/planner_msgs/planner_msgs/msg/detail/dds_fastrtps
-- Up-to-date: /root/-px4-3d-path-planner/ros2_ws/install/planner_msgs/include/planner_msgs/planner_msgs/msg/detail/no_fly_zone__rosidl_typesupport_fastrtps_cpp.hpp
-- Up-to-date: /root/-px4-3d-path-planner/ros2_ws/install/planner_msgs/include/planner_msgs/planner_msgs/msg/detail/no_fly_zone_array__rosidl_typesupport_fastrtps_cpp.hpp
-- Up-to-date: /root/-px4-3d-path-planner/ros2_ws/install/planner_msgs/include/planner_msgs/planner_msgs/msg/rosidl_typesupport_fastrtps_cpp__visibility_control.h
-- Up-to-date: /root/-px4-3d-path-planner/ros2_ws/install/planner_msgs/lib/libplanner_msgs__rosidl_typesupport_fastrtps_cpp.so
-- Up-to-date: /root/-px4-3d-path-planner/ros2_ws/install/planner_msgs/include/planner_msgs/planner_msgs
-- Up-to-date: /root/-px4-3d-path-planner/ros2_ws/install/planner_msgs/include/planner_msgs/planner_msgs/srv
-- Up-to-date: /root/-px4-3d-path-planner/ros2_ws/install/planner_msgs/include/planner_msgs/planner_msgs/srv/detail
-- Up-to-date: /root/-px4-3d-path-planner/ros2_ws/install/planner_msgs/include/planner_msgs/planner_msgs/srv/detail/plan_path__rosidl_typesupport_introspection_c.h
-- Installing: /root/-px4-3d-path-planner/ros2_ws/install/planner_msgs/include/planner_msgs/planner_msgs/srv/detail/plan_path__type_support.c
-- Up-to-date: /root/-px4-3d-path-planner/ros2_ws/install/planner_msgs/include/planner_msgs/planner_msgs/msg
-- Up-to-date: /root/-px4-3d-path-planner/ros2_ws/install/planner_msgs/include/planner_msgs/planner_msgs/msg/rosidl_typesupport_introspection_c__visibility_control.h
-- Up-to-date: /root/-px4-3d-path-planner/ros2_ws/install/planner_msgs/include/planner_msgs/planner_msgs/msg/detail
-- Installing: /root/-px4-3d-path-planner/ros2_ws/install/planner_msgs/include/planner_msgs/planner_msgs/msg/detail/no_fly_zone__type_support.c
-- Installing: /root/-px4-3d-path-planner/ros2_ws/install/planner_msgs/include/planner_msgs/planner_msgs/msg/detail/no_fly_zone_array__type_support.c
-- Up-to-date: /root/-px4-3d-path-planner/ros2_ws/install/planner_msgs/include/planner_msgs/planner_msgs/msg/detail/no_fly_zone__rosidl_typesupport_introspection_c.h
-- Up-to-date: /root/-px4-3d-path-planner/ros2_ws/install/planner_msgs/include/planner_msgs/planner_msgs/msg/detail/no_fly_zone_array__rosidl_typesupport_introspection_c.h
-- Up-to-date: /root/-px4-3d-path-planner/ros2_ws/install/planner_msgs/lib/libplanner_msgs__rosidl_typesupport_introspection_c.so
-- Up-to-date: /root/-px4-3d-path-planner/ros2_ws/install/planner_msgs/lib/libplanner_msgs__rosidl_typesupport_c.so
-- Up-to-date: /root/-px4-3d-path-planner/ros2_ws/install/planner_msgs/include/planner_msgs/planner_msgs
-- Up-to-date: /root/-px4-3d-path-planner/ros2_ws/install/planner_msgs/include/planner_msgs/planner_msgs/srv
-- Up-to-date: /root/-px4-3d-path-planner/ros2_ws/install/planner_msgs/include/planner_msgs/planner_msgs/srv/detail
-- Up-to-date: /root/-px4-3d-path-planner/ros2_ws/install/planner_msgs/include/planner_msgs/planner_msgs/srv/detail/plan_path__type_support.cpp
-- Up-to-date: /root/-px4-3d-path-planner/ros2_ws/install/planner_msgs/include/planner_msgs/planner_msgs/srv/detail/plan_path__rosidl_typesupport_introspection_cpp.hpp
-- Up-to-date: /root/-px4-3d-path-planner/ros2_ws/install/planner_msgs/include/planner_msgs/planner_msgs/msg
-- Up-to-date: /root/-px4-3d-path-planner/ros2_ws/install/planner_msgs/include/planner_msgs/planner_msgs/msg/detail
-- Up-to-date: /root/-px4-3d-path-planner/ros2_ws/install/planner_msgs/include/planner_msgs/planner_msgs/msg/detail/no_fly_zone__type_support.cpp
-- Up-to-date: /root/-px4-3d-path-planner/ros2_ws/install/planner_msgs/include/planner_msgs/planner_msgs/msg/detail/no_fly_zone_array__rosidl_typesupport_introspection_cpp.hpp
-- Up-to-date: /root/-px4-3d-path-planner/ros2_ws/install/planner_msgs/include/planner_msgs/planner_msgs/msg/detail/no_fly_zone__rosidl_typesupport_introspection_cpp.hpp
-- Up-to-date: /root/-px4-3d-path-planner/ros2_ws/install/planner_msgs/include/planner_msgs/planner_msgs/msg/detail/no_fly_zone_array__type_support.cpp
-- Up-to-date: /root/-px4-3d-path-planner/ros2_ws/install/planner_msgs/lib/libplanner_msgs__rosidl_typesupport_introspection_cpp.so
-- Up-to-date: /root/-px4-3d-path-planner/ros2_ws/install/planner_msgs/lib/libplanner_msgs__rosidl_typesupport_cpp.so
-- Up-to-date: /root/-px4-3d-path-planner/ros2_ws/install/planner_msgs/share/planner_msgs/environment/pythonpath.sh
-- Up-to-date: /root/-px4-3d-path-planner/ros2_ws/install/planner_msgs/share/planner_msgs/environment/pythonpath.dsv
-- Up-to-date: /root/-px4-3d-path-planner/ros2_ws/install/planner_msgs/lib/python3.12/site-packages/planner_msgs-0.0.0-py3.12.egg-info
-- Installing: /root/-px4-3d-path-planner/ros2_ws/install/planner_msgs/lib/python3.12/site-packages/planner_msgs-0.0.0-py3.12.egg-info/dependency_links.txt
-- Installing: /root/-px4-3d-path-planner/ros2_ws/install/planner_msgs/lib/python3.12/site-packages/planner_msgs-0.0.0-py3.12.egg-info/top_level.txt
-- Installing: /root/-px4-3d-path-planner/ros2_ws/install/planner_msgs/lib/python3.12/site-packages/planner_msgs-0.0.0-py3.12.egg-info/PKG-INFO
-- Installing: /root/-px4-3d-path-planner/ros2_ws/install/planner_msgs/lib/python3.12/site-packages/planner_msgs-0.0.0-py3.12.egg-info/SOURCES.txt
-- Up-to-date: /root/-px4-3d-path-planner/ros2_ws/install/planner_msgs/lib/python3.12/site-packages/planner_msgs
-- Up-to-date: /root/-px4-3d-path-planner/ros2_ws/install/planner_msgs/lib/python3.12/site-packages/planner_msgs/_planner_msgs_s.ep.rosidl_typesupport_c.c
-- Up-to-date: /root/-px4-3d-path-planner/ros2_ws/install/planner_msgs/lib/python3.12/site-packages/planner_msgs/planner_msgs_s__rosidl_typesupport_c.so
-- Up-to-date: /root/-px4-3d-path-planner/ros2_ws/install/planner_msgs/lib/python3.12/site-packages/planner_msgs/__init__.py
-- Up-to-date: /root/-px4-3d-path-planner/ros2_ws/install/planner_msgs/lib/python3.12/site-packages/planner_msgs/srv
-- Up-to-date: /root/-px4-3d-path-planner/ros2_ws/install/planner_msgs/lib/python3.12/site-packages/planner_msgs/srv/__init__.py
-- Up-to-date: /root/-px4-3d-path-planner/ros2_ws/install/planner_msgs/lib/python3.12/site-packages/planner_msgs/srv/_plan_path_s.c
-- Up-to-date: /root/-px4-3d-path-planner/ros2_ws/install/planner_msgs/lib/python3.12/site-packages/planner_msgs/srv/_plan_path.py
-- Up-to-date: /root/-px4-3d-path-planner/ros2_ws/install/planner_msgs/lib/python3.12/site-packages/planner_msgs/msg
-- Up-to-date: /root/-px4-3d-path-planner/ros2_ws/install/planner_msgs/lib/python3.12/site-packages/planner_msgs/msg/_no_fly_zone_array.py
-- Up-to-date: /root/-px4-3d-path-planner/ros2_ws/install/planner_msgs/lib/python3.12/site-packages/planner_msgs/msg/__init__.py
-- Up-to-date: /root/-px4-3d-path-planner/ros2_ws/install/planner_msgs/lib/python3.12/site-packages/planner_msgs/msg/_no_fly_zone.py
-- Up-to-date: /root/-px4-3d-path-planner/ros2_ws/install/planner_msgs/lib/python3.12/site-packages/planner_msgs/msg/_no_fly_zone_s.c
-- Up-to-date: /root/-px4-3d-path-planner/ros2_ws/install/planner_msgs/lib/python3.12/site-packages/planner_msgs/msg/_no_fly_zone_array_s.c
-- Up-to-date: /root/-px4-3d-path-planner/ros2_ws/install/planner_msgs/lib/python3.12/site-packages/planner_msgs/planner_msgs_s__rosidl_typesupport_introspection_c.so
-- Up-to-date: /root/-px4-3d-path-planner/ros2_ws/install/planner_msgs/lib/python3.12/site-packages/planner_msgs/planner_msgs_s__rosidl_typesupport_fastrtps_c.so
-- Up-to-date: /root/-px4-3d-path-planner/ros2_ws/install/planner_msgs/lib/python3.12/site-packages/planner_msgs/_planner_msgs_s.ep.rosidl_typesupport_introspection_c.c
-- Up-to-date: /root/-px4-3d-path-planner/ros2_ws/install/planner_msgs/lib/python3.12/site-packages/planner_msgs/_planner_msgs_s.ep.rosidl_typesupport_fastrtps_c.c
Listing '/root/-px4-3d-path-planner/ros2_ws/install/planner_msgs/lib/python3.12/site-packages/planner_msgs'...
Listing '/root/-px4-3d-path-planner/ros2_ws/install/planner_msgs/lib/python3.12/site-packages/planner_msgs/msg'...
Listing '/root/-px4-3d-path-planner/ros2_ws/install/planner_msgs/lib/python3.12/site-packages/planner_msgs/srv'...
-- Up-to-date: /root/-px4-3d-path-planner/ros2_ws/install/planner_msgs/lib/python3.12/site-packages/planner_msgs/planner_msgs_s__rosidl_typesupport_fastrtps_c.so
-- Up-to-date: /root/-px4-3d-path-planner/ros2_ws/install/planner_msgs/lib/python3.12/site-packages/planner_msgs/planner_msgs_s__rosidl_typesupport_introspection_c.so
-- Up-to-date: /root/-px4-3d-path-planner/ros2_ws/install/planner_msgs/lib/python3.12/site-packages/planner_msgs/planner_msgs_s__rosidl_typesupport_c.so
-- Up-to-date: /root/-px4-3d-path-planner/ros2_ws/install/planner_msgs/lib/libplanner_msgs__rosidl_generator_py.so
-- Up-to-date: /root/-px4-3d-path-planner/ros2_ws/install/planner_msgs/share/ament_index/resource_index/rust_packages/planner_msgs
-- Up-to-date: /root/-px4-3d-path-planner/ros2_ws/install/planner_msgs/share/planner_msgs/rust
-- Up-to-date: /root/-px4-3d-path-planner/ros2_ws/install/planner_msgs/share/planner_msgs/rust/build.rs
-- Up-to-date: /root/-px4-3d-path-planner/ros2_ws/install/planner_msgs/share/planner_msgs/rust/Cargo.toml
-- Up-to-date: /root/-px4-3d-path-planner/ros2_ws/install/planner_msgs/share/planner_msgs/rust/src
-- Up-to-date: /root/-px4-3d-path-planner/ros2_ws/install/planner_msgs/share/planner_msgs/rust/src/srv.rs
-- Up-to-date: /root/-px4-3d-path-planner/ros2_ws/install/planner_msgs/share/planner_msgs/rust/src/srv
-- Up-to-date: /root/-px4-3d-path-planner/ros2_ws/install/planner_msgs/share/planner_msgs/rust/src/srv/rmw.rs
-- Up-to-date: /root/-px4-3d-path-planner/ros2_ws/install/planner_msgs/share/planner_msgs/rust/src/lib.rs
-- Up-to-date: /root/-px4-3d-path-planner/ros2_ws/install/planner_msgs/share/planner_msgs/rust/src/msg
-- Up-to-date: /root/-px4-3d-path-planner/ros2_ws/install/planner_msgs/share/planner_msgs/rust/src/msg/rmw.rs
-- Up-to-date: /root/-px4-3d-path-planner/ros2_ws/install/planner_msgs/share/planner_msgs/rust/src/msg.rs
-- Up-to-date: /root/-px4-3d-path-planner/ros2_ws/install/planner_msgs/share/planner_msgs/msg/NoFlyZone.idl
-- Up-to-date: /root/-px4-3d-path-planner/ros2_ws/install/planner_msgs/share/planner_msgs/msg/NoFlyZoneArray.idl
-- Up-to-date: /root/-px4-3d-path-planner/ros2_ws/install/planner_msgs/share/planner_msgs/srv/PlanPath.idl
-- Up-to-date: /root/-px4-3d-path-planner/ros2_ws/install/planner_msgs/share/planner_msgs/msg/NoFlyZone.msg
-- Up-to-date: /root/-px4-3d-path-planner/ros2_ws/install/planner_msgs/share/planner_msgs/msg/NoFlyZoneArray.msg
-- Up-to-date: /root/-px4-3d-path-planner/ros2_ws/install/planner_msgs/share/planner_msgs/srv/PlanPath.srv
-- Up-to-date: /root/-px4-3d-path-planner/ros2_ws/install/planner_msgs/share/ament_index/resource_index/package_run_dependencies/planner_msgs
-- Up-to-date: /root/-px4-3d-path-planner/ros2_ws/install/planner_msgs/share/ament_index/resource_index/parent_prefix_path/planner_msgs
-- Up-to-date: /root/-px4-3d-path-planner/ros2_ws/install/planner_msgs/share/planner_msgs/environment/ament_prefix_path.sh
-- Up-to-date: /root/-px4-3d-path-planner/ros2_ws/install/planner_msgs/share/planner_msgs/environment/ament_prefix_path.dsv
-- Up-to-date: /root/-px4-3d-path-planner/ros2_ws/install/planner_msgs/share/planner_msgs/environment/path.sh
-- Up-to-date: /root/-px4-3d-path-planner/ros2_ws/install/planner_msgs/share/planner_msgs/environment/path.dsv
-- Up-to-date: /root/-px4-3d-path-planner/ros2_ws/install/planner_msgs/share/planner_msgs/local_setup.bash
-- Up-to-date: /root/-px4-3d-path-planner/ros2_ws/install/planner_msgs/share/planner_msgs/local_setup.sh
-- Up-to-date: /root/-px4-3d-path-planner/ros2_ws/install/planner_msgs/share/planner_msgs/local_setup.zsh
-- Up-to-date: /root/-px4-3d-path-planner/ros2_ws/install/planner_msgs/share/planner_msgs/local_setup.dsv
-- Installing: /root/-px4-3d-path-planner/ros2_ws/install/planner_msgs/share/planner_msgs/package.dsv
-- Up-to-date: /root/-px4-3d-path-planner/ros2_ws/install/planner_msgs/share/ament_index/resource_index/packages/planner_msgs
-- Up-to-date: /root/-px4-3d-path-planner/ros2_ws/install/planner_msgs/share/planner_msgs/cmake/export_planner_msgs__rosidl_generator_cExport.cmake
-- Up-to-date: /root/-px4-3d-path-planner/ros2_ws/install/planner_msgs/share/planner_msgs/cmake/export_planner_msgs__rosidl_generator_cExport-noconfig.cmake
-- Up-to-date: /root/-px4-3d-path-planner/ros2_ws/install/planner_msgs/share/planner_msgs/cmake/export_planner_msgs__rosidl_typesupport_fastrtps_cExport.cmake
-- Up-to-date: /root/-px4-3d-path-planner/ros2_ws/install/planner_msgs/share/planner_msgs/cmake/export_planner_msgs__rosidl_typesupport_fastrtps_cExport-noconfig.cmake
-- Up-to-date: /root/-px4-3d-path-planner/ros2_ws/install/planner_msgs/share/planner_msgs/cmake/export_planner_msgs__rosidl_generator_cppExport.cmake
-- Up-to-date: /root/-px4-3d-path-planner/ros2_ws/install/planner_msgs/share/planner_msgs/cmake/export_planner_msgs__rosidl_typesupport_fastrtps_cppExport.cmake
-- Up-to-date: /root/-px4-3d-path-planner/ros2_ws/install/planner_msgs/share/planner_msgs/cmake/export_planner_msgs__rosidl_typesupport_fastrtps_cppExport-noconfig.cmake
-- Up-to-date: /root/-px4-3d-path-planner/ros2_ws/install/planner_msgs/share/planner_msgs/cmake/planner_msgs__rosidl_typesupport_introspection_cExport.cmake
-- Up-to-date: /root/-px4-3d-path-planner/ros2_ws/install/planner_msgs/share/planner_msgs/cmake/planner_msgs__rosidl_typesupport_introspection_cExport-noconfig.cmake
-- Up-to-date: /root/-px4-3d-path-planner/ros2_ws/install/planner_msgs/share/planner_msgs/cmake/planner_msgs__rosidl_typesupport_cExport.cmake
-- Up-to-date: /root/-px4-3d-path-planner/ros2_ws/install/planner_msgs/share/planner_msgs/cmake/planner_msgs__rosidl_typesupport_cExport-noconfig.cmake
-- Up-to-date: /root/-px4-3d-path-planner/ros2_ws/install/planner_msgs/share/planner_msgs/cmake/planner_msgs__rosidl_typesupport_introspection_cppExport.cmake
-- Up-to-date: /root/-px4-3d-path-planner/ros2_ws/install/planner_msgs/share/planner_msgs/cmake/planner_msgs__rosidl_typesupport_introspection_cppExport-noconfig.cmake
-- Up-to-date: /root/-px4-3d-path-planner/ros2_ws/install/planner_msgs/share/planner_msgs/cmake/planner_msgs__rosidl_typesupport_cppExport.cmake
-- Up-to-date: /root/-px4-3d-path-planner/ros2_ws/install/planner_msgs/share/planner_msgs/cmake/planner_msgs__rosidl_typesupport_cppExport-noconfig.cmake
-- Up-to-date: /root/-px4-3d-path-planner/ros2_ws/install/planner_msgs/share/planner_msgs/cmake/export_planner_msgs__rosidl_generator_pyExport.cmake
-- Up-to-date: /root/-px4-3d-path-planner/ros2_ws/install/planner_msgs/share/planner_msgs/cmake/export_planner_msgs__rosidl_generator_pyExport-noconfig.cmake
-- Up-to-date: /root/-px4-3d-path-planner/ros2_ws/install/planner_msgs/share/planner_msgs/cmake/rosidl_cmake-extras.cmake
-- Up-to-date: /root/-px4-3d-path-planner/ros2_ws/install/planner_msgs/share/planner_msgs/cmake/ament_cmake_export_dependencies-extras.cmake
-- Up-to-date: /root/-px4-3d-path-planner/ros2_ws/install/planner_msgs/share/planner_msgs/cmake/ament_cmake_export_include_directories-extras.cmake
-- Up-to-date: /root/-px4-3d-path-planner/ros2_ws/install/planner_msgs/share/planner_msgs/cmake/ament_cmake_export_libraries-extras.cmake
-- Up-to-date: /root/-px4-3d-path-planner/ros2_ws/install/planner_msgs/share/planner_msgs/cmake/ament_cmake_export_targets-extras.cmake
-- Up-to-date: /root/-px4-3d-path-planner/ros2_ws/install/planner_msgs/share/planner_msgs/cmake/rosidl_cmake_export_typesupport_targets-extras.cmake
-- Up-to-date: /root/-px4-3d-path-planner/ros2_ws/install/planner_msgs/share/planner_msgs/cmake/rosidl_cmake_export_typesupport_libraries-extras.cmake
-- Up-to-date: /root/-px4-3d-path-planner/ros2_ws/install/planner_msgs/share/planner_msgs/cmake/planner_msgsConfig.cmake
-- Up-to-date: /root/-px4-3d-path-planner/ros2_ws/install/planner_msgs/share/planner_msgs/cmake/planner_msgsConfig-version.cmake
-- Up-to-date: /root/-px4-3d-path-planner/ros2_ws/install/planner_msgs/share/planner_msgs/package.xml
