[0.013s] Invoking command in '/home/seg/lecture7/-px4-3d-path-planner/ros2_ws/src/build/planner_msgs': CMAKE_PREFIX_PATH=${CMAKE_PREFIX_PATH}:/opt/ros/jazzy DEBUGINFOD_URLS=https://debuginfod.ubuntu.com /usr/bin/cmake /home/seg/lecture7/-px4-3d-path-planner/ros2_ws/src/planner_msgs -DCMAKE_INSTALL_PREFIX=/home/seg/lecture7/-px4-3d-path-planner/ros2_ws/src/install/planner_msgs
[0.048s] -- Found ament_cmake: 2.5.6 (/opt/ros/jazzy/share/ament_cmake/cmake)
[0.322s] -- Found builtin_interfaces: 2.0.3 (/opt/ros/jazzy/share/builtin_interfaces/cmake)
[0.359s] -- Found rosidl_generator_c: 4.6.7 (/opt/ros/jazzy/share/rosidl_generator_c/cmake)
[0.371s] -- Found rosidl_generator_cpp: 4.6.7 (/opt/ros/jazzy/share/rosidl_generator_cpp/cmake)
[0.384s] -- Using all available rosidl_typesupport_c: rosidl_typesupport_fastrtps_c;rosidl_typesupport_introspection_c
[0.417s] -- Using all available rosidl_typesupport_cpp: rosidl_typesupport_fastrtps_cpp;rosidl_typesupport_introspection_cpp
[0.444s] -- Found rosidl_default_generators: 1.6.0 (/opt/ros/jazzy/share/rosidl_default_generators/cmake)
[0.456s] -- Found rosidl_adapter: 4.6.7 (/opt/ros/jazzy/share/rosidl_adapter/cmake)
[0.459s] -- Found geometry_msgs: 5.3.7 (/opt/ros/jazzy/share/geometry_msgs/cmake)
[0.496s] -- Found nav_msgs: 5.3.7 (/opt/ros/jazzy/share/nav_msgs/cmake)
[1.567s] -- Found ament_cmake_ros: 0.12.0 (/opt/ros/jazzy/share/ament_cmake_ros/cmake)
[2.995s] -- Using all available rosidl_typesupport_c: rosidl_typesupport_fastrtps_c;rosidl_typesupport_introspection_c
[3.635s] -- Using all available rosidl_typesupport_cpp: rosidl_typesupport_fastrtps_cpp;rosidl_typesupport_introspection_cpp
[3.683s] -- Found python_cmake_module: 0.11.1 (/opt/ros/jazzy/share/python_cmake_module/cmake)
[3.932s] -- Found PythonExtra: /usr/bin/python3  
[5.875s] -- Found Python3: /usr/bin/python3 (found version "3.12.3") found components: Interpreter Development NumPy Development.Module Development.Embed 
[6.141s] -- Found Python3: /usr/bin/python3 (found version "3.12.3") found components: Interpreter 
[6.285s] -- Configuring done (6.3s)
[6.448s] -- Generating done (0.1s)
[6.475s] -- Build files have been written to: /home/seg/lecture7/-px4-3d-path-planner/ros2_ws/src/build/planner_msgs
[6.496s] Invoked command in '/home/seg/lecture7/-px4-3d-path-planner/ros2_ws/src/build/planner_msgs' returned '0': CMAKE_PREFIX_PATH=${CMAKE_PREFIX_PATH}:/opt/ros/jazzy DEBUGINFOD_URLS=https://debuginfod.ubuntu.com /usr/bin/cmake /home/seg/lecture7/-px4-3d-path-planner/ros2_ws/src/planner_msgs -DCMAKE_INSTALL_PREFIX=/home/seg/lecture7/-px4-3d-path-planner/ros2_ws/src/install/planner_msgs
[6.497s] Invoking command in '/home/seg/lecture7/-px4-3d-path-planner/ros2_ws/src/build/planner_msgs': CMAKE_PREFIX_PATH=${CMAKE_PREFIX_PATH}:/opt/ros/jazzy DEBUGINFOD_URLS=https://debuginfod.ubuntu.com /usr/bin/cmake --build /home/seg/lecture7/-px4-3d-path-planner/ros2_ws/src/build/planner_msgs -- -j8 -l8
[6.608s] [  1%] [34m[1mGenerating type hashes for ROS interfaces[0m
[6.610s] [  3%] [34m[1mGenerating Rust code for ROS interfaces[0m
[6.630s] [  3%] Built target ament_cmake_python_copy_planner_msgs
[6.910s] running egg_info
[6.911s] creating planner_msgs.egg-info
[6.932s] writing planner_msgs.egg-info/PKG-INFO
[6.932s] writing dependency_links to planner_msgs.egg-info/dependency_links.txt
[6.932s] writing top-level names to planner_msgs.egg-info/top_level.txt
[6.933s] writing manifest file 'planner_msgs.egg-info/SOURCES.txt'
[6.991s] reading manifest file 'planner_msgs.egg-info/SOURCES.txt'
[6.992s] writing manifest file 'planner_msgs.egg-info/SOURCES.txt'
[7.039s] [  3%] Built target ament_cmake_python_build_planner_msgs_egg
[7.130s] [  3%] Built target planner_msgs__rosidl_generator_type_description
[7.170s] [  5%] [34m[1mGenerating C code for ROS interfaces[0m
[7.171s] [  7%] [34m[1mGenerating C++ code for ROS interfaces[0m
[7.238s] [  7%] Built target planner_msgs__rs
[7.791s] [  7%] Built target planner_msgs__cpp
[7.987s] [  9%] [32mBuilding C object CMakeFiles/planner_msgs__rosidl_generator_c.dir/rosidl_generator_c/planner_msgs/msg/detail/no_fly_zone__type_support.c.o[0m
[7.990s] [ 10%] [32mBuilding C object CMakeFiles/planner_msgs__rosidl_generator_c.dir/rosidl_generator_c/planner_msgs/srv/detail/plan_path__functions.c.o[0m
[7.990s] [ 12%] [32mBuilding C object CMakeFiles/planner_msgs__rosidl_generator_c.dir/rosidl_generator_c/planner_msgs/srv/detail/plan_path__description.c.o[0m
[7.990s] [ 14%] [32mBuilding C object CMakeFiles/planner_msgs__rosidl_generator_c.dir/rosidl_generator_c/planner_msgs/msg/detail/no_fly_zone_array__type_support.c.o[0m
[7.990s] [ 16%] [32mBuilding C object CMakeFiles/planner_msgs__rosidl_generator_c.dir/rosidl_generator_c/planner_msgs/msg/detail/no_fly_zone__functions.c.o[0m
[7.993s] [ 18%] [32mBuilding C object CMakeFiles/planner_msgs__rosidl_generator_c.dir/rosidl_generator_c/planner_msgs/msg/detail/no_fly_zone_array__description.c.o[0m
[7.999s] [ 20%] [32mBuilding C object CMakeFiles/planner_msgs__rosidl_generator_c.dir/rosidl_generator_c/planner_msgs/msg/detail/no_fly_zone__description.c.o[0m
[8.000s] [ 21%] [32mBuilding C object CMakeFiles/planner_msgs__rosidl_generator_c.dir/rosidl_generator_c/planner_msgs/msg/detail/no_fly_zone_array__functions.c.o[0m
[8.676s] [ 23%] [32mBuilding C object CMakeFiles/planner_msgs__rosidl_generator_c.dir/rosidl_generator_c/planner_msgs/srv/detail/plan_path__type_support.c.o[0m
[8.838s] [ 25%] [32m[1mLinking C shared library libplanner_msgs__rosidl_generator_c.so[0m
[9.001s] [ 25%] Built target planner_msgs__rosidl_generator_c
[9.028s] [ 29%] [34m[1mGenerating C++ type support for eProsima Fast-RTPS[0m
[9.028s] [ 29%] [34m[1mGenerating C type support for eProsima Fast-RTPS[0m
[9.028s] [ 30%] [34m[1mGenerating C introspection for ROS interfaces[0m
[9.031s] [ 32%] [34m[1mGenerating C++ type support dispatch for ROS interfaces[0m
[9.034s] [ 34%] [34m[1mGenerating C type support dispatch for ROS interfaces[0m
[9.037s] [ 36%] [34m[1mGenerating C++ introspection for ROS interfaces[0m
[9.617s] [ 38%] [32mBuilding CXX object CMakeFiles/planner_msgs__rosidl_typesupport_c.dir/rosidl_typesupport_c/planner_msgs/msg/no_fly_zone__type_support.cpp.o[0m
[9.619s] [ 40%] [32mBuilding CXX object CMakeFiles/planner_msgs__rosidl_typesupport_c.dir/rosidl_typesupport_c/planner_msgs/srv/plan_path__type_support.cpp.o[0m
[9.625s] [ 41%] [32mBuilding CXX object CMakeFiles/planner_msgs__rosidl_typesupport_c.dir/rosidl_typesupport_c/planner_msgs/msg/no_fly_zone_array__type_support.cpp.o[0m
[9.627s] [ 43%] [32mBuilding C object CMakeFiles/planner_msgs__rosidl_typesupport_introspection_c.dir/rosidl_typesupport_introspection_c/planner_msgs/msg/detail/no_fly_zone__type_support.c.o[0m
[9.627s] [ 45%] [32mBuilding CXX object CMakeFiles/planner_msgs__rosidl_typesupport_cpp.dir/rosidl_typesupport_cpp/planner_msgs/msg/no_fly_zone__type_support.cpp.o[0m
[9.642s] [ 47%] [32mBuilding CXX object CMakeFiles/planner_msgs__rosidl_typesupport_introspection_cpp.dir/rosidl_typesupport_introspection_cpp/planner_msgs/msg/detail/no_fly_zone__type_support.cpp.o[0m
[9.681s] [ 49%] [32mBuilding C object CMakeFiles/planner_msgs__rosidl_typesupport_introspection_c.dir/rosidl_typesupport_introspection_c/planner_msgs/msg/detail/no_fly_zone_array__type_support.c.o[0m
[9.732s] [ 50%] [32mBuilding C object CMakeFiles/planner_msgs__rosidl_typesupport_introspection_c.dir/rosidl_typesupport_introspection_c/planner_msgs/srv/detail/plan_path__type_support.c.o[0m
[9.745s] [ 52%] [32mBuilding CXX object CMakeFiles/planner_msgs__rosidl_typesupport_fastrtps_c.dir/rosidl_typesupport_fastrtps_c/planner_msgs/msg/detail/no_fly_zone__type_support_c.cpp.o[0m
[9.773s] [ 54%] [32mBuilding CXX object CMakeFiles/planner_msgs__rosidl_typesupport_fastrtps_cpp.dir/rosidl_typesupport_fastrtps_cpp/planner_msgs/msg/detail/dds_fastrtps/no_fly_zone__type_support.cpp.o[0m
[9.818s] [ 56%] [32mBuilding CXX object CMakeFiles/planner_msgs__rosidl_typesupport_cpp.dir/rosidl_typesupport_cpp/planner_msgs/srv/plan_path__type_support.cpp.o[0m
[9.819s] [ 58%] [32mBuilding CXX object CMakeFiles/planner_msgs__rosidl_typesupport_cpp.dir/rosidl_typesupport_cpp/planner_msgs/msg/no_fly_zone_array__type_support.cpp.o[0m
[9.822s] [ 60%] [32m[1mLinking C shared library libplanner_msgs__rosidl_typesupport_introspection_c.so[0m
[9.840s] [ 61%] [32m[1mLinking CXX shared library libplanner_msgs__rosidl_typesupport_c.so[0m
[9.894s] [ 61%] Built target planner_msgs__rosidl_typesupport_introspection_c
[9.908s] [ 63%] [32mBuilding CXX object CMakeFiles/planner_msgs__rosidl_typesupport_introspection_cpp.dir/rosidl_typesupport_introspection_cpp/planner_msgs/msg/detail/no_fly_zone_array__type_support.cpp.o[0m
[9.962s] [ 63%] Built target planner_msgs__rosidl_typesupport_c
[9.979s] [ 65%] [32mBuilding CXX object CMakeFiles/planner_msgs__rosidl_typesupport_fastrtps_c.dir/rosidl_typesupport_fastrtps_c/planner_msgs/msg/detail/no_fly_zone_array__type_support_c.cpp.o[0m
[10.558s] [ 67%] [32mBuilding CXX object CMakeFiles/planner_msgs__rosidl_typesupport_introspection_cpp.dir/rosidl_typesupport_introspection_cpp/planner_msgs/srv/detail/plan_path__type_support.cpp.o[0m
[10.684s] [ 69%] [32mBuilding CXX object CMakeFiles/planner_msgs__rosidl_typesupport_fastrtps_c.dir/rosidl_typesupport_fastrtps_c/planner_msgs/srv/detail/plan_path__type_support_c.cpp.o[0m
[10.761s] [ 70%] [32mBuilding CXX object CMakeFiles/planner_msgs__rosidl_typesupport_fastrtps_cpp.dir/rosidl_typesupport_fastrtps_cpp/planner_msgs/msg/detail/dds_fastrtps/no_fly_zone_array__type_support.cpp.o[0m
[10.830s] [ 72%] [32mBuilding CXX object CMakeFiles/planner_msgs__rosidl_typesupport_fastrtps_cpp.dir/rosidl_typesupport_fastrtps_cpp/planner_msgs/srv/detail/dds_fastrtps/plan_path__type_support.cpp.o[0m
[10.891s] [ 74%] [32m[1mLinking CXX shared library libplanner_msgs__rosidl_typesupport_cpp.so[0m
[11.068s] [ 74%] Built target planner_msgs__rosidl_typesupport_cpp
[11.113s] [ 76%] [32m[1mLinking CXX shared library libplanner_msgs__rosidl_typesupport_introspection_cpp.so[0m
[11.260s] [ 76%] Built target planner_msgs__rosidl_typesupport_introspection_cpp
[11.408s] [ 78%] [32m[1mLinking CXX shared library libplanner_msgs__rosidl_typesupport_fastrtps_c.so[0m
[11.586s] [ 80%] [32m[1mLinking CXX shared library libplanner_msgs__rosidl_typesupport_fastrtps_cpp.so[0m
[11.599s] [ 80%] Built target planner_msgs__rosidl_typesupport_fastrtps_c
[11.696s] [ 80%] Built target planner_msgs__rosidl_typesupport_fastrtps_cpp
[11.737s] [ 80%] Built target planner_msgs
[11.770s] [ 81%] [34m[1mGenerating Python code for ROS interfaces[0m
[12.739s] [ 81%] Built target planner_msgs__py
[12.767s] [ 83%] [32mBuilding C object CMakeFiles/planner_msgs__rosidl_generator_py.dir/rosidl_generator_py/planner_msgs/msg/_no_fly_zone_array_s.c.o[0m
[12.779s] [ 85%] [32mBuilding C object CMakeFiles/planner_msgs__rosidl_generator_py.dir/rosidl_generator_py/planner_msgs/srv/_plan_path_s.c.o[0m
[12.779s] [ 87%] [32mBuilding C object CMakeFiles/planner_msgs__rosidl_generator_py.dir/rosidl_generator_py/planner_msgs/msg/_no_fly_zone_s.c.o[0m
[13.847s] [ 89%] [32m[1mLinking C shared library libplanner_msgs__rosidl_generator_py.so[0m
[13.975s] [ 89%] Built target planner_msgs__rosidl_generator_py
[14.002s] [ 90%] [32mBuilding C object CMakeFiles/planner_msgs_s__rosidl_typesupport_introspection_c.dir/rosidl_generator_py/planner_msgs/_planner_msgs_s.ep.rosidl_typesupport_introspection_c.c.o[0m
[14.005s] [ 92%] [32mBuilding C object CMakeFiles/planner_msgs_s__rosidl_typesupport_fastrtps_c.dir/rosidl_generator_py/planner_msgs/_planner_msgs_s.ep.rosidl_typesupport_fastrtps_c.c.o[0m
[14.037s] [ 94%] [32mBuilding C object CMakeFiles/planner_msgs_s__rosidl_typesupport_c.dir/rosidl_generator_py/planner_msgs/_planner_msgs_s.ep.rosidl_typesupport_c.c.o[0m
[14.150s] [ 96%] [32m[1mLinking C shared module rosidl_generator_py/planner_msgs/planner_msgs_s__rosidl_typesupport_fastrtps_c.so[0m
[14.167s] [ 98%] [32m[1mLinking C shared module rosidl_generator_py/planner_msgs/planner_msgs_s__rosidl_typesupport_introspection_c.so[0m
[14.175s] [100%] [32m[1mLinking C shared module rosidl_generator_py/planner_msgs/planner_msgs_s__rosidl_typesupport_c.so[0m
[14.192s] [100%] Built target planner_msgs_s__rosidl_typesupport_fastrtps_c
[14.209s] [100%] Built target planner_msgs_s__rosidl_typesupport_introspection_c
[14.216s] [100%] Built target planner_msgs_s__rosidl_typesupport_c
[14.232s] Invoked command in '/home/seg/lecture7/-px4-3d-path-planner/ros2_ws/src/build/planner_msgs' returned '0': CMAKE_PREFIX_PATH=${CMAKE_PREFIX_PATH}:/opt/ros/jazzy DEBUGINFOD_URLS=https://debuginfod.ubuntu.com /usr/bin/cmake --build /home/seg/lecture7/-px4-3d-path-planner/ros2_ws/src/build/planner_msgs -- -j8 -l8
[14.248s] Invoking command in '/home/seg/lecture7/-px4-3d-path-planner/ros2_ws/src/build/planner_msgs': CMAKE_PREFIX_PATH=${CMAKE_PREFIX_PATH}:/opt/ros/jazzy DEBUGINFOD_URLS=https://debuginfod.ubuntu.com /usr/bin/cmake --install /home/seg/lecture7/-px4-3d-path-planner/ros2_ws/src/build/planner_msgs
[14.263s] -- Install configuration: ""
[14.263s] -- Installing: /home/seg/lecture7/-px4-3d-path-planner/ros2_ws/src/install/planner_msgs/share/ament_index/resource_index/rosidl_interfaces/planner_msgs
[14.263s] -- Installing: /home/seg/lecture7/-px4-3d-path-planner/ros2_ws/src/install/planner_msgs/share/planner_msgs/msg/NoFlyZone.json
[14.263s] -- Installing: /home/seg/lecture7/-px4-3d-path-planner/ros2_ws/src/install/planner_msgs/share/planner_msgs/msg/NoFlyZoneArray.json
[14.263s] -- Installing: /home/seg/lecture7/-px4-3d-path-planner/ros2_ws/src/install/planner_msgs/share/planner_msgs/srv/PlanPath.json
[14.264s] -- Installing: /home/seg/lecture7/-px4-3d-path-planner/ros2_ws/src/install/planner_msgs/include/planner_msgs/planner_msgs
[14.264s] -- Installing: /home/seg/lecture7/-px4-3d-path-planner/ros2_ws/src/install/planner_msgs/include/planner_msgs/planner_msgs/srv
[14.264s] -- Installing: /home/seg/lecture7/-px4-3d-path-planner/ros2_ws/src/install/planner_msgs/include/planner_msgs/planner_msgs/srv/detail
[14.264s] -- Installing: /home/seg/lecture7/-px4-3d-path-planner/ros2_ws/src/install/planner_msgs/include/planner_msgs/planner_msgs/srv/detail/plan_path__functions.h
[14.264s] -- Installing: /home/seg/lecture7/-px4-3d-path-planner/ros2_ws/src/install/planner_msgs/include/planner_msgs/planner_msgs/srv/detail/plan_path__description.c
[14.264s] -- Installing: /home/seg/lecture7/-px4-3d-path-planner/ros2_ws/src/install/planner_msgs/include/planner_msgs/planner_msgs/srv/detail/plan_path__type_support.c
[14.264s] -- Installing: /home/seg/lecture7/-px4-3d-path-planner/ros2_ws/src/install/planner_msgs/include/planner_msgs/planner_msgs/srv/detail/plan_path__struct.h
[14.264s] -- Installing: /home/seg/lecture7/-px4-3d-path-planner/ros2_ws/src/install/planner_msgs/include/planner_msgs/planner_msgs/srv/detail/plan_path__functions.c
[14.264s] -- Installing: /home/seg/lecture7/-px4-3d-path-planner/ros2_ws/src/install/planner_msgs/include/planner_msgs/planner_msgs/srv/detail/plan_path__type_support.h
[14.264s] -- Installing: /home/seg/lecture7/-px4-3d-path-planner/ros2_ws/src/install/planner_msgs/include/planner_msgs/planner_msgs/srv/plan_path.h
[14.264s] -- Installing: /home/seg/lecture7/-px4-3d-path-planner/ros2_ws/src/install/planner_msgs/include/planner_msgs/planner_msgs/msg
[14.264s] -- Installing: /home/seg/lecture7/-px4-3d-path-planner/ros2_ws/src/install/planner_msgs/include/planner_msgs/planner_msgs/msg/detail
[14.265s] -- Installing: /home/seg/lecture7/-px4-3d-path-planner/ros2_ws/src/install/planner_msgs/include/planner_msgs/planner_msgs/msg/detail/no_fly_zone__type_support.c
[14.265s] -- Installing: /home/seg/lecture7/-px4-3d-path-planner/ros2_ws/src/install/planner_msgs/include/planner_msgs/planner_msgs/msg/detail/no_fly_zone_array__type_support.c
[14.265s] -- Installing: /home/seg/lecture7/-px4-3d-path-planner/ros2_ws/src/install/planner_msgs/include/planner_msgs/planner_msgs/msg/detail/no_fly_zone__description.c
[14.265s] -- Installing: /home/seg/lecture7/-px4-3d-path-planner/ros2_ws/src/install/planner_msgs/include/planner_msgs/planner_msgs/msg/detail/no_fly_zone__type_support.h
[14.265s] -- Installing: /home/seg/lecture7/-px4-3d-path-planner/ros2_ws/src/install/planner_msgs/include/planner_msgs/planner_msgs/msg/detail/no_fly_zone_array__functions.h
[14.265s] -- Installing: /home/seg/lecture7/-px4-3d-path-planner/ros2_ws/src/install/planner_msgs/include/planner_msgs/planner_msgs/msg/detail/no_fly_zone__functions.c
[14.265s] -- Installing: /home/seg/lecture7/-px4-3d-path-planner/ros2_ws/src/install/planner_msgs/include/planner_msgs/planner_msgs/msg/detail/no_fly_zone_array__functions.c
[14.265s] -- Installing: /home/seg/lecture7/-px4-3d-path-planner/ros2_ws/src/install/planner_msgs/include/planner_msgs/planner_msgs/msg/detail/no_fly_zone_array__description.c
[14.265s] -- Installing: /home/seg/lecture7/-px4-3d-path-planner/ros2_ws/src/install/planner_msgs/include/planner_msgs/planner_msgs/msg/detail/no_fly_zone_array__type_support.h
[14.265s] -- Installing: /home/seg/lecture7/-px4-3d-path-planner/ros2_ws/src/install/planner_msgs/include/planner_msgs/planner_msgs/msg/detail/no_fly_zone_array__struct.h
[14.265s] -- Installing: /home/seg/lecture7/-px4-3d-path-planner/ros2_ws/src/install/planner_msgs/include/planner_msgs/planner_msgs/msg/detail/no_fly_zone__functions.h
[14.266s] -- Installing: /home/seg/lecture7/-px4-3d-path-planner/ros2_ws/src/install/planner_msgs/include/planner_msgs/planner_msgs/msg/detail/no_fly_zone__struct.h
[14.266s] -- Installing: /home/seg/lecture7/-px4-3d-path-planner/ros2_ws/src/install/planner_msgs/include/planner_msgs/planner_msgs/msg/no_fly_zone_array.h
[14.266s] -- Installing: /home/seg/lecture7/-px4-3d-path-planner/ros2_ws/src/install/planner_msgs/include/planner_msgs/planner_msgs/msg/rosidl_generator_c__visibility_control.h
[14.266s] -- Installing: /home/seg/lecture7/-px4-3d-path-planner/ros2_ws/src/install/planner_msgs/include/planner_msgs/planner_msgs/msg/no_fly_zone.h
[14.266s] -- Installing: /home/seg/lecture7/-px4-3d-path-planner/ros2_ws/src/install/planner_msgs/share/planner_msgs/environment/library_path.sh
[14.266s] -- Installing: /home/seg/lecture7/-px4-3d-path-planner/ros2_ws/src/install/planner_msgs/share/planner_msgs/environment/library_path.dsv
[14.266s] -- Installing: /home/seg/lecture7/-px4-3d-path-planner/ros2_ws/src/install/planner_msgs/lib/libplanner_msgs__rosidl_generator_c.so
[14.266s] -- Set non-toolchain portion of runtime path of "/home/seg/lecture7/-px4-3d-path-planner/ros2_ws/src/install/planner_msgs/lib/libplanner_msgs__rosidl_generator_c.so" to ""
[14.266s] -- Up-to-date: /home/seg/lecture7/-px4-3d-path-planner/ros2_ws/src/install/planner_msgs/include/planner_msgs/planner_msgs
[14.266s] -- Up-to-date: /home/seg/lecture7/-px4-3d-path-planner/ros2_ws/src/install/planner_msgs/include/planner_msgs/planner_msgs/srv
[14.267s] -- Up-to-date: /home/seg/lecture7/-px4-3d-path-planner/ros2_ws/src/install/planner_msgs/include/planner_msgs/planner_msgs/srv/detail
[14.267s] -- Installing: /home/seg/lecture7/-px4-3d-path-planner/ros2_ws/src/install/planner_msgs/include/planner_msgs/planner_msgs/srv/detail/plan_path__rosidl_typesupport_fastrtps_c.h
[14.267s] -- Up-to-date: /home/seg/lecture7/-px4-3d-path-planner/ros2_ws/src/install/planner_msgs/include/planner_msgs/planner_msgs/msg
[14.267s] -- Up-to-date: /home/seg/lecture7/-px4-3d-path-planner/ros2_ws/src/install/planner_msgs/include/planner_msgs/planner_msgs/msg/detail
[14.267s] -- Installing: /home/seg/lecture7/-px4-3d-path-planner/ros2_ws/src/install/planner_msgs/include/planner_msgs/planner_msgs/msg/detail/no_fly_zone__rosidl_typesupport_fastrtps_c.h
[14.267s] -- Installing: /home/seg/lecture7/-px4-3d-path-planner/ros2_ws/src/install/planner_msgs/include/planner_msgs/planner_msgs/msg/detail/no_fly_zone_array__rosidl_typesupport_fastrtps_c.h
[14.267s] -- Installing: /home/seg/lecture7/-px4-3d-path-planner/ros2_ws/src/install/planner_msgs/include/planner_msgs/planner_msgs/msg/rosidl_typesupport_fastrtps_c__visibility_control.h
[14.267s] -- Installing: /home/seg/lecture7/-px4-3d-path-planner/ros2_ws/src/install/planner_msgs/lib/libplanner_msgs__rosidl_typesupport_fastrtps_c.so
[14.267s] -- Set non-toolchain portion of runtime path of "/home/seg/lecture7/-px4-3d-path-planner/ros2_ws/src/install/planner_msgs/lib/libplanner_msgs__rosidl_typesupport_fastrtps_c.so" to ""
[14.267s] -- Up-to-date: /home/seg/lecture7/-px4-3d-path-planner/ros2_ws/src/install/planner_msgs/include/planner_msgs/planner_msgs
[14.268s] -- Up-to-date: /home/seg/lecture7/-px4-3d-path-planner/ros2_ws/src/install/planner_msgs/include/planner_msgs/planner_msgs/srv
[14.268s] -- Up-to-date: /home/seg/lecture7/-px4-3d-path-planner/ros2_ws/src/install/planner_msgs/include/planner_msgs/planner_msgs/srv/detail
[14.268s] -- Installing: /home/seg/lecture7/-px4-3d-path-planner/ros2_ws/src/install/planner_msgs/include/planner_msgs/planner_msgs/srv/detail/plan_path__struct.hpp
[14.268s] -- Installing: /home/seg/lecture7/-px4-3d-path-planner/ros2_ws/src/install/planner_msgs/include/planner_msgs/planner_msgs/srv/detail/plan_path__traits.hpp
[14.268s] -- Installing: /home/seg/lecture7/-px4-3d-path-planner/ros2_ws/src/install/planner_msgs/include/planner_msgs/planner_msgs/srv/detail/plan_path__builder.hpp
[14.268s] -- Installing: /home/seg/lecture7/-px4-3d-path-planner/ros2_ws/src/install/planner_msgs/include/planner_msgs/planner_msgs/srv/detail/plan_path__type_support.hpp
[14.268s] -- Installing: /home/seg/lecture7/-px4-3d-path-planner/ros2_ws/src/install/planner_msgs/include/planner_msgs/planner_msgs/srv/plan_path.hpp
[14.268s] -- Up-to-date: /home/seg/lecture7/-px4-3d-path-planner/ros2_ws/src/install/planner_msgs/include/planner_msgs/planner_msgs/msg
[14.268s] -- Installing: /home/seg/lecture7/-px4-3d-path-planner/ros2_ws/src/install/planner_msgs/include/planner_msgs/planner_msgs/msg/no_fly_zone_array.hpp
[14.269s] -- Up-to-date: /home/seg/lecture7/-px4-3d-path-planner/ros2_ws/src/install/planner_msgs/include/planner_msgs/planner_msgs/msg/detail
[14.269s] -- Installing: /home/seg/lecture7/-px4-3d-path-planner/ros2_ws/src/install/planner_msgs/include/planner_msgs/planner_msgs/msg/detail/no_fly_zone_array__type_support.hpp
[14.269s] -- Installing: /home/seg/lecture7/-px4-3d-path-planner/ros2_ws/src/install/planner_msgs/include/planner_msgs/planner_msgs/msg/detail/no_fly_zone_array__struct.hpp
[14.269s] -- Installing: /home/seg/lecture7/-px4-3d-path-planner/ros2_ws/src/install/planner_msgs/include/planner_msgs/planner_msgs/msg/detail/no_fly_zone__traits.hpp
[14.269s] -- Installing: /home/seg/lecture7/-px4-3d-path-planner/ros2_ws/src/install/planner_msgs/include/planner_msgs/planner_msgs/msg/detail/no_fly_zone__struct.hpp
[14.269s] -- Installing: /home/seg/lecture7/-px4-3d-path-planner/ros2_ws/src/install/planner_msgs/include/planner_msgs/planner_msgs/msg/detail/no_fly_zone__builder.hpp
[14.269s] -- Installing: /home/seg/lecture7/-px4-3d-path-planner/ros2_ws/src/install/planner_msgs/include/planner_msgs/planner_msgs/msg/detail/no_fly_zone_array__builder.hpp
[14.269s] -- Installing: /home/seg/lecture7/-px4-3d-path-planner/ros2_ws/src/install/planner_msgs/include/planner_msgs/planner_msgs/msg/detail/no_fly_zone_array__traits.hpp
[14.270s] -- Installing: /home/seg/lecture7/-px4-3d-path-planner/ros2_ws/src/install/planner_msgs/include/planner_msgs/planner_msgs/msg/detail/no_fly_zone__type_support.hpp
[14.270s] -- Installing: /home/seg/lecture7/-px4-3d-path-planner/ros2_ws/src/install/planner_msgs/include/planner_msgs/planner_msgs/msg/rosidl_generator_cpp__visibility_control.hpp
[14.270s] -- Installing: /home/seg/lecture7/-px4-3d-path-planner/ros2_ws/src/install/planner_msgs/include/planner_msgs/planner_msgs/msg/no_fly_zone.hpp
[14.270s] -- Up-to-date: /home/seg/lecture7/-px4-3d-path-planner/ros2_ws/src/install/planner_msgs/include/planner_msgs/planner_msgs
[14.270s] -- Up-to-date: /home/seg/lecture7/-px4-3d-path-planner/ros2_ws/src/install/planner_msgs/include/planner_msgs/planner_msgs/srv
[14.270s] -- Up-to-date: /home/seg/lecture7/-px4-3d-path-planner/ros2_ws/src/install/planner_msgs/include/planner_msgs/planner_msgs/srv/detail
[14.270s] -- Installing: /home/seg/lecture7/-px4-3d-path-planner/ros2_ws/src/install/planner_msgs/include/planner_msgs/planner_msgs/srv/detail/dds_fastrtps
[14.270s] -- Installing: /home/seg/lecture7/-px4-3d-path-planner/ros2_ws/src/install/planner_msgs/include/planner_msgs/planner_msgs/srv/detail/plan_path__rosidl_typesupport_fastrtps_cpp.hpp
[14.270s] -- Up-to-date: /home/seg/lecture7/-px4-3d-path-planner/ros2_ws/src/install/planner_msgs/include/planner_msgs/planner_msgs/msg
[14.270s] -- Up-to-date: /home/seg/lecture7/-px4-3d-path-planner/ros2_ws/src/install/planner_msgs/include/planner_msgs/planner_msgs/msg/detail
[14.270s] -- Installing: /home/seg/lecture7/-px4-3d-path-planner/ros2_ws/src/install/planner_msgs/include/planner_msgs/planner_msgs/msg/detail/dds_fastrtps
[14.270s] -- Installing: /home/seg/lecture7/-px4-3d-path-planner/ros2_ws/src/install/planner_msgs/include/planner_msgs/planner_msgs/msg/detail/no_fly_zone__rosidl_typesupport_fastrtps_cpp.hpp
[14.270s] -- Installing: /home/seg/lecture7/-px4-3d-path-planner/ros2_ws/src/install/planner_msgs/include/planner_msgs/planner_msgs/msg/detail/no_fly_zone_array__rosidl_typesupport_fastrtps_cpp.hpp
[14.271s] -- Installing: /home/seg/lecture7/-px4-3d-path-planner/ros2_ws/src/install/planner_msgs/include/planner_msgs/planner_msgs/msg/rosidl_typesupport_fastrtps_cpp__visibility_control.h
[14.271s] -- Installing: /home/seg/lecture7/-px4-3d-path-planner/ros2_ws/src/install/planner_msgs/lib/libplanner_msgs__rosidl_typesupport_fastrtps_cpp.so
[14.271s] -- Set non-toolchain portion of runtime path of "/home/seg/lecture7/-px4-3d-path-planner/ros2_ws/src/install/planner_msgs/lib/libplanner_msgs__rosidl_typesupport_fastrtps_cpp.so" to ""
[14.271s] -- Up-to-date: /home/seg/lecture7/-px4-3d-path-planner/ros2_ws/src/install/planner_msgs/include/planner_msgs/planner_msgs
[14.271s] -- Up-to-date: /home/seg/lecture7/-px4-3d-path-planner/ros2_ws/src/install/planner_msgs/include/planner_msgs/planner_msgs/srv
[14.271s] -- Up-to-date: /home/seg/lecture7/-px4-3d-path-planner/ros2_ws/src/install/planner_msgs/include/planner_msgs/planner_msgs/srv/detail
[14.271s] -- Installing: /home/seg/lecture7/-px4-3d-path-planner/ros2_ws/src/install/planner_msgs/include/planner_msgs/planner_msgs/srv/detail/plan_path__rosidl_typesupport_introspection_c.h
[14.271s] -- Installing: /home/seg/lecture7/-px4-3d-path-planner/ros2_ws/src/install/planner_msgs/include/planner_msgs/planner_msgs/srv/detail/plan_path__type_support.c
[14.271s] -- Up-to-date: /home/seg/lecture7/-px4-3d-path-planner/ros2_ws/src/install/planner_msgs/include/planner_msgs/planner_msgs/msg
[14.271s] -- Installing: /home/seg/lecture7/-px4-3d-path-planner/ros2_ws/src/install/planner_msgs/include/planner_msgs/planner_msgs/msg/rosidl_typesupport_introspection_c__visibility_control.h
[14.272s] -- Up-to-date: /home/seg/lecture7/-px4-3d-path-planner/ros2_ws/src/install/planner_msgs/include/planner_msgs/planner_msgs/msg/detail
[14.272s] -- Installing: /home/seg/lecture7/-px4-3d-path-planner/ros2_ws/src/install/planner_msgs/include/planner_msgs/planner_msgs/msg/detail/no_fly_zone__type_support.c
[14.272s] -- Installing: /home/seg/lecture7/-px4-3d-path-planner/ros2_ws/src/install/planner_msgs/include/planner_msgs/planner_msgs/msg/detail/no_fly_zone_array__type_support.c
[14.272s] -- Installing: /home/seg/lecture7/-px4-3d-path-planner/ros2_ws/src/install/planner_msgs/include/planner_msgs/planner_msgs/msg/detail/no_fly_zone__rosidl_typesupport_introspection_c.h
[14.272s] -- Installing: /home/seg/lecture7/-px4-3d-path-planner/ros2_ws/src/install/planner_msgs/include/planner_msgs/planner_msgs/msg/detail/no_fly_zone_array__rosidl_typesupport_introspection_c.h
[14.272s] -- Installing: /home/seg/lecture7/-px4-3d-path-planner/ros2_ws/src/install/planner_msgs/lib/libplanner_msgs__rosidl_typesupport_introspection_c.so
[14.272s] -- Set non-toolchain portion of runtime path of "/home/seg/lecture7/-px4-3d-path-planner/ros2_ws/src/install/planner_msgs/lib/libplanner_msgs__rosidl_typesupport_introspection_c.so" to ""
[14.272s] -- Installing: /home/seg/lecture7/-px4-3d-path-planner/ros2_ws/src/install/planner_msgs/lib/libplanner_msgs__rosidl_typesupport_c.so
[14.272s] -- Set non-toolchain portion of runtime path of "/home/seg/lecture7/-px4-3d-path-planner/ros2_ws/src/install/planner_msgs/lib/libplanner_msgs__rosidl_typesupport_c.so" to ""
[14.273s] -- Up-to-date: /home/seg/lecture7/-px4-3d-path-planner/ros2_ws/src/install/planner_msgs/include/planner_msgs/planner_msgs
[14.273s] -- Up-to-date: /home/seg/lecture7/-px4-3d-path-planner/ros2_ws/src/install/planner_msgs/include/planner_msgs/planner_msgs/srv
[14.273s] -- Up-to-date: /home/seg/lecture7/-px4-3d-path-planner/ros2_ws/src/install/planner_msgs/include/planner_msgs/planner_msgs/srv/detail
[14.273s] -- Installing: /home/seg/lecture7/-px4-3d-path-planner/ros2_ws/src/install/planner_msgs/include/planner_msgs/planner_msgs/srv/detail/plan_path__type_support.cpp
[14.273s] -- Installing: /home/seg/lecture7/-px4-3d-path-planner/ros2_ws/src/install/planner_msgs/include/planner_msgs/planner_msgs/srv/detail/plan_path__rosidl_typesupport_introspection_cpp.hpp
[14.273s] -- Up-to-date: /home/seg/lecture7/-px4-3d-path-planner/ros2_ws/src/install/planner_msgs/include/planner_msgs/planner_msgs/msg
[14.273s] -- Up-to-date: /home/seg/lecture7/-px4-3d-path-planner/ros2_ws/src/install/planner_msgs/include/planner_msgs/planner_msgs/msg/detail
[14.273s] -- Installing: /home/seg/lecture7/-px4-3d-path-planner/ros2_ws/src/install/planner_msgs/include/planner_msgs/planner_msgs/msg/detail/no_fly_zone__type_support.cpp
[14.273s] -- Installing: /home/seg/lecture7/-px4-3d-path-planner/ros2_ws/src/install/planner_msgs/include/planner_msgs/planner_msgs/msg/detail/no_fly_zone_array__rosidl_typesupport_introspection_cpp.hpp
[14.273s] -- Installing: /home/seg/lecture7/-px4-3d-path-planner/ros2_ws/src/install/planner_msgs/include/planner_msgs/planner_msgs/msg/detail/no_fly_zone__rosidl_typesupport_introspection_cpp.hpp
[14.273s] -- Installing: /home/seg/lecture7/-px4-3d-path-planner/ros2_ws/src/install/planner_msgs/include/planner_msgs/planner_msgs/msg/detail/no_fly_zone_array__type_support.cpp
[14.273s] -- Installing: /home/seg/lecture7/-px4-3d-path-planner/ros2_ws/src/install/planner_msgs/lib/libplanner_msgs__rosidl_typesupport_introspection_cpp.so
[14.274s] -- Set non-toolchain portion of runtime path of "/home/seg/lecture7/-px4-3d-path-planner/ros2_ws/src/install/planner_msgs/lib/libplanner_msgs__rosidl_typesupport_introspection_cpp.so" to ""
[14.274s] -- Installing: /home/seg/lecture7/-px4-3d-path-planner/ros2_ws/src/install/planner_msgs/lib/libplanner_msgs__rosidl_typesupport_cpp.so
[14.274s] -- Set non-toolchain portion of runtime path of "/home/seg/lecture7/-px4-3d-path-planner/ros2_ws/src/install/planner_msgs/lib/libplanner_msgs__rosidl_typesupport_cpp.so" to ""
[14.274s] -- Installing: /home/seg/lecture7/-px4-3d-path-planner/ros2_ws/src/install/planner_msgs/share/planner_msgs/environment/pythonpath.sh
[14.274s] -- Installing: /home/seg/lecture7/-px4-3d-path-planner/ros2_ws/src/install/planner_msgs/share/planner_msgs/environment/pythonpath.dsv
[14.274s] -- Installing: /home/seg/lecture7/-px4-3d-path-planner/ros2_ws/src/install/planner_msgs/lib/python3.12/site-packages/planner_msgs-0.0.0-py3.12.egg-info
[14.274s] -- Installing: /home/seg/lecture7/-px4-3d-path-planner/ros2_ws/src/install/planner_msgs/lib/python3.12/site-packages/planner_msgs-0.0.0-py3.12.egg-info/dependency_links.txt
[14.274s] -- Installing: /home/seg/lecture7/-px4-3d-path-planner/ros2_ws/src/install/planner_msgs/lib/python3.12/site-packages/planner_msgs-0.0.0-py3.12.egg-info/top_level.txt
[14.274s] -- Installing: /home/seg/lecture7/-px4-3d-path-planner/ros2_ws/src/install/planner_msgs/lib/python3.12/site-packages/planner_msgs-0.0.0-py3.12.egg-info/PKG-INFO
[14.274s] -- Installing: /home/seg/lecture7/-px4-3d-path-planner/ros2_ws/src/install/planner_msgs/lib/python3.12/site-packages/planner_msgs-0.0.0-py3.12.egg-info/SOURCES.txt
[14.275s] -- Installing: /home/seg/lecture7/-px4-3d-path-planner/ros2_ws/src/install/planner_msgs/lib/python3.12/site-packages/planner_msgs
[14.275s] -- Installing: /home/seg/lecture7/-px4-3d-path-planner/ros2_ws/src/install/planner_msgs/lib/python3.12/site-packages/planner_msgs/_planner_msgs_s.ep.rosidl_typesupport_c.c
[14.275s] -- Installing: /home/seg/lecture7/-px4-3d-path-planner/ros2_ws/src/install/planner_msgs/lib/python3.12/site-packages/planner_msgs/planner_msgs_s__rosidl_typesupport_c.so
[14.275s] -- Installing: /home/seg/lecture7/-px4-3d-path-planner/ros2_ws/src/install/planner_msgs/lib/python3.12/site-packages/planner_msgs/__init__.py
[14.275s] -- Installing: /home/seg/lecture7/-px4-3d-path-planner/ros2_ws/src/install/planner_msgs/lib/python3.12/site-packages/planner_msgs/srv
[14.275s] -- Installing: /home/seg/lecture7/-px4-3d-path-planner/ros2_ws/src/install/planner_msgs/lib/python3.12/site-packages/planner_msgs/srv/__init__.py
[14.275s] -- Installing: /home/seg/lecture7/-px4-3d-path-planner/ros2_ws/src/install/planner_msgs/lib/python3.12/site-packages/planner_msgs/srv/_plan_path_s.c
[14.275s] -- Installing: /home/seg/lecture7/-px4-3d-path-planner/ros2_ws/src/install/planner_msgs/lib/python3.12/site-packages/planner_msgs/srv/_plan_path.py
[14.275s] -- Installing: /home/seg/lecture7/-px4-3d-path-planner/ros2_ws/src/install/planner_msgs/lib/python3.12/site-packages/planner_msgs/msg
[14.276s] -- Installing: /home/seg/lecture7/-px4-3d-path-planner/ros2_ws/src/install/planner_msgs/lib/python3.12/site-packages/planner_msgs/msg/_no_fly_zone_array.py
[14.276s] -- Installing: /home/seg/lecture7/-px4-3d-path-planner/ros2_ws/src/install/planner_msgs/lib/python3.12/site-packages/planner_msgs/msg/__init__.py
[14.276s] -- Installing: /home/seg/lecture7/-px4-3d-path-planner/ros2_ws/src/install/planner_msgs/lib/python3.12/site-packages/planner_msgs/msg/_no_fly_zone.py
[14.276s] -- Installing: /home/seg/lecture7/-px4-3d-path-planner/ros2_ws/src/install/planner_msgs/lib/python3.12/site-packages/planner_msgs/msg/_no_fly_zone_s.c
[14.276s] -- Installing: /home/seg/lecture7/-px4-3d-path-planner/ros2_ws/src/install/planner_msgs/lib/python3.12/site-packages/planner_msgs/msg/_no_fly_zone_array_s.c
[14.276s] -- Installing: /home/seg/lecture7/-px4-3d-path-planner/ros2_ws/src/install/planner_msgs/lib/python3.12/site-packages/planner_msgs/planner_msgs_s__rosidl_typesupport_introspection_c.so
[14.276s] -- Installing: /home/seg/lecture7/-px4-3d-path-planner/ros2_ws/src/install/planner_msgs/lib/python3.12/site-packages/planner_msgs/planner_msgs_s__rosidl_typesupport_fastrtps_c.so
[14.276s] -- Installing: /home/seg/lecture7/-px4-3d-path-planner/ros2_ws/src/install/planner_msgs/lib/python3.12/site-packages/planner_msgs/_planner_msgs_s.ep.rosidl_typesupport_introspection_c.c
[14.276s] -- Installing: /home/seg/lecture7/-px4-3d-path-planner/ros2_ws/src/install/planner_msgs/lib/python3.12/site-packages/planner_msgs/_planner_msgs_s.ep.rosidl_typesupport_fastrtps_c.c
[14.385s] Listing '/home/seg/lecture7/-px4-3d-path-planner/ros2_ws/src/install/planner_msgs/lib/python3.12/site-packages/planner_msgs'...
[14.386s] Compiling '/home/seg/lecture7/-px4-3d-path-planner/ros2_ws/src/install/planner_msgs/lib/python3.12/site-packages/planner_msgs/__init__.py'...
[14.386s] Listing '/home/seg/lecture7/-px4-3d-path-planner/ros2_ws/src/install/planner_msgs/lib/python3.12/site-packages/planner_msgs/msg'...
[14.386s] Compiling '/home/seg/lecture7/-px4-3d-path-planner/ros2_ws/src/install/planner_msgs/lib/python3.12/site-packages/planner_msgs/msg/__init__.py'...
[14.386s] Compiling '/home/seg/lecture7/-px4-3d-path-planner/ros2_ws/src/install/planner_msgs/lib/python3.12/site-packages/planner_msgs/msg/_no_fly_zone.py'...
[14.386s] Compiling '/home/seg/lecture7/-px4-3d-path-planner/ros2_ws/src/install/planner_msgs/lib/python3.12/site-packages/planner_msgs/msg/_no_fly_zone_array.py'...
[14.386s] Listing '/home/seg/lecture7/-px4-3d-path-planner/ros2_ws/src/install/planner_msgs/lib/python3.12/site-packages/planner_msgs/srv'...
[14.387s] Compiling '/home/seg/lecture7/-px4-3d-path-planner/ros2_ws/src/install/planner_msgs/lib/python3.12/site-packages/planner_msgs/srv/__init__.py'...
[14.387s] Compiling '/home/seg/lecture7/-px4-3d-path-planner/ros2_ws/src/install/planner_msgs/lib/python3.12/site-packages/planner_msgs/srv/_plan_path.py'...
[14.394s] -- Installing: /home/seg/lecture7/-px4-3d-path-planner/ros2_ws/src/install/planner_msgs/lib/python3.12/site-packages/planner_msgs/planner_msgs_s__rosidl_typesupport_fastrtps_c.so
[14.395s] -- Set non-toolchain portion of runtime path of "/home/seg/lecture7/-px4-3d-path-planner/ros2_ws/src/install/planner_msgs/lib/python3.12/site-packages/planner_msgs/planner_msgs_s__rosidl_typesupport_fastrtps_c.so" to ""
[14.395s] -- Installing: /home/seg/lecture7/-px4-3d-path-planner/ros2_ws/src/install/planner_msgs/lib/python3.12/site-packages/planner_msgs/planner_msgs_s__rosidl_typesupport_introspection_c.so
[14.396s] -- Set non-toolchain portion of runtime path of "/home/seg/lecture7/-px4-3d-path-planner/ros2_ws/src/install/planner_msgs/lib/python3.12/site-packages/planner_msgs/planner_msgs_s__rosidl_typesupport_introspection_c.so" to ""
[14.396s] -- Installing: /home/seg/lecture7/-px4-3d-path-planner/ros2_ws/src/install/planner_msgs/lib/python3.12/site-packages/planner_msgs/planner_msgs_s__rosidl_typesupport_c.so
[14.397s] -- Set non-toolchain portion of runtime path of "/home/seg/lecture7/-px4-3d-path-planner/ros2_ws/src/install/planner_msgs/lib/python3.12/site-packages/planner_msgs/planner_msgs_s__rosidl_typesupport_c.so" to ""
[14.397s] -- Installing: /home/seg/lecture7/-px4-3d-path-planner/ros2_ws/src/install/planner_msgs/lib/libplanner_msgs__rosidl_generator_py.so
[14.397s] -- Set non-toolchain portion of runtime path of "/home/seg/lecture7/-px4-3d-path-planner/ros2_ws/src/install/planner_msgs/lib/libplanner_msgs__rosidl_generator_py.so" to ""
[14.398s] -- Installing: /home/seg/lecture7/-px4-3d-path-planner/ros2_ws/src/install/planner_msgs/share/ament_index/resource_index/rust_packages/planner_msgs
[14.398s] -- Installing: /home/seg/lecture7/-px4-3d-path-planner/ros2_ws/src/install/planner_msgs/share/planner_msgs/rust
[14.398s] -- Installing: /home/seg/lecture7/-px4-3d-path-planner/ros2_ws/src/install/planner_msgs/share/planner_msgs/rust/build.rs
[14.398s] -- Installing: /home/seg/lecture7/-px4-3d-path-planner/ros2_ws/src/install/planner_msgs/share/planner_msgs/rust/Cargo.toml
[14.399s] -- Installing: /home/seg/lecture7/-px4-3d-path-planner/ros2_ws/src/install/planner_msgs/share/planner_msgs/rust/src
[14.399s] -- Installing: /home/seg/lecture7/-px4-3d-path-planner/ros2_ws/src/install/planner_msgs/share/planner_msgs/rust/src/srv.rs
[14.399s] -- Installing: /home/seg/lecture7/-px4-3d-path-planner/ros2_ws/src/install/planner_msgs/share/planner_msgs/rust/src/srv
[14.399s] -- Installing: /home/seg/lecture7/-px4-3d-path-planner/ros2_ws/src/install/planner_msgs/share/planner_msgs/rust/src/srv/rmw.rs
[14.399s] -- Installing: /home/seg/lecture7/-px4-3d-path-planner/ros2_ws/src/install/planner_msgs/share/planner_msgs/rust/src/lib.rs
[14.400s] -- Installing: /home/seg/lecture7/-px4-3d-path-planner/ros2_ws/src/install/planner_msgs/share/planner_msgs/rust/src/msg
[14.400s] -- Installing: /home/seg/lecture7/-px4-3d-path-planner/ros2_ws/src/install/planner_msgs/share/planner_msgs/rust/src/msg/rmw.rs
[14.401s] -- Installing: /home/seg/lecture7/-px4-3d-path-planner/ros2_ws/src/install/planner_msgs/share/planner_msgs/rust/src/msg.rs
[14.401s] -- Installing: /home/seg/lecture7/-px4-3d-path-planner/ros2_ws/src/install/planner_msgs/share/planner_msgs/msg/NoFlyZone.idl
[14.401s] -- Installing: /home/seg/lecture7/-px4-3d-path-planner/ros2_ws/src/install/planner_msgs/share/planner_msgs/msg/NoFlyZoneArray.idl
[14.402s] -- Installing: /home/seg/lecture7/-px4-3d-path-planner/ros2_ws/src/install/planner_msgs/share/planner_msgs/srv/PlanPath.idl
[14.402s] -- Installing: /home/seg/lecture7/-px4-3d-path-planner/ros2_ws/src/install/planner_msgs/share/planner_msgs/msg/NoFlyZone.msg
[14.402s] -- Installing: /home/seg/lecture7/-px4-3d-path-planner/ros2_ws/src/install/planner_msgs/share/planner_msgs/msg/NoFlyZoneArray.msg
[14.403s] -- Installing: /home/seg/lecture7/-px4-3d-path-planner/ros2_ws/src/install/planner_msgs/share/planner_msgs/srv/PlanPath.srv
[14.403s] -- Installing: /home/seg/lecture7/-px4-3d-path-planner/ros2_ws/src/install/planner_msgs/share/ament_index/resource_index/package_run_dependencies/planner_msgs
[14.403s] -- Installing: /home/seg/lecture7/-px4-3d-path-planner/ros2_ws/src/install/planner_msgs/share/ament_index/resource_index/parent_prefix_path/planner_msgs
[14.404s] -- Installing: /home/seg/lecture7/-px4-3d-path-planner/ros2_ws/src/install/planner_msgs/share/planner_msgs/environment/ament_prefix_path.sh
[14.404s] -- Installing: /home/seg/lecture7/-px4-3d-path-planner/ros2_ws/src/install/planner_msgs/share/planner_msgs/environment/ament_prefix_path.dsv
[14.404s] -- Installing: /home/seg/lecture7/-px4-3d-path-planner/ros2_ws/src/install/planner_msgs/share/planner_msgs/environment/path.sh
[14.406s] -- Installing: /home/seg/lecture7/-px4-3d-path-planner/ros2_ws/src/install/planner_msgs/share/planner_msgs/environment/path.dsv
[14.406s] -- Installing: /home/seg/lecture7/-px4-3d-path-planner/ros2_ws/src/install/planner_msgs/share/planner_msgs/local_setup.bash
[14.406s] -- Installing: /home/seg/lecture7/-px4-3d-path-planner/ros2_ws/src/install/planner_msgs/share/planner_msgs/local_setup.sh
[14.406s] -- Installing: /home/seg/lecture7/-px4-3d-path-planner/ros2_ws/src/install/planner_msgs/share/planner_msgs/local_setup.zsh
[14.407s] -- Installing: /home/seg/lecture7/-px4-3d-path-planner/ros2_ws/src/install/planner_msgs/share/planner_msgs/local_setup.dsv
[14.407s] -- Installing: /home/seg/lecture7/-px4-3d-path-planner/ros2_ws/src/install/planner_msgs/share/planner_msgs/package.dsv
[14.407s] -- Installing: /home/seg/lecture7/-px4-3d-path-planner/ros2_ws/src/install/planner_msgs/share/ament_index/resource_index/packages/planner_msgs
[14.407s] -- Installing: /home/seg/lecture7/-px4-3d-path-planner/ros2_ws/src/install/planner_msgs/share/planner_msgs/cmake/export_planner_msgs__rosidl_generator_cExport.cmake
[14.407s] -- Installing: /home/seg/lecture7/-px4-3d-path-planner/ros2_ws/src/install/planner_msgs/share/planner_msgs/cmake/export_planner_msgs__rosidl_generator_cExport-noconfig.cmake
[14.409s] -- Installing: /home/seg/lecture7/-px4-3d-path-planner/ros2_ws/src/install/planner_msgs/share/planner_msgs/cmake/export_planner_msgs__rosidl_typesupport_fastrtps_cExport.cmake
[14.409s] -- Installing: /home/seg/lecture7/-px4-3d-path-planner/ros2_ws/src/install/planner_msgs/share/planner_msgs/cmake/export_planner_msgs__rosidl_typesupport_fastrtps_cExport-noconfig.cmake
[14.409s] -- Installing: /home/seg/lecture7/-px4-3d-path-planner/ros2_ws/src/install/planner_msgs/share/planner_msgs/cmake/export_planner_msgs__rosidl_generator_cppExport.cmake
[14.409s] -- Installing: /home/seg/lecture7/-px4-3d-path-planner/ros2_ws/src/install/planner_msgs/share/planner_msgs/cmake/export_planner_msgs__rosidl_typesupport_fastrtps_cppExport.cmake
[14.410s] -- Installing: /home/seg/lecture7/-px4-3d-path-planner/ros2_ws/src/install/planner_msgs/share/planner_msgs/cmake/export_planner_msgs__rosidl_typesupport_fastrtps_cppExport-noconfig.cmake
[14.410s] -- Installing: /home/seg/lecture7/-px4-3d-path-planner/ros2_ws/src/install/planner_msgs/share/planner_msgs/cmake/planner_msgs__rosidl_typesupport_introspection_cExport.cmake
[14.410s] -- Installing: /home/seg/lecture7/-px4-3d-path-planner/ros2_ws/src/install/planner_msgs/share/planner_msgs/cmake/planner_msgs__rosidl_typesupport_introspection_cExport-noconfig.cmake
[14.410s] -- Installing: /home/seg/lecture7/-px4-3d-path-planner/ros2_ws/src/install/planner_msgs/share/planner_msgs/cmake/planner_msgs__rosidl_typesupport_cExport.cmake
[14.410s] -- Installing: /home/seg/lecture7/-px4-3d-path-planner/ros2_ws/src/install/planner_msgs/share/planner_msgs/cmake/planner_msgs__rosidl_typesupport_cExport-noconfig.cmake
[14.411s] -- Installing: /home/seg/lecture7/-px4-3d-path-planner/ros2_ws/src/install/planner_msgs/share/planner_msgs/cmake/planner_msgs__rosidl_typesupport_introspection_cppExport.cmake
[14.411s] -- Installing: /home/seg/lecture7/-px4-3d-path-planner/ros2_ws/src/install/planner_msgs/share/planner_msgs/cmake/planner_msgs__rosidl_typesupport_introspection_cppExport-noconfig.cmake
[14.411s] -- Installing: /home/seg/lecture7/-px4-3d-path-planner/ros2_ws/src/install/planner_msgs/share/planner_msgs/cmake/planner_msgs__rosidl_typesupport_cppExport.cmake
[14.412s] -- Installing: /home/seg/lecture7/-px4-3d-path-planner/ros2_ws/src/install/planner_msgs/share/planner_msgs/cmake/planner_msgs__rosidl_typesupport_cppExport-noconfig.cmake
[14.412s] -- Installing: /home/seg/lecture7/-px4-3d-path-planner/ros2_ws/src/install/planner_msgs/share/planner_msgs/cmake/export_planner_msgs__rosidl_generator_pyExport.cmake
[14.412s] -- Installing: /home/seg/lecture7/-px4-3d-path-planner/ros2_ws/src/install/planner_msgs/share/planner_msgs/cmake/export_planner_msgs__rosidl_generator_pyExport-noconfig.cmake
[14.412s] -- Installing: /home/seg/lecture7/-px4-3d-path-planner/ros2_ws/src/install/planner_msgs/share/planner_msgs/cmake/rosidl_cmake-extras.cmake
[14.412s] -- Installing: /home/seg/lecture7/-px4-3d-path-planner/ros2_ws/src/install/planner_msgs/share/planner_msgs/cmake/ament_cmake_export_dependencies-extras.cmake
[14.412s] -- Installing: /home/seg/lecture7/-px4-3d-path-planner/ros2_ws/src/install/planner_msgs/share/planner_msgs/cmake/ament_cmake_export_include_directories-extras.cmake
[14.412s] -- Installing: /home/seg/lecture7/-px4-3d-path-planner/ros2_ws/src/install/planner_msgs/share/planner_msgs/cmake/ament_cmake_export_libraries-extras.cmake
[14.413s] -- Installing: /home/seg/lecture7/-px4-3d-path-planner/ros2_ws/src/install/planner_msgs/share/planner_msgs/cmake/ament_cmake_export_targets-extras.cmake
[14.413s] -- Installing: /home/seg/lecture7/-px4-3d-path-planner/ros2_ws/src/install/planner_msgs/share/planner_msgs/cmake/rosidl_cmake_export_typesupport_targets-extras.cmake
[14.413s] -- Installing: /home/seg/lecture7/-px4-3d-path-planner/ros2_ws/src/install/planner_msgs/share/planner_msgs/cmake/rosidl_cmake_export_typesupport_libraries-extras.cmake
[14.414s] -- Installing: /home/seg/lecture7/-px4-3d-path-planner/ros2_ws/src/install/planner_msgs/share/planner_msgs/cmake/planner_msgsConfig.cmake
[14.414s] -- Installing: /home/seg/lecture7/-px4-3d-path-planner/ros2_ws/src/install/planner_msgs/share/planner_msgs/cmake/planner_msgsConfig-version.cmake
[14.414s] -- Installing: /home/seg/lecture7/-px4-3d-path-planner/ros2_ws/src/install/planner_msgs/share/planner_msgs/package.xml
[14.419s] Invoked command in '/home/seg/lecture7/-px4-3d-path-planner/ros2_ws/src/build/planner_msgs' returned '0': CMAKE_PREFIX_PATH=${CMAKE_PREFIX_PATH}:/opt/ros/jazzy DEBUGINFOD_URLS=https://debuginfod.ubuntu.com /usr/bin/cmake --install /home/seg/lecture7/-px4-3d-path-planner/ros2_ws/src/build/planner_msgs
