[0.100s] DEBUG:colcon:Command line arguments: ['/usr/bin/colcon', 'build', '--packages-select', 'planner_msgs']
[0.100s] DEBUG:colcon:Parsed command line arguments: Namespace(log_base=None, log_level=None, verb_name='build', build_base='build', install_base='install', merge_install=False, symlink_install=False, test_result_base=None, continue_on_error=False, executor='parallel', parallel_workers=8, event_handlers=None, ignore_user_meta=False, metas=['./colcon.meta'], base_paths=['.'], packages_ignore=None, packages_ignore_regex=None, paths=None, packages_up_to=None, packages_up_to_regex=None, packages_above=None, packages_above_and_dependencies=None, packages_above_depth=None, packages_select_by_dep=None, packages_skip_by_dep=None, packages_skip_up_to=None, packages_select_build_failed=False, packages_skip_build_finished=False, packages_select_test_failures=False, packages_skip_test_passed=False, packages_select=['planner_msgs'], packages_skip=None, packages_select_regex=None, packages_skip_regex=None, packages_start=None, packages_end=None, cmake_args=None, cmake_target=None, cmake_target_skip_unavailable=False, cmake_clean_cache=False, cmake_clean_first=False, cmake_force_configure=False, ament_cmake_args=None, catkin_cmake_args=None, catkin_skip_building_tests=False, verb_parser=<colcon_defaults.argument_parser.defaults.DefaultArgumentsDecorator object at 0x7c4739b027b0>, verb_extension=<colcon_core.verb.build.BuildVerb object at 0x7c4739ca9d30>, main=<bound method BuildVerb.main of <colcon_core.verb.build.BuildVerb object at 0x7c4739ca9d30>>)
[0.139s] Level 1:colcon.colcon_core.package_discovery:discover_packages(colcon_meta) check parameters
[0.139s] Level 1:colcon.colcon_core.package_discovery:discover_packages(recursive) check parameters
[0.139s] Level 1:colcon.colcon_core.package_discovery:discover_packages(ignore) check parameters
[0.139s] Level 1:colcon.colcon_core.package_discovery:discover_packages(path) check parameters
[0.139s] Level 1:colcon.colcon_core.package_discovery:discover_packages(colcon_meta) discover
[0.139s] Level 1:colcon.colcon_core.package_discovery:discover_packages(recursive) discover
[0.139s] INFO:colcon.colcon_core.package_discovery:Crawling recursively for packages in '/home/seg/lecture7/-px4-3d-path-planner/ros2_ws/src'
[0.140s] Level 1:colcon.colcon_core.package_identification:_identify(.) by extensions ['ignore', 'ignore_ament_install']
[0.140s] Level 1:colcon.colcon_core.package_identification:_identify(.) by extension 'ignore'
[0.140s] Level 1:colcon.colcon_core.package_identification:_identify(.) by extension 'ignore_ament_install'
[0.140s] Level 1:colcon.colcon_core.package_identification:_identify(.) by extensions ['colcon_pkg']
[0.140s] Level 1:colcon.colcon_core.package_identification:_identify(.) by extension 'colcon_pkg'
[0.140s] Level 1:colcon.colcon_core.package_identification:_identify(.) by extensions ['colcon_meta']
[0.140s] Level 1:colcon.colcon_core.package_identification:_identify(.) by extension 'colcon_meta'
[0.140s] Level 1:colcon.colcon_core.package_identification:_identify(.) by extensions ['ros']
[0.140s] Level 1:colcon.colcon_core.package_identification:_identify(.) by extension 'ros'
[0.165s] Level 1:colcon.colcon_core.package_identification:_identify(.) by extensions ['cmake', 'python']
[0.165s] Level 1:colcon.colcon_core.package_identification:_identify(.) by extension 'cmake'
[0.165s] Level 1:colcon.colcon_core.package_identification:_identify(.) by extension 'python'
[0.165s] Level 1:colcon.colcon_core.package_identification:_identify(.) by extensions ['python_setup_py']
[0.165s] Level 1:colcon.colcon_core.package_identification:_identify(.) by extension 'python_setup_py'
[0.165s] Level 1:colcon.colcon_core.package_identification:_identify(build) by extensions ['ignore', 'ignore_ament_install']
[0.166s] Level 1:colcon.colcon_core.package_identification:_identify(build) by extension 'ignore'
[0.166s] Level 1:colcon.colcon_core.package_identification:_identify(build) ignored
[0.166s] Level 1:colcon.colcon_core.package_identification:_identify(global_planner) by extensions ['ignore', 'ignore_ament_install']
[0.166s] Level 1:colcon.colcon_core.package_identification:_identify(global_planner) by extension 'ignore'
[0.166s] Level 1:colcon.colcon_core.package_identification:_identify(global_planner) by extension 'ignore_ament_install'
[0.166s] Level 1:colcon.colcon_core.package_identification:_identify(global_planner) by extensions ['colcon_pkg']
[0.166s] Level 1:colcon.colcon_core.package_identification:_identify(global_planner) by extension 'colcon_pkg'
[0.166s] Level 1:colcon.colcon_core.package_identification:_identify(global_planner) by extensions ['colcon_meta']
[0.166s] Level 1:colcon.colcon_core.package_identification:_identify(global_planner) by extension 'colcon_meta'
[0.166s] Level 1:colcon.colcon_core.package_identification:_identify(global_planner) by extensions ['ros']
[0.166s] Level 1:colcon.colcon_core.package_identification:_identify(global_planner) by extension 'ros'
[0.168s] DEBUG:colcon.colcon_core.package_identification:Package 'global_planner' with type 'ros.ament_python' and name 'global_planner'
[0.168s] Level 1:colcon.colcon_core.package_identification:_identify(install) by extensions ['ignore', 'ignore_ament_install']
[0.169s] Level 1:colcon.colcon_core.package_identification:_identify(install) by extension 'ignore'
[0.169s] Level 1:colcon.colcon_core.package_identification:_identify(install) ignored
[0.169s] Level 1:colcon.colcon_core.package_identification:_identify(log) by extensions ['ignore', 'ignore_ament_install']
[0.169s] Level 1:colcon.colcon_core.package_identification:_identify(log) by extension 'ignore'
[0.169s] Level 1:colcon.colcon_core.package_identification:_identify(log) ignored
[0.169s] Level 1:colcon.colcon_core.package_identification:_identify(planner_msgs) by extensions ['ignore', 'ignore_ament_install']
[0.169s] Level 1:colcon.colcon_core.package_identification:_identify(planner_msgs) by extension 'ignore'
[0.169s] Level 1:colcon.colcon_core.package_identification:_identify(planner_msgs) by extension 'ignore_ament_install'
[0.169s] Level 1:colcon.colcon_core.package_identification:_identify(planner_msgs) by extensions ['colcon_pkg']
[0.169s] Level 1:colcon.colcon_core.package_identification:_identify(planner_msgs) by extension 'colcon_pkg'
[0.169s] Level 1:colcon.colcon_core.package_identification:_identify(planner_msgs) by extensions ['colcon_meta']
[0.169s] Level 1:colcon.colcon_core.package_identification:_identify(planner_msgs) by extension 'colcon_meta'
[0.169s] Level 1:colcon.colcon_core.package_identification:_identify(planner_msgs) by extensions ['ros']
[0.169s] Level 1:colcon.colcon_core.package_identification:_identify(planner_msgs) by extension 'ros'
[0.170s] DEBUG:colcon.colcon_core.package_identification:Package 'planner_msgs' with type 'ros.ament_cmake' and name 'planner_msgs'
[0.170s] Level 1:colcon.colcon_core.package_discovery:discover_packages(recursive) using defaults
[0.170s] Level 1:colcon.colcon_core.package_discovery:discover_packages(ignore) discover
[0.170s] Level 1:colcon.colcon_core.package_discovery:discover_packages(ignore) using defaults
[0.170s] Level 1:colcon.colcon_core.package_discovery:discover_packages(path) discover
[0.170s] Level 1:colcon.colcon_core.package_discovery:discover_packages(path) using defaults
[0.188s] INFO:colcon.colcon_core.package_selection:Skipping not selected package 'global_planner' in 'global_planner'
[0.189s] Level 5:colcon.colcon_core.verb:set package 'planner_msgs' build argument 'cmake_args' from command line to 'None'
[0.189s] Level 5:colcon.colcon_core.verb:set package 'planner_msgs' build argument 'cmake_target' from command line to 'None'
[0.189s] Level 5:colcon.colcon_core.verb:set package 'planner_msgs' build argument 'cmake_target_skip_unavailable' from command line to 'False'
[0.189s] Level 5:colcon.colcon_core.verb:set package 'planner_msgs' build argument 'cmake_clean_cache' from command line to 'False'
[0.189s] Level 5:colcon.colcon_core.verb:set package 'planner_msgs' build argument 'cmake_clean_first' from command line to 'False'
[0.189s] Level 5:colcon.colcon_core.verb:set package 'planner_msgs' build argument 'cmake_force_configure' from command line to 'False'
[0.189s] Level 5:colcon.colcon_core.verb:set package 'planner_msgs' build argument 'ament_cmake_args' from command line to 'None'
[0.189s] Level 5:colcon.colcon_core.verb:set package 'planner_msgs' build argument 'catkin_cmake_args' from command line to 'None'
[0.189s] Level 5:colcon.colcon_core.verb:set package 'planner_msgs' build argument 'catkin_skip_building_tests' from command line to 'False'
[0.189s] DEBUG:colcon.colcon_core.verb:Building package 'planner_msgs' with the following arguments: {'ament_cmake_args': None, 'build_base': '/home/seg/lecture7/-px4-3d-path-planner/ros2_ws/src/build/planner_msgs', 'catkin_cmake_args': None, 'catkin_skip_building_tests': False, 'cmake_args': None, 'cmake_clean_cache': False, 'cmake_clean_first': False, 'cmake_force_configure': False, 'cmake_target': None, 'cmake_target_skip_unavailable': False, 'install_base': '/home/seg/lecture7/-px4-3d-path-planner/ros2_ws/src/install/planner_msgs', 'merge_install': False, 'path': '/home/seg/lecture7/-px4-3d-path-planner/ros2_ws/src/planner_msgs', 'symlink_install': False, 'test_result_base': None}
[0.189s] INFO:colcon.colcon_core.executor:Executing jobs using 'parallel' executor
[0.190s] DEBUG:colcon.colcon_parallel_executor.executor.parallel:run_until_complete
[0.190s] INFO:colcon.colcon_ros.task.ament_cmake.build:Building ROS package in '/home/seg/lecture7/-px4-3d-path-planner/ros2_ws/src/planner_msgs' with build type 'ament_cmake'
[0.190s] INFO:colcon.colcon_cmake.task.cmake.build:Building CMake package in '/home/seg/lecture7/-px4-3d-path-planner/ros2_ws/src/planner_msgs'
[0.193s] INFO:colcon.colcon_core.plugin_system:Skipping extension 'colcon_core.shell.bat': Not used on non-Windows systems
[0.193s] DEBUG:colcon.colcon_core.shell:Skip shell extension 'dsv' for command environment
[0.204s] DEBUG:colcon.colcon_core.event_handler.log_command:Invoking command in '/home/seg/lecture7/-px4-3d-path-planner/ros2_ws/src/build/planner_msgs': CMAKE_PREFIX_PATH=${CMAKE_PREFIX_PATH}:/opt/ros/jazzy DEBUGINFOD_URLS=https://debuginfod.ubuntu.com /usr/bin/cmake /home/seg/lecture7/-px4-3d-path-planner/ros2_ws/src/planner_msgs -DCMAKE_INSTALL_PREFIX=/home/seg/lecture7/-px4-3d-path-planner/ros2_ws/src/install/planner_msgs
[6.688s] DEBUG:colcon.colcon_core.event_handler.log_command:Invoked command in '/home/seg/lecture7/-px4-3d-path-planner/ros2_ws/src/build/planner_msgs' returned '0': CMAKE_PREFIX_PATH=${CMAKE_PREFIX_PATH}:/opt/ros/jazzy DEBUGINFOD_URLS=https://debuginfod.ubuntu.com /usr/bin/cmake /home/seg/lecture7/-px4-3d-path-planner/ros2_ws/src/planner_msgs -DCMAKE_INSTALL_PREFIX=/home/seg/lecture7/-px4-3d-path-planner/ros2_ws/src/install/planner_msgs
[6.688s] DEBUG:colcon.colcon_core.event_handler.log_command:Invoking command in '/home/seg/lecture7/-px4-3d-path-planner/ros2_ws/src/build/planner_msgs': CMAKE_PREFIX_PATH=${CMAKE_PREFIX_PATH}:/opt/ros/jazzy DEBUGINFOD_URLS=https://debuginfod.ubuntu.com /usr/bin/cmake --build /home/seg/lecture7/-px4-3d-path-planner/ros2_ws/src/build/planner_msgs -- -j8 -l8
[14.423s] DEBUG:colcon.colcon_core.event_handler.log_command:Invoked command in '/home/seg/lecture7/-px4-3d-path-planner/ros2_ws/src/build/planner_msgs' returned '0': CMAKE_PREFIX_PATH=${CMAKE_PREFIX_PATH}:/opt/ros/jazzy DEBUGINFOD_URLS=https://debuginfod.ubuntu.com /usr/bin/cmake --build /home/seg/lecture7/-px4-3d-path-planner/ros2_ws/src/build/planner_msgs -- -j8 -l8
[14.439s] DEBUG:colcon.colcon_core.event_handler.log_command:Invoking command in '/home/seg/lecture7/-px4-3d-path-planner/ros2_ws/src/build/planner_msgs': CMAKE_PREFIX_PATH=${CMAKE_PREFIX_PATH}:/opt/ros/jazzy DEBUGINFOD_URLS=https://debuginfod.ubuntu.com /usr/bin/cmake --install /home/seg/lecture7/-px4-3d-path-planner/ros2_ws/src/build/planner_msgs
[14.610s] Level 1:colcon.colcon_core.environment:create_environment_scripts_only(planner_msgs)
[14.610s] DEBUG:colcon.colcon_core.event_handler.log_command:Invoked command in '/home/seg/lecture7/-px4-3d-path-planner/ros2_ws/src/build/planner_msgs' returned '0': CMAKE_PREFIX_PATH=${CMAKE_PREFIX_PATH}:/opt/ros/jazzy DEBUGINFOD_URLS=https://debuginfod.ubuntu.com /usr/bin/cmake --install /home/seg/lecture7/-px4-3d-path-planner/ros2_ws/src/build/planner_msgs
[14.616s] Level 1:colcon.colcon_core.environment:checking '/home/seg/lecture7/-px4-3d-path-planner/ros2_ws/src/install/planner_msgs' for CMake module files
[14.617s] Level 1:colcon.colcon_core.environment:checking '/home/seg/lecture7/-px4-3d-path-planner/ros2_ws/src/install/planner_msgs' for CMake config files
[14.618s] Level 1:colcon.colcon_core.shell:create_environment_hook('planner_msgs', 'cmake_prefix_path')
[14.618s] INFO:colcon.colcon_core.shell:Creating environment descriptor '/home/seg/lecture7/-px4-3d-path-planner/ros2_ws/src/install/planner_msgs/share/planner_msgs/hook/cmake_prefix_path.dsv'
[14.630s] INFO:colcon.colcon_core.shell:Creating environment hook '/home/seg/lecture7/-px4-3d-path-planner/ros2_ws/src/install/planner_msgs/share/planner_msgs/hook/cmake_prefix_path.sh'
[14.632s] Level 1:colcon.colcon_core.environment:checking '/home/seg/lecture7/-px4-3d-path-planner/ros2_ws/src/install/planner_msgs/lib'
[14.632s] Level 1:colcon.colcon_core.shell:create_environment_hook('planner_msgs', 'ld_library_path_lib')
[14.632s] INFO:colcon.colcon_core.shell:Creating environment descriptor '/home/seg/lecture7/-px4-3d-path-planner/ros2_ws/src/install/planner_msgs/share/planner_msgs/hook/ld_library_path_lib.dsv'
[14.633s] INFO:colcon.colcon_core.shell:Creating environment hook '/home/seg/lecture7/-px4-3d-path-planner/ros2_ws/src/install/planner_msgs/share/planner_msgs/hook/ld_library_path_lib.sh'
[14.634s] Level 1:colcon.colcon_core.environment:checking '/home/seg/lecture7/-px4-3d-path-planner/ros2_ws/src/install/planner_msgs/bin'
[14.634s] Level 1:colcon.colcon_core.environment:checking '/home/seg/lecture7/-px4-3d-path-planner/ros2_ws/src/install/planner_msgs/lib/pkgconfig/planner_msgs.pc'
[14.637s] Level 1:colcon.colcon_core.environment:checking '/home/seg/lecture7/-px4-3d-path-planner/ros2_ws/src/install/planner_msgs/lib/python3.12/site-packages'
[14.638s] Level 1:colcon.colcon_core.shell:create_environment_hook('planner_msgs', 'pythonpath')
[14.638s] INFO:colcon.colcon_core.shell:Creating environment descriptor '/home/seg/lecture7/-px4-3d-path-planner/ros2_ws/src/install/planner_msgs/share/planner_msgs/hook/pythonpath.dsv'
[14.638s] INFO:colcon.colcon_core.shell:Creating environment hook '/home/seg/lecture7/-px4-3d-path-planner/ros2_ws/src/install/planner_msgs/share/planner_msgs/hook/pythonpath.sh'
[14.639s] Level 1:colcon.colcon_core.environment:checking '/home/seg/lecture7/-px4-3d-path-planner/ros2_ws/src/install/planner_msgs/bin'
[14.639s] INFO:colcon.colcon_core.shell:Creating package descriptor '/home/seg/lecture7/-px4-3d-path-planner/ros2_ws/src/install/planner_msgs/share/planner_msgs/package.dsv'
[14.640s] INFO:colcon.colcon_core.shell:Creating package script '/home/seg/lecture7/-px4-3d-path-planner/ros2_ws/src/install/planner_msgs/share/planner_msgs/package.sh'
[14.640s] INFO:colcon.colcon_core.shell:Creating package script '/home/seg/lecture7/-px4-3d-path-planner/ros2_ws/src/install/planner_msgs/share/planner_msgs/package.bash'
[14.641s] INFO:colcon.colcon_core.shell:Creating package script '/home/seg/lecture7/-px4-3d-path-planner/ros2_ws/src/install/planner_msgs/share/planner_msgs/package.zsh'
[14.641s] Level 1:colcon.colcon_core.environment:create_file_with_runtime_dependencies(/home/seg/lecture7/-px4-3d-path-planner/ros2_ws/src/install/planner_msgs/share/colcon-core/packages/planner_msgs)
[14.642s] Level 1:colcon.colcon_core.environment:create_environment_scripts_only(planner_msgs)
[14.642s] Level 1:colcon.colcon_core.environment:checking '/home/seg/lecture7/-px4-3d-path-planner/ros2_ws/src/install/planner_msgs' for CMake module files
[14.643s] Level 1:colcon.colcon_core.environment:checking '/home/seg/lecture7/-px4-3d-path-planner/ros2_ws/src/install/planner_msgs' for CMake config files
[14.644s] Level 1:colcon.colcon_core.shell:create_environment_hook('planner_msgs', 'cmake_prefix_path')
[14.644s] INFO:colcon.colcon_core.shell:Creating environment descriptor '/home/seg/lecture7/-px4-3d-path-planner/ros2_ws/src/install/planner_msgs/share/planner_msgs/hook/cmake_prefix_path.dsv'
[14.644s] INFO:colcon.colcon_core.shell:Creating environment hook '/home/seg/lecture7/-px4-3d-path-planner/ros2_ws/src/install/planner_msgs/share/planner_msgs/hook/cmake_prefix_path.sh'
[14.645s] Level 1:colcon.colcon_core.environment:checking '/home/seg/lecture7/-px4-3d-path-planner/ros2_ws/src/install/planner_msgs/lib'
[14.645s] Level 1:colcon.colcon_core.shell:create_environment_hook('planner_msgs', 'ld_library_path_lib')
[14.645s] INFO:colcon.colcon_core.shell:Creating environment descriptor '/home/seg/lecture7/-px4-3d-path-planner/ros2_ws/src/install/planner_msgs/share/planner_msgs/hook/ld_library_path_lib.dsv'
[14.645s] INFO:colcon.colcon_core.shell:Creating environment hook '/home/seg/lecture7/-px4-3d-path-planner/ros2_ws/src/install/planner_msgs/share/planner_msgs/hook/ld_library_path_lib.sh'
[14.645s] Level 1:colcon.colcon_core.environment:checking '/home/seg/lecture7/-px4-3d-path-planner/ros2_ws/src/install/planner_msgs/bin'
[14.645s] Level 1:colcon.colcon_core.environment:checking '/home/seg/lecture7/-px4-3d-path-planner/ros2_ws/src/install/planner_msgs/lib/pkgconfig/planner_msgs.pc'
[14.646s] Level 1:colcon.colcon_core.environment:checking '/home/seg/lecture7/-px4-3d-path-planner/ros2_ws/src/install/planner_msgs/lib/python3.12/site-packages'
[14.646s] Level 1:colcon.colcon_core.shell:create_environment_hook('planner_msgs', 'pythonpath')
[14.646s] INFO:colcon.colcon_core.shell:Creating environment descriptor '/home/seg/lecture7/-px4-3d-path-planner/ros2_ws/src/install/planner_msgs/share/planner_msgs/hook/pythonpath.dsv'
[14.646s] INFO:colcon.colcon_core.shell:Creating environment hook '/home/seg/lecture7/-px4-3d-path-planner/ros2_ws/src/install/planner_msgs/share/planner_msgs/hook/pythonpath.sh'
[14.647s] Level 1:colcon.colcon_core.environment:checking '/home/seg/lecture7/-px4-3d-path-planner/ros2_ws/src/install/planner_msgs/bin'
[14.647s] INFO:colcon.colcon_core.shell:Creating package descriptor '/home/seg/lecture7/-px4-3d-path-planner/ros2_ws/src/install/planner_msgs/share/planner_msgs/package.dsv'
[14.648s] INFO:colcon.colcon_core.shell:Creating package script '/home/seg/lecture7/-px4-3d-path-planner/ros2_ws/src/install/planner_msgs/share/planner_msgs/package.sh'
[14.648s] INFO:colcon.colcon_core.shell:Creating package script '/home/seg/lecture7/-px4-3d-path-planner/ros2_ws/src/install/planner_msgs/share/planner_msgs/package.bash'
[14.648s] INFO:colcon.colcon_core.shell:Creating package script '/home/seg/lecture7/-px4-3d-path-planner/ros2_ws/src/install/planner_msgs/share/planner_msgs/package.zsh'
[14.649s] Level 1:colcon.colcon_core.environment:create_file_with_runtime_dependencies(/home/seg/lecture7/-px4-3d-path-planner/ros2_ws/src/install/planner_msgs/share/colcon-core/packages/planner_msgs)
[14.649s] DEBUG:colcon.colcon_parallel_executor.executor.parallel:closing loop
[14.650s] DEBUG:colcon.colcon_parallel_executor.executor.parallel:loop closed
[14.650s] DEBUG:colcon.colcon_parallel_executor.executor.parallel:run_until_complete finished with '0'
[14.650s] DEBUG:colcon.colcon_core.event_reactor:joining thread
[14.652s] DEBUG:colcon.colcon_core.event_reactor:joined thread
[14.652s] INFO:colcon.colcon_core.shell:Creating prefix script '/home/seg/lecture7/-px4-3d-path-planner/ros2_ws/src/install/local_setup.sh'
[14.652s] INFO:colcon.colcon_core.shell:Creating prefix util module '/home/seg/lecture7/-px4-3d-path-planner/ros2_ws/src/install/_local_setup_util_sh.py'
[14.654s] INFO:colcon.colcon_core.shell:Creating prefix chain script '/home/seg/lecture7/-px4-3d-path-planner/ros2_ws/src/install/setup.sh'
[14.655s] INFO:colcon.colcon_core.shell:Creating prefix script '/home/seg/lecture7/-px4-3d-path-planner/ros2_ws/src/install/local_setup.bash'
[14.655s] INFO:colcon.colcon_core.shell:Creating prefix chain script '/home/seg/lecture7/-px4-3d-path-planner/ros2_ws/src/install/setup.bash'
[14.656s] INFO:colcon.colcon_core.shell:Creating prefix script '/home/seg/lecture7/-px4-3d-path-planner/ros2_ws/src/install/local_setup.zsh'
[14.657s] INFO:colcon.colcon_core.shell:Creating prefix chain script '/home/seg/lecture7/-px4-3d-path-planner/ros2_ws/src/install/setup.zsh'
