[1.242s] Invoking command in '/root/-px4-3d-path-planner/ros2_ws/src/global_planner': AMENT_PREFIX_PATH=/root/-px4-3d-path-planner/ros2_ws/install/planner_msgs:${AMENT_PREFIX_PATH} CMAKE_PREFIX_PATH=/root/-px4-3d-path-planner/ros2_ws/install/planner_msgs:${CMAKE_PREFIX_PATH} LD_LIBRARY_PATH=/root/-px4-3d-path-planner/ros2_ws/install/planner_msgs/lib:${LD_LIBRARY_PATH} PYTHONPATH=/root/-px4-3d-path-planner/ros2_ws/build/global_planner/prefix_override:/usr/lib/python3/dist-packages/colcon_core/task/python/colcon_distutils_commands:/root/-px4-3d-path-planner/ros2_ws/install/global_planner/lib/python3.12/site-packages:/root/-px4-3d-path-planner/ros2_ws/install/planner_msgs/lib/python3.12/site-packages:${PYTHONPATH} /usr/bin/python3 -W ignore:setup.py install is deprecated -W ignore:easy_install command is deprecated setup.py egg_info --egg-base ../../build/global_planner build --build-base /root/-px4-3d-path-planner/ros2_ws/build/global_planner/build install --record /root/-px4-3d-path-planner/ros2_ws/build/global_planner/install.log --single-version-externally-managed install_data
[1.627s] running egg_info
[1.628s] creating ../../build/global_planner/global_planner.egg-info
[1.738s] writing ../../build/global_planner/global_planner.egg-info/PKG-INFO
[1.738s] writing dependency_links to ../../build/global_planner/global_planner.egg-info/dependency_links.txt
[1.738s] writing entry points to ../../build/global_planner/global_planner.egg-info/entry_points.txt
[1.739s] writing requirements to ../../build/global_planner/global_planner.egg-info/requires.txt
[1.739s] writing top-level names to ../../build/global_planner/global_planner.egg-info/top_level.txt
[1.739s] writing manifest file '../../build/global_planner/global_planner.egg-info/SOURCES.txt'
[1.787s] reading manifest file '../../build/global_planner/global_planner.egg-info/SOURCES.txt'
[1.788s] writing manifest file '../../build/global_planner/global_planner.egg-info/SOURCES.txt'
[1.788s] running build
[1.788s] running build_py
[1.788s] creating /root/-px4-3d-path-planner/ros2_ws/build/global_planner/build
[1.789s] creating /root/-px4-3d-path-planner/ros2_ws/build/global_planner/build/lib
[1.789s] creating /root/-px4-3d-path-planner/ros2_ws/build/global_planner/build/lib/global_planner
[1.789s] copying global_planner/planner_node.py -> /root/-px4-3d-path-planner/ros2_ws/build/global_planner/build/lib/global_planner
[1.789s] copying global_planner/__init__.py -> /root/-px4-3d-path-planner/ros2_ws/build/global_planner/build/lib/global_planner
[1.789s] running install
[1.796s] running install_lib
[1.819s] creating /root/-px4-3d-path-planner/ros2_ws/install/global_planner/lib/python3.12/site-packages/global_planner
[1.820s] copying /root/-px4-3d-path-planner/ros2_ws/build/global_planner/build/lib/global_planner/planner_node.py -> /root/-px4-3d-path-planner/ros2_ws/install/global_planner/lib/python3.12/site-packages/global_planner
[1.820s] copying /root/-px4-3d-path-planner/ros2_ws/build/global_planner/build/lib/global_planner/__init__.py -> /root/-px4-3d-path-planner/ros2_ws/install/global_planner/lib/python3.12/site-packages/global_planner
[1.820s] byte-compiling /root/-px4-3d-path-planner/ros2_ws/install/global_planner/lib/python3.12/site-packages/global_planner/planner_node.py to planner_node.cpython-312.pyc
[1.821s] byte-compiling /root/-px4-3d-path-planner/ros2_ws/install/global_planner/lib/python3.12/site-packages/global_planner/__init__.py to __init__.cpython-312.pyc
[1.822s] running install_data
[1.822s] creating /root/-px4-3d-path-planner/ros2_ws/install/global_planner/share/ament_index
[1.822s] creating /root/-px4-3d-path-planner/ros2_ws/install/global_planner/share/ament_index/resource_index
[1.822s] creating /root/-px4-3d-path-planner/ros2_ws/install/global_planner/share/ament_index/resource_index/packages
[1.822s] copying resource/global_planner -> /root/-px4-3d-path-planner/ros2_ws/install/global_planner/share/ament_index/resource_index/packages
[1.822s] copying package.xml -> /root/-px4-3d-path-planner/ros2_ws/install/global_planner/share/global_planner
[1.823s] running install_egg_info
[1.846s] Copying ../../build/global_planner/global_planner.egg-info to /root/-px4-3d-path-planner/ros2_ws/install/global_planner/lib/python3.12/site-packages/global_planner-0.0.0-py3.12.egg-info
[1.847s] running install_scripts
[1.912s] Installing planner_node script to /root/-px4-3d-path-planner/ros2_ws/install/global_planner/lib/global_planner
[1.913s] writing list of installed files to '/root/-px4-3d-path-planner/ros2_ws/build/global_planner/install.log'
[1.942s] Invoked command in '/root/-px4-3d-path-planner/ros2_ws/src/global_planner' returned '0': AMENT_PREFIX_PATH=/root/-px4-3d-path-planner/ros2_ws/install/planner_msgs:${AMENT_PREFIX_PATH} CMAKE_PREFIX_PATH=/root/-px4-3d-path-planner/ros2_ws/install/planner_msgs:${CMAKE_PREFIX_PATH} LD_LIBRARY_PATH=/root/-px4-3d-path-planner/ros2_ws/install/planner_msgs/lib:${LD_LIBRARY_PATH} PYTHONPATH=/root/-px4-3d-path-planner/ros2_ws/build/global_planner/prefix_override:/usr/lib/python3/dist-packages/colcon_core/task/python/colcon_distutils_commands:/root/-px4-3d-path-planner/ros2_ws/install/global_planner/lib/python3.12/site-packages:/root/-px4-3d-path-planner/ros2_ws/install/planner_msgs/lib/python3.12/site-packages:${PYTHONPATH} /usr/bin/python3 -W ignore:setup.py install is deprecated -W ignore:easy_install command is deprecated setup.py egg_info --egg-base ../../build/global_planner build --build-base /root/-px4-3d-path-planner/ros2_ws/build/global_planner/build install --record /root/-px4-3d-path-planner/ros2_ws/build/global_planner/install.log --single-version-externally-managed install_data
