[2.803s] Invoking command in '/root/-px4-3d-path-planner/ros2_ws/src/global_planner': AMENT_PREFIX_PATH=/root/-px4-3d-path-planner/ros2_ws/install/planner_msgs:${AMENT_PREFIX_PATH} CMAKE_PREFIX_PATH=/root/-px4-3d-path-planner/ros2_ws/install/planner_msgs:${CMAKE_PREFIX_PATH} LD_LIBRARY_PATH=/root/-px4-3d-path-planner/ros2_ws/install/planner_msgs/lib:${LD_LIBRARY_PATH} PYTHONPATH=/root/-px4-3d-path-planner/ros2_ws/build/global_planner/prefix_override:/usr/lib/python3/dist-packages/colcon_core/task/python/colcon_distutils_commands:/root/-px4-3d-path-planner/ros2_ws/install/global_planner/lib/python3.12/site-packages:/root/-px4-3d-path-planner/ros2_ws/install/planner_msgs/lib/python3.12/site-packages:${PYTHONPATH} /usr/bin/python3 -W ignore:setup.py install is deprecated -W ignore:easy_install command is deprecated setup.py egg_info --egg-base ../../build/global_planner build --build-base /root/-px4-3d-path-planner/ros2_ws/build/global_planner/build install --record /root/-px4-3d-path-planner/ros2_ws/build/global_planner/install.log --single-version-externally-managed install_data
[3.142s] running egg_info
[3.253s] writing ../../build/global_planner/global_planner.egg-info/PKG-INFO
[3.254s] writing dependency_links to ../../build/global_planner/global_planner.egg-info/dependency_links.txt
[3.254s] writing entry points to ../../build/global_planner/global_planner.egg-info/entry_points.txt
[3.254s] writing requirements to ../../build/global_planner/global_planner.egg-info/requires.txt
[3.255s] writing top-level names to ../../build/global_planner/global_planner.egg-info/top_level.txt
[3.303s] reading manifest file '../../build/global_planner/global_planner.egg-info/SOURCES.txt'
[3.318s] writing manifest file '../../build/global_planner/global_planner.egg-info/SOURCES.txt'
[3.318s] running build
[3.318s] running build_py
[3.322s] running install
[3.329s] running install_lib
[3.363s] running install_data
[3.364s] running install_egg_info
[3.390s] removing '/root/-px4-3d-path-planner/ros2_ws/install/global_planner/lib/python3.12/site-packages/global_planner-0.0.0-py3.12.egg-info' (and everything under it)
[3.390s] Copying ../../build/global_planner/global_planner.egg-info to /root/-px4-3d-path-planner/ros2_ws/install/global_planner/lib/python3.12/site-packages/global_planner-0.0.0-py3.12.egg-info
[3.406s] running install_scripts
[3.480s] Installing planner_node script to /root/-px4-3d-path-planner/ros2_ws/install/global_planner/lib/global_planner
[3.481s] writing list of installed files to '/root/-px4-3d-path-planner/ros2_ws/build/global_planner/install.log'
[3.506s] Invoked command in '/root/-px4-3d-path-planner/ros2_ws/src/global_planner' returned '0': AMENT_PREFIX_PATH=/root/-px4-3d-path-planner/ros2_ws/install/planner_msgs:${AMENT_PREFIX_PATH} CMAKE_PREFIX_PATH=/root/-px4-3d-path-planner/ros2_ws/install/planner_msgs:${CMAKE_PREFIX_PATH} LD_LIBRARY_PATH=/root/-px4-3d-path-planner/ros2_ws/install/planner_msgs/lib:${LD_LIBRARY_PATH} PYTHONPATH=/root/-px4-3d-path-planner/ros2_ws/build/global_planner/prefix_override:/usr/lib/python3/dist-packages/colcon_core/task/python/colcon_distutils_commands:/root/-px4-3d-path-planner/ros2_ws/install/global_planner/lib/python3.12/site-packages:/root/-px4-3d-path-planner/ros2_ws/install/planner_msgs/lib/python3.12/site-packages:${PYTHONPATH} /usr/bin/python3 -W ignore:setup.py install is deprecated -W ignore:easy_install command is deprecated setup.py egg_info --egg-base ../../build/global_planner build --build-base /root/-px4-3d-path-planner/ros2_ws/build/global_planner/build install --record /root/-px4-3d-path-planner/ros2_ws/build/global_planner/install.log --single-version-externally-managed install_data
