[0.013s] Invoking command in '/root/-px4-3d-path-planner/ros2_ws/build/planner_msgs': CMAKE_PREFIX_PATH=${CMAKE_PREFIX_PATH}:/opt/ros/jazzy /usr/bin/cmake --build /root/-px4-3d-path-planner/ros2_ws/build/planner_msgs -- -j8 -l8
[0.143s] [  2%] Built target planner_msgs__rosidl_generator_type_description
[0.148s] [  4%] Built target planner_msgs__rs
[0.173s] [  4%] Built target ament_cmake_python_copy_planner_msgs
[0.193s] [  6%] Built target planner_msgs__cpp
[0.211s] [ 24%] Built target planner_msgs__rosidl_generator_c
[0.274s] [ 33%] Built target planner_msgs__rosidl_typesupport_introspection_c
[0.274s] [ 42%] Built target planner_msgs__rosidl_typesupport_cpp
[0.280s] [ 51%] Built target planner_msgs__rosidl_typesupport_fastrtps_cpp
[0.283s] [ 60%] Built target planner_msgs__rosidl_typesupport_c
[0.284s] [ 68%] Built target planner_msgs__rosidl_typesupport_fastrtps_c
[0.284s] [ 77%] Built target planner_msgs__rosidl_typesupport_introspection_cpp
[0.327s] [ 77%] Built target planner_msgs
[0.370s] [ 80%] Built target planner_msgs__py
[0.430s] [ 86%] Built target planner_msgs__rosidl_generator_py
[0.475s] running egg_info
[0.488s] [ 91%] Built target planner_msgs_s__rosidl_typesupport_fastrtps_c
[0.497s] [ 95%] Built target planner_msgs_s__rosidl_typesupport_c
[0.497s] [100%] Built target planner_msgs_s__rosidl_typesupport_introspection_c
[0.599s] writing planner_msgs.egg-info/PKG-INFO
[0.599s] writing dependency_links to planner_msgs.egg-info/dependency_links.txt
[0.599s] writing top-level names to planner_msgs.egg-info/top_level.txt
[0.672s] reading manifest file 'planner_msgs.egg-info/SOURCES.txt'
[0.674s] writing manifest file 'planner_msgs.egg-info/SOURCES.txt'
[0.715s] [100%] Built target ament_cmake_python_build_planner_msgs_egg
[0.741s] Invoked command in '/root/-px4-3d-path-planner/ros2_ws/build/planner_msgs' returned '0': CMAKE_PREFIX_PATH=${CMAKE_PREFIX_PATH}:/opt/ros/jazzy /usr/bin/cmake --build /root/-px4-3d-path-planner/ros2_ws/build/planner_msgs -- -j8 -l8
[0.756s] Invoking command in '/root/-px4-3d-path-planner/ros2_ws/build/planner_msgs': CMAKE_PREFIX_PATH=${CMAKE_PREFIX_PATH}:/opt/ros/jazzy /usr/bin/cmake --install /root/-px4-3d-path-planner/ros2_ws/build/planner_msgs
[0.766s] -- Install configuration: ""
[0.766s] -- Up-to-date: /root/-px4-3d-path-planner/ros2_ws/install/planner_msgs/share/ament_index/resource_index/rosidl_interfaces/planner_msgs
[0.767s] -- Up-to-date: /root/-px4-3d-path-planner/ros2_ws/install/planner_msgs/share/planner_msgs/msg/NoFlyZone.json
[0.767s] -- Up-to-date: /root/-px4-3d-path-planner/ros2_ws/install/planner_msgs/share/planner_msgs/srv/PlanPath.json
[0.767s] -- Up-to-date: /root/-px4-3d-path-planner/ros2_ws/install/planner_msgs/include/planner_msgs/planner_msgs
[0.767s] -- Up-to-date: /root/-px4-3d-path-planner/ros2_ws/install/planner_msgs/include/planner_msgs/planner_msgs/srv
[0.767s] -- Up-to-date: /root/-px4-3d-path-planner/ros2_ws/install/planner_msgs/include/planner_msgs/planner_msgs/srv/detail
[0.768s] -- Up-to-date: /root/-px4-3d-path-planner/ros2_ws/install/planner_msgs/include/planner_msgs/planner_msgs/srv/detail/plan_path__functions.h
[0.768s] -- Up-to-date: /root/-px4-3d-path-planner/ros2_ws/install/planner_msgs/include/planner_msgs/planner_msgs/srv/detail/plan_path__description.c
[0.768s] -- Up-to-date: /root/-px4-3d-path-planner/ros2_ws/install/planner_msgs/include/planner_msgs/planner_msgs/srv/detail/plan_path__type_support.c
[0.768s] -- Up-to-date: /root/-px4-3d-path-planner/ros2_ws/install/planner_msgs/include/planner_msgs/planner_msgs/srv/detail/plan_path__struct.h
[0.768s] -- Up-to-date: /root/-px4-3d-path-planner/ros2_ws/install/planner_msgs/include/planner_msgs/planner_msgs/srv/detail/plan_path__functions.c
[0.769s] -- Up-to-date: /root/-px4-3d-path-planner/ros2_ws/install/planner_msgs/include/planner_msgs/planner_msgs/srv/detail/plan_path__type_support.h
[0.769s] -- Up-to-date: /root/-px4-3d-path-planner/ros2_ws/install/planner_msgs/include/planner_msgs/planner_msgs/srv/plan_path.h
[0.769s] -- Up-to-date: /root/-px4-3d-path-planner/ros2_ws/install/planner_msgs/include/planner_msgs/planner_msgs/msg
[0.769s] -- Up-to-date: /root/-px4-3d-path-planner/ros2_ws/install/planner_msgs/include/planner_msgs/planner_msgs/msg/detail
[0.770s] -- Up-to-date: /root/-px4-3d-path-planner/ros2_ws/install/planner_msgs/include/planner_msgs/planner_msgs/msg/detail/no_fly_zone__type_support.c
[0.770s] -- Installing: /root/-px4-3d-path-planner/ros2_ws/install/planner_msgs/include/planner_msgs/planner_msgs/msg/detail/no_fly_zone_array__type_support.c
[0.770s] -- Up-to-date: /root/-px4-3d-path-planner/ros2_ws/install/planner_msgs/include/planner_msgs/planner_msgs/msg/detail/no_fly_zone__description.c
[0.770s] -- Up-to-date: /root/-px4-3d-path-planner/ros2_ws/install/planner_msgs/include/planner_msgs/planner_msgs/msg/detail/no_fly_zone__type_support.h
[0.770s] -- Up-to-date: /root/-px4-3d-path-planner/ros2_ws/install/planner_msgs/include/planner_msgs/planner_msgs/msg/detail/no_fly_zone_array__functions.h
[0.771s] -- Up-to-date: /root/-px4-3d-path-planner/ros2_ws/install/planner_msgs/include/planner_msgs/planner_msgs/msg/detail/no_fly_zone__functions.c
[0.771s] -- Up-to-date: /root/-px4-3d-path-planner/ros2_ws/install/planner_msgs/include/planner_msgs/planner_msgs/msg/detail/no_fly_zone_array__functions.c
[0.771s] -- Up-to-date: /root/-px4-3d-path-planner/ros2_ws/install/planner_msgs/include/planner_msgs/planner_msgs/msg/detail/no_fly_zone_array__description.c
[0.772s] -- Up-to-date: /root/-px4-3d-path-planner/ros2_ws/install/planner_msgs/include/planner_msgs/planner_msgs/msg/detail/no_fly_zone_array__type_support.h
[0.772s] -- Up-to-date: /root/-px4-3d-path-planner/ros2_ws/install/planner_msgs/include/planner_msgs/planner_msgs/msg/detail/no_fly_zone_array__struct.h
[0.772s] -- Up-to-date: /root/-px4-3d-path-planner/ros2_ws/install/planner_msgs/include/planner_msgs/planner_msgs/msg/detail/no_fly_zone__functions.h
[0.772s] -- Up-to-date: /root/-px4-3d-path-planner/ros2_ws/install/planner_msgs/include/planner_msgs/planner_msgs/msg/detail/no_fly_zone__struct.h
[0.772s] -- Up-to-date: /root/-px4-3d-path-planner/ros2_ws/install/planner_msgs/include/planner_msgs/planner_msgs/msg/no_fly_zone_array.h
[0.772s] -- Up-to-date: /root/-px4-3d-path-planner/ros2_ws/install/planner_msgs/include/planner_msgs/planner_msgs/msg/rosidl_generator_c__visibility_control.h
[0.773s] -- Up-to-date: /root/-px4-3d-path-planner/ros2_ws/install/planner_msgs/include/planner_msgs/planner_msgs/msg/no_fly_zone.h
[0.773s] -- Up-to-date: /root/-px4-3d-path-planner/ros2_ws/install/planner_msgs/share/planner_msgs/environment/library_path.sh
[0.773s] -- Up-to-date: /root/-px4-3d-path-planner/ros2_ws/install/planner_msgs/share/planner_msgs/environment/library_path.dsv
[0.773s] -- Up-to-date: /root/-px4-3d-path-planner/ros2_ws/install/planner_msgs/lib/libplanner_msgs__rosidl_generator_c.so
[0.773s] -- Up-to-date: /root/-px4-3d-path-planner/ros2_ws/install/planner_msgs/include/planner_msgs/planner_msgs
[0.773s] -- Up-to-date: /root/-px4-3d-path-planner/ros2_ws/install/planner_msgs/include/planner_msgs/planner_msgs/srv
[0.773s] -- Up-to-date: /root/-px4-3d-path-planner/ros2_ws/install/planner_msgs/include/planner_msgs/planner_msgs/srv/detail
[0.774s] -- Up-to-date: /root/-px4-3d-path-planner/ros2_ws/install/planner_msgs/include/planner_msgs/planner_msgs/srv/detail/plan_path__rosidl_typesupport_fastrtps_c.h
[0.774s] -- Up-to-date: /root/-px4-3d-path-planner/ros2_ws/install/planner_msgs/include/planner_msgs/planner_msgs/msg
[0.774s] -- Up-to-date: /root/-px4-3d-path-planner/ros2_ws/install/planner_msgs/include/planner_msgs/planner_msgs/msg/detail
[0.774s] -- Up-to-date: /root/-px4-3d-path-planner/ros2_ws/install/planner_msgs/include/planner_msgs/planner_msgs/msg/detail/no_fly_zone__rosidl_typesupport_fastrtps_c.h
[0.774s] -- Up-to-date: /root/-px4-3d-path-planner/ros2_ws/install/planner_msgs/include/planner_msgs/planner_msgs/msg/detail/no_fly_zone_array__rosidl_typesupport_fastrtps_c.h
[0.774s] -- Up-to-date: /root/-px4-3d-path-planner/ros2_ws/install/planner_msgs/include/planner_msgs/planner_msgs/msg/rosidl_typesupport_fastrtps_c__visibility_control.h
[0.775s] -- Up-to-date: /root/-px4-3d-path-planner/ros2_ws/install/planner_msgs/lib/libplanner_msgs__rosidl_typesupport_fastrtps_c.so
[0.775s] -- Up-to-date: /root/-px4-3d-path-planner/ros2_ws/install/planner_msgs/include/planner_msgs/planner_msgs
[0.775s] -- Up-to-date: /root/-px4-3d-path-planner/ros2_ws/install/planner_msgs/include/planner_msgs/planner_msgs/srv
[0.775s] -- Up-to-date: /root/-px4-3d-path-planner/ros2_ws/install/planner_msgs/include/planner_msgs/planner_msgs/srv/detail
[0.775s] -- Up-to-date: /root/-px4-3d-path-planner/ros2_ws/install/planner_msgs/include/planner_msgs/planner_msgs/srv/detail/plan_path__struct.hpp
[0.775s] -- Up-to-date: /root/-px4-3d-path-planner/ros2_ws/install/planner_msgs/include/planner_msgs/planner_msgs/srv/detail/plan_path__traits.hpp
[0.775s] -- Up-to-date: /root/-px4-3d-path-planner/ros2_ws/install/planner_msgs/include/planner_msgs/planner_msgs/srv/detail/plan_path__builder.hpp
[0.776s] -- Up-to-date: /root/-px4-3d-path-planner/ros2_ws/install/planner_msgs/include/planner_msgs/planner_msgs/srv/detail/plan_path__type_support.hpp
[0.776s] -- Up-to-date: /root/-px4-3d-path-planner/ros2_ws/install/planner_msgs/include/planner_msgs/planner_msgs/srv/plan_path.hpp
[0.776s] -- Up-to-date: /root/-px4-3d-path-planner/ros2_ws/install/planner_msgs/include/planner_msgs/planner_msgs/msg
[0.776s] -- Up-to-date: /root/-px4-3d-path-planner/ros2_ws/install/planner_msgs/include/planner_msgs/planner_msgs/msg/no_fly_zone_array.hpp
[0.776s] -- Up-to-date: /root/-px4-3d-path-planner/ros2_ws/install/planner_msgs/include/planner_msgs/planner_msgs/msg/detail
[0.776s] -- Up-to-date: /root/-px4-3d-path-planner/ros2_ws/install/planner_msgs/include/planner_msgs/planner_msgs/msg/detail/no_fly_zone_array__type_support.hpp
[0.777s] -- Up-to-date: /root/-px4-3d-path-planner/ros2_ws/install/planner_msgs/include/planner_msgs/planner_msgs/msg/detail/no_fly_zone_array__struct.hpp
[0.777s] -- Up-to-date: /root/-px4-3d-path-planner/ros2_ws/install/planner_msgs/include/planner_msgs/planner_msgs/msg/detail/no_fly_zone__traits.hpp
[0.777s] -- Up-to-date: /root/-px4-3d-path-planner/ros2_ws/install/planner_msgs/include/planner_msgs/planner_msgs/msg/detail/no_fly_zone__struct.hpp
[0.777s] -- Up-to-date: /root/-px4-3d-path-planner/ros2_ws/install/planner_msgs/include/planner_msgs/planner_msgs/msg/detail/no_fly_zone__builder.hpp
[0.777s] -- Up-to-date: /root/-px4-3d-path-planner/ros2_ws/install/planner_msgs/include/planner_msgs/planner_msgs/msg/detail/no_fly_zone_array__builder.hpp
[0.777s] -- Up-to-date: /root/-px4-3d-path-planner/ros2_ws/install/planner_msgs/include/planner_msgs/planner_msgs/msg/detail/no_fly_zone_array__traits.hpp
[0.778s] -- Up-to-date: /root/-px4-3d-path-planner/ros2_ws/install/planner_msgs/include/planner_msgs/planner_msgs/msg/detail/no_fly_zone__type_support.hpp
[0.778s] -- Up-to-date: /root/-px4-3d-path-planner/ros2_ws/install/planner_msgs/include/planner_msgs/planner_msgs/msg/rosidl_generator_cpp__visibility_control.hpp
[0.778s] -- Up-to-date: /root/-px4-3d-path-planner/ros2_ws/install/planner_msgs/include/planner_msgs/planner_msgs/msg/no_fly_zone.hpp
[0.778s] -- Up-to-date: /root/-px4-3d-path-planner/ros2_ws/install/planner_msgs/include/planner_msgs/planner_msgs
[0.778s] -- Up-to-date: /root/-px4-3d-path-planner/ros2_ws/install/planner_msgs/include/planner_msgs/planner_msgs/srv
[0.778s] -- Up-to-date: /root/-px4-3d-path-planner/ros2_ws/install/planner_msgs/include/planner_msgs/planner_msgs/srv/detail
[0.779s] -- Up-to-date: /root/-px4-3d-path-planner/ros2_ws/install/planner_msgs/include/planner_msgs/planner_msgs/srv/detail/dds_fastrtps
[0.779s] -- Up-to-date: /root/-px4-3d-path-planner/ros2_ws/install/planner_msgs/include/planner_msgs/planner_msgs/srv/detail/plan_path__rosidl_typesupport_fastrtps_cpp.hpp
[0.779s] -- Up-to-date: /root/-px4-3d-path-planner/ros2_ws/install/planner_msgs/include/planner_msgs/planner_msgs/msg
[0.779s] -- Up-to-date: /root/-px4-3d-path-planner/ros2_ws/install/planner_msgs/include/planner_msgs/planner_msgs/msg/detail
[0.779s] -- Up-to-date: /root/-px4-3d-path-planner/ros2_ws/install/planner_msgs/include/planner_msgs/planner_msgs/msg/detail/dds_fastrtps
[0.779s] -- Up-to-date: /root/-px4-3d-path-planner/ros2_ws/install/planner_msgs/include/planner_msgs/planner_msgs/msg/detail/no_fly_zone__rosidl_typesupport_fastrtps_cpp.hpp
[0.779s] -- Up-to-date: /root/-px4-3d-path-planner/ros2_ws/install/planner_msgs/include/planner_msgs/planner_msgs/msg/detail/no_fly_zone_array__rosidl_typesupport_fastrtps_cpp.hpp
[0.780s] -- Up-to-date: /root/-px4-3d-path-planner/ros2_ws/install/planner_msgs/include/planner_msgs/planner_msgs/msg/rosidl_typesupport_fastrtps_cpp__visibility_control.h
[0.780s] -- Up-to-date: /root/-px4-3d-path-planner/ros2_ws/install/planner_msgs/lib/libplanner_msgs__rosidl_typesupport_fastrtps_cpp.so
[0.780s] -- Up-to-date: /root/-px4-3d-path-planner/ros2_ws/install/planner_msgs/include/planner_msgs/planner_msgs
[0.780s] -- Up-to-date: /root/-px4-3d-path-planner/ros2_ws/install/planner_msgs/include/planner_msgs/planner_msgs/srv
[0.780s] -- Up-to-date: /root/-px4-3d-path-planner/ros2_ws/install/planner_msgs/include/planner_msgs/planner_msgs/srv/detail
[0.780s] -- Up-to-date: /root/-px4-3d-path-planner/ros2_ws/install/planner_msgs/include/planner_msgs/planner_msgs/srv/detail/plan_path__rosidl_typesupport_introspection_c.h
[0.781s] -- Up-to-date: /root/-px4-3d-path-planner/ros2_ws/install/planner_msgs/include/planner_msgs/planner_msgs/srv/detail/plan_path__type_support.c
[0.781s] -- Up-to-date: /root/-px4-3d-path-planner/ros2_ws/install/planner_msgs/include/planner_msgs/planner_msgs/msg
[0.781s] -- Up-to-date: /root/-px4-3d-path-planner/ros2_ws/install/planner_msgs/include/planner_msgs/planner_msgs/msg/rosidl_typesupport_introspection_c__visibility_control.h
[0.781s] -- Up-to-date: /root/-px4-3d-path-planner/ros2_ws/install/planner_msgs/include/planner_msgs/planner_msgs/msg/detail
[0.781s] -- Up-to-date: /root/-px4-3d-path-planner/ros2_ws/install/planner_msgs/include/planner_msgs/planner_msgs/msg/detail/no_fly_zone__type_support.c
[0.781s] -- Installing: /root/-px4-3d-path-planner/ros2_ws/install/planner_msgs/include/planner_msgs/planner_msgs/msg/detail/no_fly_zone_array__type_support.c
[0.781s] -- Up-to-date: /root/-px4-3d-path-planner/ros2_ws/install/planner_msgs/include/planner_msgs/planner_msgs/msg/detail/no_fly_zone__rosidl_typesupport_introspection_c.h
[0.782s] -- Up-to-date: /root/-px4-3d-path-planner/ros2_ws/install/planner_msgs/include/planner_msgs/planner_msgs/msg/detail/no_fly_zone_array__rosidl_typesupport_introspection_c.h
[0.782s] -- Up-to-date: /root/-px4-3d-path-planner/ros2_ws/install/planner_msgs/lib/libplanner_msgs__rosidl_typesupport_introspection_c.so
[0.782s] -- Up-to-date: /root/-px4-3d-path-planner/ros2_ws/install/planner_msgs/lib/libplanner_msgs__rosidl_typesupport_c.so
[0.782s] -- Up-to-date: /root/-px4-3d-path-planner/ros2_ws/install/planner_msgs/include/planner_msgs/planner_msgs
[0.782s] -- Up-to-date: /root/-px4-3d-path-planner/ros2_ws/install/planner_msgs/include/planner_msgs/planner_msgs/srv
[0.782s] -- Up-to-date: /root/-px4-3d-path-planner/ros2_ws/install/planner_msgs/include/planner_msgs/planner_msgs/srv/detail
[0.783s] -- Up-to-date: /root/-px4-3d-path-planner/ros2_ws/install/planner_msgs/include/planner_msgs/planner_msgs/srv/detail/plan_path__type_support.cpp
[0.783s] -- Up-to-date: /root/-px4-3d-path-planner/ros2_ws/install/planner_msgs/include/planner_msgs/planner_msgs/srv/detail/plan_path__rosidl_typesupport_introspection_cpp.hpp
[0.783s] -- Up-to-date: /root/-px4-3d-path-planner/ros2_ws/install/planner_msgs/include/planner_msgs/planner_msgs/msg
[0.783s] -- Up-to-date: /root/-px4-3d-path-planner/ros2_ws/install/planner_msgs/include/planner_msgs/planner_msgs/msg/detail
[0.783s] -- Up-to-date: /root/-px4-3d-path-planner/ros2_ws/install/planner_msgs/include/planner_msgs/planner_msgs/msg/detail/no_fly_zone__type_support.cpp
[0.783s] -- Up-to-date: /root/-px4-3d-path-planner/ros2_ws/install/planner_msgs/include/planner_msgs/planner_msgs/msg/detail/no_fly_zone_array__rosidl_typesupport_introspection_cpp.hpp
[0.783s] -- Up-to-date: /root/-px4-3d-path-planner/ros2_ws/install/planner_msgs/include/planner_msgs/planner_msgs/msg/detail/no_fly_zone__rosidl_typesupport_introspection_cpp.hpp
[0.784s] -- Up-to-date: /root/-px4-3d-path-planner/ros2_ws/install/planner_msgs/include/planner_msgs/planner_msgs/msg/detail/no_fly_zone_array__type_support.cpp
[0.784s] -- Up-to-date: /root/-px4-3d-path-planner/ros2_ws/install/planner_msgs/lib/libplanner_msgs__rosidl_typesupport_introspection_cpp.so
[0.784s] -- Up-to-date: /root/-px4-3d-path-planner/ros2_ws/install/planner_msgs/lib/libplanner_msgs__rosidl_typesupport_cpp.so
[0.784s] -- Up-to-date: /root/-px4-3d-path-planner/ros2_ws/install/planner_msgs/share/planner_msgs/environment/pythonpath.sh
[0.784s] -- Up-to-date: /root/-px4-3d-path-planner/ros2_ws/install/planner_msgs/share/planner_msgs/environment/pythonpath.dsv
[0.784s] -- Up-to-date: /root/-px4-3d-path-planner/ros2_ws/install/planner_msgs/lib/python3.12/site-packages/planner_msgs-0.0.0-py3.12.egg-info
[0.785s] -- Installing: /root/-px4-3d-path-planner/ros2_ws/install/planner_msgs/lib/python3.12/site-packages/planner_msgs-0.0.0-py3.12.egg-info/dependency_links.txt
[0.785s] -- Installing: /root/-px4-3d-path-planner/ros2_ws/install/planner_msgs/lib/python3.12/site-packages/planner_msgs-0.0.0-py3.12.egg-info/top_level.txt
[0.785s] -- Installing: /root/-px4-3d-path-planner/ros2_ws/install/planner_msgs/lib/python3.12/site-packages/planner_msgs-0.0.0-py3.12.egg-info/PKG-INFO
[0.785s] -- Installing: /root/-px4-3d-path-planner/ros2_ws/install/planner_msgs/lib/python3.12/site-packages/planner_msgs-0.0.0-py3.12.egg-info/SOURCES.txt
[0.785s] -- Up-to-date: /root/-px4-3d-path-planner/ros2_ws/install/planner_msgs/lib/python3.12/site-packages/planner_msgs
[0.785s] -- Up-to-date: /root/-px4-3d-path-planner/ros2_ws/install/planner_msgs/lib/python3.12/site-packages/planner_msgs/_planner_msgs_s.ep.rosidl_typesupport_c.c
[0.786s] -- Up-to-date: /root/-px4-3d-path-planner/ros2_ws/install/planner_msgs/lib/python3.12/site-packages/planner_msgs/planner_msgs_s__rosidl_typesupport_c.so
[0.786s] -- Up-to-date: /root/-px4-3d-path-planner/ros2_ws/install/planner_msgs/lib/python3.12/site-packages/planner_msgs/__init__.py
[0.786s] -- Up-to-date: /root/-px4-3d-path-planner/ros2_ws/install/planner_msgs/lib/python3.12/site-packages/planner_msgs/srv
[0.786s] -- Up-to-date: /root/-px4-3d-path-planner/ros2_ws/install/planner_msgs/lib/python3.12/site-packages/planner_msgs/srv/__init__.py
[0.786s] -- Up-to-date: /root/-px4-3d-path-planner/ros2_ws/install/planner_msgs/lib/python3.12/site-packages/planner_msgs/srv/_plan_path_s.c
[0.786s] -- Up-to-date: /root/-px4-3d-path-planner/ros2_ws/install/planner_msgs/lib/python3.12/site-packages/planner_msgs/srv/_plan_path.py
[0.786s] -- Up-to-date: /root/-px4-3d-path-planner/ros2_ws/install/planner_msgs/lib/python3.12/site-packages/planner_msgs/msg
[0.787s] -- Up-to-date: /root/-px4-3d-path-planner/ros2_ws/install/planner_msgs/lib/python3.12/site-packages/planner_msgs/msg/_no_fly_zone_array.py
[0.787s] -- Up-to-date: /root/-px4-3d-path-planner/ros2_ws/install/planner_msgs/lib/python3.12/site-packages/planner_msgs/msg/__init__.py
[0.787s] -- Up-to-date: /root/-px4-3d-path-planner/ros2_ws/install/planner_msgs/lib/python3.12/site-packages/planner_msgs/msg/_no_fly_zone.py
[0.787s] -- Up-to-date: /root/-px4-3d-path-planner/ros2_ws/install/planner_msgs/lib/python3.12/site-packages/planner_msgs/msg/_no_fly_zone_s.c
[0.787s] -- Up-to-date: /root/-px4-3d-path-planner/ros2_ws/install/planner_msgs/lib/python3.12/site-packages/planner_msgs/msg/_no_fly_zone_array_s.c
[0.787s] -- Up-to-date: /root/-px4-3d-path-planner/ros2_ws/install/planner_msgs/lib/python3.12/site-packages/planner_msgs/planner_msgs_s__rosidl_typesupport_introspection_c.so
[0.788s] -- Up-to-date: /root/-px4-3d-path-planner/ros2_ws/install/planner_msgs/lib/python3.12/site-packages/planner_msgs/planner_msgs_s__rosidl_typesupport_fastrtps_c.so
[0.788s] -- Up-to-date: /root/-px4-3d-path-planner/ros2_ws/install/planner_msgs/lib/python3.12/site-packages/planner_msgs/_planner_msgs_s.ep.rosidl_typesupport_introspection_c.c
[0.788s] -- Up-to-date: /root/-px4-3d-path-planner/ros2_ws/install/planner_msgs/lib/python3.12/site-packages/planner_msgs/_planner_msgs_s.ep.rosidl_typesupport_fastrtps_c.c
[0.846s] Listing '/root/-px4-3d-path-planner/ros2_ws/install/planner_msgs/lib/python3.12/site-packages/planner_msgs'...
[0.847s] Listing '/root/-px4-3d-path-planner/ros2_ws/install/planner_msgs/lib/python3.12/site-packages/planner_msgs/msg'...
[0.847s] Listing '/root/-px4-3d-path-planner/ros2_ws/install/planner_msgs/lib/python3.12/site-packages/planner_msgs/srv'...
[0.854s] -- Up-to-date: /root/-px4-3d-path-planner/ros2_ws/install/planner_msgs/lib/python3.12/site-packages/planner_msgs/planner_msgs_s__rosidl_typesupport_fastrtps_c.so
[0.856s] -- Up-to-date: /root/-px4-3d-path-planner/ros2_ws/install/planner_msgs/lib/python3.12/site-packages/planner_msgs/planner_msgs_s__rosidl_typesupport_introspection_c.so
[0.856s] -- Up-to-date: /root/-px4-3d-path-planner/ros2_ws/install/planner_msgs/lib/python3.12/site-packages/planner_msgs/planner_msgs_s__rosidl_typesupport_c.so
[0.856s] -- Up-to-date: /root/-px4-3d-path-planner/ros2_ws/install/planner_msgs/lib/libplanner_msgs__rosidl_generator_py.so
[0.856s] -- Up-to-date: /root/-px4-3d-path-planner/ros2_ws/install/planner_msgs/share/ament_index/resource_index/rust_packages/planner_msgs
[0.857s] -- Up-to-date: /root/-px4-3d-path-planner/ros2_ws/install/planner_msgs/share/planner_msgs/rust
[0.857s] -- Up-to-date: /root/-px4-3d-path-planner/ros2_ws/install/planner_msgs/share/planner_msgs/rust/build.rs
[0.857s] -- Up-to-date: /root/-px4-3d-path-planner/ros2_ws/install/planner_msgs/share/planner_msgs/rust/Cargo.toml
[0.857s] -- Up-to-date: /root/-px4-3d-path-planner/ros2_ws/install/planner_msgs/share/planner_msgs/rust/src
[0.858s] -- Up-to-date: /root/-px4-3d-path-planner/ros2_ws/install/planner_msgs/share/planner_msgs/rust/src/srv.rs
[0.858s] -- Up-to-date: /root/-px4-3d-path-planner/ros2_ws/install/planner_msgs/share/planner_msgs/rust/src/srv
[0.858s] -- Up-to-date: /root/-px4-3d-path-planner/ros2_ws/install/planner_msgs/share/planner_msgs/rust/src/srv/rmw.rs
[0.858s] -- Up-to-date: /root/-px4-3d-path-planner/ros2_ws/install/planner_msgs/share/planner_msgs/rust/src/lib.rs
[0.859s] -- Up-to-date: /root/-px4-3d-path-planner/ros2_ws/install/planner_msgs/share/planner_msgs/rust/src/msg
[0.859s] -- Up-to-date: /root/-px4-3d-path-planner/ros2_ws/install/planner_msgs/share/planner_msgs/rust/src/msg/rmw.rs
[0.859s] -- Up-to-date: /root/-px4-3d-path-planner/ros2_ws/install/planner_msgs/share/planner_msgs/rust/src/msg.rs
[0.859s] -- Up-to-date: /root/-px4-3d-path-planner/ros2_ws/install/planner_msgs/share/planner_msgs/msg/NoFlyZone.idl
[0.859s] -- Up-to-date: /root/-px4-3d-path-planner/ros2_ws/install/planner_msgs/share/planner_msgs/srv/PlanPath.idl
[0.859s] -- Up-to-date: /root/-px4-3d-path-planner/ros2_ws/install/planner_msgs/share/planner_msgs/msg/NoFlyZone.msg
[0.860s] -- Up-to-date: /root/-px4-3d-path-planner/ros2_ws/install/planner_msgs/share/planner_msgs/srv/PlanPath.srv
[0.860s] -- Up-to-date: /root/-px4-3d-path-planner/ros2_ws/install/planner_msgs/share/ament_index/resource_index/package_run_dependencies/planner_msgs
[0.860s] -- Up-to-date: /root/-px4-3d-path-planner/ros2_ws/install/planner_msgs/share/ament_index/resource_index/parent_prefix_path/planner_msgs
[0.860s] -- Up-to-date: /root/-px4-3d-path-planner/ros2_ws/install/planner_msgs/share/planner_msgs/environment/ament_prefix_path.sh
[0.860s] -- Up-to-date: /root/-px4-3d-path-planner/ros2_ws/install/planner_msgs/share/planner_msgs/environment/ament_prefix_path.dsv
[0.861s] -- Up-to-date: /root/-px4-3d-path-planner/ros2_ws/install/planner_msgs/share/planner_msgs/environment/path.sh
[0.861s] -- Up-to-date: /root/-px4-3d-path-planner/ros2_ws/install/planner_msgs/share/planner_msgs/environment/path.dsv
[0.861s] -- Up-to-date: /root/-px4-3d-path-planner/ros2_ws/install/planner_msgs/share/planner_msgs/local_setup.bash
[0.861s] -- Up-to-date: /root/-px4-3d-path-planner/ros2_ws/install/planner_msgs/share/planner_msgs/local_setup.sh
[0.861s] -- Up-to-date: /root/-px4-3d-path-planner/ros2_ws/install/planner_msgs/share/planner_msgs/local_setup.zsh
[0.862s] -- Up-to-date: /root/-px4-3d-path-planner/ros2_ws/install/planner_msgs/share/planner_msgs/local_setup.dsv
[0.862s] -- Installing: /root/-px4-3d-path-planner/ros2_ws/install/planner_msgs/share/planner_msgs/package.dsv
[0.862s] -- Up-to-date: /root/-px4-3d-path-planner/ros2_ws/install/planner_msgs/share/ament_index/resource_index/packages/planner_msgs
[0.862s] -- Up-to-date: /root/-px4-3d-path-planner/ros2_ws/install/planner_msgs/share/planner_msgs/cmake/export_planner_msgs__rosidl_generator_cExport.cmake
[0.862s] -- Up-to-date: /root/-px4-3d-path-planner/ros2_ws/install/planner_msgs/share/planner_msgs/cmake/export_planner_msgs__rosidl_generator_cExport-noconfig.cmake
[0.863s] -- Up-to-date: /root/-px4-3d-path-planner/ros2_ws/install/planner_msgs/share/planner_msgs/cmake/export_planner_msgs__rosidl_typesupport_fastrtps_cExport.cmake
[0.863s] -- Up-to-date: /root/-px4-3d-path-planner/ros2_ws/install/planner_msgs/share/planner_msgs/cmake/export_planner_msgs__rosidl_typesupport_fastrtps_cExport-noconfig.cmake
[0.863s] -- Up-to-date: /root/-px4-3d-path-planner/ros2_ws/install/planner_msgs/share/planner_msgs/cmake/export_planner_msgs__rosidl_generator_cppExport.cmake
[0.863s] -- Up-to-date: /root/-px4-3d-path-planner/ros2_ws/install/planner_msgs/share/planner_msgs/cmake/export_planner_msgs__rosidl_typesupport_fastrtps_cppExport.cmake
[0.863s] -- Up-to-date: /root/-px4-3d-path-planner/ros2_ws/install/planner_msgs/share/planner_msgs/cmake/export_planner_msgs__rosidl_typesupport_fastrtps_cppExport-noconfig.cmake
[0.864s] -- Up-to-date: /root/-px4-3d-path-planner/ros2_ws/install/planner_msgs/share/planner_msgs/cmake/planner_msgs__rosidl_typesupport_introspection_cExport.cmake
[0.864s] -- Up-to-date: /root/-px4-3d-path-planner/ros2_ws/install/planner_msgs/share/planner_msgs/cmake/planner_msgs__rosidl_typesupport_introspection_cExport-noconfig.cmake
[0.864s] -- Up-to-date: /root/-px4-3d-path-planner/ros2_ws/install/planner_msgs/share/planner_msgs/cmake/planner_msgs__rosidl_typesupport_cExport.cmake
[0.864s] -- Up-to-date: /root/-px4-3d-path-planner/ros2_ws/install/planner_msgs/share/planner_msgs/cmake/planner_msgs__rosidl_typesupport_cExport-noconfig.cmake
[0.864s] -- Up-to-date: /root/-px4-3d-path-planner/ros2_ws/install/planner_msgs/share/planner_msgs/cmake/planner_msgs__rosidl_typesupport_introspection_cppExport.cmake
[0.864s] -- Up-to-date: /root/-px4-3d-path-planner/ros2_ws/install/planner_msgs/share/planner_msgs/cmake/planner_msgs__rosidl_typesupport_introspection_cppExport-noconfig.cmake
[0.865s] -- Up-to-date: /root/-px4-3d-path-planner/ros2_ws/install/planner_msgs/share/planner_msgs/cmake/planner_msgs__rosidl_typesupport_cppExport.cmake
[0.865s] -- Up-to-date: /root/-px4-3d-path-planner/ros2_ws/install/planner_msgs/share/planner_msgs/cmake/planner_msgs__rosidl_typesupport_cppExport-noconfig.cmake
[0.865s] -- Up-to-date: /root/-px4-3d-path-planner/ros2_ws/install/planner_msgs/share/planner_msgs/cmake/export_planner_msgs__rosidl_generator_pyExport.cmake
[0.865s] -- Up-to-date: /root/-px4-3d-path-planner/ros2_ws/install/planner_msgs/share/planner_msgs/cmake/export_planner_msgs__rosidl_generator_pyExport-noconfig.cmake
[0.865s] -- Up-to-date: /root/-px4-3d-path-planner/ros2_ws/install/planner_msgs/share/planner_msgs/cmake/rosidl_cmake-extras.cmake
[0.865s] -- Up-to-date: /root/-px4-3d-path-planner/ros2_ws/install/planner_msgs/share/planner_msgs/cmake/ament_cmake_export_dependencies-extras.cmake
[0.865s] -- Up-to-date: /root/-px4-3d-path-planner/ros2_ws/install/planner_msgs/share/planner_msgs/cmake/ament_cmake_export_include_directories-extras.cmake
[0.866s] -- Up-to-date: /root/-px4-3d-path-planner/ros2_ws/install/planner_msgs/share/planner_msgs/cmake/ament_cmake_export_libraries-extras.cmake
[0.866s] -- Up-to-date: /root/-px4-3d-path-planner/ros2_ws/install/planner_msgs/share/planner_msgs/cmake/ament_cmake_export_targets-extras.cmake
[0.866s] -- Up-to-date: /root/-px4-3d-path-planner/ros2_ws/install/planner_msgs/share/planner_msgs/cmake/rosidl_cmake_export_typesupport_targets-extras.cmake
[0.866s] -- Up-to-date: /root/-px4-3d-path-planner/ros2_ws/install/planner_msgs/share/planner_msgs/cmake/rosidl_cmake_export_typesupport_libraries-extras.cmake
[0.867s] -- Up-to-date: /root/-px4-3d-path-planner/ros2_ws/install/planner_msgs/share/planner_msgs/cmake/planner_msgsConfig.cmake
[0.867s] -- Up-to-date: /root/-px4-3d-path-planner/ros2_ws/install/planner_msgs/share/planner_msgs/cmake/planner_msgsConfig-version.cmake
[0.867s] -- Up-to-date: /root/-px4-3d-path-planner/ros2_ws/install/planner_msgs/share/planner_msgs/package.xml
[0.869s] Invoked command in '/root/-px4-3d-path-planner/ros2_ws/build/planner_msgs' returned '0': CMAKE_PREFIX_PATH=${CMAKE_PREFIX_PATH}:/opt/ros/jazzy /usr/bin/cmake --install /root/-px4-3d-path-planner/ros2_ws/build/planner_msgs
