[0.015s] Invoking command in '/home/seg/lecture7/-px4-3d-path-planner/ros2_ws/src/build/planner_msgs': CMAKE_PREFIX_PATH=${CMAKE_PREFIX_PATH}:/opt/ros/jazzy DEBUGINFOD_URLS=https://debuginfod.ubuntu.com /usr/bin/cmake /home/seg/lecture7/-px4-3d-path-planner/ros2_ws/src/planner_msgs -DCMAKE_INSTALL_PREFIX=/home/seg/lecture7/-px4-3d-path-planner/ros2_ws/src/install/planner_msgs
[0.042s] -- Found ament_cmake: 2.5.6 (/opt/ros/jazzy/share/ament_cmake/cmake)
[0.317s] -- Found builtin_interfaces: 2.0.3 (/opt/ros/jazzy/share/builtin_interfaces/cmake)
[0.355s] -- Found rosidl_generator_c: 4.6.7 (/opt/ros/jazzy/share/rosidl_generator_c/cmake)
[0.367s] -- Found rosidl_generator_cpp: 4.6.7 (/opt/ros/jazzy/share/rosidl_generator_cpp/cmake)
[0.380s] -- Using all available rosidl_typesupport_c: rosidl_typesupport_fastrtps_c;rosidl_typesupport_introspection_c
[0.395s] -- Using all available rosidl_typesupport_cpp: rosidl_typesupport_fastrtps_cpp;rosidl_typesupport_introspection_cpp
[0.407s] -- Found rosidl_default_generators: 1.6.0 (/opt/ros/jazzy/share/rosidl_default_generators/cmake)
[0.419s] -- Found rosidl_adapter: 4.6.7 (/opt/ros/jazzy/share/rosidl_adapter/cmake)
[0.421s] -- Found geometry_msgs: 5.3.7 (/opt/ros/jazzy/share/geometry_msgs/cmake)
[0.456s] -- Found nav_msgs: 5.3.7 (/opt/ros/jazzy/share/nav_msgs/cmake)
[0.985s] [31mCMake Error at /opt/ros/jazzy/share/rosidl_cmake/cmake/rosidl_generate_interfaces.cmake:223 (message):
[0.985s]   Packages installing interfaces must include
[0.985s]   '<member_of_group>rosidl_interface_packages</member_of_group>' in their
[0.988s]   package.xml
[0.988s] Call Stack (most recent call first):
[0.988s]   CMakeLists.txt:18 (rosidl_generate_interfaces)
[0.988s] 
[0.988s] [0m
[0.989s] -- Configuring incomplete, errors occurred!
[1.010s] Invoked command in '/home/seg/lecture7/-px4-3d-path-planner/ros2_ws/src/build/planner_msgs' returned '1': CMAKE_PREFIX_PATH=${CMAKE_PREFIX_PATH}:/opt/ros/jazzy DEBUGINFOD_URLS=https://debuginfod.ubuntu.com /usr/bin/cmake /home/seg/lecture7/-px4-3d-path-planner/ros2_ws/src/planner_msgs -DCMAKE_INSTALL_PREFIX=/home/seg/lecture7/-px4-3d-path-planner/ros2_ws/src/install/planner_msgs
