[3.552s] Invoking command in '/home/seg/lecture7/-px4-3d-path-planner/ros2_ws/src/global_planner': AMENT_PREFIX_PATH=/home/seg/lecture7/-px4-3d-path-planner/ros2_ws/src/install/planner_msgs:${AMENT_PREFIX_PATH} CMAKE_PREFIX_PATH=/home/seg/lecture7/-px4-3d-path-planner/ros2_ws/src/install/planner_msgs:${CMAKE_PREFIX_PATH} DEBUGINFOD_URLS=https://debuginfod.ubuntu.com LD_LIBRARY_PATH=/home/seg/lecture7/-px4-3d-path-planner/ros2_ws/src/install/planner_msgs/lib:${LD_LIBRARY_PATH} PYTHONPATH=/home/seg/lecture7/-px4-3d-path-planner/ros2_ws/src/build/global_planner/prefix_override:/usr/lib/python3/dist-packages/colcon_core/task/python/colcon_distutils_commands:/home/seg/lecture7/-px4-3d-path-planner/ros2_ws/src/install/global_planner/lib/python3.12/site-packages:/home/seg/lecture7/-px4-3d-path-planner/ros2_ws/src/install/planner_msgs/lib/python3.12/site-packages:${PYTHONPATH} /usr/bin/python3 -W ignore:setup.py install is deprecated -W ignore:easy_install command is deprecated setup.py egg_info --egg-base ../build/global_planner build --build-base /home/seg/lecture7/-px4-3d-path-planner/ros2_ws/src/build/global_planner/build install --record /home/seg/lecture7/-px4-3d-path-planner/ros2_ws/src/build/global_planner/install.log --single-version-externally-managed install_data
[3.835s] running egg_info
[3.836s] creating ../build/global_planner/global_planner.egg-info
[3.854s] writing ../build/global_planner/global_planner.egg-info/PKG-INFO
[3.854s] writing dependency_links to ../build/global_planner/global_planner.egg-info/dependency_links.txt
[3.854s] writing entry points to ../build/global_planner/global_planner.egg-info/entry_points.txt
[3.854s] writing requirements to ../build/global_planner/global_planner.egg-info/requires.txt
[3.854s] writing top-level names to ../build/global_planner/global_planner.egg-info/top_level.txt
[3.855s] writing manifest file '../build/global_planner/global_planner.egg-info/SOURCES.txt'
[3.890s] reading manifest file '../build/global_planner/global_planner.egg-info/SOURCES.txt'
[3.891s] writing manifest file '../build/global_planner/global_planner.egg-info/SOURCES.txt'
[3.891s] running build
[3.891s] running build_py
[3.892s] creating /home/seg/lecture7/-px4-3d-path-planner/ros2_ws/src/build/global_planner/build
[3.892s] creating /home/seg/lecture7/-px4-3d-path-planner/ros2_ws/src/build/global_planner/build/lib
[3.893s] creating /home/seg/lecture7/-px4-3d-path-planner/ros2_ws/src/build/global_planner/build/lib/global_planner
[3.893s] copying global_planner/planner_node.py -> /home/seg/lecture7/-px4-3d-path-planner/ros2_ws/src/build/global_planner/build/lib/global_planner
[3.893s] copying global_planner/__init__.py -> /home/seg/lecture7/-px4-3d-path-planner/ros2_ws/src/build/global_planner/build/lib/global_planner
[3.893s] running install
[3.899s] running install_lib
[3.919s] creating /home/seg/lecture7/-px4-3d-path-planner/ros2_ws/src/install/global_planner/lib/python3.12/site-packages/global_planner
[3.919s] copying /home/seg/lecture7/-px4-3d-path-planner/ros2_ws/src/build/global_planner/build/lib/global_planner/planner_node.py -> /home/seg/lecture7/-px4-3d-path-planner/ros2_ws/src/install/global_planner/lib/python3.12/site-packages/global_planner
[3.919s] copying /home/seg/lecture7/-px4-3d-path-planner/ros2_ws/src/build/global_planner/build/lib/global_planner/__init__.py -> /home/seg/lecture7/-px4-3d-path-planner/ros2_ws/src/install/global_planner/lib/python3.12/site-packages/global_planner
[3.919s] byte-compiling /home/seg/lecture7/-px4-3d-path-planner/ros2_ws/src/install/global_planner/lib/python3.12/site-packages/global_planner/planner_node.py to planner_node.cpython-312.pyc
[3.920s] byte-compiling /home/seg/lecture7/-px4-3d-path-planner/ros2_ws/src/install/global_planner/lib/python3.12/site-packages/global_planner/__init__.py to __init__.cpython-312.pyc
[3.920s] running install_data
[3.920s] creating /home/seg/lecture7/-px4-3d-path-planner/ros2_ws/src/install/global_planner/share/ament_index
[3.920s] creating /home/seg/lecture7/-px4-3d-path-planner/ros2_ws/src/install/global_planner/share/ament_index/resource_index
[3.921s] creating /home/seg/lecture7/-px4-3d-path-planner/ros2_ws/src/install/global_planner/share/ament_index/resource_index/packages
[3.921s] copying resource/global_planner -> /home/seg/lecture7/-px4-3d-path-planner/ros2_ws/src/install/global_planner/share/ament_index/resource_index/packages
[3.921s] copying package.xml -> /home/seg/lecture7/-px4-3d-path-planner/ros2_ws/src/install/global_planner/share/global_planner
[3.921s] running install_egg_info
[3.940s] Copying ../build/global_planner/global_planner.egg-info to /home/seg/lecture7/-px4-3d-path-planner/ros2_ws/src/install/global_planner/lib/python3.12/site-packages/global_planner-0.0.0-py3.12.egg-info
[3.940s] running install_scripts
[4.063s] Installing planner_node script to /home/seg/lecture7/-px4-3d-path-planner/ros2_ws/src/install/global_planner/lib/global_planner
[4.063s] writing list of installed files to '/home/seg/lecture7/-px4-3d-path-planner/ros2_ws/src/build/global_planner/install.log'
[4.090s] Invoked command in '/home/seg/lecture7/-px4-3d-path-planner/ros2_ws/src/global_planner' returned '0': AMENT_PREFIX_PATH=/home/seg/lecture7/-px4-3d-path-planner/ros2_ws/src/install/planner_msgs:${AMENT_PREFIX_PATH} CMAKE_PREFIX_PATH=/home/seg/lecture7/-px4-3d-path-planner/ros2_ws/src/install/planner_msgs:${CMAKE_PREFIX_PATH} DEBUGINFOD_URLS=https://debuginfod.ubuntu.com LD_LIBRARY_PATH=/home/seg/lecture7/-px4-3d-path-planner/ros2_ws/src/install/planner_msgs/lib:${LD_LIBRARY_PATH} PYTHONPATH=/home/seg/lecture7/-px4-3d-path-planner/ros2_ws/src/build/global_planner/prefix_override:/usr/lib/python3/dist-packages/colcon_core/task/python/colcon_distutils_commands:/home/seg/lecture7/-px4-3d-path-planner/ros2_ws/src/install/global_planner/lib/python3.12/site-packages:/home/seg/lecture7/-px4-3d-path-planner/ros2_ws/src/install/planner_msgs/lib/python3.12/site-packages:${PYTHONPATH} /usr/bin/python3 -W ignore:setup.py install is deprecated -W ignore:easy_install command is deprecated setup.py egg_info --egg-base ../build/global_planner build --build-base /home/seg/lecture7/-px4-3d-path-planner/ros2_ws/src/build/global_planner/build install --record /home/seg/lecture7/-px4-3d-path-planner/ros2_ws/src/build/global_planner/install.log --single-version-externally-managed install_data
